Enzyme	Concentration
R_EX_gln__L_e_enzyme	0
R_EX_galctn__D_e_enzyme	0
R_EX_c140_e_enzyme	0
R_EX_15dap_e_enzyme	0
R_EX_3hbenzot_e_enzyme	0
R_EX_glycolate_e_enzyme	0
R_EX_acac_e_enzyme	0
R_EX_fum_e_enzyme	0
R_EX_met__D_e_enzyme	0
R_EX_ac_e_enzyme	0
R_EX_c180_e_enzyme	0
R_EX_imal_e_enzyme	0
R_EX_dc_e_enzyme	0
R_EX_rmn_e_enzyme	0
R_EX_cytd_e_enzyme	0
R_EX_lac__L_e_enzyme	0
R_EX_crn_e_enzyme	0
R_EX_thiamin_e_enzyme	0
R_EX_2hba_e_enzyme	0
R_EX_fe2_e_enzyme	0
R_EX_BIOMASS_c_enzyme	0
R_EX_phe__L_e_enzyme	0
R_EX_2pg_e_enzyme	0
R_EX_val__L_e_enzyme	0
R_EX_thymd_e_enzyme	0
R_EX_ala__L_e_enzyme	0
R_EX_3hcinnm_e_enzyme	0
R_EX_mg2_e_enzyme	0
R_EX_idon_e_enzyme	0
R_EX_gbbtn_e_enzyme	0
R_EX_cit_e_enzyme	0
R_EX_da_e_enzyme	0
R_EX_catech_e_enzyme	0
R_EX_adn_e_enzyme	0
R_EX_glu__L_e_enzyme	0
R_EX_benzot_e_enzyme	0
R_EX_gly__L_e_enzyme	0
R_EX_pi_e_enzyme	0
R_EX_gsn_e_enzyme	0
R_EX_phenol_e_enzyme	0
R_EX_tsul_e_enzyme	0
R_EX_cobalt2_e_enzyme	0
R_EX_tartr_e_enzyme	0
R_EX_maltpt_e_enzyme	0
R_EX_cys__L_e_enzyme	0
R_EX_pyr_e_enzyme	0
R_EX_du_e_enzyme	0
R_EX_icit_e_enzyme	0
R_EX_gn_e_enzyme	0
R_EX_naga_e_enzyme	0
R_EX_sprmd_e_enzyme	0
R_EX_ct_e_enzyme	0
R_EX_cl_e_enzyme	0
R_EX_adip_e_enzyme	0
R_EX_urocan_e_enzyme	0
R_EX_mlt_e_enzyme	0
R_EX_gam_e_enzyme	0
R_EX_k_e_enzyme	0
R_EX_mclact_e_enzyme	0
R_EX_pbhb_e_enzyme	0
R_EX_galt_e_enzyme	0
R_EX_asp__L_e_enzyme	0
R_EX_mlthx_e_enzyme	0
R_EX_dg_e_enzyme	0
R_EX_cbl1_e_enzyme	0
R_EX_met__L_e_enzyme	0
R_EX_fe3_e_enzyme	0
R_EX_cynt_e_enzyme	0
R_EX_uri_e_enzyme	0
R_EX_succ_e_enzyme	0
R_EX_4hbt_e_enzyme	0
R_EX_dgluc_e_enzyme	0
R_EX_sot_e_enzyme	0
R_EX_acal_e_enzyme	0
R_EX_tre_e_enzyme	0
R_EX_gensa_e_enzyme	0
R_EX_no2_e_enzyme	0
R_EX_urea_e_enzyme	0
R_EX_ad_e_enzyme	0
R_EX_meli_e_enzyme	0
R_EX_ascb_e_enzyme	0
R_EX_ura_e_enzyme	0
R_EX_asn__L_e_enzyme	0
R_EX_his__L_e_enzyme	0
R_EX_g6p_e_enzyme	0
R_EX_1boh_e_enzyme	0
R_EX_ins_e_enzyme	0
R_EX_pppn_e_enzyme	0
R_EX_dala_e_enzyme	0
R_EX_din_e_enzyme	0
R_EX_nadma_e_enzyme	0
R_EX_butn_e_enzyme	0
R_EX_mlttr_e_enzyme	0
R_EX_12ppd__S_e_enzyme	0
R_EX_obut_e_enzyme	0
R_EX_so4_e_enzyme	0
R_EX_nac_e_enzyme	0
R_EX_ile__L_e_enzyme	0
R_EX_glyc3p_e_enzyme	0
R_EX_orn_e_enzyme	0
R_EX_tolen_e_enzyme	0
R_EX_arg__L_e_enzyme	0
R_EX_3hpppn_e_enzyme	0
R_EX_naneu_e_enzyme	0
R_EX_aso3_e_enzyme	0
R_EX_thr__L_e_enzyme	0
R_EX_fru_e_enzyme	0
R_EX_fuc_e_enzyme	0
R_EX_rib_e_enzyme	0
R_EX_gl_e_enzyme	0
R_EX_ccmuc_e_enzyme	0
R_EX_aobzac_e_enzyme	0
R_EX_dgal_e_enzyme	0
R_EX_3pg_e_enzyme	0
R_EX_nmn_e_enzyme	0
R_EX_gaba_e_enzyme	0
R_EX_pro__L_e_enzyme	0
R_EX_larabinose_e_enzyme	0
R_EX_formate_e_enzyme	0
R_EX_c160_e_enzyme	0
R_EX_4hpheac_e_enzyme	0
R_EX_mltttr_e_enzyme	0
R_EX_pac_e_enzyme	0
R_EX_fuc1p_e_enzyme	0
R_EX_nh4_e_enzyme	0
R_EX_r3hbn_e_enzyme	0
R_EX_an_e_enzyme	0
R_EX_man6p_e_enzyme	0
R_EX_mnt_e_enzyme	0
R_EX_glx_e_enzyme	0
R_EX_4flthr_e_enzyme	0
R_EX_6chq_e_enzyme	0
R_EX_co2_e_enzyme	0
R_EX_acon__C_e_enzyme	0
R_EX_lys__L_e_enzyme	0
R_EX_na_e_enzyme	0
R_EX_knt_e_enzyme	0
R_EX_4flrbz_e_enzyme	0
R_EX_ppa_e_enzyme	0
R_EX_bp23d_e_enzyme	0
R_EX_pnto_e_enzyme	0
R_EX_ptrc_e_enzyme	0
R_EX_o2_e_enzyme	0
R_EX_gluc_e_enzyme	0
R_EX_man_e_enzyme	0
R_EX_mal_e_enzyme	0
R_EX_taur_e_enzyme	0
R_EX_26dap__M_e_enzyme	0
R_EX_leu__L_e_enzyme	0
R_EX_kdg_e_enzyme	0
R_EX_trp__L_e_enzyme	0
R_EX_lac__D_e_enzyme	0
R_EX_choline_e_enzyme	0
R_EX_ser__L_e_enzyme	0
R_EX_xan_e_enzyme	0
R_EX_glyn_e_enzyme	0
R_EX_34dhb_e_enzyme	0
R_EX_t3_e_enzyme	0
R_EX_lactose_e_enzyme	0
R_EX_c181_e_enzyme	0
R_EX_kn_e_enzyme	0
R_EX_eth_e_enzyme	0
R_EX_glyb_e_enzyme	0
R_EX_indole_e_enzyme	0
R_EX_dser_e_enzyme	0
R_EX_tyr__L_e_enzyme	0
R_EX_no3_e_enzyme	0
R_EX_mobd_e_enzyme	0
R_EX_bzald_e_enzyme	0
R_EX_4cresol_e_enzyme	0
R_EX_h2o_e_enzyme	0
R_EX_hyxn_e_enzyme	0
R_EX_alltn_e_enzyme	0
R_EX_h_e_enzyme	0
R_EX_4hb_e_enzyme	0
R_EX_xtsine_e_enzyme	0
R_UNSMONO_enzyme	0.0
R_UNSMONO_duplicate_2_enzyme	0.0
R_ATPS4m_enzyme	0.0
R_OPHHX_enzyme	0.0
R_OCPPH1_enzyme	0.0
R_DHFR_enzyme	1.855779471799731e-07
R_OPHHX3_enzyme	0.0
R_DHFR2_enzyme	1.8343902064797842e-05
R_DHFR3_enzyme	0.0
R_DBTS_enzyme	0.0
R_TARTRt7_enzyme	0
R_ARBabc_enzyme	0.0
R_HACDH_enzyme	0
R_PPPGO3_enzyme	0.0
R_PPPGO3_duplicate_2_enzyme	0.0
R_DTMPK_enzyme	1.8238357333391904e-07
R_KDO8PS_enzyme	1.900652438402176e-07
R_ADNK_enzyme	0
R_CSND_enzyme	0.0
R_KDOPP_enzyme	0
R_BAPT2_enzyme	0.0
R_COBALTt5_enzyme	0
R_4HPHEAO_enzyme	0
R_4FLTHRt_enzyme	0
R_CAT_enzyme	0.0
R_CAT_duplicate_2_enzyme	0.0
R_GLYALDt_enzyme	0
R_CCMUCt_enzyme	0
R_ADA_enzyme	0.0
R_ADA_duplicate_2_enzyme	0.0
R_TMDPP_enzyme	0.0
R_NNATr_enzyme	0.0
R_HIBHrm_enzyme	0.0
R_HIBHrm_duplicate_2_enzyme	0.0
R_HIBHrm_duplicate_3_enzyme	0.0
R_HIBHrm_duplicate_4_enzyme	0.0
R_HIBHrm_duplicate_5_enzyme	0.0
R_HIBHrm_duplicate_6_enzyme	0.0
R_HIBHrm_duplicate_7_enzyme	0.0
R_HIBHrm_duplicate_8_enzyme	0.0
R_HIBHrm_duplicate_9_enzyme	0.0
R_HIBHrm_duplicate_10_enzyme	0.0
R_HIBHrm_duplicate_11_enzyme	0.0
R_HIBHrm_duplicate_12_enzyme	0.0
R_HIBHrm_duplicate_13_enzyme	0.0
R_HIBHrm_duplicate_14_enzyme	0.0
R_HIBHrm_duplicate_15_enzyme	0.0
R_HIBHrm_duplicate_16_enzyme	0.0
R_HIBHrm_duplicate_17_enzyme	0.0
R_HIBHrm_duplicate_18_enzyme	0.0
R_HIBHrm_duplicate_19_enzyme	0.0
R_3HBZt_enzyme	0
R_UAMAGS_enzyme	4.791560769081117e-07
R_2HBAt_enzyme	0
R_4HPHEA2_enzyme	0.0
R_GPDDA2_enzyme	0.0
R_GPDDA2_duplicate_2_enzyme	0.0
R_THRD_L_enzyme	0.0
R_THRD_L_duplicate_2_enzyme	0.0
R_HBZOPT_enzyme	0.0
R_4HPHEA1_enzyme	0.0
R_GPDDA3_enzyme	0.0
R_GPDDA3_duplicate_2_enzyme	0.0
R_HOMOGD_enzyme	0.0
R_GLNTRS_enzyme	1.1574814243369434e-06
R_GPDDA4_enzyme	0.0
R_GPDDA4_duplicate_2_enzyme	0.0
R_ACALD_enzyme	0.0
R_ACALD_duplicate_2_enzyme	0.0
R_ACALD_duplicate_3_enzyme	0.0
R_ACALD_duplicate_4_enzyme	0.0
R_GPDDA5_enzyme	0.0
R_GPDDA5_duplicate_2_enzyme	0.0
R_MELIBt2_enzyme	0
R_2H4HMBZP_enzyme	0.0
R_2H4HMBZP_duplicate_2_enzyme	0.0
R_2H4HMBZP_duplicate_3_enzyme	0.0
R_2H4HMBZP_duplicate_4_enzyme	0.0
R_2H4HMBZP_duplicate_5_enzyme	0.0
R_2H4HMBZP_duplicate_6_enzyme	0.0
R_2H4HMBZP_duplicate_7_enzyme	0.0
R_GPDDA1_enzyme	0.0
R_GPDDA1_duplicate_2_enzyme	0.0
R_HISTD_enzyme	0.0
R_HISTD_duplicate_2_enzyme	0.0
R_G1PCYTF_enzyme	0.0
R_CYTBD_enzyme	0
R_OCTDPS_enzyme	0
R_INDOLEt2r_enzyme	0
R_NMNAT_enzyme	1.3816124789773082e-07
R_XTSNtr_enzyme	0
R_IMPC_enzyme	0.0
R_TYRTA_enzyme	0.0
R_TYRTA_duplicate_2_enzyme	0.0
R_GLYOX_enzyme	0.0
R_GLYOX_duplicate_2_enzyme	0.0
R_GLYOX_duplicate_3_enzyme	0.0
R_GLYOX_duplicate_4_enzyme	0.0
R_GLYOX_duplicate_5_enzyme	0.0
R_GLYOX_duplicate_6_enzyme	0.0
R_4HPHED2_enzyme	0.0
R_ALDH_enzyme	0.0
R_ALDH_duplicate_2_enzyme	0.0
R_ALDH_duplicate_3_enzyme	0.0
R_ALDH_duplicate_4_enzyme	0.0
R_ALDH_duplicate_5_enzyme	0.0
R_ALDH_duplicate_6_enzyme	0.0
R_ALDH_duplicate_7_enzyme	0.0
R_ALDH_duplicate_8_enzyme	0.0
R_ALDH_duplicate_9_enzyme	0.0
R_ALDH_duplicate_10_enzyme	0.0
R_ALDH_duplicate_11_enzyme	0.0
R_ALDH_duplicate_12_enzyme	0.0
R_ALDH_duplicate_13_enzyme	0.0
R_ALDH_duplicate_14_enzyme	0.0
R_4HPHED1_enzyme	0.0
R_TDPGDH_enzyme	0.0
R_TDPGDH_duplicate_2_enzyme	0.0
R_TDPGDH_duplicate_3_enzyme	0.0
R_TDPGDH_duplicate_4_enzyme	0.0
R_CHRPL_enzyme	0.0
R_THRAD2_enzyme	0.0
R_THRA_enzyme	0.0
R_PYK3_enzyme	0.0
R_PYK3_duplicate_2_enzyme	0.0
R_PYK3_duplicate_3_enzyme	0.0
R_PYK1_enzyme	0.0
R_PYK1_duplicate_2_enzyme	0.0
R_PYK1_duplicate_3_enzyme	0.0
R_PYK2_enzyme	0.0
R_PYK2_duplicate_2_enzyme	0.0
R_PYK2_duplicate_3_enzyme	0.0
R_TAh_enzyme	1.1403914630413055e-07
R_DHQS_enzyme	3.1943738460489714e-09
R_PPPNDO_enzyme	0.0
R_SULFR_enzyme	0.0
R_DB4PS_enzyme	0.0
R_DB4PS_duplicate_2_enzyme	0.0
R_DB4PS_duplicate_3_enzyme	7.933628868645166e-12
R_ARGTRS_enzyme	2.219836308045136e-06
R_PHEMEAS_enzyme	0.0
R_PHOXDR_enzyme	0.0
R_PHOXDR_duplicate_2_enzyme	0.0
R_PHOXDR_duplicate_3_enzyme	0.0
R_GLCP_enzyme	0.0
R_2BHPPPH_enzyme	0.0
R_2BHPPPH_duplicate_2_enzyme	0.0
R_2BHPPPH_duplicate_3_enzyme	0.0
R_2BHPPPH_duplicate_4_enzyme	0.0
R_FMNAT_enzyme	3.826509100632869e-12
R_NH4t_enzyme	0
R_FDH_enzyme	0.0
R_FDH_duplicate_2_enzyme	0.0
R_FDH_duplicate_3_enzyme	0.0
R_FDH_duplicate_4_enzyme	0.0
R_FDH_duplicate_5_enzyme	0.0
R_FDH_duplicate_6_enzyme	0.0
R_ADK3_enzyme	6.367765058621651e-05
R_ANTOXDR_enzyme	0.0
R_ANTOXDR_duplicate_2_enzyme	0.0
R_ANTOXDR_duplicate_3_enzyme	0.0
R_ADK4_enzyme	0.0
R_ADK1_enzyme	5.763571247987845e-05
R_BTPT2_enzyme	0.0
R_BTPT1_enzyme	0.0
R_SULALDAC_enzyme	0.0
R_GALTpts_enzyme	0
R_34DHDHF_enzyme	0.0
R_34DHDHF_duplicate_2_enzyme	0.0
R_CYSabc_enzyme	4.607697431296235e-08
R_CYSabc_duplicate_2_enzyme	0.0
R_CYSabc_duplicate_3_enzyme	0.0
R_CYSabc_duplicate_4_enzyme	0.0
R_CYSabc_duplicate_5_enzyme	0.0
R_CYSabc_duplicate_6_enzyme	0.0
R_ACP1p_enzyme	0.0
R_ACP1p_duplicate_2_enzyme	0.0
R_SALCH1_enzyme	0.0
R_SALCH1_duplicate_2_enzyme	0.0
R_SALCH1_duplicate_3_enzyme	0.0
R_SALCH1_duplicate_4_enzyme	0.0
R_SALCH1_duplicate_5_enzyme	0.0
R_GMPS_enzyme	0.0
R_DGSNt2_enzyme	0
R_ACODA_enzyme	0.0
R_ACODA_duplicate_2_enzyme	0.0
R_KDOCT2_enzyme	1.900652438402176e-07
R_SALCH5_enzyme	0.0
R_SALCH5_duplicate_2_enzyme	0.0
R_SALCH5_duplicate_3_enzyme	0.0
R_SALCH5_duplicate_4_enzyme	0.0
R_SALCH5_duplicate_5_enzyme	0.0
R_SALCH4_enzyme	0.0
R_SALCH4_duplicate_2_enzyme	0.0
R_SALCH4_duplicate_3_enzyme	0.0
R_SALCH4_duplicate_4_enzyme	0.0
R_SALCH4_duplicate_5_enzyme	0.0
R_SALCH3_enzyme	0.0
R_SALCH3_duplicate_2_enzyme	0.0
R_SALCH3_duplicate_3_enzyme	0.0
R_SALCH3_duplicate_4_enzyme	0.0
R_SALCH3_duplicate_5_enzyme	0.0
R_SALCH2_enzyme	0.0
R_SALCH2_duplicate_2_enzyme	0.0
R_SALCH2_duplicate_3_enzyme	0.0
R_SALCH2_duplicate_4_enzyme	0.0
R_SALCH2_duplicate_5_enzyme	0.0
R_BTPT3_enzyme	0.0
R_GLUTRS_enzyme	1.8702528009023512e-06
R_GLUTRS_duplicate_2_enzyme	0.0
R_GLUTRR_enzyme	0.0
R_SLFR_enzyme	0.0
R_SLFR_duplicate_2_enzyme	0.0
R_NTPTP1_enzyme	0.0
R_CARSA_enzyme	0.0
R_LPD5_enzyme	0.0
R_LPD5_duplicate_2_enzyme	0.0
R_LPD5_duplicate_3_enzyme	0.0
R_LPD5_duplicate_4_enzyme	0.0
R_NUTPTP2_enzyme	0.0
R_2HOHPHDB_enzyme	0.0
R_H2Ot_enzyme	0
R_PPAKr_enzyme	0.0
R_PPAKr_duplicate_2_enzyme	0.0
R_CBL1abc_enzyme	0
R_PTRCt2_enzyme	0
R_HOPNTAL_enzyme	0.0
R_HOPNTAL_duplicate_2_enzyme	0.0
R_HOPNTAL_duplicate_3_enzyme	0.0
R_METTHFD_enzyme	0.0
R_ANTHMN1_enzyme	0.0
R_LEUTRS_enzyme	2.8590157270326587e-06
R_ANTHMN2_enzyme	0.0
R_MTHFR2_enzyme	0.0
R_MDH_enzyme	0.0
R_MDH_duplicate_2_enzyme	0.0
R_DHDPS_enzyme	0.0
R_DHDPS_duplicate_2_enzyme	0.0
R_DHDPS_duplicate_3_enzyme	0.0
R_DHDPS_duplicate_4_enzyme	0.0
R_BZALt_enzyme	0
R_BPHEDO1_enzyme	0.0
R_MDH2_enzyme	0
R_BPHEDO2_enzyme	0.0
R_FBA_enzyme	0.0
R_FBA_duplicate_2_enzyme	0.0
R_FBA_duplicate_3_enzyme	0.0
R_FBA_duplicate_4_enzyme	0.0
R_PERD_enzyme	0
R_UGLYCH_enzyme	0.0
R_AKGDH_enzyme	0.0
R_AKGDH_duplicate_2_enzyme	0.0
R_AKGDH_duplicate_3_enzyme	0.0
R_AKGDH_duplicate_4_enzyme	0.0
R_ILEtr_enzyme	0
R_ALATRS_enzyme	3.879601643940926e-06
R_MECDPDHT_enzyme	0.0
R_PHETRS_enzyme	1.003459286046499e-06
R_FLVRx_enzyme	0.0
R_FLVRx_duplicate_2_enzyme	0.0
R_HYDRTS_enzyme	0.0
R_HYDRTS_duplicate_2_enzyme	0.0
R_HYDRTS_duplicate_3_enzyme	0.0
R_HYDRTS_duplicate_4_enzyme	0.0
R_HYDRTS_duplicate_5_enzyme	0.0
R_HYDRTS_duplicate_6_enzyme	0.0
R_HYDRTS_duplicate_7_enzyme	0.0
R_PTRCabc_enzyme	0.0
R_PTRCabc_duplicate_2_enzyme	0.0
R_GALCTtr_enzyme	0
R_CHCOAL_enzyme	0.0
R_CHCOAL_duplicate_2_enzyme	0.0
R_MALTTRabc_enzyme	0
R_LYSTRS_enzyme	1.5155430567392904e-06
R_4FLRBZt_enzyme	0
R_SPMDabc_enzyme	1.0062277615070341e-08
R_SPMDabc_duplicate_2_enzyme	0.0
R_G5SD_enzyme	0.0
R_KYNATESYN_enzyme	0
R_FBP_enzyme	0.0
R_FBP_duplicate_2_enzyme	0.0
R_FBP_duplicate_3_enzyme	0.0
R_ACt2r_enzyme	0
R_ADOCBLS_enzyme	0.0
R_GGMT2_enzyme	0.0
R_GGMT2_duplicate_2_enzyme	0.0
R_GGMT2_duplicate_3_enzyme	0.0
R_GGMT2_duplicate_4_enzyme	0.0
R_GGMT1_enzyme	0.0
R_GGMT1_duplicate_2_enzyme	0.0
R_GGMT1_duplicate_3_enzyme	0.0
R_GGMT1_duplicate_4_enzyme	0.0
R_GAM_enzyme	0.0
R_GAM_duplicate_2_enzyme	0.0
R_GLUN2_enzyme	0.0
R_GLUN2_duplicate_2_enzyme	0.0
R_MNAO15_enzyme	0.0
R_LPS_enzyme	0
R_CHLtr_enzyme	0
R_DCTPD_enzyme	0.0
R_DCTPDA2_enzyme	0.0
R_ADPRDP_enzyme	0.0
R_GLCURt2r_enzyme	0
R_THFAT_enzyme	0.0
R_THFAT_duplicate_2_enzyme	0.0
R_MACACI_enzyme	0.0
R_FORTF_enzyme	0.0
R_OMMBZH_enzyme	0
R_G6Pt6_2_enzyme	0
R_XPPT_enzyme	0.0
R_ACACT1r_enzyme	0.0
R_ACACT1r_duplicate_2_enzyme	0.0
R_ACACT1r_duplicate_3_enzyme	0.0
R_ACACT1r_duplicate_4_enzyme	0.0
R_ACACT1r_duplicate_5_enzyme	0.0
R_ACACT1r_duplicate_6_enzyme	0.0
R_ACACT1r_duplicate_7_enzyme	0.0
R_ACACT1r_duplicate_8_enzyme	0.0
R_ACACT1r_duplicate_9_enzyme	0.0
R_ACACT1r_duplicate_10_enzyme	0.0
R_ACACT1r_duplicate_11_enzyme	0.0
R_ACACT1r_duplicate_12_enzyme	0.0
R_ACACT1r_duplicate_13_enzyme	0.0
R_ACACT1r_duplicate_14_enzyme	0.0
R_ACACT1r_duplicate_15_enzyme	0.0
R_ACACT1r_duplicate_16_enzyme	0.0
R_ACACT1r_duplicate_17_enzyme	0.0
R_ACACT1r_duplicate_18_enzyme	0.0
R_ACACT1r_duplicate_19_enzyme	0.0
R_ACACT1r_duplicate_20_enzyme	0.0
R_CYSSADS_enzyme	0.0
R_HTTOG_enzyme	0
R_SHCHCC_enzyme	0.0
R_DHR_enzyme	0.0
R_DHR_duplicate_2_enzyme	0.0
R_CATOCS_enzyme	0
R_PPGS_enzyme	1.4863421505689623e-07
R_GENDO_enzyme	0.0
R_HATRAZE2_enzyme	0.0
R_ADSK_enzyme	0.0
R_FCLT_enzyme	0.0
R_HATRAZE1_enzyme	0.0
R_TRPD_enzyme	0.0
R_TRPD_duplicate_2_enzyme	0.0
R_ADSLFK2_enzyme	0.0
R_HACD5_enzyme	0.0
R_HACD5_duplicate_2_enzyme	0.0
R_HACD5_duplicate_3_enzyme	0.0
R_HACD5_duplicate_4_enzyme	0.0
R_HACD5_duplicate_5_enzyme	0.0
R_HACD5_duplicate_6_enzyme	0.0
R_HACD5_duplicate_7_enzyme	0.0
R_UNAMPLA_enzyme	0
R_MOHMT_enzyme	0.0
R_BTS4_enzyme	0.0
R_PPG2DGp_enzyme	0.0
R_NADSG_enzyme	0.0
R_UAAGDS_enzyme	4.791560769081117e-07
R_AMID2_enzyme	0.0
R_AMID2_duplicate_2_enzyme	0.0
R_AMID2_duplicate_3_enzyme	0.0
R_TAUDO_enzyme	0.0
R_TAUDO_duplicate_2_enzyme	0.0
R_TAUDO_duplicate_3_enzyme	0.0
R_TAUDO_duplicate_4_enzyme	0.0
R_TAUDO_duplicate_5_enzyme	0.0
R_TAUDO_duplicate_6_enzyme	0.0
R_TAUDO_duplicate_7_enzyme	0.0
R_TAUDO_duplicate_8_enzyme	0.0
R_TAUDO_duplicate_9_enzyme	0.0
R_TAUDO_duplicate_10_enzyme	0.0
R_THRtr_enzyme	0
R_AMDS6_enzyme	0.0
R_AMDS6_duplicate_2_enzyme	0.0
R_AMDS6_duplicate_3_enzyme	0.0
R_ACPCD_enzyme	0.0
R_HMR_7756_enzyme	0.0
R_HMR_7756_duplicate_2_enzyme	0.0
R_HMR_7756_duplicate_3_enzyme	0.0
R_AMDS3_enzyme	0.0
R_AMDS3_duplicate_2_enzyme	0.0
R_AMDS3_duplicate_3_enzyme	0.0
R_2HISOPD_enzyme	0.0
R_AMDS2_enzyme	0.0
R_AMDS2_duplicate_2_enzyme	0.0
R_AMDS2_duplicate_3_enzyme	0.0
R_CADVt_enzyme	0
R_TMPPP_enzyme	0.0
R_NPPDO_enzyme	0.0
R_NPPDO_duplicate_2_enzyme	0.0
R_NPPDO_duplicate_3_enzyme	0.0
R_NPPDO_duplicate_4_enzyme	0.0
R_NPPDO_duplicate_5_enzyme	0.0
R_NPPDO_duplicate_6_enzyme	0.0
R_HACD1_enzyme	0.0
R_HACD1_duplicate_2_enzyme	0.0
R_HACD1_duplicate_3_enzyme	0.0
R_HACD1_duplicate_4_enzyme	0.0
R_HACD1_duplicate_5_enzyme	0.0
R_HACD1_duplicate_6_enzyme	0.0
R_HACD1_duplicate_7_enzyme	0.0
R_HACD2_enzyme	0.0
R_HACD2_duplicate_2_enzyme	0.0
R_HACD2_duplicate_3_enzyme	0.0
R_HACD2_duplicate_4_enzyme	0.0
R_HACD2_duplicate_5_enzyme	0.0
R_HACD2_duplicate_6_enzyme	0.0
R_HACD2_duplicate_7_enzyme	0.0
R_HACD4_enzyme	0.0
R_HACD4_duplicate_2_enzyme	0.0
R_HACD4_duplicate_3_enzyme	0.0
R_HACD4_duplicate_4_enzyme	0.0
R_HACD4_duplicate_5_enzyme	0.0
R_HACD4_duplicate_6_enzyme	0.0
R_HACD4_duplicate_7_enzyme	0.0
R_3HBCDH_enzyme	0.0
R_DURIt2_enzyme	0
R_GLYCLTt2r_enzyme	0
R_G6PDA_enzyme	0.0
R_UDPG4E1_enzyme	0.0
R_UDPG4E1_duplicate_2_enzyme	0.0
R_PUNP7_enzyme	0.0
R_ALATA_D_enzyme	0.0
R_PUNP6_enzyme	0.0
R_PUNP5_enzyme	0.0
R_PUNP4_enzyme	0.0
R_PAPPT3_enzyme	4.791560769081117e-07
R_PROt4_enzyme	0
R_3HBD_enzyme	0.0
R_3HBD_duplicate_2_enzyme	0.0
R_PUNP3_enzyme	0.0
R_PUNP2_enzyme	0.0
R_PUNP1_enzyme	0.0
R_FBMO2_enzyme	0.0
R_FBMO2_duplicate_2_enzyme	0.0
R_FBMO2_duplicate_3_enzyme	0.0
R_FBMO2_duplicate_4_enzyme	0.0
R_FBMO1_enzyme	0.0
R_FBMO1_duplicate_2_enzyme	0.0
R_FBMO1_duplicate_3_enzyme	0.0
R_FBMO1_duplicate_4_enzyme	0.0
R_DHPPRAP_enzyme	3.966814434322583e-12
R_HMDPPK_enzyme	0.0
R_HPPPNt2r_enzyme	0
R_PNTK_enzyme	2.3957803845409132e-09
R_LCADi_enzyme	0.0
R_CBPS_enzyme	0.0
R_FBMO6_enzyme	0.0
R_FBMO6_duplicate_2_enzyme	0.0
R_FBMO6_duplicate_3_enzyme	0.0
R_FBMO6_duplicate_4_enzyme	0.0
R_PNTOK2_enzyme	0.0
R_FBMO5_enzyme	0.0
R_FBMO5_duplicate_2_enzyme	0.0
R_FBMO5_duplicate_3_enzyme	0.0
R_FBMO5_duplicate_4_enzyme	0.0
R_PNTOK3_enzyme	0.0
R_HDCAt2_enzyme	0
R_FBMO3_enzyme	0.0
R_FBMO3_duplicate_2_enzyme	0.0
R_FBMO3_duplicate_3_enzyme	0.0
R_FBMO3_duplicate_4_enzyme	0.0
R_DSERt2_enzyme	0
R_FBMO9_enzyme	0.0
R_FBMO9_duplicate_2_enzyme	0.0
R_FBMO9_duplicate_3_enzyme	0.0
R_FBMO9_duplicate_4_enzyme	0.0
R_FBMO8_enzyme	0.0
R_FBMO8_duplicate_2_enzyme	0.0
R_FBMO8_duplicate_3_enzyme	0.0
R_FBMO8_duplicate_4_enzyme	0.0
R_DAPDC_enzyme	0.0
R_FBMO7_enzyme	0.0
R_FBMO7_duplicate_2_enzyme	0.0
R_FBMO7_duplicate_3_enzyme	0.0
R_FBMO7_duplicate_4_enzyme	0.0
R_UAGDP_enzyme	1.0343382513523102e-06
R_NO2t2r_enzyme	0
R_METabc_enzyme	0
R_CDPGD_enzyme	0.0
R_TOLabc_enzyme	0
R_AMAOTr_enzyme	0.0
R_AMAOTr_duplicate_2_enzyme	0.0
R_UPP3MT_enzyme	0.0
R_UPP3MT_duplicate_2_enzyme	0.0
R_UPP3MT_duplicate_3_enzyme	0.0
R_DAAD_enzyme	0.0
R_DAAD_duplicate_2_enzyme	0.0
R_DAAD_duplicate_3_enzyme	0.0
R_DAAD_duplicate_4_enzyme	0.0
R_DAAD_duplicate_5_enzyme	0.0
R_DAAD_duplicate_6_enzyme	0.0
R_DAAD_duplicate_7_enzyme	0.0
R_DAAD_duplicate_8_enzyme	0.0
R_PRGCS_enzyme	0.0
R_MNLpts_enzyme	0
R_SERt4_enzyme	0
R_OCOAT1m_enzyme	0.0
R_OCOAT1m_duplicate_2_enzyme	0.0
R_UPPRT_enzyme	0.0
R_UPPRT_duplicate_2_enzyme	2.094694598074548e-06
R_UPPRT_duplicate_3_enzyme	0.0
R_LDHm_enzyme	0.0
R_GAMpts_enzyme	0
R_PPCK_enzyme	0.0
R_ASPAM1_enzyme	0.0
R_BZACCOAT_enzyme	0.0
R_BZACCOAT_duplicate_2_enzyme	0.0
R_BZACCOAT_duplicate_3_enzyme	0.0
R_BZACCOAT_duplicate_4_enzyme	0.0
R_BZACCOAT_duplicate_5_enzyme	0.0
R_BZACCOAT_duplicate_6_enzyme	0.0
R_BZACCOAT_duplicate_7_enzyme	0.0
R_BZACCOAT_duplicate_8_enzyme	0.0
R_BZACCOAT_duplicate_9_enzyme	0.0
R_BZACCOAT_duplicate_10_enzyme	0.0
R_BZACCOAT_duplicate_11_enzyme	0.0
R_BZACCOAT_duplicate_12_enzyme	0.0
R_ASPAM2_enzyme	0.0
R_ASPAM3_enzyme	0.0
R_ASPAM4_enzyme	0.0
R_AAATT_enzyme	0.0
R_ASPt2_3_enzyme	0
R_MALTPTabc_enzyme	0
R_ACHBS_enzyme	0.0
R_ACHBS_duplicate_2_enzyme	0.0
R_ASPt2_2_enzyme	0
R_CHORS_enzyme	3.1943738460489714e-09
R_CHORM_enzyme	0.0
R_AOBUTDs_enzyme	0
R_CCPPMD_enzyme	0.0
R_14HPED_enzyme	0.0
R_14HPED_duplicate_2_enzyme	0.0
R_14HPED_duplicate_3_enzyme	0.0
R_14HPED_duplicate_4_enzyme	0.0
R_14HPED_duplicate_5_enzyme	0.0
R_14HPED_duplicate_6_enzyme	0.0
R_14HPED_duplicate_7_enzyme	0.0
R_14HPED_duplicate_8_enzyme	0.0
R_14HPED_duplicate_9_enzyme	0.0
R_14HPED_duplicate_10_enzyme	0.0
R_14HPED_duplicate_11_enzyme	0.0
R_14HPED_duplicate_12_enzyme	0.0
R_DHQND_enzyme	0.0
R_DHQND_duplicate_2_enzyme	3.1943738460489714e-09
R_IMPD_enzyme	0.0
R_Biomass_enzyme	0
R_SUCOAS_enzyme	0.0
R_PPAt_enzyme	0
R_IMP_enzyme	0.0
R_ACPYRH_enzyme	0.0
R_ACPYRH_duplicate_2_enzyme	0.0
R_BUPN_enzyme	0.0
R_BUDPP1_enzyme	0.0
R_ALRTg_enzyme	0.0
R_SSALy_enzyme	0.0
R_SSALy_duplicate_2_enzyme	0.0
R_SSALy_duplicate_3_enzyme	0.0
R_SSALy_duplicate_4_enzyme	0.0
R_GART_enzyme	0
R_CRNabc_enzyme	0
R_CCPPCCOAL_enzyme	0.0
R_CCPPCCOAL_duplicate_2_enzyme	0.0
R_CCPPCCOAL_duplicate_3_enzyme	0.0
R_CCPPCCOAL_duplicate_4_enzyme	0.0
R_CCPPCCOAL_duplicate_5_enzyme	0.0
R_CCPPCCOAL_duplicate_6_enzyme	0.0
R_CCPPCCOAL_duplicate_7_enzyme	0.0
R_CCPPCCOAL_duplicate_8_enzyme	0.0
R_CCPPCCOAL_duplicate_9_enzyme	0.0
R_CCPPCCOAL_duplicate_10_enzyme	0.0
R_CCPPCCOAL_duplicate_11_enzyme	0.0
R_CCPPCCOAL_duplicate_12_enzyme	0.0
R_CCPPCCOAL_duplicate_13_enzyme	0.0
R_CCPPCCOAL_duplicate_14_enzyme	0.0
R_CCPPCCOAL_duplicate_15_enzyme	0.0
R_CCPPCCOAL_duplicate_16_enzyme	0.0
R_CCPPCCOAL_duplicate_17_enzyme	0.0
R_CCPPCCOAL_duplicate_18_enzyme	0.0
R_CCPPCCOAL_duplicate_19_enzyme	0.0
R_CCPAMAH_enzyme	0.0
R_NAPMSCD_enzyme	0.0
R_NAPMSCD_duplicate_2_enzyme	0.0
R_NAPMSCD_duplicate_3_enzyme	0.0
R_NAPMSCD_duplicate_4_enzyme	0.0
R_NAPMSCD_duplicate_5_enzyme	0.0
R_BTCAL_enzyme	0
R_GACT_h_enzyme	0.0
R_ALRTa_enzyme	0.0
R_XANt2_enzyme	0
R_XANt_enzyme	0
R_BZFORCL1_enzyme	0.0
R_KYN_enzyme	0.0
R_BZFORCL2_enzyme	0.0
R_KYNRN1_enzyme	0.0
R_ALRTx_enzyme	0.0
R_ALRTs_enzyme	0.0
R_MG2t_enzyme	0
R_KYNRN3_enzyme	0.0
R_4NPHPP_enzyme	0.0
R_4NPHPP_duplicate_2_enzyme	0.0
R_4NPHPP_duplicate_3_enzyme	0.0
R_ACS_enzyme	0.0
R_ACS_duplicate_2_enzyme	0.0
R_ACS_duplicate_3_enzyme	0.0
R_ACS_duplicate_4_enzyme	0.0
R_ACS_duplicate_5_enzyme	0.0
R_ACS_duplicate_6_enzyme	0.0
R_ACS_duplicate_7_enzyme	0.0
R_FUM_enzyme	0.0
R_FUM_duplicate_2_enzyme	0.0
R_GERCT_enzyme	0.0
R_GERCT_duplicate_2_enzyme	0.0
R_GERCT_duplicate_3_enzyme	0.0
R_GERCT_duplicate_4_enzyme	0.0
R_GERCT_duplicate_5_enzyme	0.0
R_GERCT_duplicate_6_enzyme	0.0
R_GERCT_duplicate_7_enzyme	0.0
R_NADHDH_enzyme	0.0
R_PROTCD_enzyme	0.0
R_PROTCD_duplicate_2_enzyme	0.0
R_PROTCD_duplicate_3_enzyme	0.0
R_PROTCD_duplicate_4_enzyme	0.0
R_PROTCD_duplicate_5_enzyme	0.0
R_PROTCD_duplicate_6_enzyme	0.0
R_PPNCL_enzyme	2.3957803845409132e-09
R_TRPTRS_enzyme	3.009406424752299e-07
R_G1SAT_enzyme	0.0
R_PROD2_enzyme	0.0
R_ADNt2_enzyme	0
R_ASP1DC_enzyme	0.0
R_MNAO10_enzyme	0.0
R_ADCOBNSYN_enzyme	0.0
R_MNAO13_enzyme	0.0
R_MNAO14_enzyme	0.0
R_CLt_enzyme	0
R_MNAO11_enzyme	0.0
R_MNAO12_enzyme	0.0
R_CYSTRS_enzyme	2.5358741024302774e-07
R_L_LACD2_enzyme	0.0
R_L_LACD2_duplicate_2_enzyme	0.0
R_UAGAAT_enzyme	7.602609753608705e-08
R_PHE2MO1_enzyme	0.0
R_GLUCD1_enzyme	0.0
R_GLUCD2_enzyme	0.0
R_MCITS_enzyme	0.0
R_MCITS_duplicate_2_enzyme	0.0
R_PHE2MO3_enzyme	0.0
R_PHE2MO2_enzyme	0.0
R_PPG2DG_enzyme	0.0
R_CPPPGO_enzyme	0.0
R_NDPK1_enzyme	0.0
R_NDPK2_enzyme	3.249018773629022e-06
R_NDPK5_enzyme	1.399133348791301e-07
R_4CRESOLt_enzyme	0
R_NDPK6_enzyme	0.0
R_NDPK3_enzyme	8.438280407336703e-07
R_TTDCAt2_enzyme	0
R_NDPK4_enzyme	1.8238357333391904e-07
R_NUDPK9_enzyme	0.0
R_ASPTA_enzyme	0.0
R_NDPK7_enzyme	1.4055779980257155e-07
R_NDPK8_enzyme	1.8161021542578934e-07
R_GLU5K_enzyme	0.0
R_ALPHNH_enzyme	0.0
R_ALPHNH_duplicate_2_enzyme	0.0
R_ALPHNH_duplicate_3_enzyme	0.0
R_GLNabc_enzyme	4.0358535139812756e-07
R_GLNabc_duplicate_2_enzyme	0.0
R_GLNabc_duplicate_3_enzyme	0.0
R_GLNabc_duplicate_4_enzyme	0.0
R_GLNabc_duplicate_5_enzyme	0.0
R_GLNabc_duplicate_6_enzyme	0.0
R_SEROAT_enzyme	0.0
R_ORNCD_enzyme	0.0
R_ORNCD_duplicate_2_enzyme	0.0
R_ORNCD_duplicate_3_enzyme	0.0
R_ORNCD_duplicate_4_enzyme	0.0
R_NPHS_enzyme	0.0
R_Phospholipid_enzyme	0
R_GLYCTO1p_enzyme	0.0
R_GLYCTO1p_duplicate_2_enzyme	0.0
R_GLYCTO1p_duplicate_3_enzyme	0.0
R_GLYCTO1p_duplicate_4_enzyme	0.0
R_GLYCTO1p_duplicate_5_enzyme	0.0
R_SDPDS_enzyme	0.0
R_FUCt_enzyme	0
R_VALTRS_enzyme	2.541795800518367e-06
R_SERDHT2_enzyme	0.0
R_UBQBM_enzyme	0.0
R_RNA_enzyme	0
R_PPCDC_enzyme	2.3957803845409132e-09
R_PHAS_enzyme	0.0
R_PHAS_duplicate_2_enzyme	0.0
R_SUCD1_enzyme	0.0
R_34DHFD_enzyme	0.0
R_34DHFD_duplicate_2_enzyme	0.0
R_34DHFD_duplicate_3_enzyme	0.0
R_34DHFD_duplicate_4_enzyme	0.0
R_34DHFD_duplicate_5_enzyme	0.0
R_34DHFD_duplicate_6_enzyme	0.0
R_SUCDi_enzyme	0.0
R_ASCBptspp_enzyme	0.0
R_SUCD4_enzyme	0
R_CCHCCOAL_enzyme	0.0
R_Ktr_enzyme	0
R_PYDXO_1_enzyme	0.0
R_GLUtr_enzyme	0
R_URIt2_enzyme	0
R_IDONt2r_enzyme	0
R_CTPS2_enzyme	1.0814650429176556e-06
R_UAGCVT_enzyme	4.791560769081117e-07
R_THRTRS_enzyme	1.584318967014792e-06
R_PTA2_enzyme	0.0
R_PTA2_duplicate_2_enzyme	0.0
R_CYTCOBO3_enzyme	0
R_MAN1PT2_enzyme	0.0
R_MAN1PT2_duplicate_2_enzyme	0.0
R_HIBDkt_enzyme	0.0
R_HIBDkt_duplicate_2_enzyme	0.0
R_HIBDkt_duplicate_3_enzyme	0.0
R_HIBDkt_duplicate_4_enzyme	0.0
R_HIBDkt_duplicate_5_enzyme	0.0
R_HIBDkt_duplicate_6_enzyme	0.0
R_HIBDkt_duplicate_7_enzyme	0.0
R_HIBDkt_duplicate_8_enzyme	0.0
R_HIBDkt_duplicate_9_enzyme	0.0
R_BPHEHB_enzyme	0.0
R_BPHEHB_duplicate_2_enzyme	0.0
R_BPHEHB_duplicate_3_enzyme	0.0
R_BPHEHB_duplicate_4_enzyme	0.0
R_BPHEHA_enzyme	0.0
R_BPHEHA_duplicate_2_enzyme	0.0
R_BPHEHA_duplicate_3_enzyme	0.0
R_BPHEHA_duplicate_4_enzyme	0.0
R_TRPAS2_enzyme	0
R_THDPS_enzyme	0.0
R_GALCTD_enzyme	0.0
R_GALCTD_duplicate_2_enzyme	0.0
R_GALCTD_duplicate_3_enzyme	0.0
R_GRTT_enzyme	0.0
R_GLYC3Pabc_enzyme	0.0
R_PYDXNO_enzyme	0.0
R_HACDHG_enzyme	0.0
R_TDPDRE_enzyme	0.0
R_TDPDRE_duplicate_2_enzyme	0.0
R_RNDR1_enzyme	1.8161021542578934e-07
R_RNDR1_duplicate_2_enzyme	0.0
R_RNDR2_enzyme	1.399133348791301e-07
R_RNDR2_duplicate_2_enzyme	0.0
R_PC_enzyme	0.0
R_PC_duplicate_2_enzyme	0.0
R_RNDR3_enzyme	1.4055779980257155e-07
R_RNDR3_duplicate_2_enzyme	0.0
R_VALTA_enzyme	0.0
R_RNDR4_enzyme	1.8238357333391904e-07
R_RNDR4_duplicate_2_enzyme	0.0
R_GF6PTA_enzyme	0.0
R_ATPADT_enzyme	0.0
R_NTRLASE_enzyme	0.0
R_ILEabc_enzyme	0
R_AADT2_enzyme	0.0
R_NITL2_enzyme	0.0
R_GALUi_enzyme	7.602609753608705e-08
R_NITL1_enzyme	0.0
R_FMETDF_enzyme	0.0
R_NITL5_enzyme	0.0
R_4CRESOLD_enzyme	0
R_NITL4_enzyme	0.0
R_PPCOAC_enzyme	0.0
R_PPCOAC_duplicate_2_enzyme	0.0
R_PPCOAC_duplicate_3_enzyme	0.0
R_PPA2_enzyme	0
R_PHE2MO4_enzyme	0.0
R_PPA_enzyme	0.0
R_PHE2MO5_enzyme	0.0
R_Carbohydrate_enzyme	0
R_RPI_enzyme	7.283965731894248e-08
R_ALAtr_enzyme	0
R_PYK_enzyme	0.00016474785756181545
R_PYK_duplicate_2_enzyme	0.0
R_PYK_duplicate_3_enzyme	0.0
R_IZPN_enzyme	0.0
R_RPE_enzyme	0.0
R_RPE_duplicate_2_enzyme	1.1723352015017952e-07
R_TYRTM_enzyme	0.0
R_TYRTM_duplicate_2_enzyme	0.0
R_FABC150_enzyme	0
R_CNTOB_enzyme	0
R_FABC151_enzyme	0
R_GTADT2_enzyme	0.0
R_PMCOAD_enzyme	0.0
R_GTADT1_enzyme	0.0
R_TRDR_enzyme	0.0
R_TRDR_duplicate_2_enzyme	0.0
R_TRDR_duplicate_3_enzyme	6.444649234414099e-07
R_TRDR_duplicate_4_enzyme	0.0
R_TRDR_duplicate_5_enzyme	0.0
R_TRDR_duplicate_6_enzyme	0.0
R_ACLS_enzyme	0.0
R_ACLS_duplicate_2_enzyme	0.0
R_GMHEPAT_enzyme	1.1403914630413055e-07
R_C181t_enzyme	0
R_ACACt2_enzyme	0
R_PTRCORNt7_enzyme	0
R_MICITDr_enzyme	0.0
R_3OXAPT_enzyme	0.0
R_3OXAPT_duplicate_2_enzyme	0.0
R_Cofactors_and_vitamins_enzyme	0
R_TREH_enzyme	0.0
R_HMR_0614_enzyme	0
R_GTPCI_enzyme	3.194373846048971e-09
R_GTPCI_duplicate_2_enzyme	0.0
R_FORGD_enzyme	0.0
R_AHCYSNS_enzyme	0.0
R_XAND_enzyme	0.0
R_XAND_duplicate_2_enzyme	0.0
R_XAND_duplicate_3_enzyme	0.0
R_XAND_duplicate_4_enzyme	0.0
R_XAND_duplicate_5_enzyme	0.0
R_UGMDDS_enzyme	4.791560769081117e-07
R_OCTMBZM_enzyme	0.0
R_ALLTC_enzyme	0.0
R_FABC140_enzyme	0
R_FABC141_enzyme	0
R_ACALDt_enzyme	0
R_NADH16_enzyme	0.0
R_CGS_m_enzyme	0.0
R_NADH5_enzyme	0.0
R_CYSGS2_enzyme	0.0
R_GMHEPPA_enzyme	0
R_ALAR_enzyme	0.0
R_MALTHXabc_enzyme	0
R_NADK_enzyme	8.789081622480044e-09
R_NADK_duplicate_2_enzyme	0.0
R_HETZK_enzyme	0
R_OCDCAt2_enzyme	0
R_ASPCT_enzyme	0.0
R_O2t_enzyme	0
R_CYTDtr_enzyme	0
R_DCYTt2_enzyme	0
R_DATA2_enzyme	0.0
R_DATA4_enzyme	0.0
R_OHPBAKGT_enzyme	0.0
R_DATA3_enzyme	0.0
R_AGPR_enzyme	0.0
R_AGPR_duplicate_2_enzyme	0.0
R_FRUP_enzyme	0.0
R_FRUP_duplicate_2_enzyme	0.0
R_FRUP_duplicate_3_enzyme	0.0
R_FRUP_duplicate_4_enzyme	0.0
R_THRD_enzyme	0.0
R_OCDOR_enzyme	0
R_DHDPRy_enzyme	0.0
R_DHDPRy_duplicate_2_enzyme	0.0
R_ACMANApts_enzyme	0
R_FUMAC_enzyme	0.0
R_FUMAC_duplicate_2_enzyme	0.0
R_FUMAC_duplicate_3_enzyme	0.0
R_PTAr_enzyme	0.0
R_PTAr_duplicate_2_enzyme	0.0
R_GLYAT_enzyme	0.0
R_DHPD_enzyme	0.0
R_DHPD_duplicate_2_enzyme	0.0
R_NNAM_enzyme	0.0
R_DPR_enzyme	0.0
R_DPR_duplicate_2_enzyme	0.0
R_DPR_duplicate_3_enzyme	0.0
R_GLYt2r_enzyme	0
R_TAGL2_Nlimit_enzyme	0.0
R_E4PD_enzyme	0
R_KPENH_enzyme	0.0
R_KPENH_duplicate_2_enzyme	0.0
R_KPENH_duplicate_3_enzyme	0.0
R_ADHEr_enzyme	0.0
R_ADHEr_duplicate_2_enzyme	0.0
R_ADHEr_duplicate_3_enzyme	0.0
R_ADHEr_duplicate_4_enzyme	0.0
R_OCT_enzyme	0.0
R_HIStr_enzyme	0
R_NTD9_enzyme	0.0
R_FABC120_enzyme	0
R_NTD8_enzyme	0.0
R_CCHNM2_enzyme	0.0
R_34DHBt_enzyme	0
R_NTD5_enzyme	0.0
R_NTD4_enzyme	0.0
R_NTD7_enzyme	0.0
R_NTD6_enzyme	0.0
R_ADNCYC_enzyme	0.0
R_ADNCYC_duplicate_2_enzyme	0.0
R_ADNCYC_duplicate_3_enzyme	0.0
R_ADNCYC_duplicate_4_enzyme	0.0
R_ADNCYC_duplicate_5_enzyme	0.0
R_AHCi_enzyme	0.0
R_ADHC2_enzyme	0.0
R_CCHNM1_enzyme	0.0
R_PRAIZC2_enzyme	0
R_AMAA_enzyme	0.0
R_AMAA_duplicate_2_enzyme	0.0
R_PRAIZC1_enzyme	0.0
R_PRAIZC1_duplicate_2_enzyme	0.0
R_12DHFD_enzyme	0.0
R_12DHFD_duplicate_2_enzyme	0.0
R_12DHFD_duplicate_3_enzyme	0.0
R_12DHFD_duplicate_4_enzyme	0.0
R_12DHFD_duplicate_5_enzyme	0.0
R_12DHFD_duplicate_6_enzyme	0.0
R_GUAD_enzyme	0.0
R_NTD1_enzyme	0.0
R_NAt3_2_enzyme	0
R_ASNabc_enzyme	0
R_NTD2_enzyme	0.0
R_NAt3_1g_enzyme	0
R_NMNt7_enzyme	0
R_NTD3_enzyme	0.0
R_ARGORNt7_enzyme	0
R_CBL_enzyme	0.0
R_CYSTBL2_enzyme	0.0
R_ADPT_enzyme	0.0
R_GLYTRS_enzyme	0.0
R_GLYTRS_duplicate_2_enzyme	2.6585914010864574e-06
R_3IPPMD1_enzyme	0.0
R_3IPPMD1_duplicate_2_enzyme	0.0
R_3IPPMD1_duplicate_3_enzyme	0.0
R_3IPPMD1_duplicate_4_enzyme	0.0
R_3IPPMD1_duplicate_5_enzyme	0.0
R_CYSTBL1_enzyme	0.0
R_3IPPMD2_enzyme	0.0
R_3IPPMD2_duplicate_2_enzyme	0.0
R_3IPPMD2_duplicate_3_enzyme	0.0
R_3IPPMD2_duplicate_4_enzyme	0.0
R_3IPPMD2_duplicate_5_enzyme	0.0
R_G6PDH2r_enzyme	0.0
R_G6PDH2r_duplicate_2_enzyme	0.0
R_G6PDH2r_duplicate_3_enzyme	0.0
R_ALRTgp_enzyme	0.0
R_NITOXDR_enzyme	0.0
R_NITOXDR_duplicate_2_enzyme	0.0
R_NITOXDR_duplicate_3_enzyme	0.0
R_ADNCYC1_enzyme	0.0
R_ADNCYC1_duplicate_2_enzyme	0.0
R_ADNCYC1_duplicate_3_enzyme	0.0
R_ADNCYC1_duplicate_4_enzyme	0.0
R_ADNCYC1_duplicate_5_enzyme	0.0
R_BZ12DOX_enzyme	0.0
R_BZOTD7_enzyme	0.0
R_NADDP_enzyme	0.0
R_OP4ENH_enzyme	0.0
R_OP4ENH_duplicate_2_enzyme	0.0
R_OP4ENH_duplicate_3_enzyme	0.0
R_OP4ENH_duplicate_4_enzyme	0.0
R_ACMSD_enzyme	0.0
R_BZOTD3_enzyme	0.0
R_BZOTD4_enzyme	0.0
R_BZOTD5_enzyme	0.0
R_NADDP1_enzyme	0.0
R_G1PTT_enzyme	0.0
R_G1PTT_duplicate_2_enzyme	0.0
R_G1PTT_duplicate_3_enzyme	0.0
R_BZOTD1_enzyme	0.0
R_ASPSAD_enzyme	0.0
R_ADPRT2_enzyme	0.0
R_ALCDH_pqq_x_enzyme	0.0
R_ALCDH_pqq_x_duplicate_2_enzyme	0.0
R_ALCDH_pqq_x_duplicate_3_enzyme	0.0
R_ALCDH_pqq_x_duplicate_4_enzyme	0.0
R_ALCDH_pqq_x_duplicate_5_enzyme	0.0
R_ALCDH_pqq_x_duplicate_6_enzyme	0.0
R_ALCDH_pqq_x_duplicate_7_enzyme	0.0
R_ALCDH_pqq_x_duplicate_8_enzyme	0.0
R_ADPRT3_enzyme	0.0
R_ADPRT4_enzyme	3.5738888921564806e-06
R_KAS14_enzyme	0
R_3CMUCC_enzyme	0.0
R_3CMUCC_duplicate_2_enzyme	0.0
R_BKACPS1_enzyme	0
R_ICDHyr_enzyme	0.0
R_ICDHyr_duplicate_2_enzyme	0.0
R_ANOXDR_enzyme	0.0
R_ANOXDR_duplicate_2_enzyme	0.0
R_ANOXDR_duplicate_3_enzyme	0.0
R_IG3PS_enzyme	0.0
R_ACONCt_enzyme	0
R_THMabc_enzyme	0
R_CYTDA_enzyme	0.0
R_CYTDA_duplicate_2_enzyme	0.0
R_FALDH_enzyme	0.0
R_FDFT1_enzyme	0.0
R_ANDO_enzyme	0
R_FDFT2_enzyme	0.0
R_GLBRAN2_enzyme	0.0
R_UPPDC2_enzyme	0.0
R_UPPDC1_enzyme	0.0
R_GLCNt2r_enzyme	0
R_SKDH_enzyme	3.1943738460489714e-09
R_MTTGH_enzyme	0.0
R_PDX5PSb_enzyme	0
R_TDSK_enzyme	3.8013048768043525e-08
R_DNMPPA_enzyme	0.0
R_DNMPPA_duplicate_2_enzyme	0.0
R_DNMPPA_duplicate_3_enzyme	0.0
R_DNMPPA_duplicate_4_enzyme	0.0
R_DNMPPA_duplicate_5_enzyme	0.0
R_DNMPPA_duplicate_6_enzyme	0.0
R_DNMPPA_duplicate_7_enzyme	0.0
R_DNMPPA_duplicate_8_enzyme	0.0
R_DNMPPA_duplicate_9_enzyme	0.0
R_DNMPPA_duplicate_10_enzyme	0.0
R_DNMPPA_duplicate_11_enzyme	0.0
R_DNMPPA_duplicate_12_enzyme	0.0
R_DNMPPA_duplicate_13_enzyme	0.0
R_DNMPPA_duplicate_14_enzyme	0.0
R_DNMPPA_duplicate_15_enzyme	0.0
R_DNMPPA_duplicate_16_enzyme	0.0
R_DNMPPA_duplicate_17_enzyme	0.0
R_DNMPPA_duplicate_18_enzyme	0.0
R_DNMPPA_duplicate_19_enzyme	0.0
R_DNMPPA_duplicate_20_enzyme	0.0
R_DNMPPA_duplicate_21_enzyme	0.0
R_DNMPPA_duplicate_22_enzyme	0.0
R_DNMPPA_duplicate_23_enzyme	0.0
R_DNMPPA_duplicate_24_enzyme	0.0
R_NTRIR2x_enzyme	0.0
R_PPC_enzyme	0.0
R_ACYP_enzyme	0.0
R_APPS2_enzyme	0.0
R_SDPTA_enzyme	0.0
R_SDPTA_duplicate_2_enzyme	0.0
R_6CHQt_enzyme	0
R_APPS3_enzyme	0.0
R_DPHS_enzyme	3.1943738460489714e-09
R_DPHS_duplicate_2_enzyme	0.0
R_ARGSL_enzyme	0.0
R_PAAD6_enzyme	0.0
R_PAAD5_enzyme	0.0
R_PAAD8_enzyme	0.0
R_PAAD7_enzyme	0.0
R_POX_enzyme	0.0
R_PAAD2_enzyme	0.0
R_PAAD1_enzyme	0.0
R_CITt7_enzyme	0
R_PAAD4_enzyme	0.0
R_PLIPASA1E_Nlimit_enzyme	0.0
R_NO3t7_enzyme	0
R_PAAD3_enzyme	0.0
R_SPMS3_enzyme	0.0
R_SPMS3_duplicate_2_enzyme	0.0
R_SPMS3_duplicate_3_enzyme	0.0
R_SPMS3_duplicate_4_enzyme	0.0
R_LYStr_enzyme	0
R_SPMS_enzyme	0.0
R_SPMS_duplicate_2_enzyme	0.0
R_SPMS_duplicate_3_enzyme	0.0
R_SPMS_duplicate_4_enzyme	0.0
R_COBBP1_enzyme	0.0
R_COBBP1_duplicate_2_enzyme	0.0
R_COBBP2_enzyme	0.0
R_COBBP2_duplicate_2_enzyme	0.0
R_PAAD9_enzyme	0.0
R_AOBZACt_enzyme	0
R_VALabc_enzyme	0
R_GLXCL_enzyme	0.0
R_SHKK_enzyme	3.1943738460489714e-09
R_SHKK_duplicate_2_enzyme	0.0
R_SHKK_duplicate_3_enzyme	0.0
R_ARGDC_enzyme	0.0
R_DMQMT_enzyme	0.0
R_DMQMT_duplicate_2_enzyme	0.0
R_NNDMBRT_enzyme	0.0
R_DPCOAK_enzyme	2.3957803845409132e-09
R_FUCPt6_2_enzyme	0
R_NTP3_enzyme	0.0
R_NTP1_enzyme	0.0
R_ILETRS_enzyme	1.5160651382349336e-06
R_NAt3_15_enzyme	0
R_ACBIPGT_enzyme	0.0
R_MCITL2_enzyme	0.0
R_PPS_enzyme	0.0
R_6CHQD_enzyme	0
R_OMPHHX_enzyme	0
R_CBBCYC_enzyme	0
R_GTHS_enzyme	0.0
R_MCLACi_enzyme	0.0
R_MCLACi_duplicate_2_enzyme	0.0
R_PRFGAS_enzyme	0.0
R_AHSERL4_enzyme	0.0
R_AHSERL4_duplicate_2_enzyme	0.0
R_AHSERL4_duplicate_3_enzyme	0.0
R_AHSERL4_duplicate_4_enzyme	0.0
R_AHSERL4_duplicate_5_enzyme	0.0
R_SCCNAPS_enzyme	0.0
R_SCCNAPS_duplicate_2_enzyme	0.0
R_SCCNAPS_duplicate_3_enzyme	0.0
R_SCCNAPS_duplicate_4_enzyme	0.0
R_SCCNAPS_duplicate_5_enzyme	0.0
R_SCCNAPS_duplicate_6_enzyme	0.0
R_SCCNAPS_duplicate_7_enzyme	0.0
R_INStr_enzyme	0
R_ADCL_enzyme	3.1943738460489714e-09
R_HYXNt_enzyme	0
R_PANTS_enzyme	0.0
R_DDGD_enzyme	0.0
R_OAHSL1_enzyme	0.0
R_OAHSL1_duplicate_2_enzyme	0.0
R_DXPRIi_enzyme	0.0
R_BUTt2r_enzyme	0
R_SUCCabc_enzyme	0
R_SUCCtr_enzyme	0
R_ALPNIT_enzyme	0.0
R_PMDPHT_enzyme	3.966814434322583e-12
R_PMDPHT_duplicate_2_enzyme	0.0
R_PMDPHT_duplicate_3_enzyme	0.0
R_PMDPHT_duplicate_4_enzyme	0.0
R_PMDPHT_duplicate_5_enzyme	0.0
R_PMDPHT_duplicate_6_enzyme	0.0
R_PMDPHT_duplicate_7_enzyme	0.0
R_IDPD_enzyme	0.0
R_ALADH_enzyme	0.0
R_OPHBDC_enzyme	0.0
R_OPHBDC_duplicate_2_enzyme	0.0
R_OPHBDC_duplicate_3_enzyme	0.0
R_OPHBDC_duplicate_4_enzyme	0.0
R_G3POAT_Nlimit_enzyme	0
R_16DCDC4_enzyme	0.0
R_16DCDC3_enzyme	0.0
R_THD2_enzyme	2.971085240456282e-11
R_16DCDC2_enzyme	0.0
R_16DCDC1_enzyme	0.0
R_TRSARr_enzyme	0.0
R_ETOHt2r_enzyme	0
R_THIOLS_enzyme	0.0
R_THIOLS_duplicate_2_enzyme	0.0
R_THIOLS_duplicate_3_enzyme	0.0
R_THIOLS_duplicate_4_enzyme	0.0
R_THIOLS_duplicate_5_enzyme	0.0
R_THIOLS_duplicate_6_enzyme	0.0
R_THIOLS_duplicate_7_enzyme	0.0
R_THIOLS_duplicate_8_enzyme	0.0
R_THIOLS_duplicate_9_enzyme	0.0
R_THIOLS_duplicate_10_enzyme	0.0
R_THIOLS_duplicate_11_enzyme	0.0
R_THIOLS_duplicate_12_enzyme	0.0
R_THIOLS_duplicate_13_enzyme	0.0
R_THIOLS_duplicate_14_enzyme	0.0
R_THIOLS_duplicate_15_enzyme	0.0
R_THIOLS_duplicate_16_enzyme	0.0
R_THIOLS_duplicate_17_enzyme	0.0
R_THIOLS_duplicate_18_enzyme	0.0
R_THIOLS_duplicate_19_enzyme	0.0
R_THIOLS_duplicate_20_enzyme	0.0
R_THIOLS_duplicate_21_enzyme	0.0
R_THIOLS_duplicate_22_enzyme	0.0
R_THIOLS_duplicate_23_enzyme	0.0
R_THIOLS_duplicate_24_enzyme	0.0
R_PTPATi_enzyme	2.3957803845409132e-09
R_TDPDRR_enzyme	0.0
R_TDPDRR_duplicate_2_enzyme	0.0
R_METTRS_enzyme	9.452244136853144e-07
R_TRPS2_1_enzyme	0.0
R_TRPS2_enzyme	0.0
R_OXCTD2_enzyme	0.0
R_OXCTD1_enzyme	0.0
R_PHEA4H_enzyme	0.0
R_PMPK_enzyme	0.0
R_CMK_enzyme	0.0
R_TRPS1_enzyme	0.0
R_DLACt_enzyme	0
R_AG3POAT_Nlimit_enzyme	0.0
R_AG3POAT_Nlimit_duplicate_2_enzyme	5.518440537750721e-07
R_2H3MBZP_enzyme	0.0
R_2H3MBZP_duplicate_2_enzyme	0.0
R_2H3MBZP_duplicate_3_enzyme	0.0
R_2H3MBZP_duplicate_4_enzyme	0.0
R_2H3MBZP_duplicate_5_enzyme	0.0
R_2H3MBZP_duplicate_6_enzyme	0.0
R_2H3MBZP_duplicate_7_enzyme	0.0
R_TKT1_enzyme	0.0
R_TKT1_duplicate_2_enzyme	0.0
R_TKT2_enzyme	1.1723352015017952e-07
R_TKT2_duplicate_2_enzyme	0.0
R_HXAND_enzyme	0.0
R_HXAND_duplicate_2_enzyme	0.0
R_HXAND_duplicate_3_enzyme	0.0
R_HXAND_duplicate_4_enzyme	0.0
R_HXAND_duplicate_5_enzyme	0.0
R_3OXAPLC_enzyme	0.0
R_3OXAPLC_duplicate_2_enzyme	0.0
R_3OXAPLC_duplicate_3_enzyme	0.0
R_ALRTap_enzyme	0.0
R_ALCDd_enzyme	0.0
R_ALCDd_duplicate_2_enzyme	0.0
R_ALCDd_duplicate_3_enzyme	0.0
R_ALCDd_duplicate_4_enzyme	0.0
R_ALCDd_duplicate_5_enzyme	0.0
R_ALCDd_duplicate_6_enzyme	0.0
R_ALCDd_duplicate_7_enzyme	0.0
R_ALCDd_duplicate_8_enzyme	0.0
R_ANS_enzyme	0.0
R_BENZt_enzyme	0
R_PGPS_enzyme	0
R_SADMET_enzyme	0.0
R_SADMET_duplicate_2_enzyme	0.0
R_UAG4Ei_enzyme	0
R_MLTGCT_enzyme	0.0
R_MLTGCT_duplicate_2_enzyme	0.0
R_MMSAD1m_enzyme	0.0
R_MMSAD1m_duplicate_2_enzyme	0.0
R_MMSAD1m_duplicate_3_enzyme	0.0
R_UROCANt_enzyme	0
R_ALCDt_enzyme	0.0
R_ALCDt_duplicate_2_enzyme	0.0
R_ALCDt_duplicate_3_enzyme	0.0
R_ALCDt_duplicate_4_enzyme	0.0
R_ALCDt_duplicate_5_enzyme	0.0
R_ALCDt_duplicate_6_enzyme	0.0
R_ALCDt_duplicate_7_enzyme	0.0
R_ALCDt_duplicate_8_enzyme	0.0
R_NTD11_enzyme	0.0
R_GLCNtr_enzyme	0
R_DUTPDP_enzyme	0.0
R_ACGK_enzyme	0.0
R_NTD10_enzyme	0.0
R_CHOLD_enzyme	0.0
R_CHOLD_duplicate_2_enzyme	0.0
R_CHOLD_duplicate_3_enzyme	0.0
R_CHOLD_duplicate_4_enzyme	0.0
R_CHOLD_duplicate_5_enzyme	0.0
R_CHOLD1_enzyme	0.0
R_CHOLD1_duplicate_2_enzyme	0.0
R_CHOLD1_duplicate_3_enzyme	0.0
R_CHOLD1_duplicate_4_enzyme	0.0
R_CHOLD1_duplicate_5_enzyme	0.0
R_CYTDt2_enzyme	0
R_LEUabc_enzyme	0
R_GRATT_enzyme	0.0
R_DHEDAA_enzyme	0.0
R_DHEDAA_duplicate_2_enzyme	0.0
R_DHEDAA_duplicate_3_enzyme	0.0
R_P5PPR_enzyme	0
R_DHHED1_enzyme	0.0
R_DHHED1_duplicate_2_enzyme	0.0
R_DHHED1_duplicate_3_enzyme	0.0
R_HXMGL_enzyme	0.0
R_HXMGL_duplicate_2_enzyme	0.0
R_HXMGL_duplicate_3_enzyme	0.0
R_HXMGL_duplicate_4_enzyme	0.0
R_HXMGL_duplicate_5_enzyme	0.0
R_ACGS_enzyme	0.0
R_ACGS_duplicate_2_enzyme	0.0
R_FBMO10_enzyme	0.0
R_FBMO10_duplicate_2_enzyme	0.0
R_FBMO10_duplicate_3_enzyme	0.0
R_FBMO10_duplicate_4_enzyme	0.0
R_FBMO11_enzyme	0.0
R_FBMO11_duplicate_2_enzyme	0.0
R_FBMO11_duplicate_3_enzyme	0.0
R_FBMO11_duplicate_4_enzyme	0.0
R_ANPRT_enzyme	0.0
R_ANPRT_duplicate_2_enzyme	0.0
R_MACR4p_enzyme	0.0
R_MACR4p_duplicate_2_enzyme	0.0
R_FBMO14_enzyme	0.0
R_FBMO14_duplicate_2_enzyme	0.0
R_FBMO14_duplicate_3_enzyme	0.0
R_FBMO14_duplicate_4_enzyme	0.0
R_FBMO15_enzyme	0.0
R_FBMO15_duplicate_2_enzyme	0.0
R_FBMO15_duplicate_3_enzyme	0.0
R_FBMO15_duplicate_4_enzyme	0.0
R_4AMBUAT_enzyme	0.0
R_FBMO12_enzyme	0.0
R_FBMO12_duplicate_2_enzyme	0.0
R_FBMO12_duplicate_3_enzyme	0.0
R_FBMO12_duplicate_4_enzyme	0.0
R_FBMO13_enzyme	0.0
R_FBMO13_duplicate_2_enzyme	0.0
R_FBMO13_duplicate_3_enzyme	0.0
R_FBMO13_duplicate_4_enzyme	0.0
R_ASPALAt_enzyme	0
R_GLUABUTt7_enzyme	0
R_PYAM5PO_enzyme	0.0
R_PHBD_enzyme	0.0
R_PHBD_duplicate_2_enzyme	0.0
R_PHBD_duplicate_3_enzyme	0.0
R_PHBD_duplicate_4_enzyme	0.0
R_PHBD_duplicate_5_enzyme	0.0
R_PHBD_duplicate_6_enzyme	0.0
R_GLYK_enzyme	0.0
R_GLYK_duplicate_2_enzyme	0.0
R_UREAt_enzyme	0
R_G3PD2_enzyme	3.194373846048971e-09
R_MANpts_enzyme	0
R_G3PD5_enzyme	0.0
R_G3PD5_duplicate_2_enzyme	0.0
R_GLCRD_enzyme	0.0
R_4NOXDR_enzyme	0.0
R_4NOXDR_duplicate_2_enzyme	0.0
R_4NOXDR_duplicate_3_enzyme	0.0
R_2KCHCCH_enzyme	0.0
R_2KCHCCH_duplicate_2_enzyme	0.0
R_2KCHCCH_duplicate_3_enzyme	0.0
R_2KCHCCH_duplicate_4_enzyme	0.0
R_DABOT_enzyme	0.0
R_PGI_enzyme	0.0
R_PGI_duplicate_2_enzyme	0.0
R_ASO3t1_enzyme	0
R_4HTHRS_enzyme	0.0
R_PGK_enzyme	0.0
R_PGK_duplicate_2_enzyme	0.0
R_PGK_duplicate_3_enzyme	0.0
R_ASO3t2_enzyme	0
R_SERtr_enzyme	0
R_PGM_enzyme	0.0
R_PGM_duplicate_2_enzyme	0.0
R_PGL_enzyme	0.0
R_GLCRDH_enzyme	0.0
R_NAMNPP_enzyme	0.0
R_AGMT_enzyme	0.0
R_MUCCYCI_enzyme	0.0
R_MUCCYCI_duplicate_2_enzyme	0.0
R_MCCIS2_enzyme	0.0
R_MCCIS2_duplicate_2_enzyme	0.0
R_MCCIS5_enzyme	0.0
R_MCCIS5_duplicate_2_enzyme	0.0
R_MCCIS4_enzyme	0.0
R_MCCIS4_duplicate_2_enzyme	0.0
R_OCMPH1_enzyme	0.0
R_NITRDT1p_enzyme	0.0
R_GLYCt_enzyme	0
R_THMB_enzyme	0.0
R_OMPHHX3_enzyme	0.0
R_MCCIS1_enzyme	0.0
R_MCCIS1_duplicate_2_enzyme	0.0
R_OCMPH2_enzyme	0.0
R_PHBt_enzyme	0
R_MNAO8_enzyme	0.0
R_P5CR_enzyme	0.0
R_LGTHL_enzyme	0.0
R_LGTHL_duplicate_2_enzyme	0.0
R_LGTHL_duplicate_3_enzyme	0.0
R_LGTHL_duplicate_4_enzyme	0.0
R_LGTHL_duplicate_5_enzyme	0.0
R_MNAO9_enzyme	0.0
R_GGLUCYSS_enzyme	0.0
R_MNAO4_enzyme	0.0
R_MNAO5_enzyme	0.0
R_MNAO6_enzyme	0.0
R_IMG3PS_enzyme	0.0
R_IMG3PS_duplicate_2_enzyme	0.0
R_MNAO7_enzyme	0.0
R_AACTOOR_enzyme	0.0
R_MNAO2_enzyme	0.0
R_UAGPT2_enzyme	4.791560769081117e-07
R_MNAO3_enzyme	0.0
R_FMETTRS_enzyme	1.1686915207583587e-07
R_ALAabc_enzyme	0
R_ME4PCT_enzyme	0.0
R_HEMEOS_enzyme	0.0
R_DTO4CH_enzyme	0
R_FLBZDD_enzyme	0.0
R_FLBZDD_duplicate_2_enzyme	0.0
R_ASPR_enzyme	0.0
R_DHAt_enzyme	0
R_S7PI_enzyme	1.1403914630413055e-07
R_ACGApts_enzyme	0
R_PDX5PS_enzyme	0.0
R_PDX5PS_duplicate_2_enzyme	0.0
R_PDX5PS_duplicate_3_enzyme	0.0
R_PDX5PS_duplicate_4_enzyme	0.0
R_HMPK1_enzyme	0.0
R_DHADT1_enzyme	0.0
R_DHADT1_duplicate_2_enzyme	0.0
R_PLIPASA1S_Nlimit_enzyme	0.0
R_MCDC_enzyme	0.0
R_DHADT2_enzyme	0.0
R_DHADT2_duplicate_2_enzyme	0.0
R_ACPS1_enzyme	0.0
R_DHPMD_enzyme	0.0
R_DHPMD_duplicate_2_enzyme	0.0
R_MALTTTRabc_enzyme	0
R_4HBZt_enzyme	0
R_PCT3_enzyme	0.0
R_PCT2_enzyme	0.0
R_PGCM_enzyme	0
R_PCT1_enzyme	4.496455538595669e-05
R_DAPE_enzyme	0.0
R_NUDPK10_enzyme	0.0
R_GOX_enzyme	0.0
R_ASPt_enzyme	0
R_GLUPRT_enzyme	0.0
R_FE2abc_enzyme	0
R_HISabc_enzyme	0.0
R_HISabc_duplicate_2_enzyme	0.0
R_HISabc_duplicate_3_enzyme	0.0
R_HISabc_duplicate_4_enzyme	0.0
R_HISabc_duplicate_5_enzyme	0.0
R_HISabc_duplicate_6_enzyme	0.0
R_4HBTt_enzyme	0
R_BETALDHx_enzyme	0.0
R_BETALDDH1_enzyme	0.0
R_MALDDH_enzyme	0.0
R_SUCCt2r_enzyme	0
R_GSNt2_enzyme	0
R_ILETA_enzyme	0.0
R_ASNS_enzyme	0.0
R_PDH1_enzyme	0.0
R_PDH1_duplicate_2_enzyme	0.0
R_PDH1_duplicate_3_enzyme	0.0
R_PDH1_duplicate_4_enzyme	0.0
R_PDH1_duplicate_5_enzyme	0.0
R_PDH1_duplicate_6_enzyme	0.0
R_2AMBZC_enzyme	0.0
R_ICDHx_enzyme	0.0
R_PDH2_enzyme	0.0
R_PDH2_duplicate_2_enzyme	0.0
R_CLS_m_enzyme	0.0
R_CLS_m_duplicate_2_enzyme	0.0
R_CLPNS2_enzyme	0.0
R_CLPNS2_duplicate_2_enzyme	3.6763250000774866e-08
R_P5CD3_enzyme	0.0
R_BPDDO_enzyme	0.0
R_P5CD4_enzyme	0.0
R_METAT_enzyme	0.0
R_METAT_duplicate_2_enzyme	0.0
R_PDH3_enzyme	0.0
R_PDH3_duplicate_2_enzyme	0.0
R_PDH3_duplicate_3_enzyme	0.0
R_PDH3_duplicate_4_enzyme	0.0
R_P5CD5_enzyme	0.0
R_BKAR2_enzyme	0.0
R_BKAR2_duplicate_2_enzyme	0.0
R_PCNO_enzyme	0.0
R_PCNO_duplicate_2_enzyme	0.0
R_DAPabc_enzyme	0
R_4HBZDC_enzyme	0.0
R_R15BPK_enzyme	0.0
R_ASPK_enzyme	0.0
R_MGSA_enzyme	0.0
R_4HBZCT_enzyme	0.0
R_4HBZCT_duplicate_2_enzyme	0.0
R_PAPSR_enzyme	0.0
R_IPMD_enzyme	0.0
R_IPMD_duplicate_2_enzyme	0.0
R_IPMD_duplicate_3_enzyme	0.0
R_PAPSR2_enzyme	0.0
R_GCALDD_enzyme	0
R_PDX5POi_enzyme	0.0
R_FGDM_enzyme	0.0
R_FGDM_duplicate_2_enzyme	0.0
R_FGDM_duplicate_3_enzyme	0.0
R_FGDM_duplicate_4_enzyme	0.0
R_NA1t_enzyme	0
R_CRNCDH_enzyme	0.0
R_CRNCDH_duplicate_2_enzyme	0.0
R_NO3R1_enzyme	0.0
R_NO3R1_duplicate_2_enzyme	0.0
R_NO3R1_duplicate_3_enzyme	0.0
R_NO3R1_duplicate_4_enzyme	0.0
R_NO3R1_duplicate_5_enzyme	0.0
R_FLVR_enzyme	0.0
R_FLVR_duplicate_2_enzyme	0.0
R_GALCTNt2r_enzyme	0
R_FRUpts2_enzyme	0
R_CATCHD1_enzyme	0.0
R_CATCHD2_enzyme	0.0
R_CATCHD3_enzyme	0.0
R_CATCHD4_enzyme	0.0
R_CATCHD5_enzyme	0.0
R_HSERA_enzyme	0.0
R_TMPK_enzyme	2.8086576798644034e-12
R_HSDy_enzyme	0.0
R_DHNPA_enzyme	3.194373846048971e-09
R_URItr_enzyme	0
R_BUTNt_enzyme	0
R_MECDPS_enzyme	0.0
R_GLNS_enzyme	0.0
R_GLNS_duplicate_2_enzyme	0.0
R_GLNS_duplicate_3_enzyme	0.0
R_GLNST2_enzyme	4.791560769081117e-07
R_GLNST2_duplicate_2_enzyme	0.0
R_GLNST2_duplicate_3_enzyme	0.0
R_THMPT_enzyme	2.8086576798644034e-12
R_THMPT_duplicate_2_enzyme	0.0
R_THMPT_duplicate_3_enzyme	0.0
R_THMPT_duplicate_4_enzyme	0.0
R_THMPT_duplicate_5_enzyme	0.0
R_THMPT_duplicate_6_enzyme	0.0
R_THMPT_duplicate_7_enzyme	0.0
R_CTBTCRNCT_enzyme	0.0
R_CTBTCRNCT_duplicate_2_enzyme	0.0
R_2NAPTCT_enzyme	0.0
R_2NAPTCT_duplicate_2_enzyme	0.0
R_2NAPTCT_duplicate_3_enzyme	0.0
R_2NAPTCT_duplicate_4_enzyme	0.0
R_2NAPTCT_duplicate_5_enzyme	0.0
R_2NAPTCT_duplicate_6_enzyme	0.0
R_2NAPTCT_duplicate_7_enzyme	0.0
R_SUCCS_enzyme	0.0
R_SUCCS_duplicate_2_enzyme	0.0
R_P5CD2_enzyme	0.0
R_P5CD_enzyme	0.0
R_LDH_L_enzyme	0.0
R_ASNN_enzyme	0.0
R_ASNN_duplicate_2_enzyme	0.0
R_L__LACD4_enzyme	0.0
R_NACt_enzyme	0
R_CMBLD1_enzyme	0.0
R_CMBLD1_duplicate_2_enzyme	0.0
R_CMBLD1_duplicate_3_enzyme	0.0
R_CMBLD2_enzyme	0.0
R_CMBLD2_duplicate_2_enzyme	0.0
R_CMBLD2_duplicate_3_enzyme	0.0
R_GLYCK_enzyme	0.0
R_NODOx_enzyme	0.0
R_NODOx_duplicate_2_enzyme	0.0
R_CMBLD6_enzyme	0.0
R_CMBLD6_duplicate_2_enzyme	0.0
R_CMBLD6_duplicate_3_enzyme	0.0
R_ORPT_enzyme	0.0
R_NODOX2_enzyme	0.0
R_GLYCEK1_enzyme	0.0
R_HSK_enzyme	0.0
R_HSK_duplicate_2_enzyme	0.0
R_HSK_duplicate_3_enzyme	0.0
R_HSK_duplicate_4_enzyme	0.0
R_CMBLD5_enzyme	0.0
R_CMBLD5_duplicate_2_enzyme	0.0
R_CMBLD5_duplicate_3_enzyme	0.0
R_CMBLD4_enzyme	0.0
R_CMBLD4_duplicate_2_enzyme	0.0
R_CMBLD4_duplicate_3_enzyme	0.0
R_CMBLD3_enzyme	0.0
R_CMBLD3_duplicate_2_enzyme	0.0
R_CMBLD3_duplicate_3_enzyme	0.0
R_SELNPS_enzyme	0.0
R_CMBLD7_enzyme	0.0
R_CMBLD7_duplicate_2_enzyme	0.0
R_CMBLD7_duplicate_3_enzyme	0.0
R_2MNAPTH_enzyme	0.0
R_2MNAPTH_duplicate_2_enzyme	0.0
R_2MNAPTH_duplicate_3_enzyme	0.0
R_2MNAPTH_duplicate_4_enzyme	0.0
R_CITNCL_enzyme	0.0
R_CITNCL_duplicate_2_enzyme	0.0
R_CITNCL_duplicate_3_enzyme	0.0
R_CITNCL_duplicate_4_enzyme	0.0
R_CITNCL_duplicate_5_enzyme	0.0
R_CITNCL_duplicate_6_enzyme	0.0
R_CITNCL_duplicate_7_enzyme	0.0
R_CITNCL_duplicate_8_enzyme	0.0
R_CITNCL_duplicate_9_enzyme	0.0
R_CITNCL_duplicate_10_enzyme	0.0
R_CITNCL_duplicate_11_enzyme	0.0
R_CITNCL_duplicate_12_enzyme	0.0
R_CITNCL_duplicate_13_enzyme	0.0
R_CITNCL_duplicate_14_enzyme	0.0
R_CITNCL_duplicate_15_enzyme	0.0
R_CITNCL_duplicate_16_enzyme	0.0
R_CITNCL_duplicate_17_enzyme	0.0
R_CITNCL_duplicate_18_enzyme	0.0
R_CITNCL_duplicate_19_enzyme	0.0
R_ACTF2_enzyme	0.0
R_ACTF2_duplicate_2_enzyme	0.0
R_ACTF2_duplicate_3_enzyme	0.0
R_ACTF2_duplicate_4_enzyme	0.0
R_ACTF2_duplicate_5_enzyme	0.0
R_ACTF2_duplicate_6_enzyme	0.0
R_ACTF2_duplicate_7_enzyme	0.0
R_ACTF2_duplicate_8_enzyme	0.0
R_ACTF2_duplicate_9_enzyme	0.0
R_ACTF2_duplicate_10_enzyme	0.0
R_ACTF2_duplicate_11_enzyme	0.0
R_ACTF2_duplicate_12_enzyme	0.0
R_ACTF2_duplicate_13_enzyme	0.0
R_ACTF2_duplicate_14_enzyme	0.0
R_ACTF2_duplicate_15_enzyme	0.0
R_ACTF2_duplicate_16_enzyme	0.0
R_ACTF2_duplicate_17_enzyme	0.0
R_ACTF2_duplicate_18_enzyme	0.0
R_ACTF2_duplicate_19_enzyme	0.0
R_ACTF2_duplicate_20_enzyme	0.0
R_ACTF2_duplicate_21_enzyme	0.0
R_ACTF2_duplicate_22_enzyme	0.0
R_ACTF2_duplicate_23_enzyme	0.0
R_ACTF2_duplicate_24_enzyme	0.0
R_ACTF3_enzyme	0.0
R_ACTF3_duplicate_2_enzyme	0.0
R_ACTF3_duplicate_3_enzyme	0.0
R_ACTF3_duplicate_4_enzyme	0.0
R_ACTF3_duplicate_5_enzyme	0.0
R_ACTF3_duplicate_6_enzyme	0.0
R_ACTF3_duplicate_7_enzyme	0.0
R_ACTF3_duplicate_8_enzyme	0.0
R_ACTF3_duplicate_9_enzyme	0.0
R_ACTF3_duplicate_10_enzyme	0.0
R_ACTF3_duplicate_11_enzyme	0.0
R_ACTF3_duplicate_12_enzyme	0.0
R_ACTF3_duplicate_13_enzyme	0.0
R_ACTF3_duplicate_14_enzyme	0.0
R_ACTF3_duplicate_15_enzyme	0.0
R_ACTF3_duplicate_16_enzyme	0.0
R_ACTF3_duplicate_17_enzyme	0.0
R_ACTF3_duplicate_18_enzyme	0.0
R_ACTF3_duplicate_19_enzyme	0.0
R_ACTF3_duplicate_20_enzyme	0.0
R_ACTF3_duplicate_21_enzyme	0.0
R_ACTF3_duplicate_22_enzyme	0.0
R_ACTF3_duplicate_23_enzyme	0.0
R_ACTF3_duplicate_24_enzyme	0.0
R_CATCHD6_enzyme	0.0
R_ACTF4_enzyme	0.0
R_ACTF4_duplicate_2_enzyme	0.0
R_ACTF4_duplicate_3_enzyme	0.0
R_ACTF4_duplicate_4_enzyme	0.0
R_ACTF4_duplicate_5_enzyme	0.0
R_ACTF4_duplicate_6_enzyme	0.0
R_ACTF4_duplicate_7_enzyme	0.0
R_ACTF4_duplicate_8_enzyme	0.0
R_ACTF4_duplicate_9_enzyme	0.0
R_ACTF4_duplicate_10_enzyme	0.0
R_ACTF4_duplicate_11_enzyme	0.0
R_ACTF4_duplicate_12_enzyme	0.0
R_ACTF4_duplicate_13_enzyme	0.0
R_ACTF4_duplicate_14_enzyme	0.0
R_ACTF4_duplicate_15_enzyme	0.0
R_ACTF4_duplicate_16_enzyme	0.0
R_ACTF4_duplicate_17_enzyme	0.0
R_ACTF4_duplicate_18_enzyme	0.0
R_ACTF4_duplicate_19_enzyme	0.0
R_ACTF4_duplicate_20_enzyme	0.0
R_ACTF4_duplicate_21_enzyme	0.0
R_ACTF4_duplicate_22_enzyme	0.0
R_ACTF4_duplicate_23_enzyme	0.0
R_ACTF4_duplicate_24_enzyme	0.0
R_ACTF5_enzyme	0.0
R_ACTF5_duplicate_2_enzyme	0.0
R_ACTF5_duplicate_3_enzyme	0.0
R_ACTF5_duplicate_4_enzyme	0.0
R_ACTF5_duplicate_5_enzyme	0.0
R_ACTF5_duplicate_6_enzyme	0.0
R_ACTF5_duplicate_7_enzyme	0.0
R_ACTF5_duplicate_8_enzyme	0.0
R_ACTF5_duplicate_9_enzyme	0.0
R_ACTF5_duplicate_10_enzyme	0.0
R_ACTF5_duplicate_11_enzyme	0.0
R_ACTF5_duplicate_12_enzyme	0.0
R_ACTF5_duplicate_13_enzyme	0.0
R_ACTF5_duplicate_14_enzyme	0.0
R_ACTF5_duplicate_15_enzyme	0.0
R_ACTF5_duplicate_16_enzyme	0.0
R_ACTF5_duplicate_17_enzyme	0.0
R_ACTF5_duplicate_18_enzyme	0.0
R_ACTF5_duplicate_19_enzyme	0.0
R_ACTF5_duplicate_20_enzyme	0.0
R_ACTF5_duplicate_21_enzyme	0.0
R_ACTF5_duplicate_22_enzyme	0.0
R_ACTF5_duplicate_23_enzyme	0.0
R_ACTF5_duplicate_24_enzyme	0.0
R_ENCOAH3_enzyme	0.0
R_ENCOAH3_duplicate_2_enzyme	0.0
R_ENCOAH3_duplicate_3_enzyme	0.0
R_ENCOAH3_duplicate_4_enzyme	0.0
R_ENCOAH3_duplicate_5_enzyme	0.0
R_ENCOAH3_duplicate_6_enzyme	0.0
R_ENCOAH3_duplicate_7_enzyme	0.0
R_ENCOAH3_duplicate_8_enzyme	0.0
R_ENCOAH3_duplicate_9_enzyme	0.0
R_ENCOAH3_duplicate_10_enzyme	0.0
R_ENCOAH3_duplicate_11_enzyme	0.0
R_ENCOAH3_duplicate_12_enzyme	0.0
R_ENCOAH3_duplicate_13_enzyme	0.0
R_ENCOAH3_duplicate_14_enzyme	0.0
R_ENCOAH3_duplicate_15_enzyme	0.0
R_ENCOAH3_duplicate_16_enzyme	0.0
R_ENCOAH3_duplicate_17_enzyme	0.0
R_ENCOAH3_duplicate_18_enzyme	0.0
R_ENCOAH3_duplicate_19_enzyme	0.0
R_ENCOAH3_duplicate_20_enzyme	0.0
R_ENCOAH3_duplicate_21_enzyme	0.0
R_ENCOAH3_duplicate_22_enzyme	0.0
R_ENCOAH3_duplicate_23_enzyme	0.0
R_ENCOAH3_duplicate_24_enzyme	0.0
R_ENCOAH3_duplicate_25_enzyme	0.0
R_ENCOAH3_duplicate_26_enzyme	0.0
R_ENCOAH3_duplicate_27_enzyme	0.0
R_ENCOAH3_duplicate_28_enzyme	0.0
R_ENCOAH3_duplicate_29_enzyme	0.0
R_ENCOAH3_duplicate_30_enzyme	0.0
R_ENCOAH3_duplicate_31_enzyme	0.0
R_ENCOAH3_duplicate_32_enzyme	0.0
R_ENCOAH3_duplicate_33_enzyme	0.0
R_ENCOAH3_duplicate_34_enzyme	0.0
R_ENCOAH3_duplicate_35_enzyme	0.0
R_ENCOAH3_duplicate_36_enzyme	0.0
R_ENCOAH3_duplicate_37_enzyme	0.0
R_ENCOAH3_duplicate_38_enzyme	0.0
R_ENCOAH3_duplicate_39_enzyme	0.0
R_ENCOAH3_duplicate_40_enzyme	0.0
R_ENCOAH3_duplicate_41_enzyme	0.0
R_ENCOAH3_duplicate_42_enzyme	0.0
R_ENCOAH3_duplicate_43_enzyme	0.0
R_ENCOAH3_duplicate_44_enzyme	0.0
R_ENCOAH3_duplicate_45_enzyme	0.0
R_ENCOAH3_duplicate_46_enzyme	0.0
R_ENCOAH3_duplicate_47_enzyme	0.0
R_FDH2_enzyme	0
R_ENCOAH4_enzyme	0.0
R_ENCOAH4_duplicate_2_enzyme	0.0
R_ENCOAH4_duplicate_3_enzyme	0.0
R_ENCOAH4_duplicate_4_enzyme	0.0
R_ENCOAH4_duplicate_5_enzyme	0.0
R_ENCOAH4_duplicate_6_enzyme	0.0
R_ENCOAH4_duplicate_7_enzyme	0.0
R_ENCOAH4_duplicate_8_enzyme	0.0
R_ENCOAH4_duplicate_9_enzyme	0.0
R_ENCOAH4_duplicate_10_enzyme	0.0
R_ENCOAH4_duplicate_11_enzyme	0.0
R_ENCOAH4_duplicate_12_enzyme	0.0
R_ENCOAH4_duplicate_13_enzyme	0.0
R_ENCOAH4_duplicate_14_enzyme	0.0
R_ENCOAH4_duplicate_15_enzyme	0.0
R_ENCOAH4_duplicate_16_enzyme	0.0
R_ENCOAH4_duplicate_17_enzyme	0.0
R_ENCOAH4_duplicate_18_enzyme	0.0
R_ENCOAH4_duplicate_19_enzyme	0.0
R_ENCOAH4_duplicate_20_enzyme	0.0
R_ENCOAH4_duplicate_21_enzyme	0.0
R_ENCOAH4_duplicate_22_enzyme	0.0
R_ENCOAH4_duplicate_23_enzyme	0.0
R_ENCOAH4_duplicate_24_enzyme	0.0
R_ENCOAH4_duplicate_25_enzyme	0.0
R_ENCOAH4_duplicate_26_enzyme	0.0
R_ENCOAH4_duplicate_27_enzyme	0.0
R_ENCOAH4_duplicate_28_enzyme	0.0
R_ENCOAH4_duplicate_29_enzyme	0.0
R_ENCOAH4_duplicate_30_enzyme	0.0
R_ENCOAH4_duplicate_31_enzyme	0.0
R_ENCOAH4_duplicate_32_enzyme	0.0
R_ENCOAH4_duplicate_33_enzyme	0.0
R_ENCOAH4_duplicate_34_enzyme	0.0
R_ENCOAH4_duplicate_35_enzyme	0.0
R_ENCOAH4_duplicate_36_enzyme	0.0
R_ENCOAH4_duplicate_37_enzyme	0.0
R_ENCOAH4_duplicate_38_enzyme	0.0
R_ENCOAH4_duplicate_39_enzyme	0.0
R_ENCOAH4_duplicate_40_enzyme	0.0
R_ENCOAH4_duplicate_41_enzyme	0.0
R_ENCOAH4_duplicate_42_enzyme	0.0
R_ENCOAH4_duplicate_43_enzyme	0.0
R_ENCOAH4_duplicate_44_enzyme	0.0
R_ENCOAH4_duplicate_45_enzyme	0.0
R_ENCOAH4_duplicate_46_enzyme	0.0
R_ENCOAH4_duplicate_47_enzyme	0.0
R_ENCOAH1_enzyme	0.0
R_ENCOAH1_duplicate_2_enzyme	0.0
R_ENCOAH1_duplicate_3_enzyme	0.0
R_ENCOAH1_duplicate_4_enzyme	0.0
R_ENCOAH1_duplicate_5_enzyme	0.0
R_ENCOAH1_duplicate_6_enzyme	0.0
R_ENCOAH1_duplicate_7_enzyme	0.0
R_ENCOAH1_duplicate_8_enzyme	0.0
R_ENCOAH1_duplicate_9_enzyme	0.0
R_ENCOAH1_duplicate_10_enzyme	0.0
R_ENCOAH1_duplicate_11_enzyme	0.0
R_ENCOAH1_duplicate_12_enzyme	0.0
R_ENCOAH1_duplicate_13_enzyme	0.0
R_ENCOAH1_duplicate_14_enzyme	0.0
R_ENCOAH1_duplicate_15_enzyme	0.0
R_ENCOAH1_duplicate_16_enzyme	0.0
R_ENCOAH1_duplicate_17_enzyme	0.0
R_ENCOAH1_duplicate_18_enzyme	0.0
R_ENCOAH1_duplicate_19_enzyme	0.0
R_ENCOAH1_duplicate_20_enzyme	0.0
R_ENCOAH1_duplicate_21_enzyme	0.0
R_ENCOAH1_duplicate_22_enzyme	0.0
R_ENCOAH1_duplicate_23_enzyme	0.0
R_ENCOAH1_duplicate_24_enzyme	0.0
R_ENCOAH1_duplicate_25_enzyme	0.0
R_ENCOAH1_duplicate_26_enzyme	0.0
R_ENCOAH1_duplicate_27_enzyme	0.0
R_ENCOAH1_duplicate_28_enzyme	0.0
R_ENCOAH1_duplicate_29_enzyme	0.0
R_ENCOAH1_duplicate_30_enzyme	0.0
R_ENCOAH1_duplicate_31_enzyme	0.0
R_ENCOAH1_duplicate_32_enzyme	0.0
R_ENCOAH1_duplicate_33_enzyme	0.0
R_ENCOAH1_duplicate_34_enzyme	0.0
R_ENCOAH1_duplicate_35_enzyme	0.0
R_ENCOAH1_duplicate_36_enzyme	0.0
R_ENCOAH1_duplicate_37_enzyme	0.0
R_ENCOAH1_duplicate_38_enzyme	0.0
R_ENCOAH1_duplicate_39_enzyme	0.0
R_ENCOAH1_duplicate_40_enzyme	0.0
R_ENCOAH1_duplicate_41_enzyme	0.0
R_ENCOAH1_duplicate_42_enzyme	0.0
R_ENCOAH1_duplicate_43_enzyme	0.0
R_ENCOAH1_duplicate_44_enzyme	0.0
R_ENCOAH1_duplicate_45_enzyme	0.0
R_ENCOAH1_duplicate_46_enzyme	0.0
R_ENCOAH1_duplicate_47_enzyme	0.0
R_ENCOAH2_enzyme	0.0
R_ENCOAH2_duplicate_2_enzyme	0.0
R_ENCOAH2_duplicate_3_enzyme	0.0
R_ENCOAH2_duplicate_4_enzyme	0.0
R_ENCOAH2_duplicate_5_enzyme	0.0
R_ENCOAH2_duplicate_6_enzyme	0.0
R_ENCOAH2_duplicate_7_enzyme	0.0
R_ENCOAH2_duplicate_8_enzyme	0.0
R_ENCOAH2_duplicate_9_enzyme	0.0
R_ENCOAH2_duplicate_10_enzyme	0.0
R_ENCOAH2_duplicate_11_enzyme	0.0
R_ENCOAH2_duplicate_12_enzyme	0.0
R_ENCOAH2_duplicate_13_enzyme	0.0
R_ENCOAH2_duplicate_14_enzyme	0.0
R_ENCOAH2_duplicate_15_enzyme	0.0
R_ENCOAH2_duplicate_16_enzyme	0.0
R_ENCOAH2_duplicate_17_enzyme	0.0
R_ENCOAH2_duplicate_18_enzyme	0.0
R_ENCOAH2_duplicate_19_enzyme	0.0
R_ENCOAH2_duplicate_20_enzyme	0.0
R_ENCOAH2_duplicate_21_enzyme	0.0
R_ENCOAH2_duplicate_22_enzyme	0.0
R_ENCOAH2_duplicate_23_enzyme	0.0
R_ENCOAH2_duplicate_24_enzyme	0.0
R_ENCOAH2_duplicate_25_enzyme	0.0
R_ENCOAH2_duplicate_26_enzyme	0.0
R_ENCOAH2_duplicate_27_enzyme	0.0
R_ENCOAH2_duplicate_28_enzyme	0.0
R_ENCOAH2_duplicate_29_enzyme	0.0
R_ENCOAH2_duplicate_30_enzyme	0.0
R_ENCOAH2_duplicate_31_enzyme	0.0
R_ENCOAH2_duplicate_32_enzyme	0.0
R_ENCOAH2_duplicate_33_enzyme	0.0
R_ENCOAH2_duplicate_34_enzyme	0.0
R_ENCOAH2_duplicate_35_enzyme	0.0
R_ENCOAH2_duplicate_36_enzyme	0.0
R_ENCOAH2_duplicate_37_enzyme	0.0
R_ENCOAH2_duplicate_38_enzyme	0.0
R_ENCOAH2_duplicate_39_enzyme	0.0
R_ENCOAH2_duplicate_40_enzyme	0.0
R_ENCOAH2_duplicate_41_enzyme	0.0
R_ENCOAH2_duplicate_42_enzyme	0.0
R_ENCOAH2_duplicate_43_enzyme	0.0
R_ENCOAH2_duplicate_44_enzyme	0.0
R_ENCOAH2_duplicate_45_enzyme	0.0
R_ENCOAH2_duplicate_46_enzyme	0.0
R_ENCOAH2_duplicate_47_enzyme	0.0
R_ENCOAH7_enzyme	0.0
R_ENCOAH7_duplicate_2_enzyme	0.0
R_ENCOAH7_duplicate_3_enzyme	0.0
R_ENCOAH7_duplicate_4_enzyme	0.0
R_ENCOAH7_duplicate_5_enzyme	0.0
R_ENCOAH7_duplicate_6_enzyme	0.0
R_ENCOAH7_duplicate_7_enzyme	0.0
R_ENCOAH7_duplicate_8_enzyme	0.0
R_ENCOAH7_duplicate_9_enzyme	0.0
R_ENCOAH7_duplicate_10_enzyme	0.0
R_ENCOAH7_duplicate_11_enzyme	0.0
R_ENCOAH7_duplicate_12_enzyme	0.0
R_ENCOAH7_duplicate_13_enzyme	0.0
R_ENCOAH7_duplicate_14_enzyme	0.0
R_ENCOAH7_duplicate_15_enzyme	0.0
R_ENCOAH7_duplicate_16_enzyme	0.0
R_ENCOAH7_duplicate_17_enzyme	0.0
R_ENCOAH7_duplicate_18_enzyme	0.0
R_ENCOAH7_duplicate_19_enzyme	0.0
R_ENCOAH7_duplicate_20_enzyme	0.0
R_ENCOAH7_duplicate_21_enzyme	0.0
R_ENCOAH7_duplicate_22_enzyme	0.0
R_ENCOAH7_duplicate_23_enzyme	0.0
R_ENCOAH7_duplicate_24_enzyme	0.0
R_ENCOAH7_duplicate_25_enzyme	0.0
R_ENCOAH7_duplicate_26_enzyme	0.0
R_ENCOAH7_duplicate_27_enzyme	0.0
R_ENCOAH7_duplicate_28_enzyme	0.0
R_ENCOAH7_duplicate_29_enzyme	0.0
R_ENCOAH7_duplicate_30_enzyme	0.0
R_ENCOAH7_duplicate_31_enzyme	0.0
R_ENCOAH7_duplicate_32_enzyme	0.0
R_ENCOAH7_duplicate_33_enzyme	0.0
R_ENCOAH7_duplicate_34_enzyme	0.0
R_ENCOAH7_duplicate_35_enzyme	0.0
R_ENCOAH7_duplicate_36_enzyme	0.0
R_ENCOAH7_duplicate_37_enzyme	0.0
R_ENCOAH7_duplicate_38_enzyme	0.0
R_ENCOAH7_duplicate_39_enzyme	0.0
R_ENCOAH7_duplicate_40_enzyme	0.0
R_ENCOAH7_duplicate_41_enzyme	0.0
R_ENCOAH7_duplicate_42_enzyme	0.0
R_ENCOAH7_duplicate_43_enzyme	0.0
R_ENCOAH7_duplicate_44_enzyme	0.0
R_ENCOAH7_duplicate_45_enzyme	0.0
R_ENCOAH7_duplicate_46_enzyme	0.0
R_ENCOAH7_duplicate_47_enzyme	0.0
R_GLTN1_enzyme	0.0
R_GLTN1_duplicate_2_enzyme	0.0
R_GLTN1_duplicate_3_enzyme	0.0
R_GLTN2_enzyme	0.0
R_GLTN2_duplicate_2_enzyme	0.0
R_GLTN2_duplicate_3_enzyme	0.0
R_ENCOAH5_enzyme	0.0
R_ENCOAH5_duplicate_2_enzyme	0.0
R_ENCOAH5_duplicate_3_enzyme	0.0
R_ENCOAH5_duplicate_4_enzyme	0.0
R_ENCOAH5_duplicate_5_enzyme	0.0
R_ENCOAH5_duplicate_6_enzyme	0.0
R_ENCOAH5_duplicate_7_enzyme	0.0
R_ENCOAH5_duplicate_8_enzyme	0.0
R_ENCOAH5_duplicate_9_enzyme	0.0
R_ENCOAH5_duplicate_10_enzyme	0.0
R_ENCOAH5_duplicate_11_enzyme	0.0
R_ENCOAH5_duplicate_12_enzyme	0.0
R_ENCOAH5_duplicate_13_enzyme	0.0
R_ENCOAH5_duplicate_14_enzyme	0.0
R_ENCOAH5_duplicate_15_enzyme	0.0
R_ENCOAH5_duplicate_16_enzyme	0.0
R_ENCOAH5_duplicate_17_enzyme	0.0
R_ENCOAH5_duplicate_18_enzyme	0.0
R_ENCOAH5_duplicate_19_enzyme	0.0
R_ENCOAH5_duplicate_20_enzyme	0.0
R_ENCOAH5_duplicate_21_enzyme	0.0
R_ENCOAH5_duplicate_22_enzyme	0.0
R_ENCOAH5_duplicate_23_enzyme	0.0
R_ENCOAH5_duplicate_24_enzyme	0.0
R_ENCOAH5_duplicate_25_enzyme	0.0
R_ENCOAH5_duplicate_26_enzyme	0.0
R_ENCOAH5_duplicate_27_enzyme	0.0
R_ENCOAH5_duplicate_28_enzyme	0.0
R_ENCOAH5_duplicate_29_enzyme	0.0
R_ENCOAH5_duplicate_30_enzyme	0.0
R_ENCOAH5_duplicate_31_enzyme	0.0
R_ENCOAH5_duplicate_32_enzyme	0.0
R_ENCOAH5_duplicate_33_enzyme	0.0
R_ENCOAH5_duplicate_34_enzyme	0.0
R_ENCOAH5_duplicate_35_enzyme	0.0
R_ENCOAH5_duplicate_36_enzyme	0.0
R_ENCOAH5_duplicate_37_enzyme	0.0
R_ENCOAH5_duplicate_38_enzyme	0.0
R_ENCOAH5_duplicate_39_enzyme	0.0
R_ENCOAH5_duplicate_40_enzyme	0.0
R_ENCOAH5_duplicate_41_enzyme	0.0
R_ENCOAH5_duplicate_42_enzyme	0.0
R_ENCOAH5_duplicate_43_enzyme	0.0
R_ENCOAH5_duplicate_44_enzyme	0.0
R_ENCOAH5_duplicate_45_enzyme	0.0
R_ENCOAH5_duplicate_46_enzyme	0.0
R_ENCOAH5_duplicate_47_enzyme	0.0
R_ENCOAH6_enzyme	0.0
R_ENCOAH6_duplicate_2_enzyme	0.0
R_ENCOAH6_duplicate_3_enzyme	0.0
R_ENCOAH6_duplicate_4_enzyme	0.0
R_ENCOAH6_duplicate_5_enzyme	0.0
R_ENCOAH6_duplicate_6_enzyme	0.0
R_ENCOAH6_duplicate_7_enzyme	0.0
R_ENCOAH6_duplicate_8_enzyme	0.0
R_ENCOAH6_duplicate_9_enzyme	0.0
R_ENCOAH6_duplicate_10_enzyme	0.0
R_ENCOAH6_duplicate_11_enzyme	0.0
R_ENCOAH6_duplicate_12_enzyme	0.0
R_ENCOAH6_duplicate_13_enzyme	0.0
R_ENCOAH6_duplicate_14_enzyme	0.0
R_ENCOAH6_duplicate_15_enzyme	0.0
R_ENCOAH6_duplicate_16_enzyme	0.0
R_ENCOAH6_duplicate_17_enzyme	0.0
R_ENCOAH6_duplicate_18_enzyme	0.0
R_ENCOAH6_duplicate_19_enzyme	0.0
R_ENCOAH6_duplicate_20_enzyme	0.0
R_ENCOAH6_duplicate_21_enzyme	0.0
R_ENCOAH6_duplicate_22_enzyme	0.0
R_ENCOAH6_duplicate_23_enzyme	0.0
R_ENCOAH6_duplicate_24_enzyme	0.0
R_ENCOAH6_duplicate_25_enzyme	0.0
R_ENCOAH6_duplicate_26_enzyme	0.0
R_ENCOAH6_duplicate_27_enzyme	0.0
R_ENCOAH6_duplicate_28_enzyme	0.0
R_ENCOAH6_duplicate_29_enzyme	0.0
R_ENCOAH6_duplicate_30_enzyme	0.0
R_ENCOAH6_duplicate_31_enzyme	0.0
R_ENCOAH6_duplicate_32_enzyme	0.0
R_ENCOAH6_duplicate_33_enzyme	0.0
R_ENCOAH6_duplicate_34_enzyme	0.0
R_ENCOAH6_duplicate_35_enzyme	0.0
R_ENCOAH6_duplicate_36_enzyme	0.0
R_ENCOAH6_duplicate_37_enzyme	0.0
R_ENCOAH6_duplicate_38_enzyme	0.0
R_ENCOAH6_duplicate_39_enzyme	0.0
R_ENCOAH6_duplicate_40_enzyme	0.0
R_ENCOAH6_duplicate_41_enzyme	0.0
R_ENCOAH6_duplicate_42_enzyme	0.0
R_ENCOAH6_duplicate_43_enzyme	0.0
R_ENCOAH6_duplicate_44_enzyme	0.0
R_ENCOAH6_duplicate_45_enzyme	0.0
R_ENCOAH6_duplicate_46_enzyme	0.0
R_ENCOAH6_duplicate_47_enzyme	0.0
R_GLTN3_enzyme	0.0
R_GLTN3_duplicate_2_enzyme	0.0
R_GLTN3_duplicate_3_enzyme	0.0
R_AGMHE_enzyme	1.1403914630413055e-07
R_G3POAT_enzyme	0
R_GCLDH_enzyme	0.0
R_26DICH_enzyme	0
R_PPPGO_enzyme	0.0
R_PPPGO_duplicate_2_enzyme	0.0
R_FABC161_enzyme	0
R_FABC160_enzyme	0
R_GAPD_enzyme	0.0
R_GAPD_duplicate_2_enzyme	0.0
R_GAPD_duplicate_3_enzyme	0.0
R_GAPD_duplicate_4_enzyme	0.0
R_THRabc_enzyme	0
R_HISAL_enzyme	0.0
R_METS_enzyme	0.0
R_NITRDT1_enzyme	0.0
R_UMPK_enzyme	2.8382071237506985e-06
R_UMPK_duplicate_2_enzyme	0.0
R_NITRDT2_enzyme	0.0
R_BTCOADm_enzyme	0.0
R_BTCOADm_duplicate_2_enzyme	0.0
R_BTCOADm_duplicate_3_enzyme	0.0
R_BTCOADm_duplicate_4_enzyme	0.0
R_BTCOADm_duplicate_5_enzyme	0.0
R_TPI_enzyme	3.194373846048971e-09
R_PHBZMN_enzyme	0.0
R_ALTRH_enzyme	0.0
R_ALTRH_duplicate_2_enzyme	0.0
R_DINSt2_enzyme	0
R_ACOADH5_enzyme	0.0
R_ACOADH5_duplicate_2_enzyme	0.0
R_ACOADH5_duplicate_3_enzyme	0.0
R_ACOADH5_duplicate_4_enzyme	0.0
R_ACOADH5_duplicate_5_enzyme	0.0
R_ACOADH5_duplicate_6_enzyme	0.0
R_ACOADH5_duplicate_7_enzyme	0.0
R_ACOADH5_duplicate_8_enzyme	0.0
R_ACOADH5_duplicate_9_enzyme	0.0
R_ACOADH5_duplicate_10_enzyme	0.0
R_ACOADH5_duplicate_11_enzyme	0.0
R_ACOADH5_duplicate_12_enzyme	0.0
R_ACOADH5_duplicate_13_enzyme	0.0
R_ACOADH5_duplicate_14_enzyme	0.0
R_ACOADH5_duplicate_15_enzyme	0.0
R_ACOADH5_duplicate_16_enzyme	0.0
R_ACOADH5_duplicate_17_enzyme	0.0
R_ACOADH5_duplicate_18_enzyme	0.0
R_ACOADH5_duplicate_19_enzyme	0.0
R_ACOADH5_duplicate_20_enzyme	0.0
R_ACOADH5_duplicate_21_enzyme	0.0
R_ACOADH5_duplicate_22_enzyme	0.0
R_ACOADH5_duplicate_23_enzyme	0.0
R_ACOADH5_duplicate_24_enzyme	0.0
R_ACOADH5_duplicate_25_enzyme	0.0
R_ACOADH5_duplicate_26_enzyme	0.0
R_ACOADH5_duplicate_27_enzyme	0.0
R_ACOADH5_duplicate_28_enzyme	0.0
R_ACOADH5_duplicate_29_enzyme	0.0
R_ACOADH5_duplicate_30_enzyme	0.0
R_ACOADH5_duplicate_31_enzyme	0.0
R_ACOADH5_duplicate_32_enzyme	0.0
R_ACOADH5_duplicate_33_enzyme	0.0
R_ACOADH5_duplicate_34_enzyme	0.0
R_ACOADH5_duplicate_35_enzyme	0.0
R_ACOADH5_duplicate_36_enzyme	0.0
R_ACOADH5_duplicate_37_enzyme	0.0
R_ACOADH5_duplicate_38_enzyme	0.0
R_ACOADH5_duplicate_39_enzyme	0.0
R_ACOADH5_duplicate_40_enzyme	0.0
R_ACOADH5_duplicate_41_enzyme	0.0
R_ACOADH5_duplicate_42_enzyme	0.0
R_ACOADH5_duplicate_43_enzyme	0.0
R_ACOADH5_duplicate_44_enzyme	0.0
R_ACOADH5_duplicate_45_enzyme	0.0
R_DADNt2_enzyme	0
R_BTCOAD2_enzyme	0.0
R_BTCOAD2_duplicate_2_enzyme	0.0
R_BTCOAD2_duplicate_3_enzyme	0.0
R_BTCOAD2_duplicate_4_enzyme	0.0
R_BTCOAD2_duplicate_5_enzyme	0.0
R_FTOLAM_enzyme	0.0
R_FTOLAM_duplicate_2_enzyme	0.0
R_FTOLAM_duplicate_3_enzyme	0.0
R_FTOLAM_duplicate_4_enzyme	0.0
R_FTOLAM_duplicate_5_enzyme	0.0
R_FTOLAM_duplicate_6_enzyme	0.0
R_FTOLAM_duplicate_7_enzyme	0.0
R_FTOLAM_duplicate_8_enzyme	0.0
R_FTOLAM_duplicate_9_enzyme	0.0
R_FTOLAM_duplicate_10_enzyme	0.0
R_FTOLAM_duplicate_11_enzyme	0.0
R_FTOLAM_duplicate_12_enzyme	0.0
R_FTOLAM_duplicate_13_enzyme	0.0
R_FTOLAM_duplicate_14_enzyme	0.0
R_R3HBNt_enzyme	0
R_PROAKGOX1_enzyme	0.0
R_ACONT2_enzyme	0.0
R_ACONT2_duplicate_2_enzyme	0.0
R_ACONT2_duplicate_3_enzyme	0.0
R_FABC171_enzyme	0
R_FABC170_enzyme	0
R_URAt2_enzyme	0
R_AGPAT_enzyme	0.0
R_AGPAT_duplicate_2_enzyme	0.0
R_MALPYRI_enzyme	0.0
R_ACONT1_enzyme	0.0
R_ACONT1_duplicate_2_enzyme	0.0
R_ACONT1_duplicate_3_enzyme	0.0
R_ADCS_enzyme	3.194373846048971e-09
R_GSDH_enzyme	0.0
R_GSDH_duplicate_2_enzyme	0.0
R_GSDH_duplicate_3_enzyme	0.0
R_GSDH_duplicate_4_enzyme	0.0
R_GSDH_duplicate_5_enzyme	0.0
R_GSDH_duplicate_6_enzyme	0.0
R_GSDH_duplicate_7_enzyme	0.0
R_GSDH_duplicate_8_enzyme	0.0
R_GSDH_duplicate_9_enzyme	0.0
R_GSDH_duplicate_10_enzyme	0.0
R_GSDH_duplicate_11_enzyme	0.0
R_GSDH_duplicate_12_enzyme	0.0
R_ACOADH1_enzyme	0.0
R_ACOADH1_duplicate_2_enzyme	0.0
R_ACOADH1_duplicate_3_enzyme	0.0
R_ACOADH1_duplicate_4_enzyme	0.0
R_ACOADH1_duplicate_5_enzyme	0.0
R_ACOADH1_duplicate_6_enzyme	0.0
R_ACOADH1_duplicate_7_enzyme	0.0
R_ACOADH1_duplicate_8_enzyme	0.0
R_ACOADH1_duplicate_9_enzyme	0.0
R_ACOADH1_duplicate_10_enzyme	0.0
R_ACOADH1_duplicate_11_enzyme	0.0
R_ACOADH1_duplicate_12_enzyme	0.0
R_ACOADH1_duplicate_13_enzyme	0.0
R_ACOADH1_duplicate_14_enzyme	0.0
R_ACOADH1_duplicate_15_enzyme	0.0
R_ACOADH1_duplicate_16_enzyme	0.0
R_ACOADH1_duplicate_17_enzyme	0.0
R_ACOADH1_duplicate_18_enzyme	0.0
R_ACOADH1_duplicate_19_enzyme	0.0
R_ACOADH1_duplicate_20_enzyme	0.0
R_ACOADH1_duplicate_21_enzyme	0.0
R_ACOADH1_duplicate_22_enzyme	0.0
R_ACOADH1_duplicate_23_enzyme	0.0
R_ACOADH1_duplicate_24_enzyme	0.0
R_ACOADH1_duplicate_25_enzyme	0.0
R_ACOADH1_duplicate_26_enzyme	0.0
R_ACOADH1_duplicate_27_enzyme	0.0
R_ACOADH1_duplicate_28_enzyme	0.0
R_ACOADH1_duplicate_29_enzyme	0.0
R_ACOADH1_duplicate_30_enzyme	0.0
R_ACOADH1_duplicate_31_enzyme	0.0
R_ACOADH1_duplicate_32_enzyme	0.0
R_ACOADH1_duplicate_33_enzyme	0.0
R_ACOADH1_duplicate_34_enzyme	0.0
R_ACOADH1_duplicate_35_enzyme	0.0
R_ACOADH1_duplicate_36_enzyme	0.0
R_ACOADH1_duplicate_37_enzyme	0.0
R_ACOADH1_duplicate_38_enzyme	0.0
R_ACOADH1_duplicate_39_enzyme	0.0
R_ACOADH1_duplicate_40_enzyme	0.0
R_ACOADH1_duplicate_41_enzyme	0.0
R_ACOADH1_duplicate_42_enzyme	0.0
R_ACOADH1_duplicate_43_enzyme	0.0
R_ACOADH1_duplicate_44_enzyme	0.0
R_ACOADH1_duplicate_45_enzyme	0.0
R_ACOADH1_duplicate_46_enzyme	0.0
R_ACOADH1_duplicate_47_enzyme	0.0
R_ACOADH1_duplicate_48_enzyme	0.0
R_ACOADH1_duplicate_49_enzyme	0.0
R_MAN6PI_enzyme	2.3127266645431005e-07
R_DALAt2r_enzyme	0
R_SUCFUMt_enzyme	0
R_ACOADH2_enzyme	0.0
R_ACOADH2_duplicate_2_enzyme	0.0
R_ACOADH2_duplicate_3_enzyme	0.0
R_ACOADH2_duplicate_4_enzyme	0.0
R_ACOADH2_duplicate_5_enzyme	0.0
R_ACOADH2_duplicate_6_enzyme	0.0
R_ACOADH2_duplicate_7_enzyme	0.0
R_ACOADH2_duplicate_8_enzyme	0.0
R_ACOADH2_duplicate_9_enzyme	0.0
R_ACOADH2_duplicate_10_enzyme	0.0
R_ACOADH2_duplicate_11_enzyme	0.0
R_ACOADH2_duplicate_12_enzyme	0.0
R_ACOADH2_duplicate_13_enzyme	0.0
R_ACOADH2_duplicate_14_enzyme	0.0
R_ACOADH2_duplicate_15_enzyme	0.0
R_ACOADH2_duplicate_16_enzyme	0.0
R_ACOADH2_duplicate_17_enzyme	0.0
R_ACOADH2_duplicate_18_enzyme	0.0
R_ACOADH2_duplicate_19_enzyme	0.0
R_ACOADH2_duplicate_20_enzyme	0.0
R_ACOADH2_duplicate_21_enzyme	0.0
R_ACOADH2_duplicate_22_enzyme	0.0
R_ACOADH2_duplicate_23_enzyme	0.0
R_ACOADH2_duplicate_24_enzyme	0.0
R_ACOADH2_duplicate_25_enzyme	0.0
R_ACOADH2_duplicate_26_enzyme	0.0
R_ACOADH2_duplicate_27_enzyme	0.0
R_ACOADH2_duplicate_28_enzyme	0.0
R_ACOADH2_duplicate_29_enzyme	0.0
R_ACOADH2_duplicate_30_enzyme	0.0
R_ACOADH2_duplicate_31_enzyme	0.0
R_ACOADH2_duplicate_32_enzyme	0.0
R_ACOADH2_duplicate_33_enzyme	0.0
R_ACOADH2_duplicate_34_enzyme	0.0
R_ACOADH2_duplicate_35_enzyme	0.0
R_ACOADH2_duplicate_36_enzyme	0.0
R_ACOADH2_duplicate_37_enzyme	0.0
R_ACOADH2_duplicate_38_enzyme	0.0
R_ACOADH2_duplicate_39_enzyme	0.0
R_ACOADH2_duplicate_40_enzyme	0.0
R_ACOADH2_duplicate_41_enzyme	0.0
R_ACOADH2_duplicate_42_enzyme	0.0
R_ACOADH2_duplicate_43_enzyme	0.0
R_ACOADH2_duplicate_44_enzyme	0.0
R_ACOADH2_duplicate_45_enzyme	0.0
R_ACOADH2_duplicate_46_enzyme	0.0
R_ACOADH2_duplicate_47_enzyme	0.0
R_ACOADH2_duplicate_48_enzyme	0.0
R_ACOADH2_duplicate_49_enzyme	0.0
R_ACOADH2_duplicate_50_enzyme	0.0
R_ACOADH2_duplicate_51_enzyme	0.0
R_ACOADH2_duplicate_52_enzyme	0.0
R_ACOADH3_enzyme	0.0
R_ACOADH3_duplicate_2_enzyme	0.0
R_ACOADH3_duplicate_3_enzyme	0.0
R_ACOADH3_duplicate_4_enzyme	0.0
R_ACOADH3_duplicate_5_enzyme	0.0
R_ACOADH3_duplicate_6_enzyme	0.0
R_ACOADH3_duplicate_7_enzyme	0.0
R_ACOADH3_duplicate_8_enzyme	0.0
R_ACOADH3_duplicate_9_enzyme	0.0
R_ACOADH3_duplicate_10_enzyme	0.0
R_ACOADH3_duplicate_11_enzyme	0.0
R_ACOADH3_duplicate_12_enzyme	0.0
R_ACOADH3_duplicate_13_enzyme	0.0
R_ACOADH3_duplicate_14_enzyme	0.0
R_ACOADH3_duplicate_15_enzyme	0.0
R_ACOADH3_duplicate_16_enzyme	0.0
R_ACOADH3_duplicate_17_enzyme	0.0
R_ACOADH3_duplicate_18_enzyme	0.0
R_ACOADH3_duplicate_19_enzyme	0.0
R_ACOADH3_duplicate_20_enzyme	0.0
R_ACOADH3_duplicate_21_enzyme	0.0
R_ACOADH3_duplicate_22_enzyme	0.0
R_ACOADH3_duplicate_23_enzyme	0.0
R_ACOADH3_duplicate_24_enzyme	0.0
R_ACOADH3_duplicate_25_enzyme	0.0
R_ACOADH3_duplicate_26_enzyme	0.0
R_ACOADH3_duplicate_27_enzyme	0.0
R_ACOADH3_duplicate_28_enzyme	0.0
R_ACOADH3_duplicate_29_enzyme	0.0
R_ACOADH3_duplicate_30_enzyme	0.0
R_ACOADH3_duplicate_31_enzyme	0.0
R_ACOADH3_duplicate_32_enzyme	0.0
R_ACOADH3_duplicate_33_enzyme	0.0
R_ACOADH3_duplicate_34_enzyme	0.0
R_ACOADH3_duplicate_35_enzyme	0.0
R_ACOADH3_duplicate_36_enzyme	0.0
R_ACOADH3_duplicate_37_enzyme	0.0
R_ACOADH3_duplicate_38_enzyme	0.0
R_ACOADH3_duplicate_39_enzyme	0.0
R_ACOADH3_duplicate_40_enzyme	0.0
R_ACOADH3_duplicate_41_enzyme	0.0
R_ACOADH3_duplicate_42_enzyme	0.0
R_ACOADH3_duplicate_43_enzyme	0.0
R_ACOADH3_duplicate_44_enzyme	0.0
R_ACOADH3_duplicate_45_enzyme	0.0
R_ACOADH4_enzyme	0.0
R_ACOADH4_duplicate_2_enzyme	0.0
R_ACOADH4_duplicate_3_enzyme	0.0
R_ACOADH4_duplicate_4_enzyme	0.0
R_ACOADH4_duplicate_5_enzyme	0.0
R_ACOADH4_duplicate_6_enzyme	0.0
R_ACOADH4_duplicate_7_enzyme	0.0
R_ACOADH4_duplicate_8_enzyme	0.0
R_ACOADH4_duplicate_9_enzyme	0.0
R_ACOADH4_duplicate_10_enzyme	0.0
R_ACOADH4_duplicate_11_enzyme	0.0
R_ACOADH4_duplicate_12_enzyme	0.0
R_ACOADH4_duplicate_13_enzyme	0.0
R_ACOADH4_duplicate_14_enzyme	0.0
R_ACOADH4_duplicate_15_enzyme	0.0
R_ACOADH4_duplicate_16_enzyme	0.0
R_ACOADH4_duplicate_17_enzyme	0.0
R_ACOADH4_duplicate_18_enzyme	0.0
R_ACOADH4_duplicate_19_enzyme	0.0
R_ACOADH4_duplicate_20_enzyme	0.0
R_ACOADH4_duplicate_21_enzyme	0.0
R_ACOADH4_duplicate_22_enzyme	0.0
R_ACOADH4_duplicate_23_enzyme	0.0
R_ACOADH4_duplicate_24_enzyme	0.0
R_ACOADH4_duplicate_25_enzyme	0.0
R_ACOADH4_duplicate_26_enzyme	0.0
R_ACOADH4_duplicate_27_enzyme	0.0
R_ACOADH4_duplicate_28_enzyme	0.0
R_ACOADH4_duplicate_29_enzyme	0.0
R_ACOADH4_duplicate_30_enzyme	0.0
R_ACOADH4_duplicate_31_enzyme	0.0
R_ACOADH4_duplicate_32_enzyme	0.0
R_ACOADH4_duplicate_33_enzyme	0.0
R_ACOADH4_duplicate_34_enzyme	0.0
R_ACOADH4_duplicate_35_enzyme	0.0
R_ACOADH4_duplicate_36_enzyme	0.0
R_ACOADH4_duplicate_37_enzyme	0.0
R_ACOADH4_duplicate_38_enzyme	0.0
R_ACOADH4_duplicate_39_enzyme	0.0
R_ACOADH4_duplicate_40_enzyme	0.0
R_ACOADH4_duplicate_41_enzyme	0.0
R_ACOADH4_duplicate_42_enzyme	0.0
R_ACOADH4_duplicate_43_enzyme	0.0
R_ACOADH4_duplicate_44_enzyme	0.0
R_ACOADH4_duplicate_45_enzyme	0.0
R_ICL_enzyme	0.0
R_ICL_duplicate_2_enzyme	0.0
R_BAPYRT_enzyme	0.0
R_UNK2_enzyme	0.0
R_UNK2_duplicate_2_enzyme	0.0
R_MOAT_enzyme	3.8013048768043525e-08
R_DURIPP_enzyme	0.0
R_LAAO6_enzyme	0.0
R_LAAO6_duplicate_2_enzyme	0.0
R_PLIPASA1C_Nlimit_enzyme	0.0
R_4HBTD_enzyme	0.0
R_LAAO4_enzyme	0.0
R_LAAO4_duplicate_2_enzyme	0.0
R_LAAO5_enzyme	0.0
R_LAAO5_duplicate_2_enzyme	0.0
R_FABC190_enzyme	0
R_LAAO2_enzyme	0.0
R_LAAO2_duplicate_2_enzyme	0.0
R_ESTLP_enzyme	0.0
R_ESTLP_duplicate_2_enzyme	0.0
R_ESTLP_duplicate_3_enzyme	0.0
R_ESTLP_duplicate_4_enzyme	0.0
R_ESTLP_duplicate_5_enzyme	0.0
R_ESTLP_duplicate_6_enzyme	0.0
R_ESTLP_duplicate_7_enzyme	0.0
R_ESTLP_duplicate_8_enzyme	0.0
R_ESTLP_duplicate_9_enzyme	0.0
R_ESTLP_duplicate_10_enzyme	0.0
R_ESTLP_duplicate_11_enzyme	0.0
R_GLTPD_enzyme	0
R_TDP_enzyme	0.0
R_LAAO3_enzyme	0.0
R_LAAO3_duplicate_2_enzyme	0.0
R_TMDS_enzyme	1.8238357333391904e-07
R_EDTXS1_enzyme	0.0
R_EDTXS1_duplicate_2_enzyme	3.8013048768043525e-08
R_EDTXS1_duplicate_3_enzyme	0.0
R_2H3CBZP_enzyme	0.0
R_2H3CBZP_duplicate_2_enzyme	0.0
R_2H3CBZP_duplicate_3_enzyme	0.0
R_2H3CBZP_duplicate_4_enzyme	0.0
R_2H3CBZP_duplicate_5_enzyme	0.0
R_2H3CBZP_duplicate_6_enzyme	0.0
R_2H3CBZP_duplicate_7_enzyme	0.0
R_KAS16_enzyme	0
R_EDTXS2_enzyme	0
R_THMDtr_enzyme	0
R_ASPTRS_enzyme	1.6540052577529594e-06
R_FABC181_enzyme	0
R_RZ5PP_enzyme	0.0
R_RZ5PP_duplicate_2_enzyme	0.0
R_RZ5PP_duplicate_3_enzyme	0.0
R_RZ5PP_duplicate_4_enzyme	0.0
R_RZ5PP_duplicate_5_enzyme	0.0
R_RZ5PP_duplicate_6_enzyme	0.0
R_RZ5PP_duplicate_7_enzyme	0.0
R_RZ5PP_duplicate_8_enzyme	0.0
R_FABC180_enzyme	0
R_UDPG4E_enzyme	0.0
R_UDPG4E_duplicate_2_enzyme	0.0
R_ICITt_enzyme	0
R_BZALDD4_enzyme	0.0
R_BZALDD5_enzyme	0.0
R_THRt_enzyme	0
R_BZALDD6_enzyme	0.0
R_PDX5PSa_enzyme	0.0
R_PDX5PSa_duplicate_2_enzyme	0.0
R_PDX5PSa_duplicate_3_enzyme	0.0
R_MAN6Pt6_2_enzyme	0
R_BZALDD1_enzyme	0.0
R_A5PISO_enzyme	1.900652438402176e-07
R_BZALDD2_enzyme	0.0
R_CATECHt_enzyme	0
R_BZALDD3_enzyme	0.0
R_GENt_enzyme	0
R_ALKP_enzyme	3.194373846048971e-09
R_ALKP_duplicate_2_enzyme	0.0
R_ALKP_duplicate_3_enzyme	0.0
R_APRAUR_enzyme	3.966814434322583e-12
R_UMBM1_enzyme	0.0
R_UMBM2_enzyme	0.0
R_FOMETRi_enzyme	0.0
R_FOMETRi_duplicate_2_enzyme	0.0
R_ATPPRT_enzyme	0.0
R_DADK_enzyme	0.0
R_RIBabc_enzyme	0.0
R_URAtr_enzyme	0
R_THRS_enzyme	0.0
R_THRS_duplicate_2_enzyme	0.0
R_GARFT_enzyme	1.2006352592188994e-07
R_DNA_enzyme	0
R_UREA_enzyme	0.0
R_UREA_duplicate_2_enzyme	0.0
R_UREA_duplicate_3_enzyme	0.0
R_GUAPRT_enzyme	1.4063546367631883e-06
R_HMBS_enzyme	0.0
R_USHD_enzyme	3.8013048768043525e-08
R_ADIPt_enzyme	0
R_PGLYCP_enzyme	0.0
R_PGLYCP_duplicate_2_enzyme	0.0
R_PGLYCP_duplicate_3_enzyme	0.0
R_PGLYCP_duplicate_4_enzyme	0.0
R_PGLYCP_duplicate_5_enzyme	0.0
R_BENZOTt_enzyme	0
R_DHPS_enzyme	3.194373846048971e-09
R_PNTOt4_enzyme	0
R_DHPS2_enzyme	0.0
R_UDPGD_enzyme	0.0
R_HYD1_enzyme	0
R_GUAt_enzyme	0
R_KNTt_enzyme	0
R_THMDt2_enzyme	0
R_GUAt2_enzyme	0
R_PACt_enzyme	0
R_FORA_enzyme	0.0
R_FORA_duplicate_2_enzyme	0.0
R_FORA_duplicate_3_enzyme	0.0
R_FORA_duplicate_4_enzyme	0.0
R_Maintenance_enzyme	0
R_CRNt7_enzyme	0
R_HEXTT_enzyme	0.0
R_OTO4BZ_enzyme	0
R_URIDK2r_enzyme	1.8238357333391904e-07
R_OBTFL_enzyme	0
R_FBMO15p_enzyme	0.0
R_FBMO15p_duplicate_2_enzyme	0.0
R_FBMO15p_duplicate_3_enzyme	0.0
R_FBMO15p_duplicate_4_enzyme	0.0
R_ALR2_enzyme	0.0
R_ALR2_duplicate_2_enzyme	0.0
R_ALR2_duplicate_3_enzyme	0.0
R_ALR2_duplicate_4_enzyme	0.0
R_ALR2_duplicate_5_enzyme	0.0
R_ALR2_duplicate_6_enzyme	0.0
R_ALR2_duplicate_7_enzyme	0.0
R_ALR2_duplicate_8_enzyme	0.0
R_ALR2_duplicate_9_enzyme	0.0
R_ALR2_duplicate_10_enzyme	0.0
R_ALR2_duplicate_11_enzyme	0.0
R_ALR2_duplicate_12_enzyme	0.0
R_ETHAAL_enzyme	0.0
R_ETHAAL_duplicate_2_enzyme	0.0
R_PGRPP_enzyme	1.4863421505689623e-07
R_LEUTA_enzyme	0.0
R_ADIPL_enzyme	0.0
R_ADIPL_duplicate_2_enzyme	0.0
R_ADIPL_duplicate_3_enzyme	0.0
R_ADIPL_duplicate_4_enzyme	0.0
R_ADIPL_duplicate_5_enzyme	0.0
R_ADIPL_duplicate_6_enzyme	0.0
R_ADIPL_duplicate_7_enzyme	0.0
R_ADIPL_duplicate_8_enzyme	0.0
R_ADIPL_duplicate_9_enzyme	0.0
R_ADIPL_duplicate_10_enzyme	0.0
R_ADIPL_duplicate_11_enzyme	0.0
R_ADIPL_duplicate_12_enzyme	0.0
R_ADIPL_duplicate_13_enzyme	0.0
R_ADIPL_duplicate_14_enzyme	0.0
R_ADIPL_duplicate_15_enzyme	0.0
R_ADIPL_duplicate_16_enzyme	0.0
R_ADIPL_duplicate_17_enzyme	0.0
R_ADIPL_duplicate_18_enzyme	0.0
R_ADIPL_duplicate_19_enzyme	0.0
R_CO2t_enzyme	0
R_CRNBTCT_enzyme	0.0
R_CRNBTCT_duplicate_2_enzyme	0.0
R_SO4t_enzyme	0
R_UDCPDP_enzyme	4.791560769081117e-07
R_3HBZOR_enzyme	0
R_ARGSS_enzyme	0.0
R_ACKr_enzyme	0.0
R_ACKr_duplicate_2_enzyme	0.0
R_GSPMDS_enzyme	0.0
R_ENCOAR_enzyme	0.0
R_ENCOAR_duplicate_2_enzyme	0.0
R_ENCOAR_duplicate_3_enzyme	0.0
R_ENCOAR_duplicate_4_enzyme	0.0
R_ENCOAR_duplicate_5_enzyme	0.0
R_TSULabc_enzyme	0.0
R_ACOATA_enzyme	0
R_NITORT_enzyme	0.0
R_PHCHGS_enzyme	0
R_LPADSS_enzyme	3.8013048768043525e-08
R_CBIAT_enzyme	0.0
R_CBIAT_duplicate_2_enzyme	0.0
R_CBIAT1_enzyme	0.0
R_CBIAT1_duplicate_2_enzyme	0.0
R_3HBCD_enzyme	0.0
R_3HBCD_duplicate_2_enzyme	0.0
R_ORNabc_enzyme	0.0
R_ORNabc_duplicate_2_enzyme	0.0
R_ORNabc_duplicate_3_enzyme	0.0
R_ORNabc_duplicate_4_enzyme	0.0
R_ORNabc_duplicate_5_enzyme	0.0
R_ORNabc_duplicate_6_enzyme	0.0
R_BACCL_enzyme	0.0
R_BACCL_duplicate_2_enzyme	0.0
R_NT5C_enzyme	0.0
R_LEUtr_enzyme	0
R_KNAKGT_enzyme	0
R_2PGt_enzyme	0
R_PACCOAL_enzyme	0.0
R_PACCOAL_duplicate_2_enzyme	0.0
R_PACCOAL_duplicate_3_enzyme	0.0
R_NTD13_enzyme	0.0
R_CYTK1_enzyme	9.107555233846954e-07
R_CYTK2_enzyme	0.0
R_LLACtr_enzyme	0
R_UAMAS_enzyme	0.0
R_UAMAS_duplicate_2_enzyme	4.791560769081117e-07
R_FRUabc_enzyme	0.0
R_TRE6PP_enzyme	0.0
R_NTPPD7_enzyme	0.0
R_NTPPD7_duplicate_2_enzyme	0.0
R_NTPPD7_duplicate_3_enzyme	0.0
R_NTPPD7_duplicate_4_enzyme	0.0
R_NTPPD7_duplicate_5_enzyme	0.0
R_NTPPD7_duplicate_6_enzyme	0.0
R_NTPPD8_enzyme	0.0
R_NTPPD8_duplicate_2_enzyme	0.0
R_NTPPD8_duplicate_3_enzyme	0.0
R_NTPPD8_duplicate_4_enzyme	0.0
R_NTPPD8_duplicate_5_enzyme	0.0
R_NTPPD8_duplicate_6_enzyme	0.0
R_P5CR1_enzyme	0.0
R_NTPPD5_enzyme	0.0
R_NTPPD5_duplicate_2_enzyme	0.0
R_NTPPD5_duplicate_3_enzyme	0.0
R_NTPPD5_duplicate_4_enzyme	0.0
R_NTPPD5_duplicate_5_enzyme	0.0
R_NTPPD5_duplicate_6_enzyme	0.0
R_NTPPD6_enzyme	0.0
R_NTPPD6_duplicate_2_enzyme	0.0
R_NTPPD6_duplicate_3_enzyme	0.0
R_NTPPD6_duplicate_4_enzyme	0.0
R_NTPPD6_duplicate_5_enzyme	0.0
R_NTPPD6_duplicate_6_enzyme	0.0
R_P5CR2_enzyme	0.0
R_NTPPD3_enzyme	0.0
R_NTPPD3_duplicate_2_enzyme	0.0
R_NTPPD3_duplicate_3_enzyme	0.0
R_NTPPD3_duplicate_4_enzyme	0.0
R_NTPPD3_duplicate_5_enzyme	0.0
R_NTPPD3_duplicate_6_enzyme	0.0
R_NTPPD4_enzyme	0.0
R_NTPPD4_duplicate_2_enzyme	0.0
R_NTPPD4_duplicate_3_enzyme	0.0
R_NTPPD4_duplicate_4_enzyme	0.0
R_NTPPD4_duplicate_5_enzyme	0.0
R_NTPPD4_duplicate_6_enzyme	0.0
R_NTPPD2_enzyme	0.0
R_NTPPD2_duplicate_2_enzyme	0.0
R_NTPPD2_duplicate_3_enzyme	0.0
R_NTPPD2_duplicate_4_enzyme	0.0
R_NTPPD2_duplicate_5_enzyme	0.0
R_NTPPD2_duplicate_6_enzyme	0.0
R_GLUDC_enzyme	0.0
R_ACMANAPP_enzyme	0.0
R_ACMANAPP_duplicate_2_enzyme	0.0
R_ACMANAPP_duplicate_3_enzyme	0.0
R_ACMANAPP_duplicate_4_enzyme	0.0
R_IPPS_enzyme	0.0
R_IPPS_duplicate_2_enzyme	0.0
R_NTPPD9_enzyme	0.0
R_NTPPD9_duplicate_2_enzyme	0.0
R_NTPPD9_duplicate_3_enzyme	0.0
R_NTPPD9_duplicate_4_enzyme	0.0
R_NTPPD9_duplicate_5_enzyme	0.0
R_NTPPD9_duplicate_6_enzyme	0.0
R_ASP4DC_enzyme	0.0
R_DAGK_enzyme	7.602609753608705e-08
R_PPPNt2r_enzyme	0
R_IMLTAP_enzyme	0.0
R_IMLTAP_duplicate_2_enzyme	0.0
R_IMLTAP_duplicate_3_enzyme	0.0
R_IMLTAP_duplicate_4_enzyme	0.0
R_UAPGR_enzyme	4.791560769081117e-07
R_FPGLUS1_enzyme	3.194373846048971e-09
R_DMPPS_enzyme	0.0
R_DMPPS_duplicate_2_enzyme	0.0
R_FPGLUS2_enzyme	0.0
R_GTPDPK_enzyme	0.0
R_GTPDPK_duplicate_2_enzyme	0.0
R_IGPDH_enzyme	0.0
R_PRAZCFT_enzyme	0.0
R_BIPHED2_enzyme	0.0
R_PRASUCS_enzyme	0.0
R_BIPHED1_enzyme	0.0
R_PSUDS_enzyme	0.0
R_CITL_enzyme	0.0
R_CITL_duplicate_2_enzyme	0.0
R_CITL_duplicate_3_enzyme	0.0
R_CITL_duplicate_4_enzyme	0.0
R_BZOTD1p_enzyme	0.0
R_MSDHA_enzyme	0.0
R_MSDHA_duplicate_2_enzyme	0.0
R_MSDHA_duplicate_3_enzyme	0.0
R_CYNTt2_enzyme	0
R_ACOADG_enzyme	0.0
R_4CBMCLC_enzyme	0.0
R_4CBMCLC_duplicate_2_enzyme	0.0
R_FLALDTHR_enzyme	0
R_PGAMT_enzyme	1.0343382513523102e-06
R_SULabc_enzyme	0.0
R_CSNt2_enzyme	0
R_PPBNGS_enzyme	0.0
R_SERD_L_enzyme	0.0
R_SERD_L_duplicate_2_enzyme	0.0
R_SERD_L_duplicate_3_enzyme	0.0
R_Protein_enzyme	0
R_MACR4_enzyme	0.0
R_MACR4_duplicate_2_enzyme	0.0
R_CS_enzyme	0.0
R_CS_duplicate_2_enzyme	0.0
R_CS_duplicate_3_enzyme	0.0
R_PROtr_enzyme	0
R_MACR1_enzyme	0.0
R_MACR1_duplicate_2_enzyme	0.0
R_UROCH_enzyme	0.0
R_UROCH_duplicate_2_enzyme	0.0
R_RBFK_enzyme	3.966814434322583e-12
R_MACR3_enzyme	0.0
R_MACR3_duplicate_2_enzyme	0.0
R_PRAMPC_enzyme	0.0
R_MACR2_enzyme	0.0
R_MACR2_duplicate_2_enzyme	0.0
R_ARGabc_enzyme	0.0
R_ARGabc_duplicate_2_enzyme	0.0
R_ARGabc_duplicate_3_enzyme	0.0
R_ARGabc_duplicate_4_enzyme	0.0
R_ARGabc_duplicate_5_enzyme	0.0
R_ARGabc_duplicate_6_enzyme	0.0
R_DHFR2p_enzyme	1.8343902064797842e-05
R_ACDH3_enzyme	0.0
R_ACDH3_duplicate_2_enzyme	0.0
R_ACDH3_duplicate_3_enzyme	0.0
R_ACDH3_duplicate_4_enzyme	0.0
R_ACDH3_duplicate_5_enzyme	0.0
R_ACDH3_duplicate_6_enzyme	0.0
R_ACDH3_duplicate_7_enzyme	0.0
R_HMB4DPR_enzyme	0.0
R_HMB4DPR_duplicate_2_enzyme	0.0
R_ACDH4_enzyme	0.0
R_ACDH4_duplicate_2_enzyme	0.0
R_ACDH4_duplicate_3_enzyme	0.0
R_ACDH4_duplicate_4_enzyme	0.0
R_ACDH4_duplicate_5_enzyme	0.0
R_ACDH4_duplicate_6_enzyme	0.0
R_ACDH4_duplicate_7_enzyme	0.0
R_ACDH5_enzyme	0.0
R_ACDH5_duplicate_2_enzyme	0.0
R_ACDH5_duplicate_3_enzyme	0.0
R_ACDH5_duplicate_4_enzyme	0.0
R_ACDH5_duplicate_5_enzyme	0.0
R_ACDH5_duplicate_6_enzyme	0.0
R_ACDH5_duplicate_7_enzyme	0.0
R_AMPN_enzyme	0.0
R_ACDH6_enzyme	0.0
R_ACDH6_duplicate_2_enzyme	0.0
R_ACDH6_duplicate_3_enzyme	0.0
R_ACDH6_duplicate_4_enzyme	0.0
R_ACDH6_duplicate_5_enzyme	0.0
R_ACDH6_duplicate_6_enzyme	0.0
R_ACDH6_duplicate_7_enzyme	0.0
R_ACDH7_enzyme	0.0
R_ACDH7_duplicate_2_enzyme	0.0
R_ACDH7_duplicate_3_enzyme	0.0
R_ACDH7_duplicate_4_enzyme	0.0
R_ACDH7_duplicate_5_enzyme	0.0
R_ACDH7_duplicate_6_enzyme	0.0
R_ACDH7_duplicate_7_enzyme	0.0
R_4ETHPMH_enzyme	0.0
R_4ETHPMH_duplicate_2_enzyme	0.0
R_4ETHPMH_duplicate_3_enzyme	0.0
R_4ETHPMH_duplicate_4_enzyme	0.0
R_SADT_enzyme	0.0
R_SADT_duplicate_2_enzyme	0.0
R_SADT_duplicate_3_enzyme	0.0
R_ACDH8_enzyme	0.0
R_ACDH8_duplicate_2_enzyme	0.0
R_ACDH8_duplicate_3_enzyme	0.0
R_ACDH8_duplicate_4_enzyme	0.0
R_ACDH8_duplicate_5_enzyme	0.0
R_ACDH8_duplicate_6_enzyme	0.0
R_ACDH8_duplicate_7_enzyme	0.0
R_SADT2_enzyme	0.0
R_SADT2_duplicate_2_enzyme	0.0
R_SADT2_duplicate_3_enzyme	0.0
R_DNTPPA_enzyme	0.0
R_DNTPPA_duplicate_2_enzyme	0.0
R_DNTPPA_duplicate_3_enzyme	0.0
R_DNTPPA_duplicate_4_enzyme	0.0
R_DNTPPA_duplicate_5_enzyme	0.0
R_DNTPPA_duplicate_6_enzyme	0.0
R_DNTPPA_duplicate_7_enzyme	0.0
R_DNTPPA_duplicate_8_enzyme	0.0
R_DNTPPA_duplicate_9_enzyme	0.0
R_DNTPPA_duplicate_10_enzyme	0.0
R_DNTPPA_duplicate_11_enzyme	0.0
R_DNTPPA_duplicate_12_enzyme	0.0
R_DNTPPA_duplicate_13_enzyme	0.0
R_DNTPPA_duplicate_14_enzyme	0.0
R_DNTPPA_duplicate_15_enzyme	0.0
R_DNTPPA_duplicate_16_enzyme	0.0
R_DNTPPA_duplicate_17_enzyme	0.0
R_DNTPPA_duplicate_18_enzyme	0.0
R_DNTPPA_duplicate_19_enzyme	0.0
R_DNTPPA_duplicate_20_enzyme	0.0
R_DNTPPA_duplicate_21_enzyme	0.0
R_DNTPPA_duplicate_22_enzyme	0.0
R_DNTPPA_duplicate_23_enzyme	0.0
R_DNTPPA_duplicate_24_enzyme	0.0
R_HPPH_enzyme	0.0
R_HPPH_duplicate_2_enzyme	0.0
R_HPPH_duplicate_3_enzyme	0.0
R_HPPH_duplicate_4_enzyme	0.0
R_TYRTRS_enzyme	6.874231609584914e-07
R_CATL_enzyme	0.0
R_CATL_duplicate_2_enzyme	0.0
R_CATL_duplicate_3_enzyme	0.0
R_FTHFD_enzyme	0.0
R_FTHFD_duplicate_2_enzyme	0.0
R_ADSL1r_enzyme	0.0
R_ADSUCL1_enzyme	0.0
R_PMANM_enzyme	0.0
R_PMANM_duplicate_2_enzyme	0.0
R_PMANM_duplicate_3_enzyme	0.0
R_AGDC_enzyme	0.0
R_CITt_enzyme	0
R_HBDH_enzyme	0.0
R_ENO_enzyme	0.0001664578058816082
R_DHFR3p_enzyme	0.0
R_ALAAPT_enzyme	0.0
R_AACOAS_enzyme	0.0
R_ALDD2x_enzyme	0.0
R_ALDD2x_duplicate_2_enzyme	0.0
R_ALDD2x_duplicate_3_enzyme	0.0
R_ALDD2x_duplicate_4_enzyme	0.0
R_ALDD2x_duplicate_5_enzyme	0.0
R_ALDD2x_duplicate_6_enzyme	0.0
R_ALDD2x_duplicate_7_enzyme	0.0
R_ALDD2x_duplicate_8_enzyme	0.0
R_ALDD2x_duplicate_9_enzyme	0.0
R_ALDD2x_duplicate_10_enzyme	0.0
R_ALDD2x_duplicate_11_enzyme	0.0
R_ALDD2x_duplicate_12_enzyme	0.0
R_ALDD2x_duplicate_13_enzyme	0.0
R_ALDD2x_duplicate_14_enzyme	0.0
R_AACOAR_enzyme	0.0
R_AACOAR_duplicate_2_enzyme	0.0
R_AACOAR_duplicate_3_enzyme	0.0
R_BZOTCOA_enzyme	0.0
R_BZOTCOA_duplicate_2_enzyme	0.0
R_CYSS_enzyme	0.0
R_CYSS_duplicate_2_enzyme	0.0
R_CYSS_duplicate_3_enzyme	0.0
R_MALS_enzyme	0.0
R_CYSST4_enzyme	0.0
R_PRMIIZCI_enzyme	0.0
R_TAGL1_Nlimit_enzyme	0.0
R_ACDH2_enzyme	0.0
R_ACDH2_duplicate_2_enzyme	0.0
R_ACDH2_duplicate_3_enzyme	0.0
R_ACDH2_duplicate_4_enzyme	0.0
R_ACDH2_duplicate_5_enzyme	0.0
R_ACDH2_duplicate_6_enzyme	0.0
R_ACDH2_duplicate_7_enzyme	0.0
R_ACDH1_enzyme	0.0
R_ACDH1_duplicate_2_enzyme	0.0
R_ACDH1_duplicate_3_enzyme	0.0
R_ACDH1_duplicate_4_enzyme	0.0
R_ACDH1_duplicate_5_enzyme	0.0
R_ACDH1_duplicate_6_enzyme	0.0
R_ACDH1_duplicate_7_enzyme	0.0
R_PPCOAT_enzyme	0
R_IPPMD_enzyme	0.0
R_IPPMD_duplicate_2_enzyme	0.0
R_GTPCII_enzyme	3.966814434322583e-12
R_U23GAAT_enzyme	7.602609753608705e-08
R_DLDHD_enzyme	0.0
R_NNDPR_enzyme	0.0
R_NNDPR_duplicate_2_enzyme	0.0
R_PHETA2_enzyme	0.0
R_PHETA2_duplicate_2_enzyme	0.0
R_PHETA1_enzyme	0
R_GLUDy_enzyme	0.0
R_GLUDy_duplicate_2_enzyme	0.0
R_GDH1_enzyme	0.0
R_GDH1_duplicate_2_enzyme	0.0
R_HISTP_enzyme	0
R_CHLabc_enzyme	0
R_BHMT_enzyme	0.0
R_FORt_enzyme	0
R_KNt_enzyme	0
R_HISTRS_enzyme	6.541244179466856e-07
R_DGK1_enzyme	0.0
R_PPLCc_enzyme	0.0
R_PPLCc_duplicate_2_enzyme	0.0
R_PPLCc_duplicate_3_enzyme	0.0
R_PPLCc_duplicate_4_enzyme	0.0
R_ACOTA_enzyme	0.0
R_PPLCg_enzyme	0.0
R_PPLCg_duplicate_2_enzyme	0.0
R_PPLCg_duplicate_3_enzyme	0.0
R_PPLCg_duplicate_4_enzyme	0.0
R_ALHD10_enzyme	0.0
R_ALHD10_duplicate_2_enzyme	0.0
R_ALHD10_duplicate_3_enzyme	0.0
R_ALHD10_duplicate_4_enzyme	0.0
R_ALHD10_duplicate_5_enzyme	0.0
R_ALHD10_duplicate_6_enzyme	0.0
R_ALHD10_duplicate_7_enzyme	0.0
R_ALHD10_duplicate_8_enzyme	0.0
R_ALHD10_duplicate_9_enzyme	0.0
R_ALHD10_duplicate_10_enzyme	0.0
R_ALHD10_duplicate_11_enzyme	0.0
R_ALHD10_duplicate_12_enzyme	0.0
R_ALHD10_duplicate_13_enzyme	0.0
R_ALHD10_duplicate_14_enzyme	0.0
R_LYSt_enzyme	0
R_TYRtr_enzyme	0
R_PPLCe_enzyme	0.0
R_PPLCe_duplicate_2_enzyme	0.0
R_PPLCe_duplicate_3_enzyme	0.0
R_PPLCe_duplicate_4_enzyme	0.0
R_CDS_enzyme	6.278701513111591e-07
R_ALHD13_enzyme	0.0
R_ALHD13_duplicate_2_enzyme	0.0
R_ALHD13_duplicate_3_enzyme	0.0
R_ALHD13_duplicate_4_enzyme	0.0
R_ALHD13_duplicate_5_enzyme	0.0
R_ALHD13_duplicate_6_enzyme	0.0
R_ALHD13_duplicate_7_enzyme	0.0
R_ALHD13_duplicate_8_enzyme	0.0
R_ALHD13_duplicate_9_enzyme	0.0
R_ALHD13_duplicate_10_enzyme	0.0
R_ALHD13_duplicate_11_enzyme	0.0
R_ALHD13_duplicate_12_enzyme	0.0
R_ALHD13_duplicate_13_enzyme	0.0
R_ALHD13_duplicate_14_enzyme	0.0
R_ALHD14_enzyme	0.0
R_ALHD14_duplicate_2_enzyme	0.0
R_ALHD14_duplicate_3_enzyme	0.0
R_ALHD14_duplicate_4_enzyme	0.0
R_ALHD14_duplicate_5_enzyme	0.0
R_ALHD14_duplicate_6_enzyme	0.0
R_ALHD14_duplicate_7_enzyme	0.0
R_ALHD14_duplicate_8_enzyme	0.0
R_ALHD14_duplicate_9_enzyme	0.0
R_ALHD14_duplicate_10_enzyme	0.0
R_ALHD14_duplicate_11_enzyme	0.0
R_ALHD14_duplicate_12_enzyme	0.0
R_ALHD14_duplicate_13_enzyme	0.0
R_ALHD14_duplicate_14_enzyme	0.0
R_GTHPe_enzyme	0.0
R_PHACA_enzyme	0
R_ALHD11_enzyme	0.0
R_ALHD11_duplicate_2_enzyme	0.0
R_ALHD11_duplicate_3_enzyme	0.0
R_ALHD11_duplicate_4_enzyme	0.0
R_ALHD11_duplicate_5_enzyme	0.0
R_ALHD11_duplicate_6_enzyme	0.0
R_ALHD11_duplicate_7_enzyme	0.0
R_ALHD11_duplicate_8_enzyme	0.0
R_ALHD11_duplicate_9_enzyme	0.0
R_ALHD11_duplicate_10_enzyme	0.0
R_ALHD11_duplicate_11_enzyme	0.0
R_ALHD11_duplicate_12_enzyme	0.0
R_ALHD11_duplicate_13_enzyme	0.0
R_ALHD11_duplicate_14_enzyme	0.0
R_ALHD12_enzyme	0.0
R_ALHD12_duplicate_2_enzyme	0.0
R_ALHD12_duplicate_3_enzyme	0.0
R_ALHD12_duplicate_4_enzyme	0.0
R_ALHD12_duplicate_5_enzyme	0.0
R_ALHD12_duplicate_6_enzyme	0.0
R_ALHD12_duplicate_7_enzyme	0.0
R_ALHD12_duplicate_8_enzyme	0.0
R_ALHD12_duplicate_9_enzyme	0.0
R_ALHD12_duplicate_10_enzyme	0.0
R_ALHD12_duplicate_11_enzyme	0.0
R_ALHD12_duplicate_12_enzyme	0.0
R_ALHD12_duplicate_13_enzyme	0.0
R_ALHD12_duplicate_14_enzyme	0.0
R_VALtr_enzyme	0
R_ALHD15_enzyme	0.0
R_ALHD15_duplicate_2_enzyme	0.0
R_ALHD15_duplicate_3_enzyme	0.0
R_ALHD15_duplicate_4_enzyme	0.0
R_ALHD15_duplicate_5_enzyme	0.0
R_ALHD15_duplicate_6_enzyme	0.0
R_ALHD15_duplicate_7_enzyme	0.0
R_ALHD15_duplicate_8_enzyme	0.0
R_ALHD15_duplicate_9_enzyme	0.0
R_ALHD15_duplicate_10_enzyme	0.0
R_ALHD15_duplicate_11_enzyme	0.0
R_ALHD15_duplicate_12_enzyme	0.0
R_ALHD15_duplicate_13_enzyme	0.0
R_ALHD15_duplicate_14_enzyme	0.0
R_ALHD16_enzyme	0.0
R_ALHD16_duplicate_2_enzyme	0.0
R_ALHD16_duplicate_3_enzyme	0.0
R_ALHD16_duplicate_4_enzyme	0.0
R_ALHD16_duplicate_5_enzyme	0.0
R_ALHD16_duplicate_6_enzyme	0.0
R_ALHD16_duplicate_7_enzyme	0.0
R_ALHD16_duplicate_8_enzyme	0.0
R_ALHD16_duplicate_9_enzyme	0.0
R_ALHD16_duplicate_10_enzyme	0.0
R_ALHD16_duplicate_11_enzyme	0.0
R_ALHD16_duplicate_12_enzyme	0.0
R_ALHD16_duplicate_13_enzyme	0.0
R_ALHD16_duplicate_14_enzyme	0.0
R_PSCIT_enzyme	3.194373846048971e-09
R_AC4HB_enzyme	0
R_DXPS_enzyme	0.0
R_PGLCED_enzyme	0.0
R_PGLCED_duplicate_2_enzyme	0.0
R_PGLCED_duplicate_3_enzyme	0.0
R_PGLCED_duplicate_4_enzyme	0.0
R_PGLCED_duplicate_5_enzyme	0.0
R_PGLCED_duplicate_6_enzyme	0.0
R_PGLCED_duplicate_7_enzyme	0.0
R_OHPHM_enzyme	0.0
R_OHPHM_duplicate_2_enzyme	0.0
R_PIt2r_enzyme	0
R_NADTRHD_enzyme	0
R_CNITRT_enzyme	0.0
R_HMR_0629_enzyme	0.0
R_HMR_0629_duplicate_2_enzyme	0.0
R_DALAT_enzyme	4.7915607690811154e-08
R_IPPMIa_enzyme	0.0
R_IPPMIa_duplicate_2_enzyme	0.0
R_IPPMIa_duplicate_3_enzyme	0.0
R_IPPMIa_duplicate_4_enzyme	0.0
R_IPPMIa_duplicate_5_enzyme	0.0
R_IPMALD2_enzyme	0.0
R_IPMALD2_duplicate_2_enzyme	0.0
R_IPMALD2_duplicate_3_enzyme	0.0
R_IPMALD2_duplicate_4_enzyme	0.0
R_IPMALD2_duplicate_5_enzyme	0.0
R_PPLDe_enzyme	0.0
R_PPLDe_duplicate_2_enzyme	0.0
R_AMALT3_enzyme	0.0
R_AMALT4_enzyme	0.0
R_AMALT1_enzyme	0.0
R_AOXSr_enzyme	0.0
R_AMALT2_enzyme	0.0
R_4HPHEACt_enzyme	0
R_CYTTS5_enzyme	0.0
R_ALCD2x_enzyme	0.0
R_ALCD2x_duplicate_2_enzyme	0.0
R_ALCD2x_duplicate_3_enzyme	0.0
R_ALCD2x_duplicate_4_enzyme	0.0
R_ALCD2x_duplicate_5_enzyme	0.0
R_ALCD2x_duplicate_6_enzyme	0.0
R_ALCD2x_duplicate_7_enzyme	3.14853254774827e-05
R_ALCD2x_duplicate_8_enzyme	0.0
R_CYTTS4_enzyme	0.0
R_ACFM1_enzyme	0.0
R_ACFM1_duplicate_2_enzyme	0.0
R_SLCYSS_enzyme	0.0
R_SLCYSS_duplicate_2_enzyme	0.0
R_SLCYSS_duplicate_3_enzyme	0.0
R_SLCYSS_duplicate_4_enzyme	0.0
R_CYTTS1_enzyme	0.0
R_ACFM3_enzyme	0.0
R_ACFM3_duplicate_2_enzyme	0.0
R_ACFM2_enzyme	0.0
R_ACFM2_duplicate_2_enzyme	0.0
R_CYTTS3_enzyme	0.0
R_CYTTS2_enzyme	0.0
R_PIabc_enzyme	0
R_MCITD_enzyme	0.0
R_MCITD_duplicate_2_enzyme	0.0
R_MCITD_duplicate_3_enzyme	0.0
R_MCITD_duplicate_4_enzyme	0.0
R_GLUabc_enzyme	0.0
R_GLUabc_duplicate_2_enzyme	0.0
R_GLUabc_duplicate_3_enzyme	0.0
R_GLUabc_duplicate_4_enzyme	0.0
R_GLUabc_duplicate_5_enzyme	0.0
R_GLUabc_duplicate_6_enzyme	0.0
R_ACLDc_enzyme	0.0
R_ACLDc_duplicate_2_enzyme	0.0
R_ACLDc_duplicate_3_enzyme	0.0
R_ACLDc_duplicate_4_enzyme	0.0
R_ACLDc_duplicate_5_enzyme	0.0
R_ACLDc_duplicate_6_enzyme	0.0
R_ACLDc_duplicate_7_enzyme	0.0
R_ACLDc_duplicate_8_enzyme	0.0
R_METTRSS_enzyme	0.0
R_ALLTNt2r_enzyme	0
R_G5TDPDP_enzyme	0.0
R_ANt_enzyme	0
R_HSTPT_enzyme	0.0
R_HSTPT_duplicate_2_enzyme	0.0
R_U3AGDA_enzyme	7.602609753608705e-08
R_3OXCOAT_enzyme	0.0
R_3OXCOAT_duplicate_2_enzyme	0.0
R_3OXCOAT_duplicate_3_enzyme	0.0
R_OBUTt_enzyme	0
R_ARBt2r_enzyme	0
R_GMHEPK_enzyme	1.1403914630413055e-07
R_HPYRRy_enzyme	0.0
R_HPYRRy_duplicate_2_enzyme	0.0
R_ACLDn_enzyme	0.0
R_ACLDn_duplicate_2_enzyme	0.0
R_ACLDn_duplicate_3_enzyme	0.0
R_ACLDn_duplicate_4_enzyme	0.0
R_ACLDn_duplicate_5_enzyme	0.0
R_ACLDn_duplicate_6_enzyme	0.0
R_ACLDn_duplicate_7_enzyme	0.0
R_ACLDn_duplicate_8_enzyme	0.0
R_GMAND_enzyme	0.0
R_ASNtr_enzyme	0
R_3HCINNMH_enzyme	0.0
R_ACNAMt2_enzyme	0
R_CINNDO_enzyme	0.0
R_CINNDO_duplicate_2_enzyme	0.0
R_FLALDO_enzyme	0
R_PPNDH_enzyme	0.0
R_PPND_enzyme	0.0
R_ALCD19_enzyme	0.0
R_ALCD19_duplicate_2_enzyme	0.0
R_CARHM2_enzyme	0.0
R_CARHM2_duplicate_2_enzyme	0.0
R_CARHM1_enzyme	0.0
R_CARHM1_duplicate_2_enzyme	0.0
R_GLYCTO1_enzyme	0.0
R_GLYCTO1_duplicate_2_enzyme	0.0
R_GLYCTO1_duplicate_3_enzyme	0.0
R_GLYCTO1_duplicate_4_enzyme	0.0
R_GLYCTO1_duplicate_5_enzyme	0.0
R_GLYCTO1_duplicate_6_enzyme	0.0
R_SUCCt2_2_enzyme	0
R_ALCDgl_enzyme	0.0
R_ALCDgl_duplicate_2_enzyme	0.0
R_SUCCt_3_enzyme	0
R_RMNt_enzyme	0
R_MOBDabc_enzyme	0
R_FAMC141_enzyme	0
R_PPCSYN2_enzyme	0.0
R_PPCSYN2_duplicate_2_enzyme	0.0
R_PPCSYN2_duplicate_3_enzyme	0.0
R_PPCSYN2_duplicate_4_enzyme	0.0
R_PPCSYN2_duplicate_5_enzyme	0.0
R_PPCSYN2_duplicate_6_enzyme	4.496455538595669e-05
R_PPCSYN2_duplicate_7_enzyme	0.0
R_PPCSYN2_duplicate_8_enzyme	0.0
R_HOGAD_enzyme	0.0
R_TAGL1_enzyme	0.0
R_TAGL2_enzyme	0.0
R_GLYC3Pt6_enzyme	0
R_PROTCC2_enzyme	0.0
R_PROTCC2_duplicate_2_enzyme	0.0
R_PROabc_enzyme	0
R_PROTCC1_enzyme	0.0
R_PROTCC1_duplicate_2_enzyme	0.0
R_P5CD1p_enzyme	0.0
R_PRAIS_enzyme	0.0
R_GLYBt2r_enzyme	0
R_ADOCBIK_enzyme	0.0
R_FUMt2_2_enzyme	0
R_FUMt2_3_enzyme	0
R_FAMC140_enzyme	0
R_MCLACTt_enzyme	0
R_2HCHCCOA_enzyme	0.0
R_FRUpts_enzyme	0
R_SBTpts_enzyme	0
R_ACCOAA3_enzyme	0.0
R_ACCOAA3_duplicate_2_enzyme	0.0
R_ACCOAA3_duplicate_3_enzyme	0.0
R_ACCOAA2_enzyme	0.0
R_ACCOAA2_duplicate_2_enzyme	0.0
R_ACCOAA2_duplicate_3_enzyme	0.0
R_C23DDTp_enzyme	0.0
R_C23DDTp_duplicate_2_enzyme	0.0
R_ACCOAA1_enzyme	0.0
R_ACCOAA1_duplicate_2_enzyme	0.0
R_ACCOAA1_duplicate_3_enzyme	0.0
R_2HOHPHODB_enzyme	0.0
R_PRAI_enzyme	0.0
R_GLUK_enzyme	0.0
R_OGDH3_enzyme	0.0
R_OGDH2_enzyme	0.0
R_MME_enzyme	0.0
R_OGDH1_enzyme	0.0
R_CCPPAMD_enzyme	0.0
R_GNK_enzyme	0.0
R_PPSERS_enzyme	4.4247268625348813e-07
R_EDD_enzyme	0.0
R_EDD_duplicate_2_enzyme	0.0
R_HXPRT_enzyme	0.0
R_BNTP_enzyme	0.0
R_MMM_enzyme	0.0
R_MMM_duplicate_2_enzyme	0.0
R_INSt2_enzyme	0
R_EDA_enzyme	0.0
R_PPCSYN1_enzyme	0.0
R_PPCSYN1_duplicate_2_enzyme	0.0
R_PPCSYN1_duplicate_3_enzyme	0.0
R_PPCSYN1_duplicate_4_enzyme	0.0
R_PPCSYN1_duplicate_5_enzyme	0.0
R_PPCSYN1_duplicate_6_enzyme	4.496455538595669e-05
R_PPCSYN1_duplicate_7_enzyme	0.0
R_PPCSYN1_duplicate_8_enzyme	0.0
R_OMPDC_enzyme	0.0
R_G5SADs_enzyme	0
R_SERTRS_enzyme	0.0
R_SERTRS_duplicate_2_enzyme	1.4939091058009617e-06
R_MMCS_enzyme	0
R_FAMC151_enzyme	0
R_OXGDC2_enzyme	0
R_FAMC150_enzyme	0
R_QDPQ2_enzyme	0.0
R_QDPQ1_enzyme	0.0
R_DADA_enzyme	0.0
R_DADA_duplicate_2_enzyme	0.0
R_FAMC120_enzyme	0
R_GLYAMT_enzyme	0.0
R_GLYAMT_duplicate_2_enzyme	1.8238357333391904e-07
R_LALDO2x_enzyme	0.0
R_LALDO2x_duplicate_2_enzyme	0.0
R_ALHD6_enzyme	0.0
R_ALHD6_duplicate_2_enzyme	0.0
R_ALHD6_duplicate_3_enzyme	0.0
R_ALHD6_duplicate_4_enzyme	0.0
R_ALHD6_duplicate_5_enzyme	0.0
R_ALHD6_duplicate_6_enzyme	0.0
R_ALHD6_duplicate_7_enzyme	0.0
R_ALHD6_duplicate_8_enzyme	0.0
R_ALHD6_duplicate_9_enzyme	0.0
R_ALHD6_duplicate_10_enzyme	0.0
R_ALHD6_duplicate_11_enzyme	0.0
R_ALHD6_duplicate_12_enzyme	0.0
R_ALHD6_duplicate_13_enzyme	0.0
R_ALHD6_duplicate_14_enzyme	0.0
R_ALHD7_enzyme	0.0
R_ALHD7_duplicate_2_enzyme	0.0
R_ALHD7_duplicate_3_enzyme	0.0
R_ALHD7_duplicate_4_enzyme	0.0
R_ALHD7_duplicate_5_enzyme	0.0
R_ALHD7_duplicate_6_enzyme	0.0
R_ALHD7_duplicate_7_enzyme	0.0
R_ALHD7_duplicate_8_enzyme	0.0
R_ALHD7_duplicate_9_enzyme	0.0
R_ALHD7_duplicate_10_enzyme	0.0
R_ALHD7_duplicate_11_enzyme	0.0
R_ALHD7_duplicate_12_enzyme	0.0
R_ALHD7_duplicate_13_enzyme	0.0
R_ALHD7_duplicate_14_enzyme	0.0
R_ALDD4_enzyme	0.0
R_ALDD4_duplicate_2_enzyme	0.0
R_ALDD4_duplicate_3_enzyme	0.0
R_ALDD4_duplicate_4_enzyme	0.0
R_ALDD4_duplicate_5_enzyme	0.0
R_ALDD4_duplicate_6_enzyme	0.0
R_ALDD4_duplicate_7_enzyme	0.0
R_ALDD4_duplicate_8_enzyme	0.0
R_ALDD4_duplicate_9_enzyme	0.0
R_ALDD4_duplicate_10_enzyme	0.0
R_ALDD4_duplicate_11_enzyme	0.0
R_ALDD4_duplicate_12_enzyme	0.0
R_ALDD4_duplicate_13_enzyme	0.0
R_ALDD4_duplicate_14_enzyme	0.0
R_ALDD4_duplicate_15_enzyme	0.0
R_ALDD4_duplicate_16_enzyme	0.0
R_ALDD4_duplicate_17_enzyme	0.0
R_ALDD4_duplicate_18_enzyme	0.0
R_ALDD4_duplicate_19_enzyme	0.0
R_ALDD4_duplicate_20_enzyme	0.0
R_ALDD4_duplicate_21_enzyme	0.0
R_ALHD5_enzyme	0.0
R_ALHD5_duplicate_2_enzyme	0.0
R_ALHD5_duplicate_3_enzyme	0.0
R_ALHD5_duplicate_4_enzyme	0.0
R_ALHD5_duplicate_5_enzyme	0.0
R_ALHD5_duplicate_6_enzyme	0.0
R_ALHD5_duplicate_7_enzyme	0.0
R_ALHD5_duplicate_8_enzyme	0.0
R_ALHD5_duplicate_9_enzyme	0.0
R_ALHD5_duplicate_10_enzyme	0.0
R_ALHD5_duplicate_11_enzyme	0.0
R_ALHD5_duplicate_12_enzyme	0.0
R_ALHD5_duplicate_13_enzyme	0.0
R_ALHD5_duplicate_14_enzyme	0.0
R_GLYBabc_enzyme	0
R_ALHD8_enzyme	0.0
R_ALHD8_duplicate_2_enzyme	0.0
R_ALHD8_duplicate_3_enzyme	0.0
R_ALHD8_duplicate_4_enzyme	0.0
R_ALHD8_duplicate_5_enzyme	0.0
R_ALHD8_duplicate_6_enzyme	0.0
R_ALHD8_duplicate_7_enzyme	0.0
R_ALHD8_duplicate_8_enzyme	0.0
R_ALHD8_duplicate_9_enzyme	0.0
R_ALHD8_duplicate_10_enzyme	0.0
R_ALHD8_duplicate_11_enzyme	0.0
R_ALHD8_duplicate_12_enzyme	0.0
R_ALHD8_duplicate_13_enzyme	0.0
R_ALHD8_duplicate_14_enzyme	0.0
R_LCARR_enzyme	0.0
R_LCARR_duplicate_2_enzyme	0.0
R_ALHD9_enzyme	0.0
R_ALHD9_duplicate_2_enzyme	0.0
R_ALHD9_duplicate_3_enzyme	0.0
R_ALHD9_duplicate_4_enzyme	0.0
R_ALHD9_duplicate_5_enzyme	0.0
R_ALHD9_duplicate_6_enzyme	0.0
R_ALHD9_duplicate_7_enzyme	0.0
R_ALHD9_duplicate_8_enzyme	0.0
R_ALHD9_duplicate_9_enzyme	0.0
R_ALHD9_duplicate_10_enzyme	0.0
R_ALHD9_duplicate_11_enzyme	0.0
R_ALHD9_duplicate_12_enzyme	0.0
R_ALHD9_duplicate_13_enzyme	0.0
R_ALHD9_duplicate_14_enzyme	0.0
R_ALAALAL_enzyme	4.791560769081117e-07
R_PHEtr_enzyme	0
R_PRPPS_enzyme	7.283965731894248e-08
R_GL3PD_enzyme	0.0
R_CRTNh_enzyme	0.0
R_GLXt_enzyme	0
R_LCTSt_enzyme	0
R_TOCHECK_enzyme	0.0
R_TOCHECK_duplicate_2_enzyme	0.0
R_QULNS_enzyme	0.0
R_DDGLK_enzyme	0.0
R_G1PACT_enzyme	1.0343382513523102e-06
R_ME1_enzyme	0.0
R_ME2_enzyme	0.0
R_C23DDT1_enzyme	0.0
R_C23DDT1_duplicate_2_enzyme	0.0
R_PROTRS_enzyme	1.5024712924411585e-06
R_HMSALD1_enzyme	0.0
R_PROTCDp_enzyme	0.0
R_PROTCDp_duplicate_2_enzyme	0.0
R_PROTCDp_duplicate_3_enzyme	0.0
R_PROTCDp_duplicate_4_enzyme	0.0
R_PROTCDp_duplicate_5_enzyme	0.0
R_PROTCDp_duplicate_6_enzyme	0.0
R_BPNT_enzyme	0
R_HMSALD2_enzyme	0.0
R_HMSALD3_enzyme	0.0
R_ABUTt_enzyme	0
R_HEXf_enzyme	0.0
R_MAAMPT_enzyme	0.0
R_NMNP_enzyme	0
R_3HPPPNH_enzyme	0.0
R_CDPDGP_enzyme	0.0
R_ABTA_enzyme	0.0
R_DHORD_NAD_enzyme	0.0
R_ADEtr_enzyme	0
R_RBFSa_enzyme	7.933628868645166e-12
R_GTHHR_enzyme	0.0
R_GTHHR_duplicate_2_enzyme	0.0
R_GTHHR_duplicate_3_enzyme	0.0
R_GTHHR_duplicate_4_enzyme	0.0
R_KARI_enzyme	0.0
R_KARIS2_enzyme	0.0
R_F26BP_enzyme	0.0
R_TRE6PS_enzyme	0.0
R_RBFS2_enzyme	3.966814434322583e-12
R_LYSabc_enzyme	0.0
R_LYSabc_duplicate_2_enzyme	0.0
R_LYSabc_duplicate_3_enzyme	0.0
R_LYSabc_duplicate_4_enzyme	0.0
R_LYSabc_duplicate_5_enzyme	0.0
R_LYSabc_duplicate_6_enzyme	0.0
R_FAMC180_enzyme	0
R_ASPOX2_enzyme	0.0
R_DMOAT2_enzyme	3.8013048768043525e-08
R_OMCDC_enzyme	0.0
R_OMCDC_duplicate_2_enzyme	0.0
R_OMCDC_duplicate_3_enzyme	0.0
R_FAMC181_enzyme	0
R_ASPO1_enzyme	0.0
R_ASPO1_duplicate_2_enzyme	0.0
R_ASPO1_duplicate_3_enzyme	0.0
R_LEUD1_enzyme	0.0
R_LEUD2_enzyme	0.0
R_LEUD3_enzyme	0.0
R_LEUD4_enzyme	0.0
R_GLYD_enzyme	0.0
R_MALt2_2_enzyme	0
R_MALt2_3_enzyme	0
R_METDabc_enzyme	0
R_ADNtr_enzyme	0
R_FAMC190_enzyme	0
R_TRPtr_enzyme	0
R_ADSS_enzyme	0.0
R_ADSS_duplicate_2_enzyme	0.0
R_DHRT_2mbcoa_enzyme	0.0
R_DHRT_ibcoa_enzyme	0.0
R_DHRT_ivcoa_enzyme	0.0
R_ALHD1_enzyme	0.0
R_ALHD1_duplicate_2_enzyme	0.0
R_ALHD1_duplicate_3_enzyme	0.0
R_ALHD1_duplicate_4_enzyme	0.0
R_ALHD1_duplicate_5_enzyme	0.0
R_ALHD1_duplicate_6_enzyme	0.0
R_ALHD1_duplicate_7_enzyme	0.0
R_ALHD1_duplicate_8_enzyme	0.0
R_ALHD1_duplicate_9_enzyme	0.0
R_ALHD1_duplicate_10_enzyme	0.0
R_ALHD1_duplicate_11_enzyme	0.0
R_ALHD1_duplicate_12_enzyme	0.0
R_ALHD1_duplicate_13_enzyme	0.0
R_ALHD1_duplicate_14_enzyme	0.0
R_ALHD2_enzyme	0.0
R_ALHD2_duplicate_2_enzyme	0.0
R_ALHD2_duplicate_3_enzyme	0.0
R_ALHD2_duplicate_4_enzyme	0.0
R_ALHD2_duplicate_5_enzyme	0.0
R_ALHD2_duplicate_6_enzyme	0.0
R_ALHD2_duplicate_7_enzyme	0.0
R_ALHD2_duplicate_8_enzyme	0.0
R_ALHD2_duplicate_9_enzyme	0.0
R_ALHD2_duplicate_10_enzyme	0.0
R_ALHD2_duplicate_11_enzyme	0.0
R_ALHD2_duplicate_12_enzyme	0.0
R_ALHD2_duplicate_13_enzyme	0.0
R_ALHD2_duplicate_14_enzyme	0.0
R_ALDD19xr_enzyme	0.0
R_ALDD19xr_duplicate_2_enzyme	0.0
R_LACDH_enzyme	0.0
R_MALEAI_enzyme	0.0
R_MALEAI_duplicate_2_enzyme	0.0
R_MCOATA_enzyme	0.0
R_MCOATA_duplicate_2_enzyme	8.689849008025886e-06
R_ISOVC_enzyme	0.0
R_ISOVC_duplicate_2_enzyme	0.0
R_ISOVC_duplicate_3_enzyme	0.0
R_GK1_enzyme	1.5759982494556206e-06
R_PSDC_BS_enzyme	4.4247268625348813e-07
R_GLUS_enzyme	0.0
R_GLUS_duplicate_2_enzyme	0.0
R_GLUS_duplicate_3_enzyme	0.0
R_GLUS_duplicate_4_enzyme	0.0
R_GLUS_duplicate_5_enzyme	0.0
R_PLIPASA1S_enzyme	0.0
R_HPYRRx_enzyme	0.0
R_FAMC161_enzyme	0
R_PRATPP_enzyme	0.0
R_PSP_L_enzyme	0.0
R_PSP_L_duplicate_2_enzyme	0.0
R_PSP_L_duplicate_3_enzyme	0.0
R_CYNL_enzyme	0.0
R_FAMC160_enzyme	0
R_Kabc_enzyme	0
R_GLUR_enzyme	4.791560769081117e-07
R_ACCOAC_enzyme	8.689849008025886e-06
R_PSERT_enzyme	0.0
R_PHENOLt_enzyme	0
R_12PPDt_enzyme	0
R_PYRtr_enzyme	0
R_HPCOR_enzyme	0
R_3PGt_enzyme	0
R_4OXCTT_enzyme	0.0
R_4OXCTT_duplicate_2_enzyme	0.0
R_4OXCTT_duplicate_3_enzyme	0.0
R_DADH_enzyme	0.0
R_DADH_duplicate_2_enzyme	0.0
R_DADH_duplicate_3_enzyme	0.0
R_DADH_duplicate_4_enzyme	0.0
R_DADH_duplicate_5_enzyme	0.0
R_CATCHDG5_enzyme	0.0
R_CATCHDG5_duplicate_2_enzyme	0.0
R_CATCHDG6_enzyme	0.0
R_CATCHDG6_duplicate_2_enzyme	0.0
R_GLUt4_enzyme	0
R_1MNAPTH_enzyme	0.0
R_1MNAPTH_duplicate_2_enzyme	0.0
R_1MNAPTH_duplicate_3_enzyme	0.0
R_1MNAPTH_duplicate_4_enzyme	0.0
R_CATCHDG7_enzyme	0.0
R_CATCHDG7_duplicate_2_enzyme	0.0
R_HCINNMt2r_enzyme	0
R_CATCHDG1_enzyme	0.0
R_CATCHDG1_duplicate_2_enzyme	0.0
R_CATCHDG2_enzyme	0.0
R_CATCHDG2_duplicate_2_enzyme	0.0
R_CATCHDG3_enzyme	0.0
R_CATCHDG3_duplicate_2_enzyme	0.0
R_CATCHDG4_enzyme	0.0
R_CATCHDG4_duplicate_2_enzyme	0.0
R_6PYRTP_enzyme	0.0
R_FAMC170_enzyme	0
R_FAMC171_enzyme	0
R_HPYRI_enzyme	0.0
R_HPYRI_duplicate_2_enzyme	0.0
R_BP23Dt_enzyme	0
R_ASPabc_enzyme	0.0
R_ASPabc_duplicate_2_enzyme	0.0
R_ASPabc_duplicate_3_enzyme	0.0
R_ASPabc_duplicate_4_enzyme	0.0
R_ASPabc_duplicate_5_enzyme	0.0
R_ASPabc_duplicate_6_enzyme	0.0
R_TAURabc_enzyme	0
R_NHFRBO_enzyme	0.0
R_FEabc_enzyme	0
R_GHMT3_enzyme	0.0
R_PLIPASA1E_enzyme	0.0
R_DCMPDA_enzyme	0.0
R_PLIPASA1C_enzyme	0.0
R_2HPAC_enzyme	0
R_HCO3E_enzyme	8.689849008025886e-06
R_HCO3E_duplicate_2_enzyme	0.0
R_HCO3E_duplicate_3_enzyme	0.0
R_PRUK_enzyme	0.0
R_PRUK_duplicate_2_enzyme	0.0
R_RBPC_enzyme	0.0
R_RBPC_duplicate_2_enzyme	0.0
R_4HBADH_enzyme	0
R_THZPSN_enzyme	0.0
R_ASNTRS_enzyme	8.816031367404971e-07
R_maintenance_atp_enzyme	0
