Reaction	Flux
R_EX_gln__L_e	0.0
R_EX_galctn__D_e	0.0
R_EX_c140_e	0.0
R_EX_15dap_e	0.0
R_EX_3hbenzot_e	0.0
R_EX_glycolate_e	0.0
R_EX_acac_e	0.0
R_EX_fum_e	0.0
R_EX_met__D_e	0.0
R_EX_ac_e	0.0
R_EX_c180_e	0.0
R_EX_imal_e	0.0
R_EX_dc_e	0.0
R_EX_rmn_e	0.0
R_EX_cytd_e	0.0
R_EX_lac__L_e	0.0
R_EX_crn_e	0.0
R_EX_thiamin_e	0.0
R_EX_2hba_e	0.0
R_EX_fe2_e	0.0
R_EX_BIOMASS_c	0.0
R_EX_phe__L_e	0.0
R_EX_2pg_e	0.0
R_EX_val__L_e	0.0
R_EX_thymd_e	0.0
R_EX_ala__L_e	0.0
R_EX_3hcinnm_e	0.0
R_EX_mg2_e	-1000.0
R_EX_idon_e	0.0
R_EX_gbbtn_e	0.0
R_EX_cit_e	0.0
R_EX_da_e	0.0
R_EX_catech_e	0.0
R_EX_adn_e	0.0
R_EX_glu__L_e	0.0
R_EX_benzot_e	0.0
R_EX_gly__L_e	0.0
R_EX_pi_e	-1000.0
R_EX_gsn_e	0.0
R_EX_phenol_e	0.0
R_EX_tsul_e	0.0
R_EX_cobalt2_e	-1000.0
R_EX_tartr_e	0.0
R_EX_maltpt_e	0.0
R_EX_cys__L_e	0.0
R_EX_pyr_e	0.0
R_EX_du_e	0.0
R_EX_icit_e	0.0
R_EX_gn_e	0.0
R_EX_naga_e	0.0
R_EX_sprmd_e	0.0
R_EX_ct_e	0.0
R_EX_cl_e	-1000.0
R_EX_adip_e	0.0
R_EX_urocan_e	0.0
R_EX_mlt_e	0.0
R_EX_gam_e	0.0
R_EX_k_e	-1000.0
R_EX_mclact_e	0.0
R_EX_pbhb_e	0.0
R_EX_galt_e	0.0
R_EX_asp__L_e	0.0
R_EX_mlthx_e	0.0
R_EX_dg_e	0.0
R_EX_cbl1_e	0.0
R_EX_met__L_e	0.0
R_EX_fe3_e	-1000.0
R_EX_cynt_e	0.0
R_EX_uri_e	0.0
R_EX_succ_e	0.0
R_EX_4hbt_e	0.0
R_EX_dgluc_e	0.0
R_EX_sot_e	0.0
R_EX_acal_e	0.0
R_EX_tre_e	0.0
R_EX_gensa_e	0.0
R_EX_no2_e	0.0
R_EX_urea_e	0.0
R_EX_ad_e	0.0
R_EX_meli_e	0.0
R_EX_ascb_e	0.0
R_EX_ura_e	0.0
R_EX_asn__L_e	0.0
R_EX_his__L_e	0.0
R_EX_g6p_e	0.0
R_EX_1boh_e	0.0
R_EX_ins_e	0.0
R_EX_pppn_e	0.0
R_EX_dala_e	0.0
R_EX_din_e	0.0
R_EX_nadma_e	0.0
R_EX_butn_e	0.0
R_EX_mlttr_e	0.0
R_EX_12ppd__S_e	0.0
R_EX_obut_e	0.0
R_EX_so4_e	-1000.0
R_EX_nac_e	0.0
R_EX_ile__L_e	0.0
R_EX_glyc3p_e	0.0
R_EX_orn_e	0.0
R_EX_tolen_e	0.0
R_EX_arg__L_e	0.0
R_EX_3hpppn_e	0.0
R_EX_naneu_e	0.0
R_EX_aso3_e	0.0
R_EX_thr__L_e	0.0
R_EX_fru_e	-1000.0
R_EX_fuc_e	0.0
R_EX_rib_e	0.0
R_EX_gl_e	0.0
R_EX_ccmuc_e	0.0
R_EX_aobzac_e	0.0
R_EX_dgal_e	0.0
R_EX_3pg_e	0.0
R_EX_nmn_e	0.0
R_EX_gaba_e	0.0
R_EX_pro__L_e	0.0
R_EX_larabinose_e	0.0
R_EX_formate_e	0.0
R_EX_c160_e	0.0
R_EX_4hpheac_e	0.0
R_EX_mltttr_e	0.0
R_EX_pac_e	0.0
R_EX_fuc1p_e	0.0
R_EX_nh4_e	-1000.0
R_EX_r3hbn_e	0.0
R_EX_an_e	0.0
R_EX_man6p_e	0.0
R_EX_mnt_e	0.0
R_EX_glx_e	0.0
R_EX_4flthr_e	0.0
R_EX_6chq_e	0.0
R_EX_co2_e	0.0
R_EX_acon__C_e	0.0
R_EX_lys__L_e	0.0
R_EX_na_e	-1000.0
R_EX_knt_e	0.0
R_EX_4flrbz_e	0.0
R_EX_ppa_e	0.0
R_EX_bp23d_e	0.0
R_EX_pnto_e	0.0
R_EX_ptrc_e	0.0
R_EX_o2_e	-1000.0
R_EX_gluc_e	0.0
R_EX_man_e	0.0
R_EX_mal_e	0.0
R_EX_taur_e	0.0
R_EX_26dap__M_e	0.0
R_EX_leu__L_e	0.0
R_EX_kdg_e	0.0
R_EX_trp__L_e	0.0
R_EX_lac__D_e	0.0
R_EX_choline_e	0.0
R_EX_ser__L_e	0.0
R_EX_xan_e	0.0
R_EX_glyn_e	0.0
R_EX_34dhb_e	0.0
R_EX_t3_e	0.0
R_EX_lactose_e	0.0
R_EX_c181_e	0.0
R_EX_kn_e	0.0
R_EX_eth_e	0.0
R_EX_glyb_e	0.0
R_EX_indole_e	0.0
R_EX_dser_e	0.0
R_EX_tyr__L_e	0.0
R_EX_no3_e	0.0
R_EX_mobd_e	-1000.0
R_EX_bzald_e	0.0
R_EX_4cresol_e	0.0
R_EX_h2o_e	-1000.0
R_EX_hyxn_e	0.0
R_EX_alltn_e	0.0
R_EX_h_e	-1000.0
R_EX_4hb_e	0.0
R_EX_xtsine_e	0.0
R_UNSMONO	0.0
R_UNSMONO_duplicate_2	0.0
R_ATPS4m	0.0
R_OPHHX	0.0
R_OCPPH1	0.0
R_DHFR	0.03711558943599462
R_OPHHX3	0.0
R_DHFR2	-3.6687804129595682
R_DHFR3	0.0
R_DBTS	0.0
R_TARTRt7	0.0
R_ARBabc	0.0
R_HACDH	0.0
R_PPPGO3	0.0
R_PPPGO3_duplicate_2	0.0
R_DTMPK	0.0364767146667838
R_KDO8PS	0.03801304876804352
R_ADNK	0.9993505293279921
R_CSND	0.0
R_KDOPP	0.03801304876804352
R_BAPT2	0.0
R_COBALTt5	-5.1020121341690035e-09
R_4HPHEAO	0.0
R_4FLTHRt	0.0
R_CAT	0.0
R_CAT_duplicate_2	0.0
R_GLYALDt	-0.0
R_CCMUCt	0.0
R_ADA	0.0
R_ADA_duplicate_2	0.0
R_TMDPP	0.0
R_NNATr	0.0
R_HIBHrm	0.0
R_HIBHrm_duplicate_2	0.0
R_HIBHrm_duplicate_3	0.0
R_HIBHrm_duplicate_4	0.0
R_HIBHrm_duplicate_5	0.0
R_HIBHrm_duplicate_6	0.0
R_HIBHrm_duplicate_7	0.0
R_HIBHrm_duplicate_8	0.0
R_HIBHrm_duplicate_9	0.0
R_HIBHrm_duplicate_10	0.0
R_HIBHrm_duplicate_11	0.0
R_HIBHrm_duplicate_12	0.0
R_HIBHrm_duplicate_13	0.0
R_HIBHrm_duplicate_14	0.0
R_HIBHrm_duplicate_15	0.0
R_HIBHrm_duplicate_16	0.0
R_HIBHrm_duplicate_17	0.0
R_HIBHrm_duplicate_18	0.0
R_HIBHrm_duplicate_19	0.0
R_3HBZt	0.0
R_UAMAGS	0.09583121538162231
R_2HBAt	0.0
R_4HPHEA2	0.0
R_GPDDA2	0.0
R_GPDDA2_duplicate_2	0.0
R_THRD_L	0.0
R_THRD_L_duplicate_2	0.0
R_HBZOPT	0.0
R_4HPHEA1	0.0
R_GPDDA3	0.0
R_GPDDA3_duplicate_2	0.0
R_HOMOGD	0.0
R_GLNTRS	0.23149628486738869
R_GPDDA4	0.0
R_GPDDA4_duplicate_2	0.0
R_ACALD	0.0
R_ACALD_duplicate_2	0.0
R_ACALD_duplicate_3	0.0
R_ACALD_duplicate_4	0.0
R_GPDDA5	0.0
R_GPDDA5_duplicate_2	0.0
R_MELIBt2	0.0
R_2H4HMBZP	0.0
R_2H4HMBZP_duplicate_2	0.0
R_2H4HMBZP_duplicate_3	0.0
R_2H4HMBZP_duplicate_4	0.0
R_2H4HMBZP_duplicate_5	0.0
R_2H4HMBZP_duplicate_6	0.0
R_2H4HMBZP_duplicate_7	0.0
R_GPDDA1	0.0
R_GPDDA1_duplicate_2	0.0
R_HISTD	0.0
R_HISTD_duplicate_2	0.0
R_G1PCYTF	0.0
R_CYTBD	0.0
R_OCTDPS	0.0
R_INDOLEt2r	76.0615871979031
R_NMNAT	0.027632249579546162
R_XTSNtr	0.0
R_IMPC	0.0
R_TYRTA	0.0
R_TYRTA_duplicate_2	0.0
R_GLYOX	0.0
R_GLYOX_duplicate_2	0.0
R_GLYOX_duplicate_3	0.0
R_GLYOX_duplicate_4	0.0
R_GLYOX_duplicate_5	0.0
R_GLYOX_duplicate_6	0.0
R_4HPHED2	0.0
R_ALDH	0.0
R_ALDH_duplicate_2	0.0
R_ALDH_duplicate_3	0.0
R_ALDH_duplicate_4	0.0
R_ALDH_duplicate_5	0.0
R_ALDH_duplicate_6	0.0
R_ALDH_duplicate_7	0.0
R_ALDH_duplicate_8	0.0
R_ALDH_duplicate_9	0.0
R_ALDH_duplicate_10	0.0
R_ALDH_duplicate_11	0.0
R_ALDH_duplicate_12	0.0
R_ALDH_duplicate_13	0.0
R_ALDH_duplicate_14	0.0
R_4HPHED1	0.0
R_TDPGDH	0.0
R_TDPGDH_duplicate_2	0.0
R_TDPGDH_duplicate_3	0.0
R_TDPGDH_duplicate_4	0.0
R_CHRPL	0.0
R_THRAD2	0.0
R_THRA	0.0
R_PYK3	0.0
R_PYK3_duplicate_2	0.0
R_PYK3_duplicate_3	0.0
R_PYK1	0.0
R_PYK1_duplicate_2	0.0
R_PYK1_duplicate_3	0.0
R_PYK2	0.0
R_PYK2_duplicate_2	0.0
R_PYK2_duplicate_3	0.0
R_TAh	-0.02280782926082611
R_DHQS	0.0006388747692097942
R_PPPNDO	0.0
R_SULFR	0.0
R_DB4PS	0.0
R_DB4PS_duplicate_2	0.0
R_DB4PS_duplicate_3	1.5867257737290332e-06
R_ARGTRS	0.44396726160902716
R_PHEMEAS	0.0
R_PHOXDR	0.0
R_PHOXDR_duplicate_2	0.0
R_PHOXDR_duplicate_3	0.0
R_GLCP	0.0
R_2BHPPPH	0.0
R_2BHPPPH_duplicate_2	0.0
R_2BHPPPH_duplicate_3	0.0
R_2BHPPPH_duplicate_4	0.0
R_FMNAT	7.653018201265738e-07
R_NH4t	76.12094091290807
R_FDH	0.0
R_FDH_duplicate_2	0.0
R_FDH_duplicate_3	0.0
R_FDH_duplicate_4	0.0
R_FDH_duplicate_5	0.0
R_FDH_duplicate_6	0.0
R_ADK3	-12.735530117243302
R_ANTOXDR	0.0
R_ANTOXDR_duplicate_2	0.0
R_ANTOXDR_duplicate_3	0.0
R_ADK4	0.0
R_ADK1	11.52714249597569
R_BTPT2	0.0
R_BTPT1	0.0
R_SULALDAC	0.0
R_GALTpts	0.0
R_34DHDHF	0.0
R_34DHDHF_duplicate_2	0.0
R_CYSabc	0.05119663812551373
R_CYSabc_duplicate_2	0.0
R_CYSabc_duplicate_3	0.0
R_CYSabc_duplicate_4	0.0
R_CYSabc_duplicate_5	0.0
R_CYSabc_duplicate_6	0.0
R_ACP1p	0.0
R_ACP1p_duplicate_2	0.0
R_SALCH1	0.0
R_SALCH1_duplicate_2	0.0
R_SALCH1_duplicate_3	0.0
R_SALCH1_duplicate_4	0.0
R_SALCH1_duplicate_5	0.0
R_GMPS	0.0
R_DGSNt2	0.0
R_ACODA	0.0
R_ACODA_duplicate_2	0.0
R_KDOCT2	0.03801304876804352
R_SALCH5	0.0
R_SALCH5_duplicate_2	0.0
R_SALCH5_duplicate_3	0.0
R_SALCH5_duplicate_4	0.0
R_SALCH5_duplicate_5	0.0
R_SALCH4	0.0
R_SALCH4_duplicate_2	0.0
R_SALCH4_duplicate_3	0.0
R_SALCH4_duplicate_4	0.0
R_SALCH4_duplicate_5	0.0
R_SALCH3	0.0
R_SALCH3_duplicate_2	0.0
R_SALCH3_duplicate_3	0.0
R_SALCH3_duplicate_4	0.0
R_SALCH3_duplicate_5	0.0
R_SALCH2	0.0
R_SALCH2_duplicate_2	0.0
R_SALCH2_duplicate_3	0.0
R_SALCH2_duplicate_4	0.0
R_SALCH2_duplicate_5	0.0
R_BTPT3	0.0
R_GLUTRS	0.3740505601804702
R_GLUTRS_duplicate_2	0.0
R_GLUTRR	0.0
R_SLFR	0.0
R_SLFR_duplicate_2	0.0
R_NTPTP1	0.0
R_CARSA	0.0
R_LPD5	0.0
R_LPD5_duplicate_2	0.0
R_LPD5_duplicate_3	0.0
R_LPD5_duplicate_4	0.0
R_NUTPTP2	0.0
R_2HOHPHDB	0.0
R_H2Ot	-88.63284823669414
R_PPAKr	0.0
R_PPAKr_duplicate_2	0.0
R_CBL1abc	0.0
R_PTRCt2	0.44396726160902716
R_HOPNTAL	0.0
R_HOPNTAL_duplicate_2	0.0
R_HOPNTAL_duplicate_3	0.0
R_METTHFD	0.0
R_ANTHMN1	0.0
R_LEUTRS	0.5718031454065317
R_ANTHMN2	0.0
R_MTHFR2	0.0
R_MDH	0.0
R_MDH_duplicate_2	0.0
R_DHDPS	0.0
R_DHDPS_duplicate_2	0.0
R_DHDPS_duplicate_3	0.0
R_DHDPS_duplicate_4	0.0
R_BZALt	0.0
R_BPHEDO1	0.0
R_MDH2	0.0
R_BPHEDO2	0.0
R_FBA	0.0
R_FBA_duplicate_2	0.0
R_FBA_duplicate_3	0.0
R_FBA_duplicate_4	0.0
R_PERD	0.0
R_UGLYCH	0.0
R_AKGDH	0.0
R_AKGDH_duplicate_2	0.0
R_AKGDH_duplicate_3	0.0
R_AKGDH_duplicate_4	0.0
R_ILEtr	0.3032130276469867
R_ALATRS	0.7759203287881852
R_MECDPDHT	0.0
R_PHETRS	0.2006918572092998
R_FLVRx	0.0
R_FLVRx_duplicate_2	0.0
R_HYDRTS	0.0
R_HYDRTS_duplicate_2	0.0
R_HYDRTS_duplicate_3	0.0
R_HYDRTS_duplicate_4	0.0
R_HYDRTS_duplicate_5	0.0
R_HYDRTS_duplicate_6	0.0
R_HYDRTS_duplicate_7	0.0
R_PTRCabc	0.0
R_PTRCabc_duplicate_2	0.0
R_GALCTtr	0.0
R_CHCOAL	0.0
R_CHCOAL_duplicate_2	0.0
R_MALTTRabc	0.0
R_LYSTRS	0.30310861134785805
R_4FLRBZt	0.0
R_SPMDabc	0.011180308461189269
R_SPMDabc_duplicate_2	0.0
R_G5SD	0.0
R_KYNATESYN	0.0
R_FBP	0.0
R_FBP_duplicate_2	0.0
R_FBP_duplicate_3	0.0
R_ACt2r	-9.008116296698555
R_ADOCBLS	0.0
R_GGMT2	0.0
R_GGMT2_duplicate_2	0.0
R_GGMT2_duplicate_3	0.0
R_GGMT2_duplicate_4	0.0
R_GGMT1	0.0
R_GGMT1_duplicate_2	0.0
R_GGMT1_duplicate_3	0.0
R_GGMT1_duplicate_4	0.0
R_GAM	0.0
R_GAM_duplicate_2	0.0
R_GLUN2	0.0
R_GLUN2_duplicate_2	0.0
R_MNAO15	0.0
R_LPS	0.05430435538291931
R_CHLtr	0.0
R_DCTPD	0.0
R_DCTPDA2	0.0
R_ADPRDP	0.0
R_GLCURt2r	0.0
R_THFAT	0.0
R_THFAT_duplicate_2	0.0
R_MACACI	0.0
R_FORTF	0.0
R_OMMBZH	0.0
R_G6Pt6_2	0.01520521950721741
R_XPPT	0.0
R_ACACT1r	0.0
R_ACACT1r_duplicate_2	0.0
R_ACACT1r_duplicate_3	0.0
R_ACACT1r_duplicate_4	0.0
R_ACACT1r_duplicate_5	0.0
R_ACACT1r_duplicate_6	0.0
R_ACACT1r_duplicate_7	0.0
R_ACACT1r_duplicate_8	0.0
R_ACACT1r_duplicate_9	0.0
R_ACACT1r_duplicate_10	0.0
R_ACACT1r_duplicate_11	0.0
R_ACACT1r_duplicate_12	0.0
R_ACACT1r_duplicate_13	0.0
R_ACACT1r_duplicate_14	0.0
R_ACACT1r_duplicate_15	0.0
R_ACACT1r_duplicate_16	0.0
R_ACACT1r_duplicate_17	0.0
R_ACACT1r_duplicate_18	0.0
R_ACACT1r_duplicate_19	0.0
R_ACACT1r_duplicate_20	0.0
R_CYSSADS	0.0
R_HTTOG	0.0
R_SHCHCC	0.0
R_DHR	0.0
R_DHR_duplicate_2	0.0
R_CATOCS	0.0
R_PPGS	0.02972684301137924
R_GENDO	0.0
R_HATRAZE2	0.0
R_ADSK	0.0
R_FCLT	0.0
R_HATRAZE1	0.0
R_TRPD	0.0
R_TRPD_duplicate_2	0.0
R_ADSLFK2	0.0
R_HACD5	0.0
R_HACD5_duplicate_2	0.0
R_HACD5_duplicate_3	0.0
R_HACD5_duplicate_4	0.0
R_HACD5_duplicate_5	0.0
R_HACD5_duplicate_6	0.0
R_HACD5_duplicate_7	0.0
R_UNAMPLA	0.09583121538162231
R_MOHMT	0.0
R_BTS4	0.0
R_PPG2DGp	0.0
R_NADSG	0.0
R_UAAGDS	0.09583121538162231
R_AMID2	0.0
R_AMID2_duplicate_2	0.0
R_AMID2_duplicate_3	0.0
R_TAUDO	0.0
R_TAUDO_duplicate_2	0.0
R_TAUDO_duplicate_3	0.0
R_TAUDO_duplicate_4	0.0
R_TAUDO_duplicate_5	0.0
R_TAUDO_duplicate_6	0.0
R_TAUDO_duplicate_7	0.0
R_TAUDO_duplicate_8	0.0
R_TAUDO_duplicate_9	0.0
R_TAUDO_duplicate_10	0.0
R_THRtr	0.3168637934029584
R_AMDS6	0.0
R_AMDS6_duplicate_2	0.0
R_AMDS6_duplicate_3	0.0
R_ACPCD	0.0
R_HMR_7756	0.0
R_HMR_7756_duplicate_2	0.0
R_HMR_7756_duplicate_3	0.0
R_AMDS3	0.0
R_AMDS3_duplicate_2	0.0
R_AMDS3_duplicate_3	0.0
R_2HISOPD	0.0
R_AMDS2	0.0
R_AMDS2_duplicate_2	0.0
R_AMDS2_duplicate_3	0.0
R_CADVt	0.0
R_TMPPP	0.0
R_NPPDO	0.0
R_NPPDO_duplicate_2	0.0
R_NPPDO_duplicate_3	0.0
R_NPPDO_duplicate_4	0.0
R_NPPDO_duplicate_5	0.0
R_NPPDO_duplicate_6	0.0
R_HACD1	0.0
R_HACD1_duplicate_2	0.0
R_HACD1_duplicate_3	0.0
R_HACD1_duplicate_4	0.0
R_HACD1_duplicate_5	0.0
R_HACD1_duplicate_6	0.0
R_HACD1_duplicate_7	0.0
R_HACD2	0.0
R_HACD2_duplicate_2	0.0
R_HACD2_duplicate_3	0.0
R_HACD2_duplicate_4	0.0
R_HACD2_duplicate_5	0.0
R_HACD2_duplicate_6	0.0
R_HACD2_duplicate_7	0.0
R_HACD4	0.0
R_HACD4_duplicate_2	0.0
R_HACD4_duplicate_3	0.0
R_HACD4_duplicate_4	0.0
R_HACD4_duplicate_5	0.0
R_HACD4_duplicate_6	0.0
R_HACD4_duplicate_7	0.0
R_3HBCDH	0.0
R_DURIt2	0.0
R_GLYCLTt2r	-0.0006388747692097942
R_G6PDA	0.0
R_UDPG4E1	0.0
R_UDPG4E1_duplicate_2	0.0
R_PUNP7	0.0
R_ALATA_D	0.0
R_PUNP6	0.0
R_PUNP5	0.0
R_PUNP4	0.0
R_PAPPT3	0.09583121538162231
R_PROt4	0.0
R_3HBD	0.0
R_3HBD_duplicate_2	0.0
R_PUNP3	0.0
R_PUNP2	0.0
R_PUNP1	0.0
R_FBMO2	0.0
R_FBMO2_duplicate_2	0.0
R_FBMO2_duplicate_3	0.0
R_FBMO2_duplicate_4	0.0
R_FBMO1	0.0
R_FBMO1_duplicate_2	0.0
R_FBMO1_duplicate_3	0.0
R_FBMO1_duplicate_4	0.0
R_DHPPRAP	7.933628868645166e-07
R_HMDPPK	0.0
R_HPPPNt2r	0.0
R_PNTK	0.0004791560769081826
R_LCADi	0.0
R_CBPS	0.0
R_FBMO6	0.0
R_FBMO6_duplicate_2	0.0
R_FBMO6_duplicate_3	0.0
R_FBMO6_duplicate_4	0.0
R_PNTOK2	0.0
R_FBMO5	0.0
R_FBMO5_duplicate_2	0.0
R_FBMO5_duplicate_3	0.0
R_FBMO5_duplicate_4	0.0
R_PNTOK3	0.0
R_HDCAt2	0.0
R_FBMO3	0.0
R_FBMO3_duplicate_2	0.0
R_FBMO3_duplicate_3	0.0
R_FBMO3_duplicate_4	0.0
R_DSERt2	0.0
R_FBMO9	0.0
R_FBMO9_duplicate_2	0.0
R_FBMO9_duplicate_3	0.0
R_FBMO9_duplicate_4	0.0
R_FBMO8	0.0
R_FBMO8_duplicate_2	0.0
R_FBMO8_duplicate_3	0.0
R_FBMO8_duplicate_4	0.0
R_DAPDC	0.0
R_FBMO7	0.0
R_FBMO7_duplicate_2	0.0
R_FBMO7_duplicate_3	0.0
R_FBMO7_duplicate_4	0.0
R_UAGDP	0.20686765027046203
R_NO2t2r	0.0
R_METabc	0.1656710523218957
R_CDPGD	0.0
R_TOLabc	0.0
R_AMAOTr	0.0
R_AMAOTr_duplicate_2	0.0
R_UPP3MT	0.0
R_UPP3MT_duplicate_2	0.0
R_UPP3MT_duplicate_3	0.0
R_DAAD	0.0
R_DAAD_duplicate_2	0.0
R_DAAD_duplicate_3	0.0
R_DAAD_duplicate_4	0.0
R_DAAD_duplicate_5	0.0
R_DAAD_duplicate_6	0.0
R_DAAD_duplicate_7	0.0
R_DAAD_duplicate_8	0.0
R_PRGCS	0.0
R_MNLpts	0.0
R_SERt4	0.0
R_OCOAT1m	0.0
R_OCOAT1m_duplicate_2	0.0
R_UPPRT	0.0
R_UPPRT_duplicate_2	0.4189389196149096
R_UPPRT_duplicate_3	0.0
R_LDHm	0.0
R_GAMpts	0.20686765027046203
R_PPCK	0.0
R_ASPAM1	0.0
R_BZACCOAT	0.0
R_BZACCOAT_duplicate_2	0.0
R_BZACCOAT_duplicate_3	0.0
R_BZACCOAT_duplicate_4	0.0
R_BZACCOAT_duplicate_5	0.0
R_BZACCOAT_duplicate_6	0.0
R_BZACCOAT_duplicate_7	0.0
R_BZACCOAT_duplicate_8	0.0
R_BZACCOAT_duplicate_9	0.0
R_BZACCOAT_duplicate_10	0.0
R_BZACCOAT_duplicate_11	0.0
R_BZACCOAT_duplicate_12	0.0
R_ASPAM2	0.0
R_ASPAM3	0.0
R_ASPAM4	0.0
R_AAATT	0.0
R_ASPt2_3	0.0
R_MALTPTabc	0.0
R_ACHBS	0.0
R_ACHBS_duplicate_2	0.0
R_ASPt2_2	0.0
R_CHORS	0.0006388747692097942
R_CHORM	0.0
R_AOBUTDs	0.0
R_CCPPMD	0.0
R_14HPED	0.0
R_14HPED_duplicate_2	0.0
R_14HPED_duplicate_3	0.0
R_14HPED_duplicate_4	0.0
R_14HPED_duplicate_5	0.0
R_14HPED_duplicate_6	0.0
R_14HPED_duplicate_7	0.0
R_14HPED_duplicate_8	0.0
R_14HPED_duplicate_9	0.0
R_14HPED_duplicate_10	0.0
R_14HPED_duplicate_11	0.0
R_14HPED_duplicate_12	0.0
R_DHQND	0.0
R_DHQND_duplicate_2	0.0006388747692097942
R_IMPD	0.0
R_Biomass	0.0
R_SUCOAS	0.0
R_PPAt	0.0
R_IMP	0.0
R_ACPYRH	0.0
R_ACPYRH_duplicate_2	0.0
R_BUPN	0.0
R_BUDPP1	0.0
R_ALRTg	0.0
R_SSALy	0.0
R_SSALy_duplicate_2	0.0
R_SSALy_duplicate_3	0.0
R_SSALy_duplicate_4	0.0
R_GART	0.024012705184377987
R_CRNabc	0.0
R_CCPPCCOAL	0.0
R_CCPPCCOAL_duplicate_2	0.0
R_CCPPCCOAL_duplicate_3	0.0
R_CCPPCCOAL_duplicate_4	0.0
R_CCPPCCOAL_duplicate_5	0.0
R_CCPPCCOAL_duplicate_6	0.0
R_CCPPCCOAL_duplicate_7	0.0
R_CCPPCCOAL_duplicate_8	0.0
R_CCPPCCOAL_duplicate_9	0.0
R_CCPPCCOAL_duplicate_10	0.0
R_CCPPCCOAL_duplicate_11	0.0
R_CCPPCCOAL_duplicate_12	0.0
R_CCPPCCOAL_duplicate_13	0.0
R_CCPPCCOAL_duplicate_14	0.0
R_CCPPCCOAL_duplicate_15	0.0
R_CCPPCCOAL_duplicate_16	0.0
R_CCPPCCOAL_duplicate_17	0.0
R_CCPPCCOAL_duplicate_18	0.0
R_CCPPCCOAL_duplicate_19	0.0
R_CCPAMAH	0.0
R_NAPMSCD	0.0
R_NAPMSCD_duplicate_2	0.0
R_NAPMSCD_duplicate_3	0.0
R_NAPMSCD_duplicate_4	0.0
R_NAPMSCD_duplicate_5	0.0
R_BTCAL	0.0
R_GACT_h	0.0
R_ALRTa	0.0
R_XANt2	0.0
R_XANt	-0.0
R_BZFORCL1	0.0
R_KYN	0.0
R_BZFORCL2	0.0
R_KYNRN1	0.0
R_ALRTx	0.0
R_ALRTs	0.0
R_MG2t	0.00033391798352952674
R_KYNRN3	0.0
R_4NPHPP	0.0
R_4NPHPP_duplicate_2	0.0
R_4NPHPP_duplicate_3	0.0
R_ACS	0.0
R_ACS_duplicate_2	0.0
R_ACS_duplicate_3	0.0
R_ACS_duplicate_4	0.0
R_ACS_duplicate_5	0.0
R_ACS_duplicate_6	0.0
R_ACS_duplicate_7	0.0
R_FUM	0.0
R_FUM_duplicate_2	0.0
R_GERCT	0.0
R_GERCT_duplicate_2	0.0
R_GERCT_duplicate_3	0.0
R_GERCT_duplicate_4	0.0
R_GERCT_duplicate_5	0.0
R_GERCT_duplicate_6	0.0
R_GERCT_duplicate_7	0.0
R_NADHDH	0.0
R_PROTCD	0.0
R_PROTCD_duplicate_2	0.0
R_PROTCD_duplicate_3	0.0
R_PROTCD_duplicate_4	0.0
R_PROTCD_duplicate_5	0.0
R_PROTCD_duplicate_6	0.0
R_PPNCL	0.0004791560769081826
R_TRPTRS	0.06018812849504597
R_G1SAT	0.0
R_PROD2	0.0
R_ADNt2	1000.999350529328
R_ASP1DC	0.0
R_MNAO10	0.0
R_ADCOBNSYN	0.0
R_MNAO13	0.0
R_MNAO14	0.0
R_CLt	-0.0
R_MNAO11	0.0
R_MNAO12	0.0
R_CYSTRS	0.050717482048605544
R_L_LACD2	0.0
R_L_LACD2_duplicate_2	0.0
R_UAGAAT	0.01520521950721741
R_PHE2MO1	0.0
R_GLUCD1	0.0
R_GLUCD2	0.0
R_MCITS	0.0
R_MCITS_duplicate_2	0.0
R_PHE2MO3	0.0
R_PHE2MO2	0.0
R_PPG2DG	0.0
R_CPPPGO	0.0
R_NDPK1	0.0
R_NDPK2	0.6498037547258043
R_NDPK5	0.02798266697582602
R_4CRESOLt	0.0
R_NDPK6	0.0
R_NDPK3	0.16876560814673405
R_TTDCAt2	0.0
R_NDPK4	0.0364767146667838
R_NUDPK9	0.0
R_ASPTA	0.0
R_NDPK7	0.028111559960514305
R_NDPK8	0.036322043085157865
R_GLU5K	0.0
R_ALPHNH	0.0
R_ALPHNH_duplicate_2	0.0
R_ALPHNH_duplicate_3	0.0
R_GLNabc	0.4484281682201418
R_GLNabc_duplicate_2	0.0
R_GLNabc_duplicate_3	0.0
R_GLNabc_duplicate_4	0.0
R_GLNabc_duplicate_5	0.0
R_GLNabc_duplicate_6	0.0
R_SEROAT	0.0
R_ORNCD	0.0
R_ORNCD_duplicate_2	0.0
R_ORNCD_duplicate_3	0.0
R_ORNCD_duplicate_4	0.0
R_NPHS	0.0
R_Phospholipid	0.0790607526898384
R_GLYCTO1p	0.0
R_GLYCTO1p_duplicate_2	0.0
R_GLYCTO1p_duplicate_3	0.0
R_GLYCTO1p_duplicate_4	0.0
R_GLYCTO1p_duplicate_5	0.0
R_SDPDS	0.0
R_FUCt	0.0
R_VALTRS	0.5083591601036734
R_SERDHT2	0.0
R_UBQBM	0.0
R_RNA	0.0
R_PPCDC	0.0004791560769081826
R_PHAS	0.0
R_PHAS_duplicate_2	0.0
R_SUCD1	0.0
R_34DHFD	0.0
R_34DHFD_duplicate_2	0.0
R_34DHFD_duplicate_3	0.0
R_34DHFD_duplicate_4	0.0
R_34DHFD_duplicate_5	0.0
R_34DHFD_duplicate_6	0.0
R_SUCDi	0.0
R_ASCBptspp	0.0
R_SUCD4	9.92878886912409
R_CCHCCOAL	0.0
R_Ktr	1.1280931237339975
R_PYDXO_1	0.0
R_GLUtr	0.2535887669785615
R_URIt2	1000.0
R_IDONt2r	0.0
R_CTPS2	0.2162930085835311
R_UAGCVT	0.09583121538162231
R_THRTRS	0.3168637934029584
R_PTA2	0.0
R_PTA2_duplicate_2	0.0
R_CYTCOBO3	9.92878886912409
R_MAN1PT2	0.0
R_MAN1PT2_duplicate_2	0.0
R_HIBDkt	0.0
R_HIBDkt_duplicate_2	0.0
R_HIBDkt_duplicate_3	0.0
R_HIBDkt_duplicate_4	0.0
R_HIBDkt_duplicate_5	0.0
R_HIBDkt_duplicate_6	0.0
R_HIBDkt_duplicate_7	0.0
R_HIBDkt_duplicate_8	0.0
R_HIBDkt_duplicate_9	0.0
R_BPHEHB	0.0
R_BPHEHB_duplicate_2	0.0
R_BPHEHB_duplicate_3	0.0
R_BPHEHB_duplicate_4	0.0
R_BPHEHA	0.0
R_BPHEHA_duplicate_2	0.0
R_BPHEHA_duplicate_3	0.0
R_BPHEHA_duplicate_4	0.0
R_TRPAS2	-76.0615871979031
R_THDPS	0.0
R_GALCTD	0.0
R_GALCTD_duplicate_2	0.0
R_GALCTD_duplicate_3	0.0
R_GRTT	0.0
R_GLYC3Pabc	0.0
R_PYDXNO	0.0
R_HACDHG	0.0
R_TDPDRE	0.0
R_TDPDRE_duplicate_2	0.0
R_RNDR1	0.036322043085157865
R_RNDR1_duplicate_2	0.0
R_RNDR2	0.02798266697582602
R_RNDR2_duplicate_2	0.0
R_PC	0.0
R_PC_duplicate_2	0.0
R_RNDR3	0.028111559960514305
R_RNDR3_duplicate_2	0.0
R_VALTA	0.0
R_RNDR4	0.0364767146667838
R_RNDR4_duplicate_2	0.0
R_GF6PTA	0.0
R_ATPADT	0.0
R_NTRLASE	0.0
R_ILEabc	0.0
R_AADT2	0.0
R_NITL2	0.0
R_GALUi	0.01520521950721741
R_NITL1	0.0
R_FMETDF	0.0
R_NITL5	0.0
R_4CRESOLD	0.0
R_NITL4	0.0
R_PPCOAC	0.0
R_PPCOAC_duplicate_2	0.0
R_PPCOAC_duplicate_3	0.0
R_PPA2	0.0
R_PHE2MO4	0.0
R_PPA	0.0
R_PHE2MO5	0.0
R_Carbohydrate	0.0
R_RPI	0.014567931463788496
R_ALAtr	-999.1282484558302
R_PYK	32.949571512363086
R_PYK_duplicate_2	0.0
R_PYK_duplicate_3	0.0
R_IZPN	0.0
R_RPE	0.0
R_RPE_duplicate_2	-0.023446704030035903
R_TYRTM	0.0
R_TYRTM_duplicate_2	0.0
R_FABC150	0.006180653402280807
R_CNTOB	0.0
R_FABC151	0.0022073762151002883
R_GTADT2	0.0
R_PMCOAD	0.0
R_GTADT1	0.0
R_TRDR	0.0
R_TRDR_duplicate_2	0.0
R_TRDR_duplicate_3	0.12889298468828198
R_TRDR_duplicate_4	0.0
R_TRDR_duplicate_5	0.0
R_TRDR_duplicate_6	0.0
R_ACLS	0.0
R_ACLS_duplicate_2	0.0
R_GMHEPAT	0.02280782926082611
R_C181t	1.2410986086405114
R_ACACt2	0.0
R_PTRCORNt7	-0.44396726160902716
R_MICITDr	0.0
R_3OXAPT	0.0
R_3OXAPT_duplicate_2	0.0
R_Cofactors_and_vitamins	0.0
R_TREH	0.0
R_HMR_0614	0.01520521950721741
R_GTPCI	0.0006388747692097942
R_GTPCI_duplicate_2	0.0
R_FORGD	0.0
R_AHCYSNS	0.0
R_XAND	0.0
R_XAND_duplicate_2	0.0
R_XAND_duplicate_3	0.0
R_XAND_duplicate_4	0.0
R_XAND_duplicate_5	0.0
R_UGMDDS	0.09583121538162231
R_OCTMBZM	0.0
R_ALLTC	0.0
R_FABC140	0.09898798505876064
R_FABC141	0.00022073762151002884
R_ACALDt	6.2970650954965395
R_NADH16	0.0
R_CGS_m	0.0
R_NADH5	0.0
R_CYSGS2	0.0
R_GMHEPPA	0.02280782926082611
R_ALAR	0.0
R_MALTHXabc	0.0
R_NADK	0.0017578163244960088
R_NADK_duplicate_2	0.0
R_HETZK	0.0
R_OCDCAt2	0.0
R_ASPCT	0.0
R_O2t	4.964394434562045
R_CYTDtr	-1000.0
R_DCYTt2	0.0
R_DATA2	0.0
R_DATA4	0.0
R_OHPBAKGT	0.0
R_DATA3	0.0
R_AGPR	0.0
R_AGPR_duplicate_2	0.0
R_FRUP	0.0
R_FRUP_duplicate_2	0.0
R_FRUP_duplicate_3	0.0
R_FRUP_duplicate_4	0.0
R_THRD	0.0
R_OCDOR	0.0
R_DHDPRy	0.0
R_DHDPRy_duplicate_2	0.0
R_ACMANApts	0.0
R_FUMAC	0.0
R_FUMAC_duplicate_2	0.0
R_FUMAC_duplicate_3	0.0
R_PTAr	0.0
R_PTAr_duplicate_2	0.0
R_GLYAT	0.0
R_DHPD	0.0
R_DHPD_duplicate_2	0.0
R_NNAM	0.0
R_DPR	0.0
R_DPR_duplicate_2	0.0
R_DPR_duplicate_3	0.0
R_GLYt2r	1.0473510717921866
R_TAGL2_Nlimit	0.0
R_E4PD	0.0
R_KPENH	0.0
R_KPENH_duplicate_2	0.0
R_KPENH_duplicate_3	0.0
R_ADHEr	0.0
R_ADHEr_duplicate_2	0.0
R_ADHEr_duplicate_3	0.0
R_ADHEr_duplicate_4	0.0
R_OCT	0.0
R_HIStr	0.1308248835893371
R_NTD9	0.0
R_FABC120	0.038454524011063584
R_NTD8	0.0
R_CCHNM2	0.0
R_34DHBt	0.0
R_NTD5	0.0
R_NTD4	0.0
R_NTD7	0.0
R_NTD6	0.0
R_ADNCYC	0.0
R_ADNCYC_duplicate_2	0.0
R_ADNCYC_duplicate_3	0.0
R_ADNCYC_duplicate_4	0.0
R_ADNCYC_duplicate_5	0.0
R_AHCi	0.0
R_ADHC2	0.0
R_CCHNM1	0.0
R_PRAIZC2	0.0
R_AMAA	0.0
R_AMAA_duplicate_2	0.0
R_PRAIZC1	0.0
R_PRAIZC1_duplicate_2	0.0
R_12DHFD	0.0
R_12DHFD_duplicate_2	0.0
R_12DHFD_duplicate_3	0.0
R_12DHFD_duplicate_4	0.0
R_12DHFD_duplicate_5	0.0
R_12DHFD_duplicate_6	0.0
R_GUAD	0.0
R_NTD1	0.0
R_NAt3_2	0.0
R_ASNabc	0.0
R_NTD2	0.0
R_NAt3_1g	-999.999520843923
R_NMNt7	0.0
R_NTD3	0.0
R_ARGORNt7	0.44396726160902716
R_CBL	0.0
R_CYSTBL2	0.0
R_ADPT	0.0
R_GLYTRS	0.0
R_GLYTRS_duplicate_2	0.5317182802172914
R_3IPPMD1	0.0
R_3IPPMD1_duplicate_2	0.0
R_3IPPMD1_duplicate_3	0.0
R_3IPPMD1_duplicate_4	0.0
R_3IPPMD1_duplicate_5	0.0
R_CYSTBL1	0.0
R_3IPPMD2	0.0
R_3IPPMD2_duplicate_2	0.0
R_3IPPMD2_duplicate_3	0.0
R_3IPPMD2_duplicate_4	0.0
R_3IPPMD2_duplicate_5	0.0
R_G6PDH2r	0.0
R_G6PDH2r_duplicate_2	0.0
R_G6PDH2r_duplicate_3	0.0
R_ALRTgp	0.0
R_NITOXDR	0.0
R_NITOXDR_duplicate_2	0.0
R_NITOXDR_duplicate_3	0.0
R_ADNCYC1	0.0
R_ADNCYC1_duplicate_2	0.0
R_ADNCYC1_duplicate_3	0.0
R_ADNCYC1_duplicate_4	0.0
R_ADNCYC1_duplicate_5	0.0
R_BZ12DOX	0.0
R_BZOTD7	0.0
R_NADDP	0.0
R_OP4ENH	0.0
R_OP4ENH_duplicate_2	0.0
R_OP4ENH_duplicate_3	0.0
R_OP4ENH_duplicate_4	0.0
R_ACMSD	0.0
R_BZOTD3	0.0
R_BZOTD4	0.0
R_BZOTD5	0.0
R_NADDP1	0.0
R_G1PTT	0.0
R_G1PTT_duplicate_2	0.0
R_G1PTT_duplicate_3	0.0
R_BZOTD1	0.0
R_ASPSAD	0.0
R_ADPRT2	0.0
R_ALCDH_pqq_x	0.0
R_ALCDH_pqq_x_duplicate_2	0.0
R_ALCDH_pqq_x_duplicate_3	0.0
R_ALCDH_pqq_x_duplicate_4	0.0
R_ALCDH_pqq_x_duplicate_5	0.0
R_ALCDH_pqq_x_duplicate_6	0.0
R_ALCDH_pqq_x_duplicate_7	0.0
R_ALCDH_pqq_x_duplicate_8	0.0
R_ADPRT3	0.0
R_ADPRT4	0.7147777784312961
R_KAS14	0.0
R_3CMUCC	0.0
R_3CMUCC_duplicate_2	0.0
R_BKACPS1	0.0
R_ICDHyr	0.0
R_ICDHyr_duplicate_2	0.0
R_ANOXDR	0.0
R_ANOXDR_duplicate_2	0.0
R_ANOXDR_duplicate_3	0.0
R_IG3PS	0.0
R_ACONCt	0.0
R_THMabc	5.617315359728807e-07
R_CYTDA	0.0
R_CYTDA_duplicate_2	0.0
R_FALDH	0.0
R_FDFT1	0.0
R_ANDO	0.0
R_FDFT2	0.0
R_GLBRAN2	0.0
R_UPPDC2	0.0
R_UPPDC1	0.0
R_GLCNt2r	0.0
R_SKDH	0.0006388747692097942
R_MTTGH	0.0
R_PDX5PSb	0.0
R_TDSK	0.007602609753608705
R_DNMPPA	0.0
R_DNMPPA_duplicate_2	0.0
R_DNMPPA_duplicate_3	0.0
R_DNMPPA_duplicate_4	0.0
R_DNMPPA_duplicate_5	0.0
R_DNMPPA_duplicate_6	0.0
R_DNMPPA_duplicate_7	0.0
R_DNMPPA_duplicate_8	0.0
R_DNMPPA_duplicate_9	0.0
R_DNMPPA_duplicate_10	0.0
R_DNMPPA_duplicate_11	0.0
R_DNMPPA_duplicate_12	0.0
R_DNMPPA_duplicate_13	0.0
R_DNMPPA_duplicate_14	0.0
R_DNMPPA_duplicate_15	0.0
R_DNMPPA_duplicate_16	0.0
R_DNMPPA_duplicate_17	0.0
R_DNMPPA_duplicate_18	0.0
R_DNMPPA_duplicate_19	0.0
R_DNMPPA_duplicate_20	0.0
R_DNMPPA_duplicate_21	0.0
R_DNMPPA_duplicate_22	0.0
R_DNMPPA_duplicate_23	0.0
R_DNMPPA_duplicate_24	0.0
R_NTRIR2x	0.0
R_PPC	0.0
R_ACYP	0.0
R_APPS2	0.0
R_SDPTA	0.0
R_SDPTA_duplicate_2	0.0
R_6CHQt	0.0
R_APPS3	0.0
R_DPHS	0.0006388747692097942
R_DPHS_duplicate_2	0.0
R_ARGSL	0.0
R_PAAD6	0.0
R_PAAD5	0.0
R_PAAD8	0.0
R_PAAD7	0.0
R_POX	0.0
R_PAAD2	0.0
R_PAAD1	0.0
R_CITt7	0.0
R_PAAD4	0.0
R_PLIPASA1E_Nlimit	0.0
R_NO3t7	0.0
R_PAAD3	0.0
R_SPMS3	0.0
R_SPMS3_duplicate_2	0.0
R_SPMS3_duplicate_3	0.0
R_SPMS3_duplicate_4	0.0
R_LYStr	0.30310861134785805
R_SPMS	0.0
R_SPMS_duplicate_2	0.0
R_SPMS_duplicate_3	0.0
R_SPMS_duplicate_4	0.0
R_COBBP1	0.0
R_COBBP1_duplicate_2	0.0
R_COBBP2	0.0
R_COBBP2_duplicate_2	0.0
R_PAAD9	0.0
R_AOBZACt	0.0
R_VALabc	0.0
R_GLXCL	0.0
R_SHKK	0.0006388747692097942
R_SHKK_duplicate_2	0.0
R_SHKK_duplicate_3	0.0
R_ARGDC	0.0
R_DMQMT	0.0
R_DMQMT_duplicate_2	0.0
R_NNDMBRT	0.0
R_DPCOAK	0.0004791560769081826
R_FUCPt6_2	0.0
R_NTP3	0.0
R_NTP1	0.0
R_ILETRS	0.3032130276469867
R_NAt3_15	0.0
R_ACBIPGT	0.0
R_MCITL2	0.0
R_PPS	0.0
R_6CHQD	0.0
R_OMPHHX	0.0
R_CBBCYC	0.0
R_GTHS	0.0
R_MCLACi	0.0
R_MCLACi_duplicate_2	0.0
R_PRFGAS	0.0
R_AHSERL4	0.0
R_AHSERL4_duplicate_2	0.0
R_AHSERL4_duplicate_3	0.0
R_AHSERL4_duplicate_4	0.0
R_AHSERL4_duplicate_5	0.0
R_SCCNAPS	0.0
R_SCCNAPS_duplicate_2	0.0
R_SCCNAPS_duplicate_3	0.0
R_SCCNAPS_duplicate_4	0.0
R_SCCNAPS_duplicate_5	0.0
R_SCCNAPS_duplicate_6	0.0
R_SCCNAPS_duplicate_7	0.0
R_INStr	-1000.0
R_ADCL	0.0006388747692097942
R_HYXNt	-0.0
R_PANTS	0.0
R_DDGD	0.0
R_OAHSL1	0.0
R_OAHSL1_duplicate_2	0.0
R_DXPRIi	0.0
R_BUTt2r	0.0
R_SUCCabc	0.0
R_SUCCtr	0.0
R_ALPNIT	0.0
R_PMDPHT	7.933628868645166e-07
R_PMDPHT_duplicate_2	0.0
R_PMDPHT_duplicate_3	0.0
R_PMDPHT_duplicate_4	0.0
R_PMDPHT_duplicate_5	0.0
R_PMDPHT_duplicate_6	0.0
R_PMDPHT_duplicate_7	0.0
R_IDPD	0.0
R_ALADH	0.0
R_OPHBDC	0.0
R_OPHBDC_duplicate_2	0.0
R_OPHBDC_duplicate_3	0.0
R_OPHBDC_duplicate_4	0.0
R_G3POAT_Nlimit	0.11036881075501441
R_16DCDC4	0.0
R_16DCDC3	0.0
R_THD2	5.895010397730718e-05
R_16DCDC2	0.0
R_16DCDC1	0.0
R_TRSARr	0.0
R_ETOHt2r	6.2970650954965395
R_THIOLS	0.0
R_THIOLS_duplicate_2	0.0
R_THIOLS_duplicate_3	0.0
R_THIOLS_duplicate_4	0.0
R_THIOLS_duplicate_5	0.0
R_THIOLS_duplicate_6	0.0
R_THIOLS_duplicate_7	0.0
R_THIOLS_duplicate_8	0.0
R_THIOLS_duplicate_9	0.0
R_THIOLS_duplicate_10	0.0
R_THIOLS_duplicate_11	0.0
R_THIOLS_duplicate_12	0.0
R_THIOLS_duplicate_13	0.0
R_THIOLS_duplicate_14	0.0
R_THIOLS_duplicate_15	0.0
R_THIOLS_duplicate_16	0.0
R_THIOLS_duplicate_17	0.0
R_THIOLS_duplicate_18	0.0
R_THIOLS_duplicate_19	0.0
R_THIOLS_duplicate_20	0.0
R_THIOLS_duplicate_21	0.0
R_THIOLS_duplicate_22	0.0
R_THIOLS_duplicate_23	0.0
R_THIOLS_duplicate_24	0.0
R_PTPATi	0.0004791560769081826
R_TDPDRR	0.0
R_TDPDRR_duplicate_2	0.0
R_METTRS	0.18904488273706285
R_TRPS2_1	0.0
R_TRPS2	0.0
R_OXCTD2	0.0
R_OXCTD1	0.0
R_PHEA4H	0.0
R_PMPK	0.0
R_CMK	0.0
R_TRPS1	0.0
R_DLACt	0.0
R_AG3POAT_Nlimit	0.0
R_AG3POAT_Nlimit_duplicate_2	0.11036881075501441
R_2H3MBZP	0.0
R_2H3MBZP_duplicate_2	0.0
R_2H3MBZP_duplicate_3	0.0
R_2H3MBZP_duplicate_4	0.0
R_2H3MBZP_duplicate_5	0.0
R_2H3MBZP_duplicate_6	0.0
R_2H3MBZP_duplicate_7	0.0
R_TKT1	0.0
R_TKT1_duplicate_2	0.0
R_TKT2	-0.023446704030035903
R_TKT2_duplicate_2	0.0
R_HXAND	0.0
R_HXAND_duplicate_2	0.0
R_HXAND_duplicate_3	0.0
R_HXAND_duplicate_4	0.0
R_HXAND_duplicate_5	0.0
R_3OXAPLC	0.0
R_3OXAPLC_duplicate_2	0.0
R_3OXAPLC_duplicate_3	0.0
R_ALRTap	0.0
R_ALCDd	0.0
R_ALCDd_duplicate_2	0.0
R_ALCDd_duplicate_3	0.0
R_ALCDd_duplicate_4	0.0
R_ALCDd_duplicate_5	0.0
R_ALCDd_duplicate_6	0.0
R_ALCDd_duplicate_7	0.0
R_ALCDd_duplicate_8	0.0
R_ANS	0.0
R_BENZt	-1000.0
R_PGPS	0.09583121538162231
R_SADMET	0.0
R_SADMET_duplicate_2	0.0
R_UAG4Ei	0.0
R_MLTGCT	0.0
R_MLTGCT_duplicate_2	0.0
R_MMSAD1m	0.0
R_MMSAD1m_duplicate_2	0.0
R_MMSAD1m_duplicate_3	0.0
R_UROCANt	0.0
R_ALCDt	0.0
R_ALCDt_duplicate_2	0.0
R_ALCDt_duplicate_3	0.0
R_ALCDt_duplicate_4	0.0
R_ALCDt_duplicate_5	0.0
R_ALCDt_duplicate_6	0.0
R_ALCDt_duplicate_7	0.0
R_ALCDt_duplicate_8	0.0
R_NTD11	0.0
R_GLCNtr	0.0
R_DUTPDP	0.0
R_ACGK	0.0
R_NTD10	0.0
R_CHOLD	0.0
R_CHOLD_duplicate_2	0.0
R_CHOLD_duplicate_3	0.0
R_CHOLD_duplicate_4	0.0
R_CHOLD_duplicate_5	0.0
R_CHOLD1	0.0
R_CHOLD1_duplicate_2	0.0
R_CHOLD1_duplicate_3	0.0
R_CHOLD1_duplicate_4	0.0
R_CHOLD1_duplicate_5	0.0
R_CYTDt2	1000.0
R_LEUabc	0.0
R_GRATT	0.0
R_DHEDAA	0.0
R_DHEDAA_duplicate_2	0.0
R_DHEDAA_duplicate_3	0.0
R_P5PPR	0.0
R_DHHED1	0.0
R_DHHED1_duplicate_2	0.0
R_DHHED1_duplicate_3	0.0
R_HXMGL	0.0
R_HXMGL_duplicate_2	0.0
R_HXMGL_duplicate_3	0.0
R_HXMGL_duplicate_4	0.0
R_HXMGL_duplicate_5	0.0
R_ACGS	0.0
R_ACGS_duplicate_2	0.0
R_FBMO10	0.0
R_FBMO10_duplicate_2	0.0
R_FBMO10_duplicate_3	0.0
R_FBMO10_duplicate_4	0.0
R_FBMO11	0.0
R_FBMO11_duplicate_2	0.0
R_FBMO11_duplicate_3	0.0
R_FBMO11_duplicate_4	0.0
R_ANPRT	0.0
R_ANPRT_duplicate_2	0.0
R_MACR4p	0.0
R_MACR4p_duplicate_2	0.0
R_FBMO14	0.0
R_FBMO14_duplicate_2	0.0
R_FBMO14_duplicate_3	0.0
R_FBMO14_duplicate_4	0.0
R_FBMO15	0.0
R_FBMO15_duplicate_2	0.0
R_FBMO15_duplicate_3	0.0
R_FBMO15_duplicate_4	0.0
R_4AMBUAT	0.0
R_FBMO12	0.0
R_FBMO12_duplicate_2	0.0
R_FBMO12_duplicate_3	0.0
R_FBMO12_duplicate_4	0.0
R_FBMO13	0.0
R_FBMO13_duplicate_2	0.0
R_FBMO13_duplicate_3	0.0
R_FBMO13_duplicate_4	0.0
R_ASPALAt	-1000.0
R_GLUABUTt7	0.0
R_PYAM5PO	0.0
R_PHBD	0.0
R_PHBD_duplicate_2	0.0
R_PHBD_duplicate_3	0.0
R_PHBD_duplicate_4	0.0
R_PHBD_duplicate_5	0.0
R_PHBD_duplicate_6	0.0
R_GLYK	0.0
R_GLYK_duplicate_2	0.0
R_UREAt	-0.0
R_G3PD2	0.0006388747692097942
R_MANpts	0.0
R_G3PD5	0.0
R_G3PD5_duplicate_2	0.0
R_GLCRD	0.0
R_4NOXDR	0.0
R_4NOXDR_duplicate_2	0.0
R_4NOXDR_duplicate_3	0.0
R_2KCHCCH	0.0
R_2KCHCCH_duplicate_2	0.0
R_2KCHCCH_duplicate_3	0.0
R_2KCHCCH_duplicate_4	0.0
R_DABOT	0.0
R_PGI	0.0
R_PGI_duplicate_2	0.0
R_ASO3t1	0.0
R_4HTHRS	0.0
R_PGK	0.0
R_PGK_duplicate_2	0.0
R_PGK_duplicate_3	0.0
R_ASO3t2	0.0
R_SERtr	0.3872763584108899
R_PGM	0.0
R_PGM_duplicate_2	0.0
R_PGL	0.0
R_GLCRDH	0.0
R_NAMNPP	0.0
R_AGMT	0.0
R_MUCCYCI	0.0
R_MUCCYCI_duplicate_2	0.0
R_MCCIS2	0.0
R_MCCIS2_duplicate_2	0.0
R_MCCIS5	0.0
R_MCCIS5_duplicate_2	0.0
R_MCCIS4	0.0
R_MCCIS4_duplicate_2	0.0
R_OCMPH1	0.0
R_NITRDT1p	0.0
R_GLYCt	0.0
R_THMB	0.0
R_OMPHHX3	0.0
R_MCCIS1	0.0
R_MCCIS1_duplicate_2	0.0
R_OCMPH2	0.0
R_PHBt	0.0
R_MNAO8	0.0
R_P5CR	0.0
R_LGTHL	0.0
R_LGTHL_duplicate_2	0.0
R_LGTHL_duplicate_3	0.0
R_LGTHL_duplicate_4	0.0
R_LGTHL_duplicate_5	0.0
R_MNAO9	0.0
R_GGLUCYSS	0.0
R_MNAO4	0.0
R_MNAO5	0.0
R_MNAO6	0.0
R_IMG3PS	0.0
R_IMG3PS_duplicate_2	0.0
R_MNAO7	0.0
R_AACTOOR	0.0
R_MNAO2	0.0
R_UAGPT2	0.09583121538162231
R_MNAO3	0.0
R_FMETTRS	0.023373830415167173
R_ALAabc	0.0
R_ME4PCT	0.0
R_HEMEOS	0.0
R_DTO4CH	0.0
R_FLBZDD	0.0
R_FLBZDD_duplicate_2	0.0
R_ASPR	0.0
R_DHAt	-0.0
R_S7PI	0.02280782926082611
R_ACGApts	0.0
R_PDX5PS	0.0
R_PDX5PS_duplicate_2	0.0
R_PDX5PS_duplicate_3	0.0
R_PDX5PS_duplicate_4	0.0
R_HMPK1	0.0
R_DHADT1	0.0
R_DHADT1_duplicate_2	0.0
R_PLIPASA1S_Nlimit	0.0
R_MCDC	0.0
R_DHADT2	0.0
R_DHADT2_duplicate_2	0.0
R_ACPS1	0.0
R_DHPMD	0.0
R_DHPMD_duplicate_2	0.0
R_MALTTTRabc	0.0
R_4HBZt	0.0
R_PCT3	0.0
R_PCT2	0.0
R_PGCM	-0.01520521950721741
R_PCT1	8.992911077191337
R_DAPE	0.0
R_NUDPK10	0.0
R_GOX	0.0
R_ASPt	1000.3308010515506
R_GLUPRT	0.0
R_FE2abc	2.4471873930219127e-06
R_HISabc	0.0
R_HISabc_duplicate_2	0.0
R_HISabc_duplicate_3	0.0
R_HISabc_duplicate_4	0.0
R_HISabc_duplicate_5	0.0
R_HISabc_duplicate_6	0.0
R_4HBTt	0.0
R_BETALDHx	0.0
R_BETALDDH1	0.0
R_MALDDH	0.0
R_SUCCt2r	0.0
R_GSNt2	0.0
R_ILETA	0.0
R_ASNS	0.0
R_PDH1	0.0
R_PDH1_duplicate_2	0.0
R_PDH1_duplicate_3	0.0
R_PDH1_duplicate_4	0.0
R_PDH1_duplicate_5	0.0
R_PDH1_duplicate_6	0.0
R_2AMBZC	0.0
R_ICDHx	0.0
R_PDH2	0.0
R_PDH2_duplicate_2	0.0
R_CLS_m	0.0
R_CLS_m_duplicate_2	0.0
R_CLPNS2	0.0
R_CLPNS2_duplicate_2	0.007352650000154972
R_P5CD3	0.0
R_BPDDO	0.0
R_P5CD4	0.0
R_METAT	0.0
R_METAT_duplicate_2	0.0
R_PDH3	0.0
R_PDH3_duplicate_2	0.0
R_PDH3_duplicate_3	0.0
R_PDH3_duplicate_4	0.0
R_P5CD5	0.0
R_BKAR2	0.0
R_BKAR2_duplicate_2	0.0
R_PCNO	0.0
R_PCNO_duplicate_2	0.0
R_DAPabc	0.09583121538162231
R_4HBZDC	0.0
R_R15BPK	0.0
R_ASPK	0.0
R_MGSA	0.0
R_4HBZCT	0.0
R_4HBZCT_duplicate_2	0.0
R_PAPSR	0.0
R_IPMD	0.0
R_IPMD_duplicate_2	0.0
R_IPMD_duplicate_3	0.0
R_PAPSR2	0.0
R_GCALDD	0.0006388747692097942
R_PDX5POi	0.0
R_FGDM	0.0
R_FGDM_duplicate_2	0.0
R_FGDM_duplicate_3	0.0
R_FGDM_duplicate_4	0.0
R_NA1t	-1000.0
R_CRNCDH	0.0
R_CRNCDH_duplicate_2	0.0
R_NO3R1	0.0
R_NO3R1_duplicate_2	0.0
R_NO3R1_duplicate_3	0.0
R_NO3R1_duplicate_4	0.0
R_NO3R1_duplicate_5	0.0
R_FLVR	0.0
R_FLVR_duplicate_2	0.0
R_GALCTNt2r	0.0
R_FRUpts2	0.0
R_CATCHD1	0.0
R_CATCHD2	0.0
R_CATCHD3	0.0
R_CATCHD4	0.0
R_CATCHD5	0.0
R_HSERA	0.0
R_TMPK	5.617315359728807e-07
R_HSDy	0.0
R_DHNPA	0.0006388747692097942
R_URItr	-1000.0
R_BUTNt	0.0
R_MECDPS	0.0
R_GLNS	0.0
R_GLNS_duplicate_2	0.0
R_GLNS_duplicate_3	0.0
R_GLNST2	0.09583121538162231
R_GLNST2_duplicate_2	0.0
R_GLNST2_duplicate_3	0.0
R_THMPT	5.617315359728807e-07
R_THMPT_duplicate_2	0.0
R_THMPT_duplicate_3	0.0
R_THMPT_duplicate_4	0.0
R_THMPT_duplicate_5	0.0
R_THMPT_duplicate_6	0.0
R_THMPT_duplicate_7	0.0
R_CTBTCRNCT	0.0
R_CTBTCRNCT_duplicate_2	0.0
R_2NAPTCT	0.0
R_2NAPTCT_duplicate_2	0.0
R_2NAPTCT_duplicate_3	0.0
R_2NAPTCT_duplicate_4	0.0
R_2NAPTCT_duplicate_5	0.0
R_2NAPTCT_duplicate_6	0.0
R_2NAPTCT_duplicate_7	0.0
R_SUCCS	0.0
R_SUCCS_duplicate_2	0.0
R_P5CD2	0.0
R_P5CD	0.0
R_LDH_L	0.0
R_ASNN	0.0
R_ASNN_duplicate_2	0.0
R_L__LACD4	0.0
R_NACt	0.0
R_CMBLD1	0.0
R_CMBLD1_duplicate_2	0.0
R_CMBLD1_duplicate_3	0.0
R_CMBLD2	0.0
R_CMBLD2_duplicate_2	0.0
R_CMBLD2_duplicate_3	0.0
R_GLYCK	0.0
R_NODOx	0.0
R_NODOx_duplicate_2	0.0
R_CMBLD6	0.0
R_CMBLD6_duplicate_2	0.0
R_CMBLD6_duplicate_3	0.0
R_ORPT	0.0
R_NODOX2	0.0
R_GLYCEK1	0.0
R_HSK	0.0
R_HSK_duplicate_2	0.0
R_HSK_duplicate_3	0.0
R_HSK_duplicate_4	0.0
R_CMBLD5	0.0
R_CMBLD5_duplicate_2	0.0
R_CMBLD5_duplicate_3	0.0
R_CMBLD4	0.0
R_CMBLD4_duplicate_2	0.0
R_CMBLD4_duplicate_3	0.0
R_CMBLD3	0.0
R_CMBLD3_duplicate_2	0.0
R_CMBLD3_duplicate_3	0.0
R_SELNPS	0.0
R_CMBLD7	0.0
R_CMBLD7_duplicate_2	0.0
R_CMBLD7_duplicate_3	0.0
R_2MNAPTH	0.0
R_2MNAPTH_duplicate_2	0.0
R_2MNAPTH_duplicate_3	0.0
R_2MNAPTH_duplicate_4	0.0
R_CITNCL	0.0
R_CITNCL_duplicate_2	0.0
R_CITNCL_duplicate_3	0.0
R_CITNCL_duplicate_4	0.0
R_CITNCL_duplicate_5	0.0
R_CITNCL_duplicate_6	0.0
R_CITNCL_duplicate_7	0.0
R_CITNCL_duplicate_8	0.0
R_CITNCL_duplicate_9	0.0
R_CITNCL_duplicate_10	0.0
R_CITNCL_duplicate_11	0.0
R_CITNCL_duplicate_12	0.0
R_CITNCL_duplicate_13	0.0
R_CITNCL_duplicate_14	0.0
R_CITNCL_duplicate_15	0.0
R_CITNCL_duplicate_16	0.0
R_CITNCL_duplicate_17	0.0
R_CITNCL_duplicate_18	0.0
R_CITNCL_duplicate_19	0.0
R_ACTF2	0.0
R_ACTF2_duplicate_2	0.0
R_ACTF2_duplicate_3	0.0
R_ACTF2_duplicate_4	0.0
R_ACTF2_duplicate_5	0.0
R_ACTF2_duplicate_6	0.0
R_ACTF2_duplicate_7	0.0
R_ACTF2_duplicate_8	0.0
R_ACTF2_duplicate_9	0.0
R_ACTF2_duplicate_10	0.0
R_ACTF2_duplicate_11	0.0
R_ACTF2_duplicate_12	0.0
R_ACTF2_duplicate_13	0.0
R_ACTF2_duplicate_14	0.0
R_ACTF2_duplicate_15	0.0
R_ACTF2_duplicate_16	0.0
R_ACTF2_duplicate_17	0.0
R_ACTF2_duplicate_18	0.0
R_ACTF2_duplicate_19	0.0
R_ACTF2_duplicate_20	0.0
R_ACTF2_duplicate_21	0.0
R_ACTF2_duplicate_22	0.0
R_ACTF2_duplicate_23	0.0
R_ACTF2_duplicate_24	0.0
R_ACTF3	0.0
R_ACTF3_duplicate_2	0.0
R_ACTF3_duplicate_3	0.0
R_ACTF3_duplicate_4	0.0
R_ACTF3_duplicate_5	0.0
R_ACTF3_duplicate_6	0.0
R_ACTF3_duplicate_7	0.0
R_ACTF3_duplicate_8	0.0
R_ACTF3_duplicate_9	0.0
R_ACTF3_duplicate_10	0.0
R_ACTF3_duplicate_11	0.0
R_ACTF3_duplicate_12	0.0
R_ACTF3_duplicate_13	0.0
R_ACTF3_duplicate_14	0.0
R_ACTF3_duplicate_15	0.0
R_ACTF3_duplicate_16	0.0
R_ACTF3_duplicate_17	0.0
R_ACTF3_duplicate_18	0.0
R_ACTF3_duplicate_19	0.0
R_ACTF3_duplicate_20	0.0
R_ACTF3_duplicate_21	0.0
R_ACTF3_duplicate_22	0.0
R_ACTF3_duplicate_23	0.0
R_ACTF3_duplicate_24	0.0
R_CATCHD6	0.0
R_ACTF4	0.0
R_ACTF4_duplicate_2	0.0
R_ACTF4_duplicate_3	0.0
R_ACTF4_duplicate_4	0.0
R_ACTF4_duplicate_5	0.0
R_ACTF4_duplicate_6	0.0
R_ACTF4_duplicate_7	0.0
R_ACTF4_duplicate_8	0.0
R_ACTF4_duplicate_9	0.0
R_ACTF4_duplicate_10	0.0
R_ACTF4_duplicate_11	0.0
R_ACTF4_duplicate_12	0.0
R_ACTF4_duplicate_13	0.0
R_ACTF4_duplicate_14	0.0
R_ACTF4_duplicate_15	0.0
R_ACTF4_duplicate_16	0.0
R_ACTF4_duplicate_17	0.0
R_ACTF4_duplicate_18	0.0
R_ACTF4_duplicate_19	0.0
R_ACTF4_duplicate_20	0.0
R_ACTF4_duplicate_21	0.0
R_ACTF4_duplicate_22	0.0
R_ACTF4_duplicate_23	0.0
R_ACTF4_duplicate_24	0.0
R_ACTF5	0.0
R_ACTF5_duplicate_2	0.0
R_ACTF5_duplicate_3	0.0
R_ACTF5_duplicate_4	0.0
R_ACTF5_duplicate_5	0.0
R_ACTF5_duplicate_6	0.0
R_ACTF5_duplicate_7	0.0
R_ACTF5_duplicate_8	0.0
R_ACTF5_duplicate_9	0.0
R_ACTF5_duplicate_10	0.0
R_ACTF5_duplicate_11	0.0
R_ACTF5_duplicate_12	0.0
R_ACTF5_duplicate_13	0.0
R_ACTF5_duplicate_14	0.0
R_ACTF5_duplicate_15	0.0
R_ACTF5_duplicate_16	0.0
R_ACTF5_duplicate_17	0.0
R_ACTF5_duplicate_18	0.0
R_ACTF5_duplicate_19	0.0
R_ACTF5_duplicate_20	0.0
R_ACTF5_duplicate_21	0.0
R_ACTF5_duplicate_22	0.0
R_ACTF5_duplicate_23	0.0
R_ACTF5_duplicate_24	0.0
R_ENCOAH3	0.0
R_ENCOAH3_duplicate_2	0.0
R_ENCOAH3_duplicate_3	0.0
R_ENCOAH3_duplicate_4	0.0
R_ENCOAH3_duplicate_5	0.0
R_ENCOAH3_duplicate_6	0.0
R_ENCOAH3_duplicate_7	0.0
R_ENCOAH3_duplicate_8	0.0
R_ENCOAH3_duplicate_9	0.0
R_ENCOAH3_duplicate_10	0.0
R_ENCOAH3_duplicate_11	0.0
R_ENCOAH3_duplicate_12	0.0
R_ENCOAH3_duplicate_13	0.0
R_ENCOAH3_duplicate_14	0.0
R_ENCOAH3_duplicate_15	0.0
R_ENCOAH3_duplicate_16	0.0
R_ENCOAH3_duplicate_17	0.0
R_ENCOAH3_duplicate_18	0.0
R_ENCOAH3_duplicate_19	0.0
R_ENCOAH3_duplicate_20	0.0
R_ENCOAH3_duplicate_21	0.0
R_ENCOAH3_duplicate_22	0.0
R_ENCOAH3_duplicate_23	0.0
R_ENCOAH3_duplicate_24	0.0
R_ENCOAH3_duplicate_25	0.0
R_ENCOAH3_duplicate_26	0.0
R_ENCOAH3_duplicate_27	0.0
R_ENCOAH3_duplicate_28	0.0
R_ENCOAH3_duplicate_29	0.0
R_ENCOAH3_duplicate_30	0.0
R_ENCOAH3_duplicate_31	0.0
R_ENCOAH3_duplicate_32	0.0
R_ENCOAH3_duplicate_33	0.0
R_ENCOAH3_duplicate_34	0.0
R_ENCOAH3_duplicate_35	0.0
R_ENCOAH3_duplicate_36	0.0
R_ENCOAH3_duplicate_37	0.0
R_ENCOAH3_duplicate_38	0.0
R_ENCOAH3_duplicate_39	0.0
R_ENCOAH3_duplicate_40	0.0
R_ENCOAH3_duplicate_41	0.0
R_ENCOAH3_duplicate_42	0.0
R_ENCOAH3_duplicate_43	0.0
R_ENCOAH3_duplicate_44	0.0
R_ENCOAH3_duplicate_45	0.0
R_ENCOAH3_duplicate_46	0.0
R_ENCOAH3_duplicate_47	0.0
R_FDH2	0.0
R_ENCOAH4	0.0
R_ENCOAH4_duplicate_2	0.0
R_ENCOAH4_duplicate_3	0.0
R_ENCOAH4_duplicate_4	0.0
R_ENCOAH4_duplicate_5	0.0
R_ENCOAH4_duplicate_6	0.0
R_ENCOAH4_duplicate_7	0.0
R_ENCOAH4_duplicate_8	0.0
R_ENCOAH4_duplicate_9	0.0
R_ENCOAH4_duplicate_10	0.0
R_ENCOAH4_duplicate_11	0.0
R_ENCOAH4_duplicate_12	0.0
R_ENCOAH4_duplicate_13	0.0
R_ENCOAH4_duplicate_14	0.0
R_ENCOAH4_duplicate_15	0.0
R_ENCOAH4_duplicate_16	0.0
R_ENCOAH4_duplicate_17	0.0
R_ENCOAH4_duplicate_18	0.0
R_ENCOAH4_duplicate_19	0.0
R_ENCOAH4_duplicate_20	0.0
R_ENCOAH4_duplicate_21	0.0
R_ENCOAH4_duplicate_22	0.0
R_ENCOAH4_duplicate_23	0.0
R_ENCOAH4_duplicate_24	0.0
R_ENCOAH4_duplicate_25	0.0
R_ENCOAH4_duplicate_26	0.0
R_ENCOAH4_duplicate_27	0.0
R_ENCOAH4_duplicate_28	0.0
R_ENCOAH4_duplicate_29	0.0
R_ENCOAH4_duplicate_30	0.0
R_ENCOAH4_duplicate_31	0.0
R_ENCOAH4_duplicate_32	0.0
R_ENCOAH4_duplicate_33	0.0
R_ENCOAH4_duplicate_34	0.0
R_ENCOAH4_duplicate_35	0.0
R_ENCOAH4_duplicate_36	0.0
R_ENCOAH4_duplicate_37	0.0
R_ENCOAH4_duplicate_38	0.0
R_ENCOAH4_duplicate_39	0.0
R_ENCOAH4_duplicate_40	0.0
R_ENCOAH4_duplicate_41	0.0
R_ENCOAH4_duplicate_42	0.0
R_ENCOAH4_duplicate_43	0.0
R_ENCOAH4_duplicate_44	0.0
R_ENCOAH4_duplicate_45	0.0
R_ENCOAH4_duplicate_46	0.0
R_ENCOAH4_duplicate_47	0.0
R_ENCOAH1	0.0
R_ENCOAH1_duplicate_2	0.0
R_ENCOAH1_duplicate_3	0.0
R_ENCOAH1_duplicate_4	0.0
R_ENCOAH1_duplicate_5	0.0
R_ENCOAH1_duplicate_6	0.0
R_ENCOAH1_duplicate_7	0.0
R_ENCOAH1_duplicate_8	0.0
R_ENCOAH1_duplicate_9	0.0
R_ENCOAH1_duplicate_10	0.0
R_ENCOAH1_duplicate_11	0.0
R_ENCOAH1_duplicate_12	0.0
R_ENCOAH1_duplicate_13	0.0
R_ENCOAH1_duplicate_14	0.0
R_ENCOAH1_duplicate_15	0.0
R_ENCOAH1_duplicate_16	0.0
R_ENCOAH1_duplicate_17	0.0
R_ENCOAH1_duplicate_18	0.0
R_ENCOAH1_duplicate_19	0.0
R_ENCOAH1_duplicate_20	0.0
R_ENCOAH1_duplicate_21	0.0
R_ENCOAH1_duplicate_22	0.0
R_ENCOAH1_duplicate_23	0.0
R_ENCOAH1_duplicate_24	0.0
R_ENCOAH1_duplicate_25	0.0
R_ENCOAH1_duplicate_26	0.0
R_ENCOAH1_duplicate_27	0.0
R_ENCOAH1_duplicate_28	0.0
R_ENCOAH1_duplicate_29	0.0
R_ENCOAH1_duplicate_30	0.0
R_ENCOAH1_duplicate_31	0.0
R_ENCOAH1_duplicate_32	0.0
R_ENCOAH1_duplicate_33	0.0
R_ENCOAH1_duplicate_34	0.0
R_ENCOAH1_duplicate_35	0.0
R_ENCOAH1_duplicate_36	0.0
R_ENCOAH1_duplicate_37	0.0
R_ENCOAH1_duplicate_38	0.0
R_ENCOAH1_duplicate_39	0.0
R_ENCOAH1_duplicate_40	0.0
R_ENCOAH1_duplicate_41	0.0
R_ENCOAH1_duplicate_42	0.0
R_ENCOAH1_duplicate_43	0.0
R_ENCOAH1_duplicate_44	0.0
R_ENCOAH1_duplicate_45	0.0
R_ENCOAH1_duplicate_46	0.0
R_ENCOAH1_duplicate_47	0.0
R_ENCOAH2	0.0
R_ENCOAH2_duplicate_2	0.0
R_ENCOAH2_duplicate_3	0.0
R_ENCOAH2_duplicate_4	0.0
R_ENCOAH2_duplicate_5	0.0
R_ENCOAH2_duplicate_6	0.0
R_ENCOAH2_duplicate_7	0.0
R_ENCOAH2_duplicate_8	0.0
R_ENCOAH2_duplicate_9	0.0
R_ENCOAH2_duplicate_10	0.0
R_ENCOAH2_duplicate_11	0.0
R_ENCOAH2_duplicate_12	0.0
R_ENCOAH2_duplicate_13	0.0
R_ENCOAH2_duplicate_14	0.0
R_ENCOAH2_duplicate_15	0.0
R_ENCOAH2_duplicate_16	0.0
R_ENCOAH2_duplicate_17	0.0
R_ENCOAH2_duplicate_18	0.0
R_ENCOAH2_duplicate_19	0.0
R_ENCOAH2_duplicate_20	0.0
R_ENCOAH2_duplicate_21	0.0
R_ENCOAH2_duplicate_22	0.0
R_ENCOAH2_duplicate_23	0.0
R_ENCOAH2_duplicate_24	0.0
R_ENCOAH2_duplicate_25	0.0
R_ENCOAH2_duplicate_26	0.0
R_ENCOAH2_duplicate_27	0.0
R_ENCOAH2_duplicate_28	0.0
R_ENCOAH2_duplicate_29	0.0
R_ENCOAH2_duplicate_30	0.0
R_ENCOAH2_duplicate_31	0.0
R_ENCOAH2_duplicate_32	0.0
R_ENCOAH2_duplicate_33	0.0
R_ENCOAH2_duplicate_34	0.0
R_ENCOAH2_duplicate_35	0.0
R_ENCOAH2_duplicate_36	0.0
R_ENCOAH2_duplicate_37	0.0
R_ENCOAH2_duplicate_38	0.0
R_ENCOAH2_duplicate_39	0.0
R_ENCOAH2_duplicate_40	0.0
R_ENCOAH2_duplicate_41	0.0
R_ENCOAH2_duplicate_42	0.0
R_ENCOAH2_duplicate_43	0.0
R_ENCOAH2_duplicate_44	0.0
R_ENCOAH2_duplicate_45	0.0
R_ENCOAH2_duplicate_46	0.0
R_ENCOAH2_duplicate_47	0.0
R_ENCOAH7	0.0
R_ENCOAH7_duplicate_2	0.0
R_ENCOAH7_duplicate_3	0.0
R_ENCOAH7_duplicate_4	0.0
R_ENCOAH7_duplicate_5	0.0
R_ENCOAH7_duplicate_6	0.0
R_ENCOAH7_duplicate_7	0.0
R_ENCOAH7_duplicate_8	0.0
R_ENCOAH7_duplicate_9	0.0
R_ENCOAH7_duplicate_10	0.0
R_ENCOAH7_duplicate_11	0.0
R_ENCOAH7_duplicate_12	0.0
R_ENCOAH7_duplicate_13	0.0
R_ENCOAH7_duplicate_14	0.0
R_ENCOAH7_duplicate_15	0.0
R_ENCOAH7_duplicate_16	0.0
R_ENCOAH7_duplicate_17	0.0
R_ENCOAH7_duplicate_18	0.0
R_ENCOAH7_duplicate_19	0.0
R_ENCOAH7_duplicate_20	0.0
R_ENCOAH7_duplicate_21	0.0
R_ENCOAH7_duplicate_22	0.0
R_ENCOAH7_duplicate_23	0.0
R_ENCOAH7_duplicate_24	0.0
R_ENCOAH7_duplicate_25	0.0
R_ENCOAH7_duplicate_26	0.0
R_ENCOAH7_duplicate_27	0.0
R_ENCOAH7_duplicate_28	0.0
R_ENCOAH7_duplicate_29	0.0
R_ENCOAH7_duplicate_30	0.0
R_ENCOAH7_duplicate_31	0.0
R_ENCOAH7_duplicate_32	0.0
R_ENCOAH7_duplicate_33	0.0
R_ENCOAH7_duplicate_34	0.0
R_ENCOAH7_duplicate_35	0.0
R_ENCOAH7_duplicate_36	0.0
R_ENCOAH7_duplicate_37	0.0
R_ENCOAH7_duplicate_38	0.0
R_ENCOAH7_duplicate_39	0.0
R_ENCOAH7_duplicate_40	0.0
R_ENCOAH7_duplicate_41	0.0
R_ENCOAH7_duplicate_42	0.0
R_ENCOAH7_duplicate_43	0.0
R_ENCOAH7_duplicate_44	0.0
R_ENCOAH7_duplicate_45	0.0
R_ENCOAH7_duplicate_46	0.0
R_ENCOAH7_duplicate_47	0.0
R_GLTN1	0.0
R_GLTN1_duplicate_2	0.0
R_GLTN1_duplicate_3	0.0
R_GLTN2	0.0
R_GLTN2_duplicate_2	0.0
R_GLTN2_duplicate_3	0.0
R_ENCOAH5	0.0
R_ENCOAH5_duplicate_2	0.0
R_ENCOAH5_duplicate_3	0.0
R_ENCOAH5_duplicate_4	0.0
R_ENCOAH5_duplicate_5	0.0
R_ENCOAH5_duplicate_6	0.0
R_ENCOAH5_duplicate_7	0.0
R_ENCOAH5_duplicate_8	0.0
R_ENCOAH5_duplicate_9	0.0
R_ENCOAH5_duplicate_10	0.0
R_ENCOAH5_duplicate_11	0.0
R_ENCOAH5_duplicate_12	0.0
R_ENCOAH5_duplicate_13	0.0
R_ENCOAH5_duplicate_14	0.0
R_ENCOAH5_duplicate_15	0.0
R_ENCOAH5_duplicate_16	0.0
R_ENCOAH5_duplicate_17	0.0
R_ENCOAH5_duplicate_18	0.0
R_ENCOAH5_duplicate_19	0.0
R_ENCOAH5_duplicate_20	0.0
R_ENCOAH5_duplicate_21	0.0
R_ENCOAH5_duplicate_22	0.0
R_ENCOAH5_duplicate_23	0.0
R_ENCOAH5_duplicate_24	0.0
R_ENCOAH5_duplicate_25	0.0
R_ENCOAH5_duplicate_26	0.0
R_ENCOAH5_duplicate_27	0.0
R_ENCOAH5_duplicate_28	0.0
R_ENCOAH5_duplicate_29	0.0
R_ENCOAH5_duplicate_30	0.0
R_ENCOAH5_duplicate_31	0.0
R_ENCOAH5_duplicate_32	0.0
R_ENCOAH5_duplicate_33	0.0
R_ENCOAH5_duplicate_34	0.0
R_ENCOAH5_duplicate_35	0.0
R_ENCOAH5_duplicate_36	0.0
R_ENCOAH5_duplicate_37	0.0
R_ENCOAH5_duplicate_38	0.0
R_ENCOAH5_duplicate_39	0.0
R_ENCOAH5_duplicate_40	0.0
R_ENCOAH5_duplicate_41	0.0
R_ENCOAH5_duplicate_42	0.0
R_ENCOAH5_duplicate_43	0.0
R_ENCOAH5_duplicate_44	0.0
R_ENCOAH5_duplicate_45	0.0
R_ENCOAH5_duplicate_46	0.0
R_ENCOAH5_duplicate_47	0.0
R_ENCOAH6	0.0
R_ENCOAH6_duplicate_2	0.0
R_ENCOAH6_duplicate_3	0.0
R_ENCOAH6_duplicate_4	0.0
R_ENCOAH6_duplicate_5	0.0
R_ENCOAH6_duplicate_6	0.0
R_ENCOAH6_duplicate_7	0.0
R_ENCOAH6_duplicate_8	0.0
R_ENCOAH6_duplicate_9	0.0
R_ENCOAH6_duplicate_10	0.0
R_ENCOAH6_duplicate_11	0.0
R_ENCOAH6_duplicate_12	0.0
R_ENCOAH6_duplicate_13	0.0
R_ENCOAH6_duplicate_14	0.0
R_ENCOAH6_duplicate_15	0.0
R_ENCOAH6_duplicate_16	0.0
R_ENCOAH6_duplicate_17	0.0
R_ENCOAH6_duplicate_18	0.0
R_ENCOAH6_duplicate_19	0.0
R_ENCOAH6_duplicate_20	0.0
R_ENCOAH6_duplicate_21	0.0
R_ENCOAH6_duplicate_22	0.0
R_ENCOAH6_duplicate_23	0.0
R_ENCOAH6_duplicate_24	0.0
R_ENCOAH6_duplicate_25	0.0
R_ENCOAH6_duplicate_26	0.0
R_ENCOAH6_duplicate_27	0.0
R_ENCOAH6_duplicate_28	0.0
R_ENCOAH6_duplicate_29	0.0
R_ENCOAH6_duplicate_30	0.0
R_ENCOAH6_duplicate_31	0.0
R_ENCOAH6_duplicate_32	0.0
R_ENCOAH6_duplicate_33	0.0
R_ENCOAH6_duplicate_34	0.0
R_ENCOAH6_duplicate_35	0.0
R_ENCOAH6_duplicate_36	0.0
R_ENCOAH6_duplicate_37	0.0
R_ENCOAH6_duplicate_38	0.0
R_ENCOAH6_duplicate_39	0.0
R_ENCOAH6_duplicate_40	0.0
R_ENCOAH6_duplicate_41	0.0
R_ENCOAH6_duplicate_42	0.0
R_ENCOAH6_duplicate_43	0.0
R_ENCOAH6_duplicate_44	0.0
R_ENCOAH6_duplicate_45	0.0
R_ENCOAH6_duplicate_46	0.0
R_ENCOAH6_duplicate_47	0.0
R_GLTN3	0.0
R_GLTN3_duplicate_2	0.0
R_GLTN3_duplicate_3	0.0
R_AGMHE	0.02280782926082611
R_G3POAT	0.0
R_GCLDH	0.0
R_26DICH	0.0
R_PPPGO	0.0
R_PPPGO_duplicate_2	0.0
R_FABC161	0.013244257290601729
R_FABC160	0.05628809348505735
R_GAPD	0.0
R_GAPD_duplicate_2	0.0
R_GAPD_duplicate_3	0.0
R_GAPD_duplicate_4	0.0
R_THRabc	0.0
R_HISAL	0.0
R_METS	0.0
R_NITRDT1	0.0
R_UMPK	0.5676414247501397
R_UMPK_duplicate_2	0.0
R_NITRDT2	0.0
R_BTCOADm	0.0
R_BTCOADm_duplicate_2	0.0
R_BTCOADm_duplicate_3	0.0
R_BTCOADm_duplicate_4	0.0
R_BTCOADm_duplicate_5	0.0
R_TPI	0.0006388747692097942
R_PHBZMN	0.0
R_ALTRH	0.0
R_ALTRH_duplicate_2	0.0
R_DINSt2	0.0
R_ACOADH5	0.0
R_ACOADH5_duplicate_2	0.0
R_ACOADH5_duplicate_3	0.0
R_ACOADH5_duplicate_4	0.0
R_ACOADH5_duplicate_5	0.0
R_ACOADH5_duplicate_6	0.0
R_ACOADH5_duplicate_7	0.0
R_ACOADH5_duplicate_8	0.0
R_ACOADH5_duplicate_9	0.0
R_ACOADH5_duplicate_10	0.0
R_ACOADH5_duplicate_11	0.0
R_ACOADH5_duplicate_12	0.0
R_ACOADH5_duplicate_13	0.0
R_ACOADH5_duplicate_14	0.0
R_ACOADH5_duplicate_15	0.0
R_ACOADH5_duplicate_16	0.0
R_ACOADH5_duplicate_17	0.0
R_ACOADH5_duplicate_18	0.0
R_ACOADH5_duplicate_19	0.0
R_ACOADH5_duplicate_20	0.0
R_ACOADH5_duplicate_21	0.0
R_ACOADH5_duplicate_22	0.0
R_ACOADH5_duplicate_23	0.0
R_ACOADH5_duplicate_24	0.0
R_ACOADH5_duplicate_25	0.0
R_ACOADH5_duplicate_26	0.0
R_ACOADH5_duplicate_27	0.0
R_ACOADH5_duplicate_28	0.0
R_ACOADH5_duplicate_29	0.0
R_ACOADH5_duplicate_30	0.0
R_ACOADH5_duplicate_31	0.0
R_ACOADH5_duplicate_32	0.0
R_ACOADH5_duplicate_33	0.0
R_ACOADH5_duplicate_34	0.0
R_ACOADH5_duplicate_35	0.0
R_ACOADH5_duplicate_36	0.0
R_ACOADH5_duplicate_37	0.0
R_ACOADH5_duplicate_38	0.0
R_ACOADH5_duplicate_39	0.0
R_ACOADH5_duplicate_40	0.0
R_ACOADH5_duplicate_41	0.0
R_ACOADH5_duplicate_42	0.0
R_ACOADH5_duplicate_43	0.0
R_ACOADH5_duplicate_44	0.0
R_ACOADH5_duplicate_45	0.0
R_DADNt2	0.0
R_BTCOAD2	0.0
R_BTCOAD2_duplicate_2	0.0
R_BTCOAD2_duplicate_3	0.0
R_BTCOAD2_duplicate_4	0.0
R_BTCOAD2_duplicate_5	0.0
R_FTOLAM	0.0
R_FTOLAM_duplicate_2	0.0
R_FTOLAM_duplicate_3	0.0
R_FTOLAM_duplicate_4	0.0
R_FTOLAM_duplicate_5	0.0
R_FTOLAM_duplicate_6	0.0
R_FTOLAM_duplicate_7	0.0
R_FTOLAM_duplicate_8	0.0
R_FTOLAM_duplicate_9	0.0
R_FTOLAM_duplicate_10	0.0
R_FTOLAM_duplicate_11	0.0
R_FTOLAM_duplicate_12	0.0
R_FTOLAM_duplicate_13	0.0
R_FTOLAM_duplicate_14	0.0
R_R3HBNt	0.0
R_PROAKGOX1	0.0
R_ACONT2	0.0
R_ACONT2_duplicate_2	0.0
R_ACONT2_duplicate_3	0.0
R_FABC171	0.0
R_FABC170	0.023177450258553025
R_URAt2	1000.4189389196149
R_AGPAT	0.0
R_AGPAT_duplicate_2	0.0
R_MALPYRI	0.0
R_ACONT1	0.0
R_ACONT1_duplicate_2	0.0
R_ACONT1_duplicate_3	0.0
R_ADCS	0.0006388747692097942
R_GSDH	0.0
R_GSDH_duplicate_2	0.0
R_GSDH_duplicate_3	0.0
R_GSDH_duplicate_4	0.0
R_GSDH_duplicate_5	0.0
R_GSDH_duplicate_6	0.0
R_GSDH_duplicate_7	0.0
R_GSDH_duplicate_8	0.0
R_GSDH_duplicate_9	0.0
R_GSDH_duplicate_10	0.0
R_GSDH_duplicate_11	0.0
R_GSDH_duplicate_12	0.0
R_ACOADH1	0.0
R_ACOADH1_duplicate_2	0.0
R_ACOADH1_duplicate_3	0.0
R_ACOADH1_duplicate_4	0.0
R_ACOADH1_duplicate_5	0.0
R_ACOADH1_duplicate_6	0.0
R_ACOADH1_duplicate_7	0.0
R_ACOADH1_duplicate_8	0.0
R_ACOADH1_duplicate_9	0.0
R_ACOADH1_duplicate_10	0.0
R_ACOADH1_duplicate_11	0.0
R_ACOADH1_duplicate_12	0.0
R_ACOADH1_duplicate_13	0.0
R_ACOADH1_duplicate_14	0.0
R_ACOADH1_duplicate_15	0.0
R_ACOADH1_duplicate_16	0.0
R_ACOADH1_duplicate_17	0.0
R_ACOADH1_duplicate_18	0.0
R_ACOADH1_duplicate_19	0.0
R_ACOADH1_duplicate_20	0.0
R_ACOADH1_duplicate_21	0.0
R_ACOADH1_duplicate_22	0.0
R_ACOADH1_duplicate_23	0.0
R_ACOADH1_duplicate_24	0.0
R_ACOADH1_duplicate_25	0.0
R_ACOADH1_duplicate_26	0.0
R_ACOADH1_duplicate_27	0.0
R_ACOADH1_duplicate_28	0.0
R_ACOADH1_duplicate_29	0.0
R_ACOADH1_duplicate_30	0.0
R_ACOADH1_duplicate_31	0.0
R_ACOADH1_duplicate_32	0.0
R_ACOADH1_duplicate_33	0.0
R_ACOADH1_duplicate_34	0.0
R_ACOADH1_duplicate_35	0.0
R_ACOADH1_duplicate_36	0.0
R_ACOADH1_duplicate_37	0.0
R_ACOADH1_duplicate_38	0.0
R_ACOADH1_duplicate_39	0.0
R_ACOADH1_duplicate_40	0.0
R_ACOADH1_duplicate_41	0.0
R_ACOADH1_duplicate_42	0.0
R_ACOADH1_duplicate_43	0.0
R_ACOADH1_duplicate_44	0.0
R_ACOADH1_duplicate_45	0.0
R_ACOADH1_duplicate_46	0.0
R_ACOADH1_duplicate_47	0.0
R_ACOADH1_duplicate_48	0.0
R_ACOADH1_duplicate_49	0.0
R_MAN6PI	0.046254533290862015
R_DALAt2r	0.28749364614486694
R_SUCFUMt	0.0
R_ACOADH2	0.0
R_ACOADH2_duplicate_2	0.0
R_ACOADH2_duplicate_3	0.0
R_ACOADH2_duplicate_4	0.0
R_ACOADH2_duplicate_5	0.0
R_ACOADH2_duplicate_6	0.0
R_ACOADH2_duplicate_7	0.0
R_ACOADH2_duplicate_8	0.0
R_ACOADH2_duplicate_9	0.0
R_ACOADH2_duplicate_10	0.0
R_ACOADH2_duplicate_11	0.0
R_ACOADH2_duplicate_12	0.0
R_ACOADH2_duplicate_13	0.0
R_ACOADH2_duplicate_14	0.0
R_ACOADH2_duplicate_15	0.0
R_ACOADH2_duplicate_16	0.0
R_ACOADH2_duplicate_17	0.0
R_ACOADH2_duplicate_18	0.0
R_ACOADH2_duplicate_19	0.0
R_ACOADH2_duplicate_20	0.0
R_ACOADH2_duplicate_21	0.0
R_ACOADH2_duplicate_22	0.0
R_ACOADH2_duplicate_23	0.0
R_ACOADH2_duplicate_24	0.0
R_ACOADH2_duplicate_25	0.0
R_ACOADH2_duplicate_26	0.0
R_ACOADH2_duplicate_27	0.0
R_ACOADH2_duplicate_28	0.0
R_ACOADH2_duplicate_29	0.0
R_ACOADH2_duplicate_30	0.0
R_ACOADH2_duplicate_31	0.0
R_ACOADH2_duplicate_32	0.0
R_ACOADH2_duplicate_33	0.0
R_ACOADH2_duplicate_34	0.0
R_ACOADH2_duplicate_35	0.0
R_ACOADH2_duplicate_36	0.0
R_ACOADH2_duplicate_37	0.0
R_ACOADH2_duplicate_38	0.0
R_ACOADH2_duplicate_39	0.0
R_ACOADH2_duplicate_40	0.0
R_ACOADH2_duplicate_41	0.0
R_ACOADH2_duplicate_42	0.0
R_ACOADH2_duplicate_43	0.0
R_ACOADH2_duplicate_44	0.0
R_ACOADH2_duplicate_45	0.0
R_ACOADH2_duplicate_46	0.0
R_ACOADH2_duplicate_47	0.0
R_ACOADH2_duplicate_48	0.0
R_ACOADH2_duplicate_49	0.0
R_ACOADH2_duplicate_50	0.0
R_ACOADH2_duplicate_51	0.0
R_ACOADH2_duplicate_52	0.0
R_ACOADH3	0.0
R_ACOADH3_duplicate_2	0.0
R_ACOADH3_duplicate_3	0.0
R_ACOADH3_duplicate_4	0.0
R_ACOADH3_duplicate_5	0.0
R_ACOADH3_duplicate_6	0.0
R_ACOADH3_duplicate_7	0.0
R_ACOADH3_duplicate_8	0.0
R_ACOADH3_duplicate_9	0.0
R_ACOADH3_duplicate_10	0.0
R_ACOADH3_duplicate_11	0.0
R_ACOADH3_duplicate_12	0.0
R_ACOADH3_duplicate_13	0.0
R_ACOADH3_duplicate_14	0.0
R_ACOADH3_duplicate_15	0.0
R_ACOADH3_duplicate_16	0.0
R_ACOADH3_duplicate_17	0.0
R_ACOADH3_duplicate_18	0.0
R_ACOADH3_duplicate_19	0.0
R_ACOADH3_duplicate_20	0.0
R_ACOADH3_duplicate_21	0.0
R_ACOADH3_duplicate_22	0.0
R_ACOADH3_duplicate_23	0.0
R_ACOADH3_duplicate_24	0.0
R_ACOADH3_duplicate_25	0.0
R_ACOADH3_duplicate_26	0.0
R_ACOADH3_duplicate_27	0.0
R_ACOADH3_duplicate_28	0.0
R_ACOADH3_duplicate_29	0.0
R_ACOADH3_duplicate_30	0.0
R_ACOADH3_duplicate_31	0.0
R_ACOADH3_duplicate_32	0.0
R_ACOADH3_duplicate_33	0.0
R_ACOADH3_duplicate_34	0.0
R_ACOADH3_duplicate_35	0.0
R_ACOADH3_duplicate_36	0.0
R_ACOADH3_duplicate_37	0.0
R_ACOADH3_duplicate_38	0.0
R_ACOADH3_duplicate_39	0.0
R_ACOADH3_duplicate_40	0.0
R_ACOADH3_duplicate_41	0.0
R_ACOADH3_duplicate_42	0.0
R_ACOADH3_duplicate_43	0.0
R_ACOADH3_duplicate_44	0.0
R_ACOADH3_duplicate_45	0.0
R_ACOADH4	0.0
R_ACOADH4_duplicate_2	0.0
R_ACOADH4_duplicate_3	0.0
R_ACOADH4_duplicate_4	0.0
R_ACOADH4_duplicate_5	0.0
R_ACOADH4_duplicate_6	0.0
R_ACOADH4_duplicate_7	0.0
R_ACOADH4_duplicate_8	0.0
R_ACOADH4_duplicate_9	0.0
R_ACOADH4_duplicate_10	0.0
R_ACOADH4_duplicate_11	0.0
R_ACOADH4_duplicate_12	0.0
R_ACOADH4_duplicate_13	0.0
R_ACOADH4_duplicate_14	0.0
R_ACOADH4_duplicate_15	0.0
R_ACOADH4_duplicate_16	0.0
R_ACOADH4_duplicate_17	0.0
R_ACOADH4_duplicate_18	0.0
R_ACOADH4_duplicate_19	0.0
R_ACOADH4_duplicate_20	0.0
R_ACOADH4_duplicate_21	0.0
R_ACOADH4_duplicate_22	0.0
R_ACOADH4_duplicate_23	0.0
R_ACOADH4_duplicate_24	0.0
R_ACOADH4_duplicate_25	0.0
R_ACOADH4_duplicate_26	0.0
R_ACOADH4_duplicate_27	0.0
R_ACOADH4_duplicate_28	0.0
R_ACOADH4_duplicate_29	0.0
R_ACOADH4_duplicate_30	0.0
R_ACOADH4_duplicate_31	0.0
R_ACOADH4_duplicate_32	0.0
R_ACOADH4_duplicate_33	0.0
R_ACOADH4_duplicate_34	0.0
R_ACOADH4_duplicate_35	0.0
R_ACOADH4_duplicate_36	0.0
R_ACOADH4_duplicate_37	0.0
R_ACOADH4_duplicate_38	0.0
R_ACOADH4_duplicate_39	0.0
R_ACOADH4_duplicate_40	0.0
R_ACOADH4_duplicate_41	0.0
R_ACOADH4_duplicate_42	0.0
R_ACOADH4_duplicate_43	0.0
R_ACOADH4_duplicate_44	0.0
R_ACOADH4_duplicate_45	0.0
R_ICL	0.0
R_ICL_duplicate_2	0.0
R_BAPYRT	0.0
R_UNK2	0.0
R_UNK2_duplicate_2	0.0
R_MOAT	0.007602609753608705
R_DURIPP	0.0
R_LAAO6	0.0
R_LAAO6_duplicate_2	0.0
R_PLIPASA1C_Nlimit	0.0
R_4HBTD	0.0
R_LAAO4	0.0
R_LAAO4_duplicate_2	0.0
R_LAAO5	0.0
R_LAAO5_duplicate_2	0.0
R_FABC190	0.0026488514581203457
R_LAAO2	0.0
R_LAAO2_duplicate_2	0.0
R_ESTLP	0.0
R_ESTLP_duplicate_2	0.0
R_ESTLP_duplicate_3	0.0
R_ESTLP_duplicate_4	0.0
R_ESTLP_duplicate_5	0.0
R_ESTLP_duplicate_6	0.0
R_ESTLP_duplicate_7	0.0
R_ESTLP_duplicate_8	0.0
R_ESTLP_duplicate_9	0.0
R_ESTLP_duplicate_10	0.0
R_ESTLP_duplicate_11	0.0
R_GLTPD	0.0
R_TDP	0.0
R_LAAO3	0.0
R_LAAO3_duplicate_2	0.0
R_TMDS	0.0364767146667838
R_EDTXS1	0.0
R_EDTXS1_duplicate_2	0.007602609753608705
R_EDTXS1_duplicate_3	0.0
R_2H3CBZP	0.0
R_2H3CBZP_duplicate_2	0.0
R_2H3CBZP_duplicate_3	0.0
R_2H3CBZP_duplicate_4	0.0
R_2H3CBZP_duplicate_5	0.0
R_2H3CBZP_duplicate_6	0.0
R_2H3CBZP_duplicate_7	0.0
R_KAS16	0.03041043901443482
R_EDTXS2	0.007602609753608705
R_THMDtr	-1000.0
R_ASPTRS	0.33080105155059186
R_FABC181	0.023177450258553025
R_RZ5PP	0.0
R_RZ5PP_duplicate_2	0.0
R_RZ5PP_duplicate_3	0.0
R_RZ5PP_duplicate_4	0.0
R_RZ5PP_duplicate_5	0.0
R_RZ5PP_duplicate_6	0.0
R_RZ5PP_duplicate_7	0.0
R_RZ5PP_duplicate_8	0.0
R_FABC180	0.0017659009720802307
R_UDPG4E	0.0
R_UDPG4E_duplicate_2	0.0
R_ICITt	0.0
R_BZALDD4	0.0
R_BZALDD5	0.0
R_THRt	0.0
R_BZALDD6	0.0
R_PDX5PSa	0.0
R_PDX5PSa_duplicate_2	0.0
R_PDX5PSa_duplicate_3	0.0
R_MAN6Pt6_2	0.046254533290862015
R_BZALDD1	0.0
R_A5PISO	0.03801304876804352
R_BZALDD2	0.0
R_CATECHt	0.0
R_BZALDD3	0.0
R_GENt	0.0
R_ALKP	0.0006388747692097942
R_ALKP_duplicate_2	0.0
R_ALKP_duplicate_3	0.0
R_APRAUR	7.933628868645166e-07
R_UMBM1	0.0
R_UMBM2	0.0
R_FOMETRi	0.0
R_FOMETRi_duplicate_2	0.0
R_ATPPRT	0.0
R_DADK	0.0
R_RIBabc	0.0
R_URAtr	-1000.0
R_THRS	0.0
R_THRS_duplicate_2	0.0
R_GARFT	-0.024012705184377987
R_DNA	0.0
R_UREA	0.0
R_UREA_duplicate_2	0.0
R_UREA_duplicate_3	0.0
R_GUAPRT	0.2812709273526376
R_HMBS	0.0
R_USHD	0.007602609753608705
R_ADIPt	0.0
R_PGLYCP	0.0
R_PGLYCP_duplicate_2	0.0
R_PGLYCP_duplicate_3	0.0
R_PGLYCP_duplicate_4	0.0
R_PGLYCP_duplicate_5	0.0
R_BENZOTt	1000.0
R_DHPS	0.0006388747692097942
R_PNTOt4	0.0004791560769081826
R_DHPS2	0.0
R_UDPGD	0.0
R_HYD1	0.0
R_GUAt	0.2812709273526376
R_KNTt	0.0
R_THMDt2	1000.0
R_GUAt2	0.0
R_PACt	0.0
R_FORA	0.0
R_FORA_duplicate_2	0.0
R_FORA_duplicate_3	0.0
R_FORA_duplicate_4	0.0
R_Maintenance	0.0
R_CRNt7	0.0
R_HEXTT	0.0
R_OTO4BZ	0.0
R_URIDK2r	-0.0364767146667838
R_OBTFL	0.03421433133405438
R_FBMO15p	0.0
R_FBMO15p_duplicate_2	0.0
R_FBMO15p_duplicate_3	0.0
R_FBMO15p_duplicate_4	0.0
R_ALR2	0.0
R_ALR2_duplicate_2	0.0
R_ALR2_duplicate_3	0.0
R_ALR2_duplicate_4	0.0
R_ALR2_duplicate_5	0.0
R_ALR2_duplicate_6	0.0
R_ALR2_duplicate_7	0.0
R_ALR2_duplicate_8	0.0
R_ALR2_duplicate_9	0.0
R_ALR2_duplicate_10	0.0
R_ALR2_duplicate_11	0.0
R_ALR2_duplicate_12	0.0
R_ETHAAL	0.0
R_ETHAAL_duplicate_2	0.0
R_PGRPP	0.02972684301137924
R_LEUTA	0.0
R_ADIPL	0.0
R_ADIPL_duplicate_2	0.0
R_ADIPL_duplicate_3	0.0
R_ADIPL_duplicate_4	0.0
R_ADIPL_duplicate_5	0.0
R_ADIPL_duplicate_6	0.0
R_ADIPL_duplicate_7	0.0
R_ADIPL_duplicate_8	0.0
R_ADIPL_duplicate_9	0.0
R_ADIPL_duplicate_10	0.0
R_ADIPL_duplicate_11	0.0
R_ADIPL_duplicate_12	0.0
R_ADIPL_duplicate_13	0.0
R_ADIPL_duplicate_14	0.0
R_ADIPL_duplicate_15	0.0
R_ADIPL_duplicate_16	0.0
R_ADIPL_duplicate_17	0.0
R_ADIPL_duplicate_18	0.0
R_ADIPL_duplicate_19	0.0
R_CO2t	-0.1254504079943894
R_CRNBTCT	0.0
R_CRNBTCT_duplicate_2	0.0
R_SO4t	0.0
R_UDCPDP	0.09583121538162231
R_3HBZOR	0.0
R_ARGSS	0.0
R_ACKr	0.0
R_ACKr_duplicate_2	0.0
R_GSPMDS	0.0
R_ENCOAR	0.0
R_ENCOAR_duplicate_2	0.0
R_ENCOAR_duplicate_3	0.0
R_ENCOAR_duplicate_4	0.0
R_ENCOAR_duplicate_5	0.0
R_TSULabc	0.0
R_ACOATA	0.2321389486976266
R_NITORT	0.0
R_PHCHGS	0.0
R_LPADSS	0.007602609753608705
R_CBIAT	0.0
R_CBIAT_duplicate_2	0.0
R_CBIAT1	0.0
R_CBIAT1_duplicate_2	0.0
R_3HBCD	0.0
R_3HBCD_duplicate_2	0.0
R_ORNabc	0.0
R_ORNabc_duplicate_2	0.0
R_ORNabc_duplicate_3	0.0
R_ORNabc_duplicate_4	0.0
R_ORNabc_duplicate_5	0.0
R_ORNabc_duplicate_6	0.0
R_BACCL	0.0
R_BACCL_duplicate_2	0.0
R_NT5C	0.0
R_LEUtr	0.5718031454065317
R_KNAKGT	0.0
R_2PGt	33.29156117632163
R_PACCOAL	0.0
R_PACCOAL_duplicate_2	0.0
R_PACCOAL_duplicate_3	0.0
R_NTD13	0.0
R_CYTK1	0.18215110467693907
R_CYTK2	0.0
R_LLACtr	0.0
R_UAMAS	0.0
R_UAMAS_duplicate_2	0.09583121538162231
R_FRUabc	0.0
R_TRE6PP	0.0
R_NTPPD7	0.0
R_NTPPD7_duplicate_2	0.0
R_NTPPD7_duplicate_3	0.0
R_NTPPD7_duplicate_4	0.0
R_NTPPD7_duplicate_5	0.0
R_NTPPD7_duplicate_6	0.0
R_NTPPD8	0.0
R_NTPPD8_duplicate_2	0.0
R_NTPPD8_duplicate_3	0.0
R_NTPPD8_duplicate_4	0.0
R_NTPPD8_duplicate_5	0.0
R_NTPPD8_duplicate_6	0.0
R_P5CR1	0.0
R_NTPPD5	0.0
R_NTPPD5_duplicate_2	0.0
R_NTPPD5_duplicate_3	0.0
R_NTPPD5_duplicate_4	0.0
R_NTPPD5_duplicate_5	0.0
R_NTPPD5_duplicate_6	0.0
R_NTPPD6	0.0
R_NTPPD6_duplicate_2	0.0
R_NTPPD6_duplicate_3	0.0
R_NTPPD6_duplicate_4	0.0
R_NTPPD6_duplicate_5	0.0
R_NTPPD6_duplicate_6	0.0
R_P5CR2	0.0
R_NTPPD3	0.0
R_NTPPD3_duplicate_2	0.0
R_NTPPD3_duplicate_3	0.0
R_NTPPD3_duplicate_4	0.0
R_NTPPD3_duplicate_5	0.0
R_NTPPD3_duplicate_6	0.0
R_NTPPD4	0.0
R_NTPPD4_duplicate_2	0.0
R_NTPPD4_duplicate_3	0.0
R_NTPPD4_duplicate_4	0.0
R_NTPPD4_duplicate_5	0.0
R_NTPPD4_duplicate_6	0.0
R_NTPPD2	0.0
R_NTPPD2_duplicate_2	0.0
R_NTPPD2_duplicate_3	0.0
R_NTPPD2_duplicate_4	0.0
R_NTPPD2_duplicate_5	0.0
R_NTPPD2_duplicate_6	0.0
R_GLUDC	0.0
R_ACMANAPP	0.0
R_ACMANAPP_duplicate_2	0.0
R_ACMANAPP_duplicate_3	0.0
R_ACMANAPP_duplicate_4	0.0
R_IPPS	0.0
R_IPPS_duplicate_2	0.0
R_NTPPD9	0.0
R_NTPPD9_duplicate_2	0.0
R_NTPPD9_duplicate_3	0.0
R_NTPPD9_duplicate_4	0.0
R_NTPPD9_duplicate_5	0.0
R_NTPPD9_duplicate_6	0.0
R_ASP4DC	0.0
R_DAGK	0.01520521950721741
R_PPPNt2r	0.0
R_IMLTAP	0.0
R_IMLTAP_duplicate_2	0.0
R_IMLTAP_duplicate_3	0.0
R_IMLTAP_duplicate_4	0.0
R_UAPGR	0.09583121538162231
R_FPGLUS1	0.0006388747692097942
R_DMPPS	0.0
R_DMPPS_duplicate_2	0.0
R_FPGLUS2	0.0
R_GTPDPK	0.0
R_GTPDPK_duplicate_2	0.0
R_IGPDH	0.0
R_PRAZCFT	0.0
R_BIPHED2	0.0
R_PRASUCS	0.0
R_BIPHED1	0.0
R_PSUDS	0.0
R_CITL	0.0
R_CITL_duplicate_2	0.0
R_CITL_duplicate_3	0.0
R_CITL_duplicate_4	0.0
R_BZOTD1p	0.0
R_MSDHA	0.0
R_MSDHA_duplicate_2	0.0
R_MSDHA_duplicate_3	0.0
R_CYNTt2	0.0
R_ACOADG	0.0
R_4CBMCLC	0.0
R_4CBMCLC_duplicate_2	0.0
R_FLALDTHR	0.0
R_PGAMT	-0.20686765027046203
R_SULabc	0.0
R_CSNt2	0.0
R_PPBNGS	0.0
R_SERD_L	0.0
R_SERD_L_duplicate_2	0.0
R_SERD_L_duplicate_3	0.0
R_Protein	0.0
R_MACR4	0.0
R_MACR4_duplicate_2	0.0
R_CS	0.0
R_CS_duplicate_2	0.0
R_CS_duplicate_3	0.0
R_PROtr	0.3004942584882317
R_MACR1	0.0
R_MACR1_duplicate_2	0.0
R_UROCH	0.0
R_UROCH_duplicate_2	0.0
R_RBFK	7.933628868645166e-07
R_MACR3	0.0
R_MACR3_duplicate_2	0.0
R_PRAMPC	0.0
R_MACR2	0.0
R_MACR2_duplicate_2	0.0
R_ARGabc	0.0
R_ARGabc_duplicate_2	0.0
R_ARGabc_duplicate_3	0.0
R_ARGabc_duplicate_4	0.0
R_ARGabc_duplicate_5	0.0
R_ARGabc_duplicate_6	0.0
R_DHFR2p	3.6687804129595682
R_ACDH3	0.0
R_ACDH3_duplicate_2	0.0
R_ACDH3_duplicate_3	0.0
R_ACDH3_duplicate_4	0.0
R_ACDH3_duplicate_5	0.0
R_ACDH3_duplicate_6	0.0
R_ACDH3_duplicate_7	0.0
R_HMB4DPR	0.0
R_HMB4DPR_duplicate_2	0.0
R_ACDH4	0.0
R_ACDH4_duplicate_2	0.0
R_ACDH4_duplicate_3	0.0
R_ACDH4_duplicate_4	0.0
R_ACDH4_duplicate_5	0.0
R_ACDH4_duplicate_6	0.0
R_ACDH4_duplicate_7	0.0
R_ACDH5	0.0
R_ACDH5_duplicate_2	0.0
R_ACDH5_duplicate_3	0.0
R_ACDH5_duplicate_4	0.0
R_ACDH5_duplicate_5	0.0
R_ACDH5_duplicate_6	0.0
R_ACDH5_duplicate_7	0.0
R_AMPN	0.0
R_ACDH6	0.0
R_ACDH6_duplicate_2	0.0
R_ACDH6_duplicate_3	0.0
R_ACDH6_duplicate_4	0.0
R_ACDH6_duplicate_5	0.0
R_ACDH6_duplicate_6	0.0
R_ACDH6_duplicate_7	0.0
R_ACDH7	0.0
R_ACDH7_duplicate_2	0.0
R_ACDH7_duplicate_3	0.0
R_ACDH7_duplicate_4	0.0
R_ACDH7_duplicate_5	0.0
R_ACDH7_duplicate_6	0.0
R_ACDH7_duplicate_7	0.0
R_4ETHPMH	0.0
R_4ETHPMH_duplicate_2	0.0
R_4ETHPMH_duplicate_3	0.0
R_4ETHPMH_duplicate_4	0.0
R_SADT	0.0
R_SADT_duplicate_2	0.0
R_SADT_duplicate_3	0.0
R_ACDH8	0.0
R_ACDH8_duplicate_2	0.0
R_ACDH8_duplicate_3	0.0
R_ACDH8_duplicate_4	0.0
R_ACDH8_duplicate_5	0.0
R_ACDH8_duplicate_6	0.0
R_ACDH8_duplicate_7	0.0
R_SADT2	0.0
R_SADT2_duplicate_2	0.0
R_SADT2_duplicate_3	0.0
R_DNTPPA	0.0
R_DNTPPA_duplicate_2	0.0
R_DNTPPA_duplicate_3	0.0
R_DNTPPA_duplicate_4	0.0
R_DNTPPA_duplicate_5	0.0
R_DNTPPA_duplicate_6	0.0
R_DNTPPA_duplicate_7	0.0
R_DNTPPA_duplicate_8	0.0
R_DNTPPA_duplicate_9	0.0
R_DNTPPA_duplicate_10	0.0
R_DNTPPA_duplicate_11	0.0
R_DNTPPA_duplicate_12	0.0
R_DNTPPA_duplicate_13	0.0
R_DNTPPA_duplicate_14	0.0
R_DNTPPA_duplicate_15	0.0
R_DNTPPA_duplicate_16	0.0
R_DNTPPA_duplicate_17	0.0
R_DNTPPA_duplicate_18	0.0
R_DNTPPA_duplicate_19	0.0
R_DNTPPA_duplicate_20	0.0
R_DNTPPA_duplicate_21	0.0
R_DNTPPA_duplicate_22	0.0
R_DNTPPA_duplicate_23	0.0
R_DNTPPA_duplicate_24	0.0
R_HPPH	0.0
R_HPPH_duplicate_2	0.0
R_HPPH_duplicate_3	0.0
R_HPPH_duplicate_4	0.0
R_TYRTRS	0.13748463219169826
R_CATL	0.0
R_CATL_duplicate_2	0.0
R_CATL_duplicate_3	0.0
R_FTHFD	0.0
R_FTHFD_duplicate_2	0.0
R_ADSL1r	0.0
R_ADSUCL1	0.0
R_PMANM	0.0
R_PMANM_duplicate_2	0.0
R_PMANM_duplicate_3	0.0
R_AGDC	0.0
R_CITt	0.0
R_HBDH	0.0
R_ENO	33.29156117632163
R_DHFR3p	0.0
R_ALAAPT	0.0
R_AACOAS	0.0
R_ALDD2x	0.0
R_ALDD2x_duplicate_2	0.0
R_ALDD2x_duplicate_3	0.0
R_ALDD2x_duplicate_4	0.0
R_ALDD2x_duplicate_5	0.0
R_ALDD2x_duplicate_6	0.0
R_ALDD2x_duplicate_7	0.0
R_ALDD2x_duplicate_8	0.0
R_ALDD2x_duplicate_9	0.0
R_ALDD2x_duplicate_10	0.0
R_ALDD2x_duplicate_11	0.0
R_ALDD2x_duplicate_12	0.0
R_ALDD2x_duplicate_13	0.0
R_ALDD2x_duplicate_14	0.0
R_AACOAR	0.0
R_AACOAR_duplicate_2	0.0
R_AACOAR_duplicate_3	0.0
R_BZOTCOA	0.0
R_BZOTCOA_duplicate_2	0.0
R_CYSS	0.0
R_CYSS_duplicate_2	0.0
R_CYSS_duplicate_3	0.0
R_MALS	0.0
R_CYSST4	0.0
R_PRMIIZCI	0.0
R_TAGL1_Nlimit	0.0
R_ACDH2	0.0
R_ACDH2_duplicate_2	0.0
R_ACDH2_duplicate_3	0.0
R_ACDH2_duplicate_4	0.0
R_ACDH2_duplicate_5	0.0
R_ACDH2_duplicate_6	0.0
R_ACDH2_duplicate_7	0.0
R_ACDH1	0.0
R_ACDH1_duplicate_2	0.0
R_ACDH1_duplicate_3	0.0
R_ACDH1_duplicate_4	0.0
R_ACDH1_duplicate_5	0.0
R_ACDH1_duplicate_6	0.0
R_ACDH1_duplicate_7	0.0
R_PPCOAT	0.034214331334054465
R_IPPMD	0.0
R_IPPMD_duplicate_2	0.0
R_GTPCII	7.933628868645166e-07
R_U23GAAT	0.01520521950721741
R_DLDHD	0.0
R_NNDPR	0.0
R_NNDPR_duplicate_2	0.0
R_PHETA2	0.0
R_PHETA2_duplicate_2	0.0
R_PHETA1	0.0
R_GLUDy	0.0
R_GLUDy_duplicate_2	0.0
R_GDH1	0.0
R_GDH1_duplicate_2	0.0
R_HISTP	0.0
R_CHLabc	0.0
R_BHMT	0.0
R_FORt	-0.03421671142271397
R_KNt	0.0
R_HISTRS	0.1308248835893371
R_DGK1	0.0
R_PPLCc	0.0
R_PPLCc_duplicate_2	0.0
R_PPLCc_duplicate_3	0.0
R_PPLCc_duplicate_4	0.0
R_ACOTA	0.0
R_PPLCg	0.0
R_PPLCg_duplicate_2	0.0
R_PPLCg_duplicate_3	0.0
R_PPLCg_duplicate_4	0.0
R_ALHD10	0.0
R_ALHD10_duplicate_2	0.0
R_ALHD10_duplicate_3	0.0
R_ALHD10_duplicate_4	0.0
R_ALHD10_duplicate_5	0.0
R_ALHD10_duplicate_6	0.0
R_ALHD10_duplicate_7	0.0
R_ALHD10_duplicate_8	0.0
R_ALHD10_duplicate_9	0.0
R_ALHD10_duplicate_10	0.0
R_ALHD10_duplicate_11	0.0
R_ALHD10_duplicate_12	0.0
R_ALHD10_duplicate_13	0.0
R_ALHD10_duplicate_14	0.0
R_LYSt	0.0
R_TYRtr	0.13748463219169826
R_PPLCe	0.0
R_PPLCe_duplicate_2	0.0
R_PPLCe_duplicate_3	0.0
R_PPLCe_duplicate_4	0.0
R_CDS	0.12557403026223182
R_ALHD13	0.0
R_ALHD13_duplicate_2	0.0
R_ALHD13_duplicate_3	0.0
R_ALHD13_duplicate_4	0.0
R_ALHD13_duplicate_5	0.0
R_ALHD13_duplicate_6	0.0
R_ALHD13_duplicate_7	0.0
R_ALHD13_duplicate_8	0.0
R_ALHD13_duplicate_9	0.0
R_ALHD13_duplicate_10	0.0
R_ALHD13_duplicate_11	0.0
R_ALHD13_duplicate_12	0.0
R_ALHD13_duplicate_13	0.0
R_ALHD13_duplicate_14	0.0
R_ALHD14	0.0
R_ALHD14_duplicate_2	0.0
R_ALHD14_duplicate_3	0.0
R_ALHD14_duplicate_4	0.0
R_ALHD14_duplicate_5	0.0
R_ALHD14_duplicate_6	0.0
R_ALHD14_duplicate_7	0.0
R_ALHD14_duplicate_8	0.0
R_ALHD14_duplicate_9	0.0
R_ALHD14_duplicate_10	0.0
R_ALHD14_duplicate_11	0.0
R_ALHD14_duplicate_12	0.0
R_ALHD14_duplicate_13	0.0
R_ALHD14_duplicate_14	0.0
R_GTHPe	0.0
R_PHACA	0.0
R_ALHD11	0.0
R_ALHD11_duplicate_2	0.0
R_ALHD11_duplicate_3	0.0
R_ALHD11_duplicate_4	0.0
R_ALHD11_duplicate_5	0.0
R_ALHD11_duplicate_6	0.0
R_ALHD11_duplicate_7	0.0
R_ALHD11_duplicate_8	0.0
R_ALHD11_duplicate_9	0.0
R_ALHD11_duplicate_10	0.0
R_ALHD11_duplicate_11	0.0
R_ALHD11_duplicate_12	0.0
R_ALHD11_duplicate_13	0.0
R_ALHD11_duplicate_14	0.0
R_ALHD12	0.0
R_ALHD12_duplicate_2	0.0
R_ALHD12_duplicate_3	0.0
R_ALHD12_duplicate_4	0.0
R_ALHD12_duplicate_5	0.0
R_ALHD12_duplicate_6	0.0
R_ALHD12_duplicate_7	0.0
R_ALHD12_duplicate_8	0.0
R_ALHD12_duplicate_9	0.0
R_ALHD12_duplicate_10	0.0
R_ALHD12_duplicate_11	0.0
R_ALHD12_duplicate_12	0.0
R_ALHD12_duplicate_13	0.0
R_ALHD12_duplicate_14	0.0
R_VALtr	0.5083591601036734
R_ALHD15	0.0
R_ALHD15_duplicate_2	0.0
R_ALHD15_duplicate_3	0.0
R_ALHD15_duplicate_4	0.0
R_ALHD15_duplicate_5	0.0
R_ALHD15_duplicate_6	0.0
R_ALHD15_duplicate_7	0.0
R_ALHD15_duplicate_8	0.0
R_ALHD15_duplicate_9	0.0
R_ALHD15_duplicate_10	0.0
R_ALHD15_duplicate_11	0.0
R_ALHD15_duplicate_12	0.0
R_ALHD15_duplicate_13	0.0
R_ALHD15_duplicate_14	0.0
R_ALHD16	0.0
R_ALHD16_duplicate_2	0.0
R_ALHD16_duplicate_3	0.0
R_ALHD16_duplicate_4	0.0
R_ALHD16_duplicate_5	0.0
R_ALHD16_duplicate_6	0.0
R_ALHD16_duplicate_7	0.0
R_ALHD16_duplicate_8	0.0
R_ALHD16_duplicate_9	0.0
R_ALHD16_duplicate_10	0.0
R_ALHD16_duplicate_11	0.0
R_ALHD16_duplicate_12	0.0
R_ALHD16_duplicate_13	0.0
R_ALHD16_duplicate_14	0.0
R_PSCIT	0.0006388747692097942
R_AC4HB	0.0
R_DXPS	0.0
R_PGLCED	0.0
R_PGLCED_duplicate_2	0.0
R_PGLCED_duplicate_3	0.0
R_PGLCED_duplicate_4	0.0
R_PGLCED_duplicate_5	0.0
R_PGLCED_duplicate_6	0.0
R_PGLCED_duplicate_7	0.0
R_OHPHM	0.0
R_OHPHM_duplicate_2	0.0
R_PIt2r	-32.07438265261097
R_NADTRHD	0.0
R_CNITRT	0.0
R_HMR_0629	0.0
R_HMR_0629_duplicate_2	0.0
R_DALAT	0.09583121538162231
R_IPPMIa	0.0
R_IPPMIa_duplicate_2	0.0
R_IPPMIa_duplicate_3	0.0
R_IPPMIa_duplicate_4	0.0
R_IPPMIa_duplicate_5	0.0
R_IPMALD2	0.0
R_IPMALD2_duplicate_2	0.0
R_IPMALD2_duplicate_3	0.0
R_IPMALD2_duplicate_4	0.0
R_IPMALD2_duplicate_5	0.0
R_PPLDe	0.0
R_PPLDe_duplicate_2	0.0
R_AMALT3	0.0
R_AMALT4	0.0
R_AMALT1	0.0
R_AOXSr	0.0
R_AMALT2	0.0
R_4HPHEACt	0.0
R_CYTTS5	0.0
R_ALCD2x	0.0
R_ALCD2x_duplicate_2	0.0
R_ALCD2x_duplicate_3	0.0
R_ALCD2x_duplicate_4	0.0
R_ALCD2x_duplicate_5	0.0
R_ALCD2x_duplicate_6	0.0
R_ALCD2x_duplicate_7	-6.2970650954965395
R_ALCD2x_duplicate_8	0.0
R_CYTTS4	0.0
R_ACFM1	0.0
R_ACFM1_duplicate_2	0.0
R_SLCYSS	0.0
R_SLCYSS_duplicate_2	0.0
R_SLCYSS_duplicate_3	0.0
R_SLCYSS_duplicate_4	0.0
R_CYTTS1	0.0
R_ACFM3	0.0
R_ACFM3_duplicate_2	0.0
R_ACFM2	0.0
R_ACFM2_duplicate_2	0.0
R_CYTTS3	0.0
R_CYTTS2	0.0
R_PIabc	0.0
R_MCITD	0.0
R_MCITD_duplicate_2	0.0
R_MCITD_duplicate_3	0.0
R_MCITD_duplicate_4	0.0
R_GLUabc	0.0
R_GLUabc_duplicate_2	0.0
R_GLUabc_duplicate_3	0.0
R_GLUabc_duplicate_4	0.0
R_GLUabc_duplicate_5	0.0
R_GLUabc_duplicate_6	0.0
R_ACLDc	0.0
R_ACLDc_duplicate_2	0.0
R_ACLDc_duplicate_3	0.0
R_ACLDc_duplicate_4	0.0
R_ACLDc_duplicate_5	0.0
R_ACLDc_duplicate_6	0.0
R_ACLDc_duplicate_7	0.0
R_ACLDc_duplicate_8	0.0
R_METTRSS	0.0
R_ALLTNt2r	0.0
R_G5TDPDP	0.0
R_ANt	0.0
R_HSTPT	0.0
R_HSTPT_duplicate_2	0.0
R_U3AGDA	0.01520521950721741
R_3OXCOAT	0.0
R_3OXCOAT_duplicate_2	0.0
R_3OXCOAT_duplicate_3	0.0
R_OBUTt	0.03421433133405438
R_ARBt2r	0.0
R_GMHEPK	0.02280782926082611
R_HPYRRy	0.0
R_HPYRRy_duplicate_2	0.0
R_ACLDn	0.0
R_ACLDn_duplicate_2	0.0
R_ACLDn_duplicate_3	0.0
R_ACLDn_duplicate_4	0.0
R_ACLDn_duplicate_5	0.0
R_ACLDn_duplicate_6	0.0
R_ACLDn_duplicate_7	0.0
R_ACLDn_duplicate_8	0.0
R_GMAND	0.0
R_ASNtr	0.1763206273480994
R_3HCINNMH	0.0
R_ACNAMt2	0.0
R_CINNDO	0.0
R_CINNDO_duplicate_2	0.0
R_FLALDO	0.0
R_PPNDH	0.0
R_PPND	0.0
R_ALCD19	0.0
R_ALCD19_duplicate_2	0.0
R_CARHM2	0.0
R_CARHM2_duplicate_2	0.0
R_CARHM1	0.0
R_CARHM1_duplicate_2	0.0
R_GLYCTO1	0.0
R_GLYCTO1_duplicate_2	0.0
R_GLYCTO1_duplicate_3	0.0
R_GLYCTO1_duplicate_4	0.0
R_GLYCTO1_duplicate_5	0.0
R_GLYCTO1_duplicate_6	0.0
R_SUCCt2_2	0.0
R_ALCDgl	0.0
R_ALCDgl_duplicate_2	0.0
R_SUCCt_3	0.0
R_RMNt	0.0
R_MOBDabc	0.0
R_FAMC141	0.0
R_PPCSYN2	0.0
R_PPCSYN2_duplicate_2	0.0
R_PPCSYN2_duplicate_3	0.0
R_PPCSYN2_duplicate_4	0.0
R_PPCSYN2_duplicate_5	0.0
R_PPCSYN2_duplicate_6	8.992911077191337
R_PPCSYN2_duplicate_7	0.0
R_PPCSYN2_duplicate_8	0.0
R_HOGAD	0.0
R_TAGL1	0.0
R_TAGL2	0.0
R_GLYC3Pt6	0.14073452853560345
R_PROTCC2	0.0
R_PROTCC2_duplicate_2	0.0
R_PROabc	0.0
R_PROTCC1	0.0
R_PROTCC1_duplicate_2	0.0
R_P5CD1p	0.0
R_PRAIS	0.0
R_GLYBt2r	0.0
R_ADOCBIK	0.0
R_FUMt2_2	0.0
R_FUMt2_3	0.0
R_FAMC140	0.0
R_MCLACTt	0.0
R_2HCHCCOA	0.0
R_FRUpts	0.0
R_SBTpts	0.0
R_ACCOAA3	0.0
R_ACCOAA3_duplicate_2	0.0
R_ACCOAA3_duplicate_3	0.0
R_ACCOAA2	0.0
R_ACCOAA2_duplicate_2	0.0
R_ACCOAA2_duplicate_3	0.0
R_C23DDTp	0.0
R_C23DDTp_duplicate_2	0.0
R_ACCOAA1	0.0
R_ACCOAA1_duplicate_2	0.0
R_ACCOAA1_duplicate_3	0.0
R_2HOHPHODB	0.0
R_PRAI	0.0
R_GLUK	0.0
R_OGDH3	0.0
R_OGDH2	0.0
R_MME	0.0
R_OGDH1	0.0
R_CCPPAMD	0.0
R_GNK	0.0
R_PPSERS	0.08849453725069761
R_EDD	0.0
R_EDD_duplicate_2	0.0
R_HXPRT	0.0
R_BNTP	0.0
R_MMM	0.0
R_MMM_duplicate_2	0.0
R_INSt2	1000.0
R_EDA	0.0
R_PPCSYN1	0.0
R_PPCSYN1_duplicate_2	0.0
R_PPCSYN1_duplicate_3	0.0
R_PPCSYN1_duplicate_4	0.0
R_PPCSYN1_duplicate_5	0.0
R_PPCSYN1_duplicate_6	8.992911077191337
R_PPCSYN1_duplicate_7	0.0
R_PPCSYN1_duplicate_8	0.0
R_OMPDC	0.0
R_G5SADs	0.0
R_SERTRS	0.0
R_SERTRS_duplicate_2	0.2987818211601923
R_MMCS	0.0
R_FAMC151	0.0
R_OXGDC2	0.0
R_FAMC150	0.0
R_QDPQ2	0.0
R_QDPQ1	0.0
R_DADA	0.0
R_DADA_duplicate_2	0.0
R_FAMC120	0.0
R_GLYAMT	0.0
R_GLYAMT_duplicate_2	0.0364767146667838
R_LALDO2x	0.0
R_LALDO2x_duplicate_2	0.0
R_ALHD6	0.0
R_ALHD6_duplicate_2	0.0
R_ALHD6_duplicate_3	0.0
R_ALHD6_duplicate_4	0.0
R_ALHD6_duplicate_5	0.0
R_ALHD6_duplicate_6	0.0
R_ALHD6_duplicate_7	0.0
R_ALHD6_duplicate_8	0.0
R_ALHD6_duplicate_9	0.0
R_ALHD6_duplicate_10	0.0
R_ALHD6_duplicate_11	0.0
R_ALHD6_duplicate_12	0.0
R_ALHD6_duplicate_13	0.0
R_ALHD6_duplicate_14	0.0
R_ALHD7	0.0
R_ALHD7_duplicate_2	0.0
R_ALHD7_duplicate_3	0.0
R_ALHD7_duplicate_4	0.0
R_ALHD7_duplicate_5	0.0
R_ALHD7_duplicate_6	0.0
R_ALHD7_duplicate_7	0.0
R_ALHD7_duplicate_8	0.0
R_ALHD7_duplicate_9	0.0
R_ALHD7_duplicate_10	0.0
R_ALHD7_duplicate_11	0.0
R_ALHD7_duplicate_12	0.0
R_ALHD7_duplicate_13	0.0
R_ALHD7_duplicate_14	0.0
R_ALDD4	0.0
R_ALDD4_duplicate_2	0.0
R_ALDD4_duplicate_3	0.0
R_ALDD4_duplicate_4	0.0
R_ALDD4_duplicate_5	0.0
R_ALDD4_duplicate_6	0.0
R_ALDD4_duplicate_7	0.0
R_ALDD4_duplicate_8	0.0
R_ALDD4_duplicate_9	0.0
R_ALDD4_duplicate_10	0.0
R_ALDD4_duplicate_11	0.0
R_ALDD4_duplicate_12	0.0
R_ALDD4_duplicate_13	0.0
R_ALDD4_duplicate_14	0.0
R_ALDD4_duplicate_15	0.0
R_ALDD4_duplicate_16	0.0
R_ALDD4_duplicate_17	0.0
R_ALDD4_duplicate_18	0.0
R_ALDD4_duplicate_19	0.0
R_ALDD4_duplicate_20	0.0
R_ALDD4_duplicate_21	0.0
R_ALHD5	0.0
R_ALHD5_duplicate_2	0.0
R_ALHD5_duplicate_3	0.0
R_ALHD5_duplicate_4	0.0
R_ALHD5_duplicate_5	0.0
R_ALHD5_duplicate_6	0.0
R_ALHD5_duplicate_7	0.0
R_ALHD5_duplicate_8	0.0
R_ALHD5_duplicate_9	0.0
R_ALHD5_duplicate_10	0.0
R_ALHD5_duplicate_11	0.0
R_ALHD5_duplicate_12	0.0
R_ALHD5_duplicate_13	0.0
R_ALHD5_duplicate_14	0.0
R_GLYBabc	0.0
R_ALHD8	0.0
R_ALHD8_duplicate_2	0.0
R_ALHD8_duplicate_3	0.0
R_ALHD8_duplicate_4	0.0
R_ALHD8_duplicate_5	0.0
R_ALHD8_duplicate_6	0.0
R_ALHD8_duplicate_7	0.0
R_ALHD8_duplicate_8	0.0
R_ALHD8_duplicate_9	0.0
R_ALHD8_duplicate_10	0.0
R_ALHD8_duplicate_11	0.0
R_ALHD8_duplicate_12	0.0
R_ALHD8_duplicate_13	0.0
R_ALHD8_duplicate_14	0.0
R_LCARR	0.0
R_LCARR_duplicate_2	0.0
R_ALHD9	0.0
R_ALHD9_duplicate_2	0.0
R_ALHD9_duplicate_3	0.0
R_ALHD9_duplicate_4	0.0
R_ALHD9_duplicate_5	0.0
R_ALHD9_duplicate_6	0.0
R_ALHD9_duplicate_7	0.0
R_ALHD9_duplicate_8	0.0
R_ALHD9_duplicate_9	0.0
R_ALHD9_duplicate_10	0.0
R_ALHD9_duplicate_11	0.0
R_ALHD9_duplicate_12	0.0
R_ALHD9_duplicate_13	0.0
R_ALHD9_duplicate_14	0.0
R_ALAALAL	0.09583121538162231
R_PHEtr	0.2006918572092998
R_PRPPS	-0.014567931463788496
R_GL3PD	0.0
R_CRTNh	0.0
R_GLXt	0.0
R_LCTSt	0.0
R_TOCHECK	0.0
R_TOCHECK_duplicate_2	0.0
R_QULNS	0.0
R_DDGLK	0.0
R_G1PACT	0.20686765027046203
R_ME1	0.0
R_ME2	0.0
R_C23DDT1	0.0
R_C23DDT1_duplicate_2	0.0
R_PROTRS	0.3004942584882317
R_HMSALD1	0.0
R_PROTCDp	0.0
R_PROTCDp_duplicate_2	0.0
R_PROTCDp_duplicate_3	0.0
R_PROTCDp_duplicate_4	0.0
R_PROTCDp_duplicate_5	0.0
R_PROTCDp_duplicate_6	0.0
R_BPNT	0.0
R_HMSALD2	0.0
R_HMSALD3	0.0
R_ABUTt	0.0
R_HEXf	0.0
R_MAAMPT	0.0
R_NMNP	0.027632249579546162
R_3HPPPNH	0.0
R_CDPDGP	0.0
R_ABTA	0.0
R_DHORD_NAD	0.0
R_ADEtr	-0.7147777784312961
R_RBFSa	1.5867257737290332e-06
R_GTHHR	0.0
R_GTHHR_duplicate_2	0.0
R_GTHHR_duplicate_3	0.0
R_GTHHR_duplicate_4	0.0
R_KARI	0.0
R_KARIS2	0.0
R_F26BP	0.0
R_TRE6PS	0.0
R_RBFS2	7.933628868645166e-07
R_LYSabc	0.0
R_LYSabc_duplicate_2	0.0
R_LYSabc_duplicate_3	0.0
R_LYSabc_duplicate_4	0.0
R_LYSabc_duplicate_5	0.0
R_LYSabc_duplicate_6	0.0
R_FAMC180	0.0
R_ASPOX2	0.0
R_DMOAT2	0.007602609753608705
R_OMCDC	0.0
R_OMCDC_duplicate_2	0.0
R_OMCDC_duplicate_3	0.0
R_FAMC181	1.2410986086405114
R_ASPO1	0.0
R_ASPO1_duplicate_2	0.0
R_ASPO1_duplicate_3	0.0
R_LEUD1	0.0
R_LEUD2	0.0
R_LEUD3	0.0
R_LEUD4	0.0
R_GLYD	0.0
R_MALt2_2	0.0
R_MALt2_3	0.0
R_METDabc	0.0
R_ADNtr	-1000.0
R_FAMC190	0.0
R_TRPtr	-76.00139906940805
R_ADSS	0.0
R_ADSS_duplicate_2	0.0
R_DHRT_2mbcoa	0.0
R_DHRT_ibcoa	0.0
R_DHRT_ivcoa	0.0
R_ALHD1	0.0
R_ALHD1_duplicate_2	0.0
R_ALHD1_duplicate_3	0.0
R_ALHD1_duplicate_4	0.0
R_ALHD1_duplicate_5	0.0
R_ALHD1_duplicate_6	0.0
R_ALHD1_duplicate_7	0.0
R_ALHD1_duplicate_8	0.0
R_ALHD1_duplicate_9	0.0
R_ALHD1_duplicate_10	0.0
R_ALHD1_duplicate_11	0.0
R_ALHD1_duplicate_12	0.0
R_ALHD1_duplicate_13	0.0
R_ALHD1_duplicate_14	0.0
R_ALHD2	0.0
R_ALHD2_duplicate_2	0.0
R_ALHD2_duplicate_3	0.0
R_ALHD2_duplicate_4	0.0
R_ALHD2_duplicate_5	0.0
R_ALHD2_duplicate_6	0.0
R_ALHD2_duplicate_7	0.0
R_ALHD2_duplicate_8	0.0
R_ALHD2_duplicate_9	0.0
R_ALHD2_duplicate_10	0.0
R_ALHD2_duplicate_11	0.0
R_ALHD2_duplicate_12	0.0
R_ALHD2_duplicate_13	0.0
R_ALHD2_duplicate_14	0.0
R_ALDD19xr	0.0
R_ALDD19xr_duplicate_2	0.0
R_LACDH	0.0
R_MALEAI	0.0
R_MALEAI_duplicate_2	0.0
R_MCOATA	0.0
R_MCOATA_duplicate_2	1.7379698016051772
R_ISOVC	0.0
R_ISOVC_duplicate_2	0.0
R_ISOVC_duplicate_3	0.0
R_GK1	0.3151996498911241
R_PSDC_BS	0.08849453725069761
R_GLUS	0.0
R_GLUS_duplicate_2	0.0
R_GLUS_duplicate_3	0.0
R_GLUS_duplicate_4	0.0
R_GLUS_duplicate_5	0.0
R_PLIPASA1S	0.0
R_HPYRRx	0.0
R_FAMC161	0.0
R_PRATPP	0.0
R_PSP_L	0.0
R_PSP_L_duplicate_2	0.0
R_PSP_L_duplicate_3	0.0
R_CYNL	0.0
R_FAMC160	0.0
R_Kabc	0.0
R_GLUR	-0.09583121538162231
R_ACCOAC	1.7379698016051772
R_PSERT	0.0
R_PHENOLt	0.0
R_12PPDt	-0.0
R_PYRtr	42.90450986721193
R_HPCOR	0.0
R_3PGt	0.0
R_4OXCTT	0.0
R_4OXCTT_duplicate_2	0.0
R_4OXCTT_duplicate_3	0.0
R_DADH	0.0
R_DADH_duplicate_2	0.0
R_DADH_duplicate_3	0.0
R_DADH_duplicate_4	0.0
R_DADH_duplicate_5	0.0
R_CATCHDG5	0.0
R_CATCHDG5_duplicate_2	0.0
R_CATCHDG6	0.0
R_CATCHDG6_duplicate_2	0.0
R_GLUt4	0.0
R_1MNAPTH	0.0
R_1MNAPTH_duplicate_2	0.0
R_1MNAPTH_duplicate_3	0.0
R_1MNAPTH_duplicate_4	0.0
R_CATCHDG7	0.0
R_CATCHDG7_duplicate_2	0.0
R_HCINNMt2r	0.0
R_CATCHDG1	0.0
R_CATCHDG1_duplicate_2	0.0
R_CATCHDG2	0.0
R_CATCHDG2_duplicate_2	0.0
R_CATCHDG3	0.0
R_CATCHDG3_duplicate_2	0.0
R_CATCHDG4	0.0
R_CATCHDG4_duplicate_2	0.0
R_6PYRTP	0.0
R_FAMC170	0.0
R_FAMC171	0.0
R_HPYRI	0.0
R_HPYRI_duplicate_2	0.0
R_BP23Dt	0.0
R_ASPabc	0.0
R_ASPabc_duplicate_2	0.0
R_ASPabc_duplicate_3	0.0
R_ASPabc_duplicate_4	0.0
R_ASPabc_duplicate_5	0.0
R_ASPabc_duplicate_6	0.0
R_TAURabc	0.0
R_NHFRBO	0.0
R_FEabc	0.0
R_GHMT3	0.0
R_PLIPASA1E	0.0
R_DCMPDA	0.0
R_PLIPASA1C	0.0
R_2HPAC	0.0
R_HCO3E	1.7379698016051772
R_HCO3E_duplicate_2	0.0
R_HCO3E_duplicate_3	0.0
R_PRUK	0.0
R_PRUK_duplicate_2	0.0
R_RBPC	0.0
R_RBPC_duplicate_2	0.0
R_4HBADH	0.0
R_THZPSN	0.0
R_ASNTRS	0.1763206273480994
R_maintenance_atp	16.261494390547274
