Enzyme	Concentration
R_rxn10208_c_enzyme	0.0
R_rxn04736_c_duplicate_6_enzyme	0.0
R_rxn00350_c_enzyme	0.0
R_rxn03248_c_enzyme	0.0
R_rxn06447_c_enzyme	3.6713280568598185e-07
R_rxn10474_c_enzyme	0.0
R_rxn02128_c_enzyme	0.0
R_rxn04996_c_enzyme	2.9230763641900794e-08
R_rxn00817_c_enzyme	0.0
R_rxn05251_c_duplicate_5_enzyme	0.0
R_rxn14089_c_duplicate_2_enzyme	0.0
R_rxn06160_c_duplicate_2_enzyme	0.0
R_rxn00612_c_enzyme	0.0
R_rxn08850_c_enzyme	0.0
R_rxn01101_c_duplicate_2_enzyme	0.0
R_rxn00422_c_duplicate_2_enzyme	8.190064978966643e-07
R_rxn01740_c_duplicate_2_enzyme	4.953695338672017e-07
R_rxn00529_c_enzyme	0.0
R_rxn05459_c_enzyme	0.0
R_rxn01353_c_enzyme	1.4274122941979139e-08
R_rxn03395_c_enzyme	0.0
R_rxn05301_c_duplicate_2_enzyme	0.0
R_rxn00251_c_enzyme	0.0
R_rxn12638_c_duplicate_2_enzyme	0.0
R_rxn03482_c_duplicate_3_enzyme	0.0
R_rxn10257_c_enzyme	0.0
R_rxn12639_c_duplicate_5_enzyme	0.0
R_rxn01629_c_enzyme	0.0
R_rxn12644_c_duplicate_2_enzyme	0.0
R_rxn00515_c_enzyme	0.0
R_rxn06777_c_enzyme	0.0
R_rxn01816_c_enzyme	0.0
R_rxn02895_c_enzyme	7.358017020190895e-06
R_rxn05735_c_duplicate_4_enzyme	0.0
R_rxn02026_c_enzyme	0.0
R_rxn12844_c_enzyme	0.0
R_rxn12644_c_duplicate_3_enzyme	0.0
R_rxn00314_c_enzyme	0.0
R_rxn09448_c_duplicate_2_enzyme	0.0
R_rxn02320_c_enzyme	1.445791480113104e-07
R_rxn03247_c_enzyme	0.0
R_rxn05618_c_enzyme	0.0
R_rxn01961_c_duplicate_2_enzyme	0.0
R_rxn01705_c_enzyme	0.0
R_rxn01137_c_duplicate_2_enzyme	0.0
R_rxn12191_c_duplicate_4_enzyme	0.0
R_rxn07883_c_duplicate_2_enzyme	0.0
R_rxn00262_c_enzyme	0.0
R_rxn03437_c_enzyme	0.0
R_rxn00355_c_duplicate_2_enzyme	0.0
R_rxn01513_c_enzyme	1.860698660792306e-08
R_rxn00785_c_enzyme	0.0
R_rxn10806_c_duplicate_4_enzyme	0.0
R_rxn00704_c_enzyme	8.190064978966643e-07
R_rxn00085_c_duplicate_5_enzyme	0.0
R_rxn00345_c_enzyme	0.0
R_rxn01459_c_duplicate_3_enzyme	0.0
R_rxn11838_c_duplicate_3_enzyme	0.0
R_rxn04726_c_duplicate_4_enzyme	0.0
R_rxn02853_c_duplicate_3_enzyme	0.0
R_rxn03147_c_duplicate_2_enzyme	0.0
R_EX_cpd00205_e_enzyme	0
R_rxn01872_c_enzyme	1.0715451891304302e-05
R_rxn02853_c_duplicate_2_enzyme	0.0
R_rxn08846_c_enzyme	0.0
R_rxn05373_c_enzyme	0.0
R_rxn02507_c_enzyme	1.3312732378967156e-07
R_rxn01858_c_duplicate_2_enzyme	0.0
R_rxn05006_c_duplicate_2_enzyme	0.0
R_rxn30509_c_enzyme	1.643596065079833e-07
R_rxn00181_c_enzyme	0.0
R_rxn14089_c_enzyme	0.0
R_rxn00272_c_enzyme	0.0
R_rxn05154_c_enzyme	0.0
R_rxn01973_c_enzyme	6.401371428297217e-07
R_rxn10126_c_duplicate_2_enzyme	3.564779061915664e-05
R_rxn00186_c_enzyme	0.0
R_rxn03248_c_duplicate_5_enzyme	0.0
R_rxn06442_c_enzyme	4.253204461538854e-07
R_rxn05734_c_duplicate_5_enzyme	0.0
R_rxn03333_c_duplicate_3_enzyme	0.0
R_rxn12641_c_duplicate_5_enzyme	0.0
R_rxn00786_c_enzyme	7.50997506735322e-05
R_rxn00295_c_duplicate_3_enzyme	0.0
R_rxn02185_c_duplicate_4_enzyme	0.0
R_rxn00566_c_enzyme	0.0
R_rxn02181_c_duplicate_3_enzyme	0.0
R_rxn03440_c_enzyme	0.0
R_rxn05527_c_enzyme	0.0
R_rxn05202_c_duplicate_2_enzyme	0.0
R_rxn01635_c_enzyme	0.0
R_rxn00782_c_enzyme	0.0
R_rxn00700_c_enzyme	0.0
R_rxn01218_c_duplicate_3_enzyme	0.0
R_rxn07056_c_duplicate_2_enzyme	0.0
R_rxn04453_c_enzyme	0.0
R_rxn00653_c_duplicate_4_enzyme	0.0
R_EX_cpd00065_e_enzyme	0
R_rxn05647_c_duplicate_2_enzyme	0.0
R_rxn12636_c_duplicate_6_enzyme	0.0
R_rxn08710_c_enzyme	0.0
R_EX_cpd00309_e_enzyme	0
R_rxn04597_c_duplicate_3_enzyme	0.0
R_rxn00914_c_duplicate_2_enzyme	0.0
R_rxn08557_c_enzyme	0.0
R_rxn12640_c_duplicate_4_enzyme	0.0
R_rxn02185_c_enzyme	0.0
R_rxn05736_c_enzyme	0.0
R_rxn09106_c_duplicate_2_enzyme	0.0
R_rxn01485_c_enzyme	1.407581526526185e-07
R_rxn02409_c_enzyme	0.0
R_rxn02911_c_duplicate_2_enzyme	0.0
R_rxn00572_c_enzyme	0.0
R_rxn00420_c_duplicate_2_enzyme	0.0
R_rxn09657_c_enzyme	0.0
R_rxn02508_c_enzyme	6.41221655189688e-08
R_rxn05247_c_duplicate_4_enzyme	0.0
R_rxn02213_c_enzyme	0.0
R_rxn07431_c_enzyme	0.0
R_rxn08308_c_enzyme	0.0
R_rxn03245_c_enzyme	0.0
R_rxn05239_c_enzyme	0.0
R_rxn08017_c_enzyme	3.1904841917891837e-07
R_rxn05348_c_duplicate_3_enzyme	0.0
R_rxn06735_c_enzyme	0.0
R_rxn01827_c_enzyme	0.0
R_rxn00830_c_duplicate_2_enzyme	0.0
R_rxn09448_c_duplicate_4_enzyme	0.0
R_rxn08094_c_duplicate_2_enzyme	0.0
R_rxn01858_c_enzyme	0.0
R_rxn00506_c_enzyme	0.0
R_rxn05553_c_enzyme	0.0
R_rxn03243_c_duplicate_5_enzyme	0.0
R_rxn10113_c_duplicate_6_enzyme	0.0
R_rxn01211_c_duplicate_2_enzyme	0.0
R_rxn06517_c_duplicate_2_enzyme	0.0
R_rxn08822_c_enzyme	0.0
R_rxn02418_c_duplicate_2_enzyme	0.0
R_rxn02596_c_enzyme	0.0
R_rxn03897_c_enzyme	0.0
R_rxn02832_c_duplicate_2_enzyme	0.0
R_rxn12638_c_duplicate_6_enzyme	0.0
R_rxn00537_c_enzyme	0.0
R_rxn21860_c_enzyme	4.2418754378030465e-12
R_rxn00293_c_enzyme	1.407581526526185e-07
R_rxn00818_c_enzyme	0.0
R_rxn01304_c_enzyme	1.876703217613897e-06
R_rxn01138_c_enzyme	0.0
R_rxn08583_c_enzyme	0.0
R_rxn14089_c_duplicate_7_enzyme	0.0
R_rxn01517_c_enzyme	0.0
R_rxn07903_c_enzyme	0.0
R_rxn01258_c_duplicate_2_enzyme	0.0
R_rxn01670_c_enzyme	0.0
R_rxn07902_c_enzyme	0.0
R_rxn10255_c_duplicate_2_enzyme	0.0
R_rxn08802_c_enzyme	0.0
R_rxn03333_c_duplicate_2_enzyme	0.0
R_rxn10258_c_duplicate_2_enzyme	0.0
R_rxn00223_c_enzyme	8.190064978966643e-07
R_rxn05226_c_enzyme	2.583451756679785e-05
R_rxn10094_c_enzyme	0.0
R_rxn00469_c_enzyme	0.0
R_rxn11834_c_duplicate_3_enzyme	0.0
R_rxn01643_c_enzyme	1.079062482221505e-05
R_rxn08126_c_enzyme	0.0
R_rxn00048_c_enzyme	0.0
R_rxn12565_c_enzyme	0.0
R_rxn05735_c_enzyme	0.0
R_rxn05344_c_duplicate_3_enzyme	0.0
R_rxn04413_c_duplicate_2_enzyme	0.0
R_rxn00134_c_enzyme	4.2418754378030465e-12
R_rxn01530_c_duplicate_5_enzyme	0.0
R_EX_cpd01914_e_enzyme	0
R_rxn01053_c_duplicate_2_enzyme	0.0
R_rxn02834_c_enzyme	4.2137864412254756e-06
R_rxn10163_c_duplicate_2_enzyme	0.0
R_rxn10770_c_duplicate_5_enzyme	0.0
R_rxn12845_c_duplicate_2_enzyme	0.0
R_rxn08847_c_enzyme	0.0
R_rxn05247_c_duplicate_3_enzyme	0.0
R_rxn04052_c_enzyme	0.0
R_rxn11834_c_duplicate_4_enzyme	0.0
R_rxn05376_c_enzyme	0.0
R_rxn03282_c_duplicate_2_enzyme	0.0
R_rxn05248_c_enzyme	0.0
R_rxn11838_c_duplicate_4_enzyme	0.0
R_rxn11612_c_enzyme	0.0
R_rxn09296_c_duplicate_2_enzyme	0.0
R_rxn08792_c_duplicate_2_enzyme	0.0
R_rxn12642_c_duplicate_5_enzyme	0.0
R_rxn00278_c_enzyme	1.1726968045081267e-05
R_rxn05384_c_duplicate_2_enzyme	0.0
R_rxn06865_c_enzyme	0.0
R_rxn12637_c_duplicate_4_enzyme	0.0
R_rxn00799_c_duplicate_2_enzyme	2.182833914683935e-05
R_rxn00165_c_enzyme	0.0
R_rxn05734_c_enzyme	0.0
R_rxn01673_c_enzyme	1.4339872011265087e-08
R_rxn01053_c_enzyme	0.0
R_rxn05005_c_enzyme	0.0
R_rxn00650_c_enzyme	0.0
R_EX_cpd00149_e_enzyme	0
R_rxn11834_c_duplicate_6_enzyme	0.0
R_rxn01019_c_enzyme	3.898263076558477e-06
R_EX_cpd00011_e_enzyme	0
R_rxn12847_c_enzyme	0.0
R_rxn03052_c_enzyme	0.0
R_rxn11725_c_enzyme	0.0
R_rxn10162_c_duplicate_4_enzyme	0.0
R_rxn00002_c_enzyme	0.0
R_rxn00145_c_duplicate_2_enzyme	0.0
R_rxn03887_c_enzyme	0.0
R_rxn08298_c_enzyme	0.0
R_rxn04598_c_enzyme	0.0
R_rxn00616_c_enzyme	0.0
R_rxn03409_c_enzyme	0.0
R_rxn00627_c_enzyme	8.190064978966643e-07
R_rxn07433_c_enzyme	0.0
R_rxn05453_c_enzyme	0.0
R_rxn00302_c_enzyme	8.483750875606097e-10
R_rxn00119_c_enzyme	0.0
R_rxn01171_c_enzyme	0.0
R_rxn00002_c_duplicate_4_enzyme	0.0
R_rxn05183_c_enzyme	0.0
R_rxn00540_c_enzyme	0.0
R_rxn07885_c_enzyme	0.0
R_rxn01893_c_enzyme	0.0
R_rxn12646_c_duplicate_2_enzyme	0.0
R_rxn03481_c_duplicate_5_enzyme	0.0
R_rxn05396_c_duplicate_2_enzyme	0.0
R_rxn00549_c_duplicate_3_enzyme	0.0
R_rxn01116_c_duplicate_2_enzyme	0.0
R_rxn02791_c_enzyme	0.0
R_rxn02680_c_duplicate_4_enzyme	0.0
R_rxn00931_c_enzyme	0.0
R_rxn00904_c_enzyme	8.33698105316415e-06
R_rxn05377_c_enzyme	0.0
R_rxn01210_c_enzyme	0.0
R_rxn03842_c_enzyme	0.0
R_rxn10267_c_enzyme	0.0
R_rxn08839_c_enzyme	0.0
R_rxn02791_c_duplicate_2_enzyme	0.0
R_rxn01143_c_enzyme	0.0
R_rxn00321_c_enzyme	0.0
R_rxn05024_c_duplicate_2_enzyme	0.0
R_rxn05647_c_enzyme	0.0
R_rxn01115_c_enzyme	0.0
R_rxn05516_c_duplicate_2_enzyme	0.0
R_rxn04413_c_enzyme	0.0
R_rxn09448_c_duplicate_5_enzyme	0.0
R_rxn12639_c_enzyme	0.0
R_rxn00272_c_duplicate_2_enzyme	1.7973115371384276e-06
R_rxn08620_c_enzyme	0.0
R_rxn08438_c_enzyme	0.0
R_rxn02406_c_duplicate_2_enzyme	0.0
R_rxn05363_c_duplicate_2_enzyme	0.0
R_rxn09108_c_enzyme	0.0
R_rxn10147_c_enzyme	0.0
R_rxn00500_c_duplicate_2_enzyme	0.0
R_rxn00882_c_enzyme	0.0
R_rxn08299_c_enzyme	0.0
R_rxn00414_c_enzyme	0.0
R_rxn00173_c_duplicate_2_enzyme	0.0
R_rxn03185_c_enzyme	0.0
R_rxn05501_c_enzyme	0.0
R_rxn12643_c_enzyme	0.0
R_rxn01333_c_enzyme	0.0
R_rxn05386_c_enzyme	0.0
R_rxn10121_c_enzyme	0.0
R_rxn01451_c_duplicate_2_enzyme	0.0
R_rxn00973_c_enzyme	1.7046529376486968e-05
R_rxn01368_c_enzyme	0.0
R_rxn01827_c_duplicate_2_enzyme	0.0
R_rxn12847_c_duplicate_2_enzyme	0.0
R_rxn00495_c_enzyme	0.0
R_rxn03951_c_enzyme	0.0
R_rxn05006_c_duplicate_3_enzyme	0.0
R_rxn10199_c_duplicate_2_enzyme	0.0
R_rxn02400_c_duplicate_3_enzyme	0.0
R_rxn00141_c_enzyme	4.2418754378030465e-12
R_rxn00676_c_duplicate_2_enzyme	0.0
R_rxn01621_c_enzyme	0.0
R_rxn02737_c_enzyme	0.0
R_rxn00013_c_enzyme	0.0
R_rxn07899_c_enzyme	0.0
R_rxn06577_c_enzyme	0.0
R_rxn00913_c_enzyme	0.0
R_rxn00783_c_enzyme	0.0
R_rxn01018_c_enzyme	0.0
R_rxn06723_c_enzyme	2.72055808587224e-07
R_rxn09450_c_duplicate_3_enzyme	0.0
R_rxn00808_c_enzyme	0.0
R_rxn09992_c_enzyme	0.0
R_rxn00838_c_duplicate_2_enzyme	6.342505657016475e-06
R_rxn05437_c_enzyme	0.0
R_rxn09225_c_enzyme	0.0
R_rxn00867_c_enzyme	0.0
R_rxn01269_c_enzyme	0.0
R_rxn09310_c_enzyme	0.0
R_rxn00237_c_enzyme	1.465486977905263e-05
R_rxn12643_c_duplicate_5_enzyme	0.0
R_rxn14054_c_duplicate_6_enzyme	0.0
R_rxn03871_c_enzyme	0.0
R_rxn00656_c_enzyme	6.362813156708271e-10
R_rxn10234_c_enzyme	0.0
R_rxn10473_c_enzyme	0.0
R_rxn03482_c_duplicate_4_enzyme	0.0
R_rxn03239_c_enzyme	0.0
R_rxn09450_c_duplicate_6_enzyme	0.0
R_rxn05250_c_duplicate_6_enzyme	0.0
R_rxn01286_c_enzyme	0.0
R_rxn01145_c_duplicate_2_enzyme	0.0
R_rxn02230_c_enzyme	0.0
R_rxn01987_c_enzyme	0.0
R_rxn00274_c_enzyme	7.889972301607495e-07
R_rxn11723_c_enzyme	0.0
R_rxn03638_c_enzyme	9.922258468507419e-08
R_rxn05115_c_enzyme	0.0
R_rxn00328_c_enzyme	0.0
R_rxn05453_c_duplicate_2_enzyme	0.0
R_rxn12635_c_duplicate_5_enzyme	0.0
R_rxn04989_c_enzyme	0.0
R_rxn05347_c_duplicate_2_enzyme	0.0
R_rxn04132_c_enzyme	0.0
R_rxn01115_c_duplicate_2_enzyme	8.294546591293872e-07
R_rxn08118_c_enzyme	0.0
R_rxn00193_c_duplicate_2_enzyme	0.0
R_bio1_enzyme	0
R_rxn03246_c_enzyme	0.0
R_rxn01870_c_enzyme	8.190064978966643e-07
R_rxn08527_c_enzyme	0.0
R_rxn03247_c_duplicate_2_enzyme	0.0
R_rxn12844_c_duplicate_5_enzyme	0.0
R_rxn00122_c_enzyme	0.0
R_rxn06449_c_enzyme	5.433884715146268e-07
R_rxn05413_c_enzyme	0.0
R_rxn03898_c_enzyme	0.0
R_rxn00295_c_duplicate_2_enzyme	0.0
R_rxn00371_c_enzyme	4.2752890237437295e-05
R_rxn09264_c_enzyme	0.0
R_rxn00910_c_enzyme	0.0
R_rxn04908_c_duplicate_6_enzyme	0.0
R_rxn05466_c_enzyme	0.0
R_rxn00676_c_duplicate_4_enzyme	0.0
R_rxn00068_c_enzyme	0.0
R_rxn01851_c_duplicate_5_enzyme	0.0
R_rxn05154_c_duplicate_2_enzyme	0.0
R_rxn00656_c_duplicate_2_enzyme	0.0
R_rxn05247_c_duplicate_6_enzyme	0.0
R_rxn11569_c_enzyme	0.0
R_rxn12637_c_duplicate_3_enzyme	0.0
R_rxn01416_c_enzyme	0.0
R_rxn12522_c_enzyme	0.0
R_rxn10161_c_enzyme	0.0
R_rxn00132_c_duplicate_3_enzyme	0.0
R_rxn03762_c_enzyme	0.0
R_rxn06570_c_enzyme	0.0
R_rxn03094_c_enzyme	0.0
R_rxn10161_c_duplicate_4_enzyme	0.0
R_rxn01225_c_duplicate_2_enzyme	0.0
R_rxn09436_c_enzyme	1.6505985703579215e-07
R_rxn02167_c_duplicate_2_enzyme	0.0
R_rxn05958_c_enzyme	0.0
R_rxn04113_c_enzyme	0.0
R_rxn00109_c_enzyme	0.0
R_rxn01548_c_enzyme	0.0
R_rxn01639_c_duplicate_2_enzyme	0.0
R_rxn00260_c_duplicate_5_enzyme	3.553309394134082e-06
R_rxn10125_c_enzyme	0.0
R_rxn02811_c_duplicate_2_enzyme	0.0
R_rxn05359_c_enzyme	0.0
R_rxn02302_c_enzyme	0.0
R_rxn00085_c_enzyme	0.0
R_rxn01682_c_duplicate_2_enzyme	0.0
R_rxn14294_c_enzyme	0.0
R_rxn07688_c_enzyme	0.0
R_rxn02703_c_enzyme	0.0
R_rxn00086_c_enzyme	2.6678464306778024e-08
R_rxn01124_c_duplicate_2_enzyme	0.0
R_rxn05682_c_duplicate_2_enzyme	0.0
R_rxn05654_c_duplicate_2_enzyme	0.0
R_rxn00988_c_duplicate_8_enzyme	0.0
R_rxn00285_c_enzyme	1.0067812337112782e-05
R_rxn00707_c_duplicate_2_enzyme	0.0
R_rxn06372_c_enzyme	0.0
R_rxn12846_c_enzyme	0.0
R_rxn01642_c_duplicate_2_enzyme	0.0
R_rxn00947_c_duplicate_3_enzyme	0.0
R_rxn10337_c_enzyme	0.0
R_rxn06437_c_enzyme	2.680318170273057e-07
R_rxn10270_c_enzyme	0.0
R_rxn04779_c_enzyme	0.0
R_rxn00183_c_duplicate_2_enzyme	0.0
R_rxn04597_c_enzyme	0.0
R_rxn03406_c_enzyme	0.0
R_rxn05375_c_enzyme	0.0
R_rxn10770_c_duplicate_7_enzyme	0.0
R_rxn00077_c_enzyme	2.3330314907937273e-09
R_rxn05146_c_enzyme	0.0
R_rxn05163_c_enzyme	0.0
R_rxn00943_c_enzyme	1.353455195939818e-07
R_rxn06386_c_enzyme	0.0
R_rxn00452_c_enzyme	0.0
R_rxn03360_c_enzyme	0.0
R_rxn00727_c_enzyme	0.0
R_rxn01499_c_enzyme	0.0
R_rxn01825_c_enzyme	0.0
R_rxn02212_c_enzyme	5.533827254118181e-07
R_rxn09449_c_duplicate_4_enzyme	0.0
R_rxn05616_c_enzyme	0.0
R_rxn09272_c_duplicate_2_enzyme	0.0
R_EX_cpd00137_e_enzyme	0
R_rxn00527_c_duplicate_7_enzyme	0.0
R_rxn02342_c_enzyme	1.1604042714338794e-06
R_rxn05814_c_enzyme	0.0
R_rxn00539_c_duplicate_2_enzyme	0.0
R_rxn09449_c_duplicate_3_enzyme	0.0
R_rxn06729_c_enzyme	3.5013079930274933e-07
R_rxn00710_c_enzyme	6.321588730523616e-07
R_EX_cpd03343_e_enzyme	0
R_rxn01975_c_duplicate_2_enzyme	0.0
R_rxn00543_c_duplicate_3_enzyme	0.0
R_rxn07432_c_enzyme	0.0
R_rxn00912_c_duplicate_2_enzyme	6.362813156708271e-10
R_rxn12645_c_duplicate_2_enzyme	0.0
R_rxn07430_c_enzyme	0.0
R_rxn10150_c_enzyme	0.0
R_rxn11809_c_duplicate_6_enzyme	0.0
R_rxn01461_c_enzyme	1.4846564032310661e-08
R_rxn00171_c_duplicate_2_enzyme	0.0
R_rxn00839_c_enzyme	0.0
R_rxn01477_c_enzyme	0.0
R_rxn01504_c_enzyme	0.0
R_rxn08703_c_enzyme	0.0
R_rxn02475_c_duplicate_2_enzyme	0.0
R_rxn05872_c_duplicate_2_enzyme	0.0
R_rxn03848_c_enzyme	0.0
R_rxn01453_c_enzyme	0.0
R_rxn04908_c_duplicate_7_enzyme	0.0
R_rxn02362_c_enzyme	0.0
R_EX_cpd00116_e_enzyme	0
R_rxn10162_c_duplicate_3_enzyme	0.0
R_rxn03242_c_duplicate_2_enzyme	0.0
R_rxn00758_c_enzyme	0.0
R_rxn03721_c_enzyme	0.0
R_rxn02596_c_duplicate_2_enzyme	0.0
R_rxn05744_c_enzyme	3.542391790997301e-05
R_rxn01530_c_duplicate_3_enzyme	0.0
R_rxn12646_c_duplicate_5_enzyme	0.0
R_rxn05350_c_duplicate_2_enzyme	0.0
R_rxn00935_c_duplicate_2_enzyme	0.0
R_rxn01332_c_duplicate_3_enzyme	4.5950554702525204e-05
R_rxn00988_c_duplicate_6_enzyme	0.0
R_rxn09265_c_enzyme	0.0
R_rxn02835_c_enzyme	4.2137864412254756e-06
R_rxn04736_c_duplicate_5_enzyme	0.0
R_rxn00293_c_duplicate_3_enzyme	0.0
R_rxn12512_c_enzyme	0.0
R_rxn05404_c_enzyme	0.0
R_rxn09197_c_enzyme	0.0
R_rxn04726_c_duplicate_6_enzyme	0.0
R_rxn05871_c_duplicate_5_enzyme	0.0
R_rxn02680_c_duplicate_2_enzyme	0.0
R_rxn00708_c_duplicate_3_enzyme	0.0
R_rxn02090_c_enzyme	0.0
R_rxn00337_c_duplicate_2_enzyme	0.0
R_rxn00157_c_enzyme	0.0
R_rxn02914_c_enzyme	0.0
R_rxn05170_c_enzyme	0.0
R_rxn05248_c_duplicate_4_enzyme	0.0
R_rxn05425_c_enzyme	0.0
R_rxn08851_c_enzyme	0.0
R_rxn03958_c_enzyme	3.215384000609088e-07
R_rxn00406_c_enzyme	0.0
R_rxn03919_c_enzyme	0.0
R_rxn02406_c_enzyme	0.0
R_rxn00778_c_enzyme	0.0
R_rxn05247_c_duplicate_5_enzyme	0.0
R_rxn00726_c_duplicate_2_enzyme	0.0
R_rxn05434_c_enzyme	0.0
R_rxn00568_c_duplicate_4_enzyme	0.0
R_rxn00527_c_duplicate_6_enzyme	0.0
R_rxn05368_c_enzyme	0.0
R_rxn00568_c_duplicate_3_enzyme	0.0
R_rxn08306_c_enzyme	0.0
R_rxn05421_c_enzyme	0.0
R_rxn03421_c_enzyme	8.483750875606097e-10
R_rxn03146_c_enzyme	8.252992851789608e-08
R_rxn00914_c_enzyme	0.0
R_rxn03135_c_enzyme	3.455424694601562e-06
R_rxn02391_c_enzyme	0.0
R_rxn02345_c_enzyme	0.0
R_rxn04744_c_duplicate_2_enzyme	0.0
R_rxn05374_c_enzyme	0.0
R_rxn01216_c_enzyme	0.0
R_rxn04271_c_enzyme	0.0
R_rxn04599_c_enzyme	0.0
R_rxn00192_c_enzyme	0.0
R_rxn00338_c_enzyme	1.7469120634647517e-06
R_rxn07219_c_duplicate_2_enzyme	0.0
R_rxn38837_c_duplicate_2_enzyme	0.0
R_rxn03239_c_duplicate_2_enzyme	5.897394583668819e-07
R_rxn00806_c_enzyme	6.163795186035819e-07
R_rxn05116_c_enzyme	0.0
R_rxn06098_c_enzyme	0.0
R_rxn05561_c_duplicate_2_enzyme	0.0
R_rxn01739_c_enzyme	5.694949939303387e-07
R_rxn00361_c_duplicate_2_enzyme	0.0
R_rxn11040_c_enzyme	0.0
R_rxn03287_c_enzyme	0.0
R_rxn04723_c_duplicate_2_enzyme	0.0
R_rxn12636_c_duplicate_4_enzyme	0.0
R_rxn05256_c_enzyme	1.308716098841729e-06
R_rxn09210_c_enzyme	0.0
R_rxn01750_c_enzyme	0.0
R_rxn09005_c_enzyme	0
R_rxn03095_c_enzyme	0.0
R_rxn02853_c_duplicate_4_enzyme	0.0
R_rxn01678_c_enzyme	0.0
R_rxn05872_c_enzyme	0.0
R_rxn03248_c_duplicate_3_enzyme	0.0
R_rxn00709_c_enzyme	0.0
R_rxn00509_c_enzyme	0.0
R_rxn00065_c_duplicate_2_enzyme	0.0
R_rxn14112_c_enzyme	0.0
R_rxn27735_c_enzyme	2.039281616723815e-06
R_rxn05454_c_enzyme	0.0
R_rxn12641_c_duplicate_3_enzyme	0.0
R_rxn01257_c_duplicate_2_enzyme	0.0
R_rxn10343_c_duplicate_2_enzyme	0.0
R_rxn14293_c_enzyme	0.0
R_rxn12642_c_duplicate_4_enzyme	0.0
R_rxn02290_c_enzyme	0.0
R_rxn00831_c_duplicate_2_enzyme	0.0
R_rxn05444_c_enzyme	0.0
R_rxn12633_c_duplicate_2_enzyme	0.0
R_rxn09296_c_duplicate_4_enzyme	0.0
R_rxn05298_c_duplicate_3_enzyme	0.0
R_rxn05682_c_enzyme	0.0
R_rxn00988_c_duplicate_4_enzyme	0.0
R_rxn00248_c_enzyme	0.0
R_rxn10220_c_enzyme	0.0
R_rxn05289_c_duplicate_2_enzyme	3.8569968081919634e-07
R_rxn02312_c_enzyme	4.2418754378030465e-12
R_rxn00363_c_duplicate_3_enzyme	0.0
R_rxn03883_c_enzyme	0.0
R_rxn08297_c_duplicate_2_enzyme	0.0
R_rxn10207_c_enzyme	0.0
R_rxn09979_c_enzyme	0.0
R_rxn00721_c_enzyme	0.0
R_rxn10235_c_enzyme	0.0
R_rxn02762_c_enzyme	0.0
R_rxn10199_c_enzyme	0.0
R_rxn11759_c_enzyme	0.0
R_rxn39451_c_enzyme	4.5443455822124653e-07
R_rxn11040_c_duplicate_2_enzyme	0.0
R_rxn08901_c_enzyme	0.0
R_rxn00355_c_enzyme	0.0
R_EX_cpd00039_e_enzyme	0
R_rxn05466_c_duplicate_2_enzyme	1.5704247329292667e-05
R_rxn00178_c_duplicate_6_enzyme	0.0
R_rxn05249_c_duplicate_7_enzyme	0.0
R_rxn05221_c_enzyme	0.0
R_rxn04938_c_enzyme	0.0
R_rxn10174_c_enzyme	0.0
R_rxn05170_c_duplicate_2_enzyme	0.0
R_rxn05400_c_duplicate_2_enzyme	0.0
R_rxn11721_c_enzyme	0.0
R_rxn12646_c_duplicate_4_enzyme	0.0
R_rxn05233_c_enzyme	1.4274122941979139e-08
R_rxn00604_c_enzyme	8.294546591293872e-07
R_rxn03980_c_enzyme	0.0
R_rxn06197_c_duplicate_2_enzyme	0.0
R_rxn01129_c_enzyme	0.0
R_rxn01462_c_enzyme	1.4846564032310661e-08
R_rxn03860_c_duplicate_2_enzyme	0.0
R_rxn02200_c_duplicate_2_enzyme	0.0
R_rxn09104_c_enzyme	0.0
R_rxn12638_c_duplicate_3_enzyme	0.0
R_rxn08797_c_enzyme	0.0
R_rxn03147_c_enzyme	1.6641442717462095e-05
R_rxn02286_c_enzyme	2.9114112067361213e-08
R_rxn04781_c_enzyme	0.0
R_rxn05614_c_duplicate_2_enzyme	0.0
R_rxn12646_c_enzyme	0.0
R_rxn00085_c_duplicate_3_enzyme	0.0
R_rxn00508_c_enzyme	0.0
R_rxn05040_c_duplicate_2_enzyme	0.0
R_rxn00775_c_duplicate_2_enzyme	0.0
R_rxn01671_c_enzyme	0.0
R_rxn01279_c_enzyme	0.0
R_rxn01513_c_duplicate_2_enzyme	0.0
R_rxn03891_c_enzyme	0.0
R_rxn03970_c_enzyme	0.0
R_EX_cpd00099_e_enzyme	0
R_rxn10053_c_enzyme	7.3509807526202865e-06
R_rxn01199_c_enzyme	0.0
R_rxn05734_c_duplicate_4_enzyme	0.0
R_rxn00369_c_enzyme	0.0
R_rxn05162_c_enzyme	0.0
R_rxn00653_c_enzyme	0.0
R_rxn10131_c_duplicate_2_enzyme	0.0
R_rxn00363_c_enzyme	0.0
R_rxn00608_c_enzyme	0.0
R_rxn05871_c_enzyme	0.0
R_rxn08810_c_enzyme	0.0
R_rxn02792_c_duplicate_2_enzyme	0.0
R_rxn05305_c_duplicate_4_enzyme	0.0
R_rxn05397_c_enzyme	0.0
R_rxn01997_c_enzyme	0.0
R_rxn00650_c_duplicate_4_enzyme	0.0
R_rxn11703_c_enzyme	0.0
R_rxn10770_c_duplicate_8_enzyme	0.0
R_rxn04031_c_enzyme	0.0
R_rxn03084_c_enzyme	6.213574958345565e-06
R_rxn01208_c_enzyme	1.031361803284593e-05
R_rxn05034_c_enzyme	0.0
R_rxn02161_c_enzyme	0.0
R_rxn05651_c_enzyme	2.992748241578099e-07
R_rxn00874_c_duplicate_5_enzyme	0.0
R_rxn10206_c_enzyme	0.0
R_rxn03248_c_duplicate_2_enzyme	0.0
R_rxn02229_c_enzyme	0.0
R_EX_cpd03696_e_enzyme	0
R_rxn01893_c_duplicate_2_enzyme	0.0
R_rxn02181_c_enzyme	0.0
R_rxn08983_c_duplicate_3_enzyme	0.0
R_rxn03061_c_enzyme	0.0
R_rxn03490_c_enzyme	0.0
R_rxn07875_c_enzyme	0.0
R_EX_cpd00054_e_enzyme	0
R_rxn06435_c_enzyme	6.273440552809799e-08
R_rxn15947_c_enzyme	4.386979273448665e-06
R_rxn01642_c_enzyme	0.0
R_rxn01974_c_enzyme	4.5443455822124653e-07
R_rxn00933_c_enzyme	0.0
R_rxn01977_c_enzyme	0.0
R_rxn07230_c_enzyme	0.0
R_rxn00872_c_enzyme	0.0
R_rxn03273_c_enzyme	0.0
R_rxn21862_c_enzyme	4.2418754378030465e-12
R_rxn08443_c_enzyme	3.1904841917891837e-07
R_rxn03175_c_enzyme	6.550444901827714e-06
R_rxn09113_c_enzyme	0.0
R_rxn05561_c_duplicate_4_enzyme	0.0
R_rxn00676_c_duplicate_5_enzyme	4.2186442447476763e-07
R_rxn00835_c_duplicate_2_enzyme	0.0
R_rxn00423_c_enzyme	6.337068684376882e-08
R_rxn02270_c_duplicate_2_enzyme	4.2186442447476763e-07
R_rxn00416_c_enzyme	5.7018941986344725e-06
R_rxn03445_c_enzyme	0.0
R_rxn03333_c_duplicate_4_enzyme	0.0
R_rxn00669_c_enzyme	0.0
R_rxn05551_c_enzyme	0.0
R_rxn05189_c_enzyme	0.0
R_rxn10571_c_enzyme	0.0
R_rxn01515_c_enzyme	0.0
R_rxn10336_c_enzyme	0.0
R_rxn14054_c_duplicate_4_enzyme	0.0
R_rxn00320_c_enzyme	0.0
R_rxn00247_c_enzyme	0.0
R_rxn00807_c_enzyme	0.0
R_rxn02687_c_duplicate_2_enzyme	0.0
R_rxn01859_c_duplicate_2_enzyme	0.0
R_rxn02260_c_enzyme	0.0
R_rxn12645_c_duplicate_5_enzyme	0.0
R_rxn00796_c_enzyme	4.2418754378030465e-12
R_rxn00575_c_duplicate_2_enzyme	0.0
R_rxn00991_c_duplicate_2_enzyme	0.0
R_rxn05735_c_duplicate_3_enzyme	0.0
R_rxn05365_c_enzyme	0.0
R_rxn12639_c_duplicate_4_enzyme	0.0
R_rxn07434_c_enzyme	4.2186442447476763e-07
R_rxn05221_c_duplicate_2_enzyme	0.0
R_rxn05393_c_enzyme	0.0
R_rxn00782_c_duplicate_3_enzyme	0.0
R_rxn00527_c_duplicate_4_enzyme	0.0
R_rxn02503_c_duplicate_2_enzyme	0.0
R_rxn01446_c_duplicate_2_enzyme	0.0
R_rxn05654_c_duplicate_4_enzyme	0.0
R_rxn01225_c_duplicate_4_enzyme	0.0
R_rxn01211_c_enzyme	0.0
R_rxn05569_c_enzyme	0.0
R_rxn04598_c_duplicate_2_enzyme	0.0
R_rxn12191_c_duplicate_6_enzyme	0.0
R_rxn03012_c_enzyme	0.0
R_rxn01516_c_enzyme	0.0
R_rxn03287_c_duplicate_2_enzyme	0.0
R_rxn02936_c_enzyme	0.0
R_rxn12640_c_enzyme	0.0
R_rxn04384_c_enzyme	0.0
R_rxn11720_c_enzyme	0.0
R_rxn06076_c_duplicate_2_enzyme	0.0
R_rxn02949_c_enzyme	0.0
R_rxn01530_c_duplicate_2_enzyme	0.0
R_rxn10266_c_enzyme	0.0
R_rxn12644_c_duplicate_6_enzyme	0.0
R_rxn01146_c_enzyme	0.0
R_rxn00650_c_duplicate_6_enzyme	0.0
R_rxn03540_c_enzyme	0.0
R_rxn12847_c_duplicate_3_enzyme	0.0
R_rxn00623_c_duplicate_2_enzyme	0.0
R_rxn01646_c_duplicate_2_enzyme	0.0
R_rxn08800_c_enzyme	0.0
R_rxn02159_c_enzyme	1.445791480113104e-07
R_rxn02804_c_duplicate_3_enzyme	0.0
R_rxn10204_c_enzyme	0.0
R_rxn40037_c_enzyme	1.2461891211940326e-05
R_rxn01480_c_duplicate_3_enzyme	0.0
R_rxn05582_c_enzyme	0.0
R_EX_cpd00063_e_enzyme	0
R_rxn02260_c_duplicate_2_enzyme	0.0
R_rxn01679_c_enzyme	0.0
R_EX_cpd01329_e_enzyme	0
R_rxn10257_c_duplicate_2_enzyme	0.0
R_rxn00527_c_duplicate_3_enzyme	0.0
R_rxn05560_c_enzyme	0.0
R_rxn12641_c_duplicate_2_enzyme	0.0
R_rxn03035_c_enzyme	0.0
R_rxn02774_c_enzyme	0.0
R_rxn02680_c_duplicate_5_enzyme	0.0
R_rxn02166_c_duplicate_2_enzyme	0.0
R_rxn00469_c_duplicate_2_enzyme	0.0
R_rxn06517_c_enzyme	0.0
R_rxn01701_c_duplicate_2_enzyme	0.0
R_rxn00085_c_duplicate_4_enzyme	0.0
R_rxn13952_c_enzyme	0.0
R_rxn02339_c_duplicate_3_enzyme	0.0
R_rxn00707_c_enzyme	0.0
R_rxn02314_c_duplicate_2_enzyme	0.0
R_rxn01013_c_enzyme	0.0
R_rxn11838_c_duplicate_7_enzyme	0.0
R_rxn12640_c_duplicate_3_enzyme	0.0
R_EX_cpd03725_e_enzyme	0
R_rxn09110_c_enzyme	0.0
R_EX_cpd00214_e_enzyme	0
R_rxn12635_c_duplicate_4_enzyme	0.0
R_rxn00291_c_enzyme	0.0
R_rxn10042_c_duplicate_2_enzyme	0.0
R_rxn00834_c_enzyme	9.7354831858866e-07
R_rxn00775_c_enzyme	0.0
R_rxn05429_c_enzyme	0.0
R_EX_cpd15378_c_enzyme	0
R_rxn09450_c_duplicate_4_enzyme	0.0
R_rxn12638_c_enzyme	0.0
R_rxn03333_c_duplicate_5_enzyme	0.0
R_rxn02360_c_enzyme	0.0
R_rxn12405_c_enzyme	0.0
R_rxn01302_c_enzyme	0.0
R_rxn00350_c_duplicate_2_enzyme	0.0
R_rxn06037_c_enzyme	0.0
R_rxn11268_c_enzyme	0.0
R_rxn11567_c_enzyme	0.0
R_rxn12845_c_duplicate_3_enzyme	0.0
R_EX_cpd00064_e_enzyme	0
R_rxn08809_c_enzyme	0.0
R_rxn10806_c_duplicate_8_enzyme	0.0
R_rxn01313_c_enzyme	0.0
R_rxn11809_c_duplicate_4_enzyme	0.0
R_EX_cpd00100_e_enzyme	0
R_rxn00493_c_enzyme	2.4935792065018125e-07
R_rxn06510_c_duplicate_4_enzyme	0.0
R_rxn03915_c_enzyme	0.0
R_rxn02576_c_duplicate_2_enzyme	0.0
R_rxn05429_c_duplicate_2_enzyme	0.0
R_rxn00658_c_enzyme	0.0
R_rxn01268_c_enzyme	1.8104107261049292e-07
R_rxn06300_c_enzyme	6.56571985421471e-07
R_rxn00441_c_enzyme	1.0715451891304302e-05
R_rxn00214_c_duplicate_2_enzyme	0.0
R_rxn12845_c_duplicate_5_enzyme	0.0
R_rxn02011_c_enzyme	2.9114112067361213e-08
R_rxn01763_c_enzyme	0.0
R_rxn01270_c_enzyme	0.0
R_EX_cpd00276_e_enzyme	0
R_rxn04787_c_enzyme	4.4815414000389183e-07
R_rxn05736_c_duplicate_6_enzyme	0.0
R_rxn03433_c_enzyme	0.0
R_rxn05371_c_enzyme	0.0
R_rxn08713_c_enzyme	0.0
R_rxn00859_c_enzyme	0.0
R_rxn00558_c_enzyme	8.048507047470669e-06
R_rxn02927_c_enzyme	0.0
R_rxn02435_c_enzyme	0.0
R_maintenance_atp_enzyme	0
R_rxn05251_c_duplicate_2_enzyme	0.0
R_rxn10232_c_enzyme	0.0
R_rxn08817_c_enzyme	0.0
R_rxn16385_c_enzyme	4.2418754378030465e-12
R_rxn07493_c_enzyme	0.0
R_rxn07900_c_enzyme	0.0
R_rxn00549_c_enzyme	0.0
R_rxn02170_c_enzyme	0.0
R_rxn10180_c_enzyme	0.0
R_rxn12846_c_duplicate_6_enzyme	0.0
R_rxn00012_c_enzyme	0.0
R_rxn00539_c_enzyme	0.0
R_rxn01000_c_duplicate_2_enzyme	0.0
R_rxn07684_c_duplicate_2_enzyme	0.0
R_rxn00713_c_duplicate_2_enzyme	0.0
R_rxn00189_c_duplicate_2_enzyme	0.0
R_rxn05250_c_duplicate_2_enzyme	0.0
R_rxn00679_c_enzyme	0.0
R_rxn01530_c_duplicate_7_enzyme	0.0
R_rxn01480_c_enzyme	0.0
R_rxn01297_c_duplicate_2_enzyme	0.0
R_rxn05392_c_enzyme	0.0
R_rxn02737_c_duplicate_3_enzyme	0.0
R_rxn05251_c_duplicate_7_enzyme	0.0
R_rxn05557_c_duplicate_2_enzyme	0.0
R_rxn06937_c_enzyme	0.0
R_rxn00874_c_duplicate_3_enzyme	0.0
R_rxn01018_c_duplicate_2_enzyme	7.774475860687835e-06
R_rxn05175_c_enzyme	0.0
R_rxn12191_c_duplicate_2_enzyme	0.0
R_rxn00807_c_duplicate_2_enzyme	0.0
R_rxn01459_c_enzyme	0.0
R_rxn05349_c_enzyme	0.0
R_rxn00058_c_duplicate_2_enzyme	0.0
R_rxn12845_c_duplicate_6_enzyme	0.0
R_rxn00428_c_duplicate_2_enzyme	0.0
R_rxn12639_c_duplicate_3_enzyme	0.0
R_rxn02796_c_enzyme	0.0
R_rxn05363_c_enzyme	0.0
R_rxn05005_c_duplicate_3_enzyme	0.0
R_rxn02925_c_duplicate_2_enzyme	0.0
R_rxn09449_c_enzyme	0.0
R_rxn05127_c_duplicate_2_enzyme	0.0
R_rxn03397_c_enzyme	0.0
R_rxn00920_c_enzyme	0.0
R_rxn03130_c_enzyme	4.126496425894804e-08
R_rxn05442_c_enzyme	0.0
R_rxn05114_c_enzyme	0.0
R_rxn03240_c_duplicate_2_enzyme	5.897394583668819e-07
R_rxn01544_c_enzyme	0.0
R_rxn00921_c_enzyme	0.0
R_rxn08709_c_enzyme	0.0
R_rxn00178_c_enzyme	0.0
R_rxn00506_c_duplicate_2_enzyme	0.0
R_rxn00646_c_enzyme	0.0
R_rxn12633_c_duplicate_6_enzyme	0.0
R_rxn05012_c_enzyme	0.0
R_rxn10131_c_duplicate_3_enzyme	0.0
R_rxn03164_c_enzyme	2.9114112067361213e-08
R_rxn05736_c_duplicate_3_enzyme	0.0
R_rxn05358_c_enzyme	0.0
R_rxn08811_c_enzyme	0.0
R_EX_cpd00067_e_enzyme	0
R_rxn05350_c_duplicate_3_enzyme	0.0
R_rxn01255_c_enzyme	8.260097187230111e-07
R_rxn12845_c_duplicate_4_enzyme	0.0
R_rxn00832_c_enzyme	6.274414754723421e-07
R_rxn10260_c_enzyme	0.0
R_rxn12639_c_duplicate_6_enzyme	0.0
R_rxn05734_c_duplicate_2_enzyme	0.0
R_rxn07454_c_enzyme	0.0
R_rxn01647_c_enzyme	0.0
R_rxn09209_c_enzyme	1.5952420958945918e-07
R_EX_cpd03091_c_enzyme	0
R_rxn03245_c_duplicate_2_enzyme	0.0
R_rxn08300_c_enzyme	0.0
R_rxn01200_c_duplicate_2_enzyme	0.0
R_rxn08528_c_enzyme	0.0
R_rxn00835_c_enzyme	0.0
R_rxn01287_c_enzyme	0.0
R_rxn01297_c_enzyme	0.0
R_rxn08025_c_enzyme	0.0
R_rxn03511_c_enzyme	0.0
R_rxn00737_c_enzyme	5.698346676769646e-07
R_rxn05582_c_duplicate_3_enzyme	0.0
R_rxn03897_c_duplicate_2_enzyme	0.0
R_EX_cpd00130_e_enzyme	0
R_rxn10270_c_duplicate_2_enzyme	0.0
R_rxn10222_c_enzyme	0.0
R_rxn00369_c_duplicate_2_enzyme	0.0
R_rxn05494_c_enzyme	0.0
R_rxn03482_c_enzyme	0.0
R_rxn03816_c_enzyme	0.0
R_rxn00550_c_duplicate_3_enzyme	0.0
R_rxn02115_c_enzyme	0.0
R_rxn00950_c_enzyme	0.0
R_rxn01258_c_enzyme	0.0
R_rxn05459_c_duplicate_2_enzyme	0.0
R_rxn11809_c_duplicate_2_enzyme	0.0
R_rxn05307_c_enzyme	0.0
R_rxn02898_c_enzyme	0.0
R_rxn01800_c_enzyme	0.0
R_rxn03481_c_duplicate_3_enzyme	0.0
R_rxn01600_c_enzyme	0.0
R_rxn02889_c_duplicate_2_enzyme	0.0
R_rxn02305_c_duplicate_2_enzyme	0.0
R_rxn01345_c_enzyme	0.0
R_rxn05417_c_duplicate_2_enzyme	0.0
R_rxn00178_c_duplicate_4_enzyme	0.0
R_rxn10125_c_duplicate_2_enzyme	0.0
R_rxn05350_c_enzyme	0.0
R_rxn00902_c_enzyme	0.0
R_rxn05455_c_enzyme	0.0
R_rxn00547_c_enzyme	0.0
R_rxn01548_c_duplicate_2_enzyme	0.0
R_rxn00259_c_enzyme	0.0
R_rxn01366_c_enzyme	0.0
R_rxn01124_c_enzyme	0.0
R_rxn08807_c_enzyme	0.0
R_rxn00048_c_duplicate_2_enzyme	0.0
R_rxn00503_c_enzyme	2.5098378061546683e-07
R_rxn02009_c_enzyme	0.0
R_rxn00283_c_enzyme	0.0
R_rxn01465_c_enzyme	0.0
R_rxn12643_c_duplicate_6_enzyme	0.0
R_rxn00781_c_enzyme	0.0001509060174269527
R_rxn02334_c_enzyme	0.0
R_rxn02889_c_duplicate_3_enzyme	0.0
R_rxn03194_c_enzyme	0.0
R_rxn10223_c_enzyme	0.0
R_rxn09978_c_enzyme	0.0
R_rxn03481_c_duplicate_2_enzyme	0.0
R_rxn01217_c_enzyme	0.0
R_rxn05371_c_duplicate_2_enzyme	0.0
R_rxn06728_c_enzyme	0.0
R_rxn10806_c_duplicate_6_enzyme	0.0
R_EX_cpd00051_e_enzyme	0
R_rxn05346_c_duplicate_3_enzyme	0.0
R_rxn02504_c_enzyme	8.483750875606097e-10
R_rxn02760_c_enzyme	0.0
R_rxn00011_c_duplicate_5_enzyme	0.0
R_rxn09180_c_enzyme	0.0
R_rxn09203_c_enzyme	0.0
R_rxn02761_c_enzyme	0.0
R_rxn08458_c_enzyme	3.634034608281937e-05
R_rxn05293_c_enzyme	3.215384000609088e-07
R_rxn01961_c_enzyme	0.0
R_rxn06591_c_enzyme	0.0
R_EX_cpd00012_e_enzyme	0
R_rxn03244_c_duplicate_2_enzyme	0.0
R_rxn05398_c_enzyme	0.0
R_rxn02412_c_enzyme	0.0
R_rxn00394_c_duplicate_2_enzyme	0.0
R_rxn05250_c_duplicate_5_enzyme	0.0
R_rxn10481_c_duplicate_3_enzyme	0.0
R_rxn05298_c_enzyme	0.0
R_rxn02405_c_duplicate_2_enzyme	0.0
R_EX_cpd00108_e_enzyme	0
R_rxn05343_c_duplicate_2_enzyme	0.0
R_rxn03282_c_enzyme	0.0
R_rxn06759_c_enzyme	0.0
R_rxn14089_c_duplicate_3_enzyme	0.0
R_rxn05127_c_duplicate_3_enzyme	0.0
R_rxn08298_c_duplicate_2_enzyme	0.0
R_rxn03075_c_enzyme	0.0
R_rxn00763_c_duplicate_6_enzyme	0.0
R_rxn01157_c_duplicate_2_enzyme	0.0
R_rxn04908_c_duplicate_5_enzyme	0.0
R_rxn02933_c_enzyme	0.0
R_rxn02866_c_duplicate_2_enzyme	0.0
R_rxn05248_c_duplicate_2_enzyme	0.0
R_rxn05250_c_duplicate_4_enzyme	0.0
R_rxn01948_c_enzyme	0.0
R_rxn07100_c_enzyme	0.0
R_EX_cpd00053_e_enzyme	0
R_rxn05460_c_enzyme	0.0
R_rxn00506_c_duplicate_4_enzyme	0.0
R_rxn02916_c_enzyme	0.0
R_rxn02680_c_duplicate_3_enzyme	0.0
R_rxn08556_c_enzyme	0.0
R_rxn07684_c_enzyme	0.0
R_rxn12844_c_duplicate_4_enzyme	0.0
R_rxn05349_c_duplicate_2_enzyme	0.0
R_rxn01670_c_duplicate_2_enzyme	0.0
R_rxn00947_c_enzyme	0.0
R_rxn02405_c_enzyme	8.252992851789608e-08
R_rxn08521_c_enzyme	0.0
R_rxn03248_c_duplicate_4_enzyme	0.0
R_rxn05024_c_duplicate_3_enzyme	0.0
R_rxn09107_c_duplicate_2_enzyme	0.0
R_rxn03046_c_enzyme	0.0
R_rxn03849_c_enzyme	0.0
R_rxn01387_c_enzyme	1.2113481297804353e-05
R_rxn03333_c_duplicate_7_enzyme	0.0
R_rxn02263_c_enzyme	0.0
R_rxn01500_c_enzyme	0.0
R_rxn11944_c_duplicate_2_enzyme	0.0
R_rxn05247_c_enzyme	0.0
R_rxn05528_c_duplicate_3_enzyme	0.0
R_rxn11702_c_enzyme	0.0
R_rxn14293_c_duplicate_2_enzyme	0.0
R_rxn05443_c_enzyme	0.0
R_rxn00946_c_enzyme	2.706910391879636e-07
R_rxn00717_c_enzyme	0.0
R_rxn00999_c_enzyme	0.0
R_rxn00543_c_duplicate_2_enzyme	0.0
R_rxn10042_c_duplicate_3_enzyme	8.657554147045165e-05
R_rxn05252_c_duplicate_7_enzyme	0.0
R_rxn03910_c_enzyme	3.215384000609088e-07
R_rxn08821_c_enzyme	0.0
R_rxn00763_c_duplicate_4_enzyme	0.0
R_rxn03393_c_enzyme	0.0
R_rxn00303_c_duplicate_2_enzyme	0.0
R_rxn05251_c_duplicate_4_enzyme	0.0
R_rxn02842_c_enzyme	0.0
R_rxn01225_c_duplicate_3_enzyme	0.0
R_rxn05564_c_enzyme	0.0
R_rxn01301_c_duplicate_2_enzyme	0.0
R_rxn02789_c_duplicate_2_enzyme	0.0
R_rxn01116_c_enzyme	4.953695338672017e-07
R_rxn02939_c_enzyme	0.0
R_rxn09107_c_enzyme	0.0
R_rxn06848_c_enzyme	0.0
R_rxn03439_c_enzyme	4.126496425894804e-08
R_rxn02449_c_enzyme	0.0
R_rxn00935_c_enzyme	0.0
R_rxn03465_c_enzyme	0.0
R_rxn21864_c_enzyme	4.2418754378030465e-12
R_rxn00907_c_enzyme	2.1322760447503858e-07
R_rxn01754_c_enzyme	0.0
R_rxn00686_c_enzyme	1.945536169548367e-08
R_rxn05152_c_enzyme	0.0
R_rxn05345_c_enzyme	3.229218573033202e-05
R_rxn06441_c_enzyme	6.163795186035819e-07
R_rxn05735_c_duplicate_2_enzyme	0.0
R_rxn00629_c_enzyme	0.0
R_rxn01641_c_enzyme	0.0
R_rxn03137_c_enzyme	6.182159364223661e-06
R_rxn10210_c_enzyme	0.0
R_rxn00552_c_enzyme	0.0
R_rxn05501_c_duplicate_2_enzyme	0.0
R_rxn11838_c_duplicate_5_enzyme	0.0
R_rxn03837_c_enzyme	0.0
R_rxn01114_c_enzyme	0.0
R_rxn00138_c_duplicate_2_enzyme	3.66922225369908e-08
R_rxn01256_c_enzyme	1.3232207983037688e-06
R_rxn00379_c_duplicate_4_enzyme	0.0
R_rxn02898_c_duplicate_2_enzyme	0.0
R_rxn01102_c_enzyme	0.0
R_rxn02201_c_duplicate_2_enzyme	0.0
R_rxn04786_c_enzyme	4.4815414000389183e-07
R_rxn09199_c_enzyme	0.0
R_rxn05608_c_enzyme	0.0
R_rxn03167_c_enzyme	0.0
R_rxn00726_c_enzyme	6.41221655189688e-08
R_rxn00799_c_enzyme	0.0
R_rxn06538_c_enzyme	2.5052742831021013e-08
R_rxn01274_c_enzyme	0.0
R_rxn03052_c_duplicate_2_enzyme	0.0
R_rxn11834_c_enzyme	0.0
R_EX_cpd00308_e_enzyme	0
R_rxn12636_c_duplicate_5_enzyme	0.0
R_rxn05514_c_enzyme	0.0
R_rxn00712_c_enzyme	0.0
R_rxn01799_c_duplicate_2_enzyme	0.0
R_rxn01682_c_enzyme	0.0
R_rxn06750_c_enzyme	0.0
R_rxn05249_c_enzyme	0.0
R_rxn01986_c_duplicate_2_enzyme	0.0
R_rxn01204_c_duplicate_2_enzyme	0.0
R_EX_cpd00588_e_enzyme	0
R_rxn09448_c_enzyme	0.0
R_rxn00905_c_enzyme	0.0
R_rxn09450_c_duplicate_5_enzyme	0.0
R_rxn03482_c_duplicate_5_enzyme	0.0
R_rxn10806_c_duplicate_5_enzyme	0.0
R_rxn00509_c_duplicate_3_enzyme	0.0
R_rxn10118_c_enzyme	0.0
R_rxn02376_c_enzyme	1.0715451891304302e-05
R_rxn03282_c_duplicate_5_enzyme	0.0
R_rxn08756_c_enzyme	3.326480998495673e-07
R_rxn00604_c_duplicate_2_enzyme	0.0
R_rxn02632_c_enzyme	0.0
R_rxn00132_c_enzyme	0.0
R_rxn00550_c_duplicate_2_enzyme	0.0
R_rxn05383_c_duplicate_2_enzyme	0.0
R_rxn05654_c_duplicate_3_enzyme	0.0
R_rxn01790_c_duplicate_2_enzyme	0.0
R_rxn08547_c_enzyme	0.0
R_rxn10162_c_duplicate_2_enzyme	0.0
R_rxn12642_c_enzyme	0.0
R_EX_cpd00082_e_enzyme	0
R_rxn08310_c_enzyme	1.5952420958945918e-07
R_rxn03384_c_enzyme	0.0
R_EX_cpd02701_c_enzyme	0
R_rxn01639_c_enzyme	0.0
R_rxn06526_c_enzyme	0.0
R_rxn00747_c_enzyme	2.212370530151725e-05
R_rxn00256_c_duplicate_2_enzyme	0.0
R_rxn03536_c_duplicate_2_enzyme	0.0
R_rxn08764_c_enzyme	0.0
R_rxn04750_c_enzyme	0.0
R_rxn00980_c_enzyme	0.0
R_rxn05126_c_enzyme	0.0
R_rxn01459_c_duplicate_2_enzyme	0.0
R_rxn00351_c_enzyme	0.0
R_rxn03860_c_enzyme	0.0
R_rxn02900_c_enzyme	0.0
R_rxn13990_c_enzyme	0.0
R_rxn03289_c_duplicate_2_enzyme	0.0
R_rxn08548_c_enzyme	0.0
R_rxn11838_c_duplicate_6_enzyme	0.0
R_rxn14089_c_duplicate_5_enzyme	0.0
R_rxn00908_c_enzyme	0.0
R_rxn05367_c_duplicate_2_enzyme	0.0
R_rxn10476_c_enzyme	0.0
R_rxn05040_c_enzyme	0.0
R_rxn09177_c_enzyme	6.362813156708271e-10
R_rxn00332_c_enzyme	0.0
R_rxn07721_c_enzyme	0.0
R_rxn02264_c_enzyme	0.0
R_rxn07876_c_enzyme	0.0
R_rxn02400_c_duplicate_2_enzyme	0.0
R_rxn00818_c_duplicate_2_enzyme	0.0
R_rxn09240_c_enzyme	0.0
R_rxn00784_c_enzyme	0.0
R_rxn01362_c_duplicate_2_enzyme	5.357791048807239e-06
R_rxn05394_c_enzyme	0.0
R_EX_cpd00307_e_enzyme	0
R_rxn15455_c_enzyme	2.039281616723815e-06
R_rxn00874_c_duplicate_6_enzyme	0.0
R_rxn05392_c_duplicate_2_enzyme	0.0
R_rxn08983_c_duplicate_2_enzyme	0.0
R_rxn00165_c_duplicate_2_enzyme	0.0
R_rxn03618_c_duplicate_2_enzyme	0.0
R_rxn09106_c_enzyme	0.0
R_rxn11663_c_enzyme	0.0
R_rxn00001_c_enzyme	1.0337538718868402e-05
R_rxn01331_c_enzyme	0.0
R_rxn00083_c_duplicate_2_enzyme	0.0
R_rxn05605_c_enzyme	0.0
R_rxn00866_c_enzyme	0.0
R_rxn10266_c_duplicate_2_enzyme	0.0
R_rxn00214_c_duplicate_3_enzyme	0.0
R_rxn08296_c_enzyme	0.0
R_rxn00546_c_enzyme	0.0
R_rxn05126_c_duplicate_2_enzyme	0.0
R_rxn05408_c_enzyme	0.0
R_rxn00680_c_enzyme	0.0
R_rxn01807_c_enzyme	0.0
R_rxn05219_c_duplicate_2_enzyme	0.0
R_rxn12008_c_enzyme	0.0
R_rxn05348_c_enzyme	0.0
R_rxn09128_c_enzyme	0.0
R_rxn05248_c_duplicate_6_enzyme	0.0
R_rxn10163_c_enzyme	0.0
R_rxn12633_c_enzyme	0.0
R_rxn03618_c_enzyme	0.0
R_rxn00361_c_enzyme	0.0
R_rxn00472_c_enzyme	0.0
R_rxn05344_c_enzyme	0.0
R_rxn12191_c_duplicate_7_enzyme	0.0
R_rxn00011_c_duplicate_4_enzyme	0.0
R_rxn07734_c_enzyme	0.0
R_rxn00988_c_enzyme	0.0
R_rxn01280_c_enzyme	0.0
R_rxn03482_c_duplicate_2_enzyme	0.0
R_rxn10770_c_duplicate_3_enzyme	0.0
R_rxn03901_c_enzyme	2.9114112067361213e-08
R_rxn02182_c_enzyme	0.0
R_rxn03463_c_enzyme	0.0
R_EX_cpd11576_e_enzyme	0
R_rxn00189_c_enzyme	0.0
R_rxn00166_c_enzyme	0.0
R_rxn12646_c_duplicate_6_enzyme	0.0
R_rxn02911_c_enzyme	0.0
R_rxn05736_c_duplicate_5_enzyme	7.547993154026741e-07
R_rxn12635_c_duplicate_6_enzyme	0.0
R_rxn08528_c_duplicate_2_enzyme	0.0
R_rxn01537_c_enzyme	0.0
R_rxn02015_c_enzyme	0.0
R_rxn00095_c_enzyme	0.0
R_rxn11809_c_enzyme	0.0
R_rxn00313_c_enzyme	1.2502810526236483e-06
R_rxn06446_c_enzyme	3.97419015056219e-07
R_rxn03243_c_duplicate_3_enzyme	0.0
R_rxn10481_c_enzyme	0.0
R_rxn00300_c_enzyme	0.0
R_rxn01635_c_duplicate_2_enzyme	0.0
R_rxn05382_c_enzyme	0.0
R_rxn04654_c_enzyme	0.0
R_rxn00795_c_duplicate_2_enzyme	0.0
R_rxn00883_c_enzyme	0.0
R_rxn05405_c_enzyme	0.0
R_rxn00205_c_enzyme	3.66922225369908e-08
R_rxn03080_c_enzyme	0.0
R_rxn08843_c_enzyme	0.0
R_rxn12643_c_duplicate_3_enzyme	0.0
R_rxn02842_c_duplicate_2_enzyme	0.0
R_rxn12847_c_duplicate_5_enzyme	0.0
R_rxn06445_c_enzyme	2.5098378061546683e-07
R_rxn00929_c_enzyme	2.5098378061546683e-07
R_rxn08900_c_duplicate_2_enzyme	2.9904407861723023e-05
R_rxn02937_c_enzyme	1.1919521040181812e-05
R_rxn05413_c_duplicate_2_enzyme	0.0
R_rxn02160_c_enzyme	2.7069223548894852e-06
R_rxn01332_c_duplicate_2_enzyme	0.0
R_rxn00830_c_enzyme	0.0
R_rxn02614_c_enzyme	0.0
R_rxn05024_c_enzyme	0.0
R_rxn12846_c_duplicate_5_enzyme	0.0
R_rxn00085_c_duplicate_8_enzyme	0.0
R_rxn00881_c_enzyme	0.0
R_rxn12510_c_enzyme	6.362813156708271e-10
R_rxn02130_c_enzyme	0.0
R_rxn01396_c_enzyme	0.0
R_rxn01102_c_duplicate_3_enzyme	0.0
R_rxn01670_c_duplicate_3_enzyme	0.0
R_rxn00541_c_enzyme	0.0
R_rxn10126_c_duplicate_3_enzyme	0.0
R_rxn01215_c_enzyme	8.190064978966643e-07
R_rxn05251_c_enzyme	0.0
R_rxn08796_c_enzyme	0.0
R_rxn00409_c_enzyme	7.388197480320796e-07
R_rxn00873_c_enzyme	0.0
R_rxn00146_c_duplicate_2_enzyme	0.0
R_rxn00527_c_enzyme	0.0
R_rxn01509_c_enzyme	0.0
R_rxn02944_c_enzyme	0.0
R_rxn00214_c_enzyme	0.0
R_rxn21856_c_enzyme	0.0
R_rxn05408_c_duplicate_2_enzyme	0.0
R_EX_cpd00030_e_enzyme	0
R_rxn12641_c_duplicate_4_enzyme	0.0
R_rxn05250_c_duplicate_3_enzyme	0.0
R_rxn04750_c_duplicate_2_enzyme	0.0
R_rxn02576_c_enzyme	0.0
R_rxn01492_c_duplicate_2_enzyme	0.0
R_rxn01867_c_enzyme	0.0
R_rxn00543_c_duplicate_4_enzyme	0.0
R_rxn02934_c_enzyme	0.0
R_rxn03031_c_enzyme	2.1394316261210643e-06
R_rxn08792_c_enzyme	0.0
R_rxn05607_c_enzyme	0.0
R_rxn06690_c_enzyme	0.0
R_rxn05651_c_duplicate_2_enzyme	0.0
R_rxn10230_c_enzyme	0.0
R_rxn05059_c_enzyme	0.0
R_rxn05252_c_duplicate_2_enzyme	0.0
R_rxn04726_c_duplicate_7_enzyme	0.0
R_EX_cpd00119_e_enzyme	0
R_rxn05390_c_enzyme	0.0
R_rxn00778_c_duplicate_2_enzyme	0.0
R_rxn05458_c_enzyme	0.0
R_rxn12637_c_duplicate_6_enzyme	0.0
R_rxn10215_c_enzyme	0.0
R_rxn05289_c_enzyme	0.0
R_rxn03366_c_enzyme	0.0
R_rxn02155_c_enzyme	3.66922225369908e-08
R_rxn11809_c_duplicate_5_enzyme	0.0
R_rxn07672_c_enzyme	0.0
R_rxn10570_c_enzyme	0
R_rxn12191_c_duplicate_3_enzyme	0.0
R_rxn00763_c_duplicate_5_enzyme	0.0
R_rxn00863_c_enzyme	1.445791480113104e-07
R_rxn38837_c_enzyme	0.0
R_rxn12191_c_duplicate_5_enzyme	0.0
R_rxn05155_c_enzyme	0.0
R_rxn00257_c_enzyme	0.0
R_rxn05342_c_enzyme	1.6505985703579215e-07
R_rxn01358_c_duplicate_2_enzyme	0.0
R_rxn06777_c_duplicate_2_enzyme	0.0
R_rxn01620_c_enzyme	0.0
R_rxn00527_c_duplicate_2_enzyme	0.0
R_rxn08086_c_enzyme	1.353455195939818e-07
R_rxn03481_c_enzyme	0.0
R_rxn08799_c_enzyme	0.0
R_rxn00740_c_enzyme	0.0
R_rxn10042_c_enzyme	0.0
R_rxn05736_c_duplicate_2_enzyme	0.0
R_rxn10236_c_enzyme	0.0
R_rxn00527_c_duplicate_8_enzyme	0.0
R_rxn05871_c_duplicate_3_enzyme	0.0
R_rxn02804_c_duplicate_4_enzyme	0.0
R_rxn05312_c_enzyme	0.0
R_rxn07449_c_duplicate_3_enzyme	0.0
R_rxn00950_c_duplicate_2_enzyme	0.0
R_rxn00711_c_enzyme	0.0
R_rxn08527_c_duplicate_2_enzyme	0.0
R_rxn00365_c_enzyme	7.092979003284217e-07
R_rxn00493_c_duplicate_2_enzyme	0.0
R_rxn00183_c_enzyme	0.0
R_rxn01459_c_duplicate_4_enzyme	0.0
R_rxn00002_c_duplicate_2_enzyme	0.0
R_rxn12645_c_duplicate_4_enzyme	0.0
R_rxn00897_c_enzyme	0.0
R_rxn05252_c_duplicate_3_enzyme	0.0
R_rxn01851_c_duplicate_7_enzyme	0.0
R_rxn09114_c_enzyme	0.0
R_rxn03921_c_enzyme	0.0
R_rxn02639_c_enzyme	0.0
R_rxn08712_c_enzyme	0.0
R_rxn01851_c_duplicate_2_enzyme	0.0
R_rxn01201_c_enzyme	0.0
R_rxn00912_c_enzyme	0.0
R_rxn08783_c_enzyme	0.0
R_rxn06060_c_enzyme	6.337068684376882e-08
R_rxn00802_c_enzyme	2.246089245841395e-06
R_rxn06438_c_enzyme	5.246768808109157e-07
R_rxn05734_c_duplicate_3_enzyme	0.0
R_rxn04070_c_enzyme	0.0
R_rxn00198_c_enzyme	0.0
R_rxn00708_c_enzyme	0.0
R_rxn02112_c_enzyme	0.0
R_rxn00256_c_duplicate_3_enzyme	0.0
R_rxn11838_c_enzyme	0.0
R_rxn03063_c_enzyme	0.0
R_rxn05127_c_enzyme	0.0
R_rxn05249_c_duplicate_3_enzyme	0.0
R_rxn06760_c_enzyme	0.0
R_rxn02339_c_duplicate_4_enzyme	0.0
R_rxn02262_c_enzyme	0.0
R_rxn00952_c_enzyme	0.0
R_rxn00519_c_enzyme	0.0
R_rxn05456_c_enzyme	0.0
R_rxn10126_c_enzyme	0.0
R_rxn10262_c_enzyme	0.0
R_rxn11722_c_enzyme	0.0
R_rxn03040_c_enzyme	0.0
R_rxn12633_c_duplicate_4_enzyme	0.0
R_rxn02005_c_enzyme	0.0
R_rxn05151_c_enzyme	0.0
R_rxn00615_c_enzyme	0.0
R_rxn14138_c_enzyme	0.0
R_rxn00143_c_enzyme	0.0
R_rxn12635_c_duplicate_2_enzyme	0.0
R_rxn03182_c_enzyme	4.126496425894804e-08
R_rxn00165_c_duplicate_3_enzyme	0.0
R_rxn01520_c_enzyme	4.549299290280198e-08
R_rxn09202_c_enzyme	0.0
R_rxn14054_c_duplicate_7_enzyme	0.0
R_rxn05247_c_duplicate_2_enzyme	0.0
R_rxn01507_c_enzyme	0.0
R_rxn04271_c_duplicate_2_enzyme	0.0
R_rxn08793_c_enzyme	0.0
R_EX_cpd01080_e_enzyme	0
R_rxn10113_c_duplicate_3_enzyme	0.0001303256929988056
R_rxn01073_c_enzyme	0.0
R_rxn01925_c_enzyme	0.0
R_rxn04737_c_duplicate_2_enzyme	0.0
R_rxn08793_c_duplicate_2_enzyme	0.0
R_rxn06439_c_enzyme	1.445791480113104e-07
R_rxn03884_c_enzyme	0.0
R_rxn02374_c_enzyme	0.0
R_rxn10253_c_duplicate_2_enzyme	0.0
R_rxn00206_c_duplicate_2_enzyme	0.0
R_rxn00161_c_enzyme	0.0
R_rxn00365_c_duplicate_2_enzyme	0.0
R_rxn06804_c_enzyme	0.0
R_rxn01275_c_duplicate_2_enzyme	0.0
R_rxn03932_c_enzyme	0.0
R_rxn12844_c_duplicate_6_enzyme	0.0
R_rxn00748_c_duplicate_3_enzyme	0.0
R_rxn00379_c_duplicate_2_enzyme	0.0
R_rxn00588_c_enzyme	0.0
R_rxn09103_c_enzyme	0.0
R_rxn00837_c_enzyme	0.0
R_rxn20289_c_duplicate_2_enzyme	0.0
R_rxn00501_c_enzyme	0.0
R_rxn09105_c_enzyme	0.0
R_rxn07680_c_enzyme	0.0
R_rxn03904_c_enzyme	2.9114112067361213e-08
R_rxn06075_c_enzyme	1.860698660792306e-08
R_rxn11724_c_enzyme	0.0
R_rxn05153_c_enzyme	0.0
R_rxn12638_c_duplicate_5_enzyme	0.0
R_EX_cpd00060_e_enzyme	0
R_rxn00608_c_duplicate_4_enzyme	0.0
R_rxn08525_c_enzyme	0.0
R_rxn02458_c_enzyme	0.0
R_rxn06869_c_enzyme	0.0
R_rxn03538_c_enzyme	0.0
R_rxn00988_c_duplicate_3_enzyme	0.0
R_rxn00159_c_enzyme	0.0
R_rxn01964_c_enzyme	6.41221655189688e-08
R_rxn08823_c_enzyme	0.0
R_rxn00512_c_enzyme	8.483750875606097e-10
R_rxn00816_c_enzyme	0.0
R_rxn00569_c_duplicate_2_enzyme	0.0
R_rxn01127_c_enzyme	0.0
R_rxn01924_c_duplicate_2_enzyme	0.0
R_rxn03933_c_enzyme	0.0
R_rxn03923_c_enzyme	0.0
R_rxn00913_c_duplicate_2_enzyme	0.0
R_rxn01201_c_duplicate_2_enzyme	0.0
R_rxn00991_c_enzyme	0.0
R_rxn08848_c_enzyme	0.0
R_rxn10806_c_duplicate_3_enzyme	0.0
R_rxn04737_c_enzyme	0.0
R_rxn01476_c_enzyme	8.294546591293872e-07
R_EX_cpd00035_e_enzyme	0
R_rxn00202_c_enzyme	0.0
R_rxn00550_c_enzyme	0.0
R_rxn12551_c_enzyme	0.0
R_rxn00126_c_enzyme	1.4221307649724534e-09
R_rxn07488_c_enzyme	0.0
R_rxn03838_c_enzyme	0.0
R_rxn00569_c_duplicate_4_enzyme	0.0
R_EX_cpd00076_e_enzyme	0
R_rxn00708_c_duplicate_2_enzyme	0.0
R_rxn00337_c_duplicate_4_enzyme	0.0
R_rxn08971_c_enzyme	0.0
R_rxn01370_c_enzyme	0.0
R_rxn12646_c_duplicate_3_enzyme	0.0
R_rxn00509_c_duplicate_2_enzyme	0.0
R_rxn00213_c_enzyme	0.0
R_rxn20643_c_enzyme	0.0
R_rxn12642_c_duplicate_3_enzyme	0.0
R_rxn02897_c_enzyme	0.0
R_rxn14301_c_enzyme	0.0
R_rxn06870_c_enzyme	0.0
R_rxn09101_c_enzyme	0.0
R_rxn04270_c_enzyme	0.0
R_rxn00695_c_duplicate_2_enzyme	0.0
R_rxn09211_c_enzyme	0.0
R_EX_cpd00122_e_enzyme	0
R_rxn00330_c_enzyme	8.076068714883672e-06
R_rxn00763_c_duplicate_2_enzyme	0.0
R_rxn05455_c_duplicate_2_enzyme	0.0
R_rxn06673_c_enzyme	0.0
R_rxn00709_c_duplicate_2_enzyme	0.0
R_rxn08711_c_enzyme	0.0
R_rxn00794_c_enzyme	0.0
R_rxn01459_c_duplicate_5_enzyme	0.0
R_rxn00947_c_duplicate_7_enzyme	0.0
R_rxn07056_c_duplicate_3_enzyme	0.0
R_rxn00119_c_duplicate_2_enzyme	0.0
R_rxn05614_c_enzyme	0.0
R_rxn00147_c_enzyme	0.0
R_rxn03174_c_enzyme	8.483750875606097e-10
R_rxn00288_c_duplicate_3_enzyme	0.0
R_rxn00260_c_duplicate_4_enzyme	0.0
R_EX_cpd00121_e_enzyme	0
R_EX_cpd01012_e_enzyme	0
R_rxn08806_c_enzyme	0.0
R_rxn02314_c_duplicate_3_enzyme	0.0
R_rxn02503_c_enzyme	0.0
R_rxn00653_c_duplicate_5_enzyme	0.0
R_rxn05375_c_duplicate_2_enzyme	0.0
R_rxn10269_c_enzyme	0.0
R_rxn12635_c_duplicate_3_enzyme	0.0
R_rxn00568_c_duplicate_2_enzyme	0.0
R_EX_cpd00118_e_enzyme	0
R_rxn00741_c_duplicate_2_enzyme	0.0
R_rxn10174_c_duplicate_2_enzyme	0.0
R_rxn01807_c_duplicate_3_enzyme	0.0
R_rxn00085_c_duplicate_10_enzyme	0.0
R_rxn05683_c_enzyme	0.0
R_rxn01281_c_enzyme	0.0
R_rxn09449_c_duplicate_7_enzyme	0.0
R_rxn04841_c_enzyme	0.0
R_rxn04840_c_enzyme	0.0
R_rxn05195_c_enzyme	0.0
R_rxn01800_c_duplicate_2_enzyme	0.0
R_rxn01025_c_enzyme	0.0
R_rxn10162_c_enzyme	0.0
R_rxn01519_c_enzyme	0.0
R_rxn01521_c_duplicate_3_enzyme	0.0
R_rxn02737_c_duplicate_2_enzyme	0.0
R_rxn05740_c_enzyme	0.0
R_rxn00002_c_duplicate_3_enzyme	0.0
R_rxn00913_c_duplicate_3_enzyme	0.0
R_rxn07448_c_duplicate_3_enzyme	0.0
R_rxn11584_c_enzyme	0.0
R_rxn01102_c_duplicate_4_enzyme	0.0
R_rxn00915_c_enzyme	0.0
R_rxn00858_c_enzyme	1.4846564032310661e-08
R_rxn05733_c_enzyme	6.337068684376882e-08
R_rxn05872_c_duplicate_4_enzyme	0.0
R_rxn00532_c_duplicate_2_enzyme	0.0
R_rxn03087_c_enzyme	4.5443455822124653e-07
R_rxn00097_c_enzyme	2.515802153890689e-05
R_rxn01985_c_duplicate_2_enzyme	0.0
R_rxn00695_c_enzyme	0.0
R_rxn05221_c_duplicate_3_enzyme	0.0
R_rxn00363_c_duplicate_2_enzyme	0.0
R_rxn00379_c_duplicate_3_enzyme	0.0
R_rxn06394_c_enzyme	0.0
R_EX_cpd00254_e_enzyme	0
R_rxn00735_c_enzyme	0.0
R_rxn08335_c_enzyme	5.140384009503929e-07
R_rxn00376_c_enzyme	0.0
R_rxn10268_c_duplicate_2_enzyme	0.0
R_rxn03462_c_enzyme	0.0
R_rxn12637_c_duplicate_2_enzyme	0.0
R_rxn01100_c_enzyme	4.3826186786345793e-05
R_rxn00459_c_enzyme	0.00010554933682024235
R_rxn05391_c_enzyme	0.0
R_rxn00542_c_enzyme	0.0
R_rxn00015_c_enzyme	0.0
R_EX_cpd08636_c_enzyme	0
R_rxn07448_c_enzyme	0.0
R_rxn09448_c_duplicate_6_enzyme	0.0
R_rxn03181_c_enzyme	4.126496425894804e-08
R_rxn02303_c_enzyme	0.0
R_EX_cpd00162_e_enzyme	0
R_rxn00474_c_duplicate_2_enzyme	0.0
R_rxn16573_c_enzyme	4.2418754378030465e-12
R_rxn00748_c_enzyme	0.0
R_rxn05593_c_enzyme	0.0
R_rxn00503_c_duplicate_2_enzyme	0.0
R_rxn00988_c_duplicate_7_enzyme	0.0
R_rxn01851_c_duplicate_6_enzyme	0.0
R_rxn00608_c_duplicate_3_enzyme	0.0
R_rxn12636_c_duplicate_3_enzyme	0.0
R_rxn01161_c_enzyme	0.0
R_rxn00790_c_enzyme	3.646451309517203e-06
R_rxn10226_c_enzyme	0.0
R_rxn11809_c_duplicate_3_enzyme	0.0
R_rxn12645_c_duplicate_3_enzyme	0.0
R_rxn10338_c_enzyme	0.0
R_rxn07885_c_duplicate_2_enzyme	0.0
R_rxn00260_c_duplicate_2_enzyme	0.0
R_rxn02404_c_enzyme	8.252992851789608e-08
R_rxn01445_c_enzyme	0.0
R_rxn08813_c_enzyme	0.0
R_rxn00689_c_enzyme	0.0
R_rxn08352_c_enzyme	0.0
R_rxn05528_c_duplicate_2_enzyme	0.0
R_rxn02339_c_duplicate_5_enzyme	0.0
R_rxn20289_c_enzyme	0.0
R_rxn07454_c_duplicate_2_enzyme	0.0
R_rxn09109_c_enzyme	0.0
R_rxn00022_c_enzyme	0.0
R_rxn02988_c_enzyme	7.850477294833276e-07
R_rxn03918_c_enzyme	0.0
R_rxn00763_c_duplicate_7_enzyme	0.0
R_rxn06078_c_enzyme	0.0
R_rxn00470_c_enzyme	0.0
R_rxn00124_c_enzyme	0.0
R_rxn06720_c_enzyme	0.0
R_rxn03242_c_enzyme	0.0
R_rxn02521_c_enzyme	0.0
R_rxn02008_c_enzyme	2.9114112067361213e-08
R_rxn00124_c_duplicate_3_enzyme	0.0
R_rxn21861_c_enzyme	4.2418754378030465e-12
R_rxn00148_c_enzyme	0.0
R_rxn09103_c_duplicate_2_enzyme	0.0
R_rxn00985_c_enzyme	0.0
R_rxn05516_c_enzyme	0.0
R_rxn05872_c_duplicate_5_enzyme	0.0
R_rxn03921_c_duplicate_2_enzyme	0.0
R_rxn05005_c_duplicate_2_enzyme	0.0
R_rxn10770_c_enzyme	0.0
R_rxn10052_c_enzyme	0.0
R_rxn05164_c_enzyme	0.0
R_rxn09240_c_duplicate_3_enzyme	0.0
R_rxn07720_c_enzyme	0.0
R_EX_cpd15302_c_enzyme	0
R_rxn05608_c_duplicate_2_enzyme	0.0
R_rxn05406_c_enzyme	0.0
R_rxn05582_c_duplicate_2_enzyme	0.0
R_rxn10254_c_enzyme	0.0
R_rxn03898_c_duplicate_2_enzyme	0.0
R_rxn00114_c_enzyme	0.0
R_rxn00985_c_duplicate_2_enzyme	0.0
R_rxn01302_c_duplicate_2_enzyme	0.0
R_rxn12847_c_duplicate_4_enzyme	0.0
R_rxn05528_c_enzyme	0.0
R_rxn08804_c_enzyme	0.0
R_rxn01106_c_enzyme	4.300718028844913e-05
R_rxn09101_c_duplicate_2_enzyme	0.0
R_rxn08025_c_duplicate_4_enzyme	0.0
R_rxn00705_c_enzyme	8.190064978966643e-07
R_rxn08311_c_enzyme	0.0
R_rxn10770_c_duplicate_6_enzyme	0.0
R_rxn01157_c_enzyme	0.0
R_rxn01029_c_enzyme	0.0
R_rxn03062_c_enzyme	1.031361803282851e-05
R_rxn05249_c_duplicate_4_enzyme	0.0
R_rxn08669_c_enzyme	0.0
R_rxn03971_c_enzyme	0.0
R_rxn00671_c_duplicate_2_enzyme	0.0
R_rxn03243_c_duplicate_2_enzyme	0.0
R_rxn00216_c_enzyme	0.0
R_rxn01145_c_enzyme	0.0
R_rxn03366_c_duplicate_2_enzyme	0.0
R_rxn05871_c_duplicate_7_enzyme	0.0
R_rxn00730_c_enzyme	0.0
R_rxn05457_c_enzyme	0.0
R_rxn08549_c_enzyme	0.0
R_rxn00691_c_enzyme	0.0
R_rxn09201_c_enzyme	1.5952420958945918e-07
R_EX_cpd00027_e_enzyme	0
R_rxn02107_c_enzyme	0.0
R_rxn08844_c_enzyme	0.0
R_rxn05494_c_duplicate_2_enzyme	0.0
R_rxn11838_c_duplicate_2_enzyme	0.0
R_rxn04908_c_duplicate_2_enzyme	0.0
R_rxn09450_c_duplicate_2_enzyme	0.0
R_rxn00873_c_duplicate_2_enzyme	0.0
R_rxn05388_c_enzyme	0.0
R_rxn00395_c_enzyme	0.0
R_rxn02853_c_duplicate_5_enzyme	0.0
R_rxn07312_c_enzyme	0.0
R_EX_cpd00132_e_enzyme	0
R_rxn01241_c_enzyme	0.0
R_rxn07261_c_enzyme	0.0
R_rxn04788_c_enzyme	4.4815414000389183e-07
R_rxn10806_c_duplicate_7_enzyme	0.0
R_rxn03481_c_duplicate_4_enzyme	0.0
R_rxn10060_c_enzyme	0.0
R_rxn02804_c_duplicate_2_enzyme	0.0
R_rxn03932_c_duplicate_2_enzyme	0.0
R_rxn00171_c_enzyme	0.0
R_rxn02474_c_enzyme	0.0
R_rxn14054_c_duplicate_2_enzyme	0.0
R_rxn00874_c_duplicate_2_enzyme	0.0
R_rxn10113_c_enzyme	0.0
R_rxn07435_c_enzyme	4.2186442447476763e-07
R_rxn05465_c_enzyme	0.0
R_rxn10481_c_duplicate_2_enzyme	0.0
R_rxn02270_c_enzyme	0.0
R_rxn05012_c_duplicate_2_enzyme	0.0
R_rxn02320_c_duplicate_2_enzyme	0.0
R_rxn05384_c_enzyme	0.0
R_rxn02421_c_enzyme	0.0
R_EX_cpd00106_e_enzyme	0
R_rxn00428_c_enzyme	0.0
R_rxn02821_c_enzyme	0.0
R_rxn09296_c_duplicate_3_enzyme	0.0
R_rxn12638_c_duplicate_4_enzyme	0.0
R_rxn01128_c_enzyme	0.0
R_rxn06805_c_enzyme	0.0
R_rxn02584_c_enzyme	0.0
R_rxn01192_c_enzyme	0.0
R_rxn12634_c_duplicate_4_enzyme	0.0
R_rxn09692_c_duplicate_3_enzyme	0.0
R_rxn05736_c_duplicate_4_enzyme	0.0
R_rxn00988_c_duplicate_2_enzyme	0.0
R_rxn00968_c_enzyme	0.0
R_rxn06377_c_enzyme	0.0
R_rxn01169_c_enzyme	0.0
R_rxn03838_c_duplicate_2_enzyme	0.0
R_rxn00777_c_enzyme	1.2422942644786927e-06
R_rxn01675_c_enzyme	0.0
R_rxn00288_c_duplicate_5_enzyme	0.0
R_rxn08025_c_duplicate_2_enzyme	0.0
R_rxn09692_c_duplicate_2_enzyme	0.0
R_rxn05417_c_enzyme	0.0
R_rxn02961_c_enzyme	0.0
R_rxn10256_c_duplicate_2_enzyme	0.0
R_rxn05247_c_duplicate_7_enzyme	0.0
R_rxn08815_c_enzyme	0.0
R_rxn01331_c_duplicate_2_enzyme	0.0
R_rxn05383_c_enzyme	0.0
R_EX_cpd00028_e_enzyme	0
R_rxn10267_c_duplicate_2_enzyme	0.0
R_rxn09449_c_duplicate_6_enzyme	0.0
R_rxn00775_c_duplicate_3_enzyme	0.0
R_rxn02907_c_enzyme	0.0
R_rxn09105_c_duplicate_2_enzyme	0.0
R_rxn10254_c_duplicate_2_enzyme	0.0
R_rxn00194_c_enzyme	0.0
R_rxn01643_c_duplicate_2_enzyme	0.0
R_rxn05231_c_enzyme	0.0
R_rxn03915_c_duplicate_2_enzyme	0.0
R_rxn10131_c_enzyme	0.0
R_rxn08808_c_enzyme	0.0
R_rxn08299_c_duplicate_2_enzyme	0.0
R_rxn05404_c_duplicate_2_enzyme	0.0
R_EX_cpd00644_e_enzyme	0
R_rxn00838_c_enzyme	0.0
R_rxn10202_c_enzyme	1.353455195939818e-07
R_rxn10237_c_enzyme	0.0
R_rxn00140_c_enzyme	0.0
R_rxn00157_c_duplicate_2_enzyme	4.365455722037103e-05
R_rxn08333_c_enzyme	0.0
R_rxn01844_c_enzyme	0.0
R_rxn10263_c_enzyme	0.0
R_rxn00295_c_enzyme	0.0
R_EX_cpd00117_e_enzyme	0
R_rxn11719_c_enzyme	0.0
R_rxn01851_c_duplicate_4_enzyme	0.0
R_rxn00211_c_enzyme	0.0
R_rxn10265_c_duplicate_2_enzyme	0.0
R_rxn01530_c_duplicate_4_enzyme	0.0
R_rxn02925_c_enzyme	0.0
R_rxn05029_c_enzyme	0.0
R_rxn01510_c_enzyme	0.0
R_rxn10476_c_duplicate_2_enzyme	0.0
R_rxn03908_c_enzyme	3.215384000609088e-07
R_rxn06600_c_enzyme	0.0
R_rxn05409_c_duplicate_2_enzyme	0.0
R_EX_cpd11416_c_enzyme	0
R_rxn00915_c_duplicate_2_enzyme	0.0
R_rxn01101_c_enzyme	0.0
R_rxn00011_c_enzyme	0.0
R_rxn00772_c_enzyme	0.0
R_rxn05465_c_duplicate_2_enzyme	8.483750875606093e-12
R_rxn00693_c_enzyme	6.553211922859121e-07
R_rxn00947_c_duplicate_5_enzyme	0.0
R_rxn05250_c_enzyme	0.0
R_rxn00743_c_enzyme	0.0
R_rxn08295_c_enzyme	0.0
R_rxn05251_c_duplicate_3_enzyme	0.0
R_rxn01871_c_duplicate_2_enzyme	1.1604042714338794e-06
R_rxn00851_c_enzyme	2.9114112067361213e-08
R_rxn05358_c_duplicate_2_enzyme	0.0
R_rxn01653_c_enzyme	0.0
R_rxn00679_c_duplicate_2_enzyme	0.0
R_rxn10770_c_duplicate_4_enzyme	0.0
R_rxn03282_c_duplicate_7_enzyme	0.0
R_rxn02971_c_enzyme	0.0
R_rxn03433_c_duplicate_2_enzyme	0.0
R_rxn05578_c_enzyme	0.0
R_rxn02167_c_enzyme	0.0
R_rxn08783_c_duplicate_2_enzyme	0.0
R_rxn08128_c_enzyme	0.0
R_rxn00305_c_enzyme	0.0
R_rxn00670_c_enzyme	0.0
R_rxn01649_c_enzyme	0.0
R_rxn03241_c_duplicate_2_enzyme	0.0
R_rxn05345_c_duplicate_3_enzyme	0.0
R_rxn02339_c_enzyme	0.0
R_rxn05454_c_duplicate_2_enzyme	0.0
R_rxn01761_c_enzyme	0.0
R_rxn03038_c_enzyme	0.0
R_rxn02277_c_enzyme	4.2418754378030465e-12
R_rxn01241_c_duplicate_2_enzyme	9.133183195395655e-06
R_rxn12845_c_enzyme	0.0
R_rxn00209_c_enzyme	0.0
R_rxn03378_c_enzyme	0.0
R_rxn03244_c_enzyme	0.0
R_rxn06433_c_enzyme	3.73689687169847e-07
R_rxn00213_c_duplicate_2_enzyme	0.0
R_rxn00606_c_enzyme	0.0
R_rxn05379_c_enzyme	0.0
R_rxn00101_c_enzyme	0.0
R_rxn00101_c_duplicate_3_enzyme	0.0
R_rxn05343_c_duplicate_3_enzyme	0.0
R_rxn05425_c_duplicate_2_enzyme	0.0
R_rxn01538_c_enzyme	0.0
R_rxn08025_c_duplicate_5_enzyme	0.0
R_rxn04726_c_duplicate_5_enzyme	0.0
R_rxn02228_c_enzyme	0.0
R_rxn01859_c_enzyme	0.0
R_rxn12641_c_duplicate_6_enzyme	0.0
R_rxn00178_c_duplicate_3_enzyme	0.0
R_rxn02418_c_enzyme	0.0
R_rxn02285_c_enzyme	2.9114112067361213e-08
R_rxn00058_c_duplicate_3_enzyme	0.0
R_rxn12225_c_enzyme	0.0
R_rxn04603_c_enzyme	0.0
R_rxn05567_c_enzyme	0.0
R_rxn00085_c_duplicate_7_enzyme	0.0
R_EX_cpd00531_e_enzyme	0
R_rxn00412_c_duplicate_2_enzyme	2.718082280999185e-07
R_EX_cpd00048_e_enzyme	0
R_rxn03536_c_enzyme	0.0
R_EX_cpd00226_e_enzyme	0
R_rxn12639_c_duplicate_2_enzyme	0.0
R_rxn14089_c_duplicate_6_enzyme	0.0
R_rxn01522_c_enzyme	0.0
R_rxn10029_c_enzyme	0.0
R_rxn00500_c_enzyme	0.0
R_rxn12645_c_duplicate_6_enzyme	0.0
R_rxn08818_c_enzyme	0.0
R_rxn06586_c_enzyme	0.0
R_rxn08900_c_enzyme	0.0
R_rxn03872_c_enzyme	0.0
R_rxn05610_c_enzyme	0.0
R_rxn05872_c_duplicate_6_enzyme	0.0
R_rxn05346_c_enzyme	0.0
R_rxn05372_c_enzyme	0.0
R_rxn00506_c_duplicate_5_enzyme	0.0
R_rxn07875_c_duplicate_2_enzyme	0.0
R_rxn10770_c_duplicate_2_enzyme	0.0
R_rxn12642_c_duplicate_6_enzyme	0.0
R_rxn02213_c_duplicate_2_enzyme	4.953695338672017e-07
R_rxn03167_c_duplicate_2_enzyme	8.483750875606097e-10
R_rxn02853_c_enzyme	0.0
R_rxn05400_c_enzyme	0.0
R_rxn05361_c_enzyme	0.0
R_rxn00490_c_enzyme	0.0
R_rxn00947_c_duplicate_6_enzyme	0.0
R_rxn10163_c_duplicate_4_enzyme	0.0
R_rxn00208_c_enzyme	0.0
R_rxn10113_c_duplicate_2_enzyme	0.0
R_rxn04726_c_enzyme	0.0
R_rxn04457_c_enzyme	0.0
R_rxn08841_c_enzyme	0.0
R_rxn01599_c_enzyme	0.0
R_rxn12637_c_enzyme	0.0
R_rxn05871_c_duplicate_2_enzyme	0.0
R_rxn05871_c_duplicate_4_enzyme	0.0
R_rxn20289_c_duplicate_3_enzyme	0.0
R_rxn00817_c_duplicate_2_enzyme	0.0
R_rxn05039_c_enzyme	0.0
R_rxn00138_c_enzyme	0.0
R_rxn05409_c_enzyme	0.0
R_rxn14090_c_enzyme	0.0
R_rxn00085_c_duplicate_6_enzyme	0.0
R_EX_cpd00098_e_enzyme	0
R_rxn05735_c_duplicate_5_enzyme	0.0
R_rxn00410_c_duplicate_2_enzyme	0.0
R_rxn10133_c_enzyme	0.0
R_rxn00130_c_enzyme	0.0
R_rxn21858_c_enzyme	4.2418754378030465e-12
R_rxn01279_c_duplicate_3_enzyme	0.0
R_rxn07449_c_duplicate_2_enzyme	0.0
R_rxn03535_c_duplicate_2_enzyme	0.0
R_rxn04043_c_enzyme	0.0
R_rxn02185_c_duplicate_2_enzyme	1.1604042714338794e-06
R_rxn04908_c_enzyme	0.0
R_rxn07670_c_enzyme	0.0
R_rxn05126_c_duplicate_3_enzyme	0.0
R_rxn04727_c_duplicate_2_enzyme	0.0
R_rxn02949_c_duplicate_2_enzyme	0.0
R_EX_cpd00013_e_enzyme	0
R_rxn08294_c_enzyme	0.0
R_rxn06510_c_duplicate_5_enzyme	0.0
R_rxn05202_c_enzyme	0.0
R_rxn12645_c_enzyme	0.0
R_rxn03194_c_duplicate_4_enzyme	0.0
R_rxn08816_c_enzyme	0.0
R_rxn04658_c_duplicate_2_enzyme	0.0
R_rxn03194_c_duplicate_3_enzyme	0.0
R_rxn12636_c_duplicate_2_enzyme	0.0
R_rxn10120_c_duplicate_2_enzyme	0.0
R_rxn12640_c_duplicate_5_enzyme	0.0
R_rxn00690_c_enzyme	0.0
R_rxn08558_c_enzyme	0.0
R_rxn00199_c_enzyme	1.2113481297804353e-05
R_EX_cpd00069_e_enzyme	0
R_rxn01396_c_duplicate_2_enzyme	0.0
R_rxn06493_c_enzyme	0.0
R_rxn09104_c_duplicate_2_enzyme	0.0
R_rxn03002_c_enzyme	0.0
R_rxn00715_c_duplicate_2_enzyme	0.0
R_rxn05249_c_duplicate_2_enzyme	0.0
R_rxn05452_c_duplicate_2_enzyme	0.0
R_rxn08295_c_duplicate_2_enzyme	0.0
R_rxn09206_c_enzyme	0.0
R_EX_cpd00029_e_enzyme	0
R_rxn03841_c_enzyme	8.483750875606097e-10
R_EX_cpd00179_e_enzyme	0
R_rxn08551_c_enzyme	0.0
R_rxn08297_c_enzyme	0.0
R_rxn01117_c_enzyme	8.252992851789608e-08
R_rxn06335_c_enzyme	4.2186442447476763e-07
R_rxn00902_c_duplicate_2_enzyme	6.163795186035819e-07
R_rxn00239_c_enzyme	2.6568266861507056e-07
R_rxn01451_c_enzyme	0.0
R_rxn08296_c_duplicate_2_enzyme	0.0
R_rxn00113_c_enzyme	7.23230505808212e-07
R_rxn00545_c_enzyme	4.0561230768662965e-06
R_rxn08546_c_enzyme	0.0
R_rxn06197_c_enzyme	0.0
R_rxn00379_c_enzyme	0.0
R_rxn08619_c_enzyme	0.0
R_rxn12191_c_enzyme	0.0
R_rxn06280_c_enzyme	1.8104107261049292e-07
R_rxn05307_c_duplicate_2_enzyme	0.0
R_rxn05054_c_enzyme	0.0
R_rxn00420_c_duplicate_3_enzyme	0.0
R_rxn05142_c_enzyme	0.0
R_rxn05508_c_enzyme	0.0
R_rxn05401_c_enzyme	0.0
R_rxn03440_c_duplicate_2_enzyme	0.0
R_rxn02789_c_enzyme	1.7604721037572913e-05
R_rxn00692_c_duplicate_3_enzyme	0.0
R_rxn12644_c_duplicate_4_enzyme	0.0
R_rxn03419_c_enzyme	8.483750875606097e-10
R_rxn00653_c_duplicate_3_enzyme	0.0
R_rxn03243_c_enzyme	0.0
R_rxn00795_c_enzyme	0.0
R_rxn14054_c_duplicate_5_enzyme	0.0
R_rxn10259_c_enzyme	0.0
R_rxn00584_c_duplicate_2_enzyme	0.0
R_rxn12846_c_duplicate_4_enzyme	0.0
R_rxn01343_c_enzyme	0.0
R_rxn00543_c_duplicate_5_enzyme	0.0
R_rxn00766_c_enzyme	0.0
R_rxn00137_c_enzyme	0.0
R_rxn03236_c_enzyme	0.0
R_rxn00438_c_enzyme	0.0
R_rxn01512_c_enzyme	1.860698660792306e-08
R_rxn09102_c_duplicate_2_enzyme	0.0
R_rxn02933_c_duplicate_2_enzyme	4.2186442447476763e-07
R_rxn05919_c_enzyme	0.0
R_rxn05197_c_enzyme	0.0
R_rxn00836_c_enzyme	0.0
R_rxn05485_c_duplicate_2_enzyme	0.0
R_rxn04792_c_duplicate_2_enzyme	0.0
R_rxn08550_c_enzyme	1.5952420958945918e-07
R_rxn05871_c_duplicate_6_enzyme	0.0
R_rxn08708_c_enzyme	0.0
R_rxn00212_c_duplicate_2_enzyme	0.0
R_rxn01137_c_enzyme	0.0
R_rxn05872_c_duplicate_3_enzyme	0.0
R_rxn02321_c_enzyme	0.0
R_rxn05654_c_enzyme	0.0
R_rxn04727_c_enzyme	0.0
R_rxn07449_c_enzyme	0.0
R_rxn01521_c_duplicate_2_enzyme	0.0
R_rxn00938_c_enzyme	0.0
R_rxn08814_c_enzyme	0.0
R_rxn00543_c_enzyme	0.0
R_rxn00569_c_duplicate_3_enzyme	0.0
R_EX_cpd10516_e_enzyme	0
R_rxn00212_c_enzyme	0.0
R_rxn05347_c_enzyme	0.0
R_rxn12643_c_duplicate_2_enzyme	0.0
R_rxn11834_c_duplicate_2_enzyme	0.0
R_rxn09102_c_enzyme	0.0
R_rxn10344_c_enzyme	0.0
R_rxn00288_c_duplicate_2_enzyme	0.0
R_rxn01218_c_duplicate_2_enzyme	0.0
R_rxn10264_c_enzyme	0.0
R_EX_cpd00224_e_enzyme	0
R_rxn06448_c_enzyme	6.41221655189688e-08
R_rxn05232_c_enzyme	1.8528087724779924e-08
R_rxn05235_c_enzyme	0.0
R_rxn10344_c_duplicate_2_enzyme	0.0
R_rxn00791_c_enzyme	1.0838237825421076e-06
R_rxn10184_c_enzyme	0.0
R_rxn04938_c_duplicate_2_enzyme	0.0
R_rxn00917_c_enzyme	1.348753384707243e-06
R_rxn08901_c_duplicate_2_enzyme	0.0
R_rxn00555_c_enzyme	1.5908001037096867e-07
R_rxn04597_c_duplicate_2_enzyme	0.0
R_rxn09345_c_enzyme	2.9230763641900794e-08
R_rxn01504_c_duplicate_2_enzyme	0.0
R_rxn08087_c_enzyme	1.5952420958945918e-07
R_rxn00146_c_enzyme	0.0
R_rxn01362_c_enzyme	0.0
R_rxn00676_c_duplicate_3_enzyme	0.0
R_rxn00979_c_enzyme	8.483750875606097e-10
R_rxn08552_c_enzyme	0.0
R_rxn00974_c_enzyme	0.0
R_rxn03456_c_enzyme	0.0
R_rxn05156_c_enzyme	0.0
R_rxn01465_c_duplicate_2_enzyme	5.140384009503929e-07
R_rxn12643_c_duplicate_4_enzyme	0.0
R_rxn11809_c_duplicate_7_enzyme	0.0
R_rxn01279_c_duplicate_2_enzyme	0.0
R_rxn02305_c_enzyme	0.0
R_rxn00650_c_duplicate_2_enzyme	0.0
R_rxn04794_c_enzyme	4.2186442447476763e-07
R_rxn00190_c_enzyme	0.0
R_rxn05252_c_duplicate_4_enzyme	0.0
R_rxn02898_c_duplicate_3_enzyme	0.0
R_rxn00293_c_duplicate_2_enzyme	0.0
R_rxn06510_c_enzyme	0.0
R_rxn01854_c_enzyme	0.0
R_rxn03282_c_duplicate_4_enzyme	0.0
R_rxn02400_c_enzyme	0.0
R_rxn00471_c_enzyme	0.0
R_rxn08016_c_enzyme	1.353455195939818e-07
R_rxn05197_c_duplicate_2_enzyme	0.0
R_rxn02687_c_enzyme	0.0
R_rxn02782_c_enzyme	0.0
R_rxn04792_c_enzyme	0.0
R_rxn07883_c_enzyme	0.0
R_rxn00368_c_duplicate_2_enzyme	0.0
R_rxn03243_c_duplicate_4_enzyme	0.0
R_rxn15949_c_enzyme	3.5006834870870695e-05
R_rxn05219_c_enzyme	0.0
R_rxn01454_c_enzyme	0.0
R_rxn05646_c_enzyme	0
R_rxn00410_c_enzyme	0.0
R_EX_cpd01171_e_enzyme	0
R_rxn05957_c_enzyme	1.932049959702736e-07
R_rxn00584_c_enzyme	0.0
R_rxn00539_c_duplicate_3_enzyme	0.0
R_rxn01445_c_duplicate_3_enzyme	0.0
R_rxn00100_c_enzyme	6.362813156708271e-10
R_rxn00543_c_duplicate_7_enzyme	0.0
R_rxn08180_c_enzyme	8.483750875606093e-12
R_rxn05347_c_duplicate_3_enzyme	0.0
R_rxn01479_c_enzyme	0.0
R_rxn04726_c_duplicate_3_enzyme	0.0
R_rxn02045_c_enzyme	0.0
R_rxn05250_c_duplicate_7_enzyme	0.0
R_rxn00375_c_enzyme	1.349432525326994e-06
R_rxn02067_c_enzyme	0.0
R_rxn02177_c_enzyme	0.0
R_rxn00831_c_enzyme	0.0
R_rxn01790_c_enzyme	6.362813156708271e-10
R_rxn02201_c_enzyme	0.0
R_rxn01799_c_enzyme	0.0
R_rxn00288_c_duplicate_6_enzyme	0.0
R_rxn01518_c_enzyme	0.0
R_rxn00473_c_enzyme	0.0
R_rxn05872_c_duplicate_7_enzyme	0.0
R_rxn03611_c_enzyme	0.0
R_rxn05252_c_duplicate_5_enzyme	0.0
R_rxn02056_c_enzyme	0.0
R_rxn05255_c_enzyme	0.0
R_rxn09448_c_duplicate_3_enzyme	0.0
R_rxn00789_c_enzyme	1.3112305581525988e-06
R_rxn02680_c_enzyme	0.0
R_rxn09992_c_duplicate_2_enzyme	0.0
R_rxn03249_c_enzyme	0.0
R_rxn00715_c_enzyme	0.0
R_rxn10253_c_enzyme	0.0
R_rxn00119_c_duplicate_3_enzyme	6.575258106100355e-07
R_rxn04736_c_duplicate_2_enzyme	0.0
R_rxn11944_c_enzyme	0.0
R_rxn00874_c_duplicate_4_enzyme	0.0
R_rxn03150_c_enzyme	0.0
R_rxn08845_c_enzyme	0.0
R_rxn05561_c_duplicate_3_enzyme	0.0
R_rxn00947_c_duplicate_4_enzyme	0.0
R_rxn04726_c_duplicate_2_enzyme	0.0
R_rxn07876_c_duplicate_2_enzyme	0.0
R_rxn00038_c_enzyme	0.0
R_rxn05488_c_enzyme	0
R_rxn05345_c_duplicate_2_enzyme	0.0
R_rxn05485_c_enzyme	0.0
R_rxn05049_c_enzyme	0.0
R_rxn00568_c_enzyme	0.0
R_rxn00771_c_enzyme	0.0
R_rxn08798_c_enzyme	0.0
R_rxn07901_c_enzyme	0.0
R_rxn00178_c_duplicate_5_enzyme	2.039281616723815e-06
R_rxn00148_c_duplicate_2_enzyme	1.798394758124257e-05
R_rxn00569_c_enzyme	0.0
R_rxn10229_c_enzyme	0.0
R_rxn09272_c_enzyme	3.137303109656915e-06
R_rxn02969_c_enzyme	0.0
R_rxn00406_c_duplicate_2_enzyme	0.0
R_rxn00484_c_enzyme	0.0
R_rxn08812_c_enzyme	0.0
R_rxn01544_c_duplicate_2_enzyme	0.0
R_rxn01547_c_enzyme	0.0
R_rxn03512_c_enzyme	0.0
R_rxn00288_c_duplicate_4_enzyme	0.0
R_rxn05249_c_duplicate_6_enzyme	0.0
R_rxn00623_c_enzyme	2.5657992468948024e-07
R_rxn00182_c_enzyme	0.0
R_rxn11946_c_enzyme	0.0
R_EX_cpd00138_e_enzyme	0
R_rxn05456_c_duplicate_2_enzyme	0.0
R_rxn11834_c_duplicate_5_enzyme	0.0
R_rxn01851_c_enzyme	0.0
R_rxn05248_c_duplicate_5_enzyme	0.0
R_rxn05617_c_enzyme	0.0
R_rxn09448_c_duplicate_7_enzyme	0.0
R_rxn12634_c_duplicate_5_enzyme	0.0
R_rxn03916_c_enzyme	0.0
R_rxn09562_c_enzyme	0.0
R_EX_cpd00129_e_enzyme	0
R_rxn09692_c_enzyme	0.0
R_rxn01530_c_enzyme	0.0
R_EX_cpd00009_e_enzyme	0
R_rxn08615_c_enzyme	0.0
R_rxn02181_c_duplicate_2_enzyme	0.0
R_rxn07842_c_enzyme	0.0
R_EX_cpd00007_e_enzyme	0
R_rxn01265_c_enzyme	0.0
R_rxn05248_c_duplicate_7_enzyme	0.0
R_rxn05467_c_enzyme	7.17499364416222e-05
R_rxn08983_c_enzyme	0.0
R_rxn07584_c_enzyme	0.0
R_rxn10203_c_enzyme	0.0
R_rxn00224_c_enzyme	0.0
R_rxn00671_c_enzyme	0.0
R_rxn01152_c_enzyme	0.0
R_rxn00741_c_enzyme	0.0
R_rxn05613_c_enzyme	0.0
R_rxn01446_c_enzyme	0.0
R_rxn09992_c_duplicate_4_enzyme	0.0
R_rxn01961_c_duplicate_3_enzyme	0.0
R_rxn12644_c_duplicate_5_enzyme	0.0
R_rxn02460_c_enzyme	0.0
R_rxn08025_c_duplicate_3_enzyme	0.0
R_rxn01301_c_enzyme	1.932049959702736e-07
R_rxn01292_c_enzyme	0.0
R_rxn02319_c_enzyme	0.0
R_rxn03005_c_enzyme	1.1362049208519556e-06
R_rxn01603_c_enzyme	8.483750875606097e-10
R_rxn06208_c_enzyme	0.0
R_rxn10121_c_duplicate_2_enzyme	0.0
R_rxn03483_c_enzyme	0.0
R_rxn05389_c_enzyme	0.0
R_rxn10343_c_enzyme	0.0
R_rxn05362_c_enzyme	0.0
R_rxn05369_c_enzyme	0.0
R_rxn01484_c_enzyme	0.0
R_rxn00763_c_duplicate_3_enzyme	0.0
R_rxn01219_c_enzyme	0.0
R_rxn04736_c_duplicate_4_enzyme	0.0
R_rxn12635_c_enzyme	0.0
R_rxn02795_c_enzyme	0.0
R_rxn06075_c_duplicate_2_enzyme	0.0
R_rxn08805_c_enzyme	0.0
R_rxn05217_c_enzyme	0.0
R_rxn00649_c_enzyme	0.0
R_rxn00412_c_enzyme	0.0
R_rxn09450_c_enzyme	0.0
R_rxn12641_c_enzyme	0.0
R_rxn04723_c_enzyme	0.0
R_rxn01492_c_enzyme	0.0
R_rxn04704_c_enzyme	0.0
R_rxn01390_c_enzyme	0.0
R_rxn09240_c_duplicate_2_enzyme	0.0
R_rxn06493_c_duplicate_2_enzyme	0.0
R_rxn12637_c_duplicate_5_enzyme	0.0
R_rxn02107_c_duplicate_2_enzyme	0.0
R_rxn00192_c_duplicate_2_enzyme	0.0
R_rxn09205_c_enzyme	0.0
R_rxn02642_c_enzyme	0.0
R_rxn08294_c_duplicate_2_enzyme	0.0
R_rxn00288_c_enzyme	0.0
R_rxn06038_c_enzyme	0.0
R_rxn01257_c_duplicate_3_enzyme	0.0
R_rxn00085_c_duplicate_2_enzyme	0.0
R_rxn10268_c_enzyme	0.0
R_rxn10224_c_enzyme	0.0
R_EX_cpd00305_e_enzyme	0
R_rxn09450_c_duplicate_7_enzyme	0.0
R_rxn01286_c_duplicate_5_enzyme	0.0
R_rxn10233_c_enzyme	0.0
R_rxn00650_c_duplicate_5_enzyme	0.0
R_rxn09692_c_duplicate_5_enzyme	0.0
R_rxn03241_c_enzyme	0.0
R_rxn00242_c_enzyme	0.0
R_rxn02283_c_enzyme	1.349432525326994e-06
R_EX_cpd03847_e_enzyme	0
R_rxn05381_c_enzyme	0.0
R_rxn10231_c_enzyme	0.0
R_rxn01332_c_enzyme	0.0
R_rxn05287_c_enzyme	0.0
R_rxn01486_c_enzyme	0.0
R_rxn10225_c_enzyme	0.0
R_rxn01604_c_enzyme	0.0
R_rxn12844_c_duplicate_3_enzyme	0.0
R_rxn01200_c_enzyme	0.0
R_EX_cpd00159_e_enzyme	0
R_rxn00467_c_enzyme	0
R_rxn05500_c_enzyme	0
R_rxn00124_c_duplicate_2_enzyme	0.0
R_rxn01270_c_duplicate_2_enzyme	0.0
R_rxn03108_c_enzyme	0.0
R_rxn03446_c_enzyme	0.0
R_rxn03843_c_enzyme	0.0
R_rxn21856_c_duplicate_2_enzyme	4.2418754378030465e-12
R_rxn02866_c_enzyme	0.0
R_rxn00392_c_enzyme	0.0
R_rxn05231_c_duplicate_2_enzyme	0.0
R_rxn01114_c_duplicate_2_enzyme	0.0
R_rxn02186_c_enzyme	4.444121896046412e-05
R_rxn08975_c_enzyme	4.121259867994305e-05
R_rxn05344_c_duplicate_2_enzyme	0.0
R_rxn02475_c_duplicate_3_enzyme	0.0
R_rxn01334_c_enzyme	0.0
R_rxn01521_c_enzyme	0.0
R_rxn05602_c_enzyme	0.0
R_rxn05234_c_enzyme	0.0
R_rxn00979_c_duplicate_2_enzyme	0.0
R_rxn09264_c_duplicate_2_enzyme	0.0
R_rxn00611_c_enzyme	2.9486972918344094e-07
R_rxn05655_c_duplicate_2_enzyme	0.0
R_rxn00782_c_duplicate_2_enzyme	0.0
R_rxn00060_c_enzyme	0.0
R_rxn08706_c_enzyme	3.1904841917891837e-07
R_rxn05201_c_enzyme	0.0
R_rxn08849_c_enzyme	0.0
R_rxn00394_c_enzyme	0.0
R_rxn00320_c_duplicate_2_enzyme	0.0
R_rxn00001_c_duplicate_2_enzyme	0.0
R_rxn00225_c_enzyme	0.0
R_rxn00390_c_enzyme	0.0
R_rxn00794_c_duplicate_2_enzyme	0.0
R_rxn10256_c_enzyme	0.0
R_rxn01505_c_enzyme	0.0
R_rxn01851_c_duplicate_3_enzyme	0.0
R_rxn00999_c_duplicate_2_enzyme	0.0
R_rxn03610_c_enzyme	0.0
R_rxn10806_c_enzyme	0.0
R_rxn03142_c_enzyme	0.0
R_rxn08976_c_enzyme	0.0
R_rxn05049_c_duplicate_2_enzyme	0.0
R_rxn03535_c_enzyme	0.0
R_rxn01437_c_enzyme	0.0
R_rxn03047_c_enzyme	0.0
R_rxn00173_c_enzyme	0.0
R_rxn01011_c_enzyme	8.190064978966643e-07
R_rxn05343_c_enzyme	0.0
R_rxn21863_c_enzyme	4.2418754378030465e-12
R_rxn00283_c_duplicate_2_enzyme	8.734233620208364e-08
R_rxn11892_c_duplicate_2_enzyme	0.0
R_rxn02610_c_enzyme	0.0
R_rxn03365_c_duplicate_2_enzyme	0.0
R_rxn09207_c_enzyme	0.0
R_rxn01352_c_enzyme	0.0
R_rxn01480_c_duplicate_2_enzyme	0.0
R_rxn00770_c_enzyme	2.7690847428236237e-06
R_rxn12847_c_duplicate_6_enzyme	0.0
R_rxn05301_c_enzyme	0.0
R_rxn02522_c_enzyme	0.0
R_rxn10209_c_enzyme	0.0
R_rxn04908_c_duplicate_4_enzyme	0.0
R_rxn00763_c_enzyme	0.0
R_rxn08094_c_enzyme	0.0
R_rxn00471_c_duplicate_2_enzyme	0.0
R_rxn00527_c_duplicate_5_enzyme	1.8104107261049292e-07
R_rxn06037_c_duplicate_2_enzyme	0.0
R_rxn05154_c_duplicate_4_enzyme	0.0
R_rxn05154_c_duplicate_3_enzyme	0.0
R_rxn03333_c_duplicate_6_enzyme	0.0
R_rxn01575_c_enzyme	4.2186442447476763e-07
R_rxn12633_c_duplicate_5_enzyme	0.0
R_rxn08820_c_enzyme	0.0
R_rxn11760_c_enzyme	0.0
R_rxn01740_c_enzyme	0.0
R_rxn05380_c_enzyme	0.0
R_rxn12224_c_enzyme	0.0
R_rxn02934_c_duplicate_2_enzyme	4.2186442447476763e-07
R_rxn02402_c_enzyme	9.430526901369684e-07
R_rxn12642_c_duplicate_2_enzyme	0.0
R_rxn00903_c_enzyme	7.793592581649521e-06
R_rxn01069_c_enzyme	0.0
R_rxn00193_c_enzyme	0.0
R_rxn14089_c_duplicate_4_enzyme	0.0
R_rxn05385_c_enzyme	0.0
R_rxn12846_c_duplicate_3_enzyme	0.0
R_rxn00506_c_duplicate_3_enzyme	0.0
R_rxn05655_c_enzyme	0.0
R_rxn05006_c_enzyme	0.0
R_rxn01602_c_enzyme	0.0
R_rxn08842_c_enzyme	0.0
R_rxn00461_c_enzyme	3.349193859928277e-07
R_EX_cpd00041_e_enzyme	0
R_EX_cpd00794_e_enzyme	0
R_rxn02228_c_duplicate_2_enzyme	0.0
R_rxn00300_c_duplicate_2_enzyme	0.0
R_rxn00206_c_enzyme	0.0
R_rxn01315_c_enzyme	0.0
R_rxn01000_c_enzyme	2.4935792065018125e-07
R_rxn05387_c_enzyme	0.0
R_rxn07673_c_enzyme	0.0
R_rxn04270_c_duplicate_2_enzyme	0.0
R_rxn05150_c_enzyme	0.0
R_rxn01300_c_enzyme	0.0
R_rxn06432_c_enzyme	3.407105464749783e-07
R_rxn01049_c_enzyme	0.0
R_rxn12634_c_duplicate_3_enzyme	0.0
R_EX_cpd00264_e_enzyme	0
R_rxn12634_c_duplicate_6_enzyme	0.0
R_EX_cpd00204_c_enzyme	0
R_rxn00420_c_enzyme	0.0
R_rxn06647_c_enzyme	0.0
R_EX_cpd00971_e_enzyme	0
R_rxn00493_c_duplicate_3_enzyme	0.0
R_rxn03909_c_enzyme	6.860054662037102e-08
R_rxn00692_c_enzyme	0.0
R_rxn07841_c_enzyme	0.0
R_rxn00324_c_enzyme	0.0
R_rxn01275_c_enzyme	0.0
R_rxn08307_c_enzyme	0.0
R_rxn10221_c_enzyme	0.0
R_rxn05251_c_duplicate_6_enzyme	0.0
R_rxn00988_c_duplicate_5_enzyme	0.0
R_rxn05249_c_duplicate_5_enzyme	0.0
R_rxn05183_c_duplicate_2_enzyme	0.0
R_rxn00132_c_duplicate_2_enzyme	0.0
R_rxn05561_c_enzyme	0.0
R_rxn09692_c_duplicate_4_enzyme	0.0
R_rxn01642_c_duplicate_3_enzyme	0.0
R_rxn05379_c_duplicate_2_enzyme	0.0
R_rxn09992_c_duplicate_5_enzyme	0.0
R_rxn09112_c_enzyme	0.0
R_rxn05248_c_duplicate_3_enzyme	0.0
R_rxn05460_c_duplicate_2_enzyme	0.0
R_rxn05206_c_enzyme	1.617859775728958e-06
R_rxn05305_c_duplicate_3_enzyme	0.0
R_rxn02418_c_duplicate_3_enzyme	0.0
R_rxn00020_c_enzyme	0.0
R_rxn12640_c_duplicate_6_enzyme	0.0
R_rxn02185_c_duplicate_3_enzyme	0.0
R_rxn10228_c_enzyme	0.0
R_rxn10199_c_duplicate_3_enzyme	0.0
R_rxn02380_c_enzyme	0.0
R_rxn01368_c_duplicate_2_enzyme	0.0
R_rxn00966_c_enzyme	0.0
R_rxn12640_c_duplicate_2_enzyme	0.0
R_rxn00469_c_duplicate_3_enzyme	0.0
R_rxn02586_c_enzyme	0.0
R_rxn00056_c_enzyme	0.0
R_rxn02090_c_duplicate_2_enzyme	0.0
R_rxn05177_c_enzyme	0.0
R_rxn01975_c_enzyme	0.0
R_rxn01138_c_duplicate_2_enzyme	0.0
R_rxn00029_c_enzyme	0.0
R_rxn10265_c_enzyme	0.0
R_rxn06434_c_enzyme	2.7789344664861544e-07
R_rxn02166_c_enzyme	0.0
R_rxn05348_c_duplicate_2_enzyme	0.0
R_rxn00422_c_enzyme	0.0
R_rxn01455_c_enzyme	0.0
R_rxn00260_c_duplicate_3_enzyme	0.0
R_rxn06160_c_enzyme	0.0
R_rxn12844_c_duplicate_2_enzyme	0.0
R_rxn10042_c_duplicate_4_enzyme	0.0
R_rxn00800_c_enzyme	6.302267794936455e-06
R_rxn10227_c_enzyme	0.0
R_rxn00879_c_enzyme	0.0
R_rxn06443_c_enzyme	2.1825349692584168e-07
R_rxn00575_c_enzyme	0.0
R_rxn01517_c_duplicate_2_enzyme	1.860698660792306e-08
R_rxn05581_c_enzyme	0.0
R_rxn00328_c_duplicate_2_enzyme	0.0
R_rxn05367_c_enzyme	0.0
R_rxn05402_c_enzyme	0.0
R_rxn00608_c_duplicate_5_enzyme	0.0
R_rxn00105_c_enzyme	0.0
R_rxn00472_c_duplicate_2_enzyme	0.0
R_rxn04908_c_duplicate_3_enzyme	0.0
R_rxn00692_c_duplicate_2_enzyme	7.750987057332658e-10
R_rxn10113_c_duplicate_5_enzyme	0.0
R_rxn00713_c_enzyme	0.0
R_rxn03282_c_duplicate_6_enzyme	0.0
R_rxn11801_c_enzyme	0.0
R_rxn02288_c_enzyme	0.0
R_rxn00874_c_enzyme	0.0
R_rxn00947_c_duplicate_2_enzyme	0.0
R_EX_cpd00637_e_enzyme	0
R_rxn05441_c_enzyme	0.0
R_rxn08309_c_enzyme	1.353455195939818e-07
R_rxn00170_c_enzyme	0.0
R_rxn05557_c_enzyme	0.0
R_rxn08127_c_enzyme	0.0
R_EX_cpd00797_e_enzyme	0
R_rxn11727_c_enzyme	0.0
R_EX_cpd00036_e_enzyme	0
R_rxn00678_c_enzyme	0.0
R_EX_cpd00023_e_enzyme	0
R_rxn12206_c_enzyme	0.0
R_rxn00358_c_enzyme	0.0
R_rxn01607_c_enzyme	0.0
R_rxn03892_c_enzyme	0.0
R_rxn05468_c_enzyme	7.041550181969498e-05
R_rxn00608_c_duplicate_2_enzyme	0.0
R_rxn08840_c_enzyme	0.0
R_rxn00601_c_enzyme	0.0
R_rxn04278_c_enzyme	0.0
R_rxn02261_c_enzyme	0.0
R_rxn01329_c_enzyme	0.0
R_rxn09265_c_duplicate_2_enzyme	0.0
R_rxn01834_c_duplicate_2_enzyme	0.0
R_rxn11834_c_duplicate_7_enzyme	0.0
R_rxn03893_c_enzyme	0.0
R_rxn07688_c_duplicate_2_enzyme	0.0
R_rxn04648_c_enzyme	0.0
R_rxn01135_c_enzyme	0.0
R_rxn09953_c_enzyme	0.0
R_rxn00101_c_duplicate_2_enzyme	0.0
R_rxn14054_c_enzyme	0.0
R_rxn01225_c_enzyme	0.0
R_rxn09200_c_enzyme	1.353455195939818e-07
R_rxn08819_c_enzyme	0.0
R_rxn00347_c_enzyme	0.0
R_rxn02804_c_duplicate_5_enzyme	5.897394583668819e-07
R_rxn02889_c_enzyme	0.0
R_EX_cpd00092_e_enzyme	0
R_rxn04954_c_enzyme	1.9320923784571142e-07
R_rxn00222_c_enzyme	0.0
R_rxn01480_c_duplicate_4_enzyme	0.0
R_rxn01021_c_enzyme	0.0
R_rxn01985_c_enzyme	0.0
R_rxn00501_c_duplicate_2_enzyme	0.0
R_rxn05452_c_enzyme	0.0
R_rxn03422_c_enzyme	0.0
R_rxn05360_c_enzyme	0.0
R_rxn02832_c_enzyme	0.0
R_rxn00650_c_duplicate_3_enzyme	0.0
R_rxn09111_c_enzyme	0.0
R_rxn00299_c_enzyme	0.0
R_rxn00499_c_duplicate_2_enzyme	0.0
R_rxn00872_c_duplicate_2_enzyme	0.0
R_rxn12846_c_duplicate_2_enzyme	0.0
R_rxn05252_c_duplicate_6_enzyme	0.0
R_rxn00405_c_enzyme	1.4846564032310661e-08
R_EX_cpd00080_e_enzyme	0
R_rxn01314_c_enzyme	0.0
R_rxn02819_c_enzyme	0.0
R_rxn01646_c_enzyme	0.0
R_rxn01044_c_enzyme	0.0
R_rxn05298_c_duplicate_2_enzyme	0.0
R_rxn00790_c_duplicate_2_enzyme	0.0
R_rxn01834_c_duplicate_3_enzyme	0.0
R_rxn10214_c_enzyme	0.0
R_rxn04736_c_enzyme	0.0
R_rxn11726_c_enzyme	0.0
R_rxn00898_c_enzyme	8.780574222669531e-06
R_rxn09208_c_enzyme	1.353455195939818e-07
R_rxn02473_c_enzyme	2.706922354884913e-06
R_rxn03333_c_enzyme	0.0
R_rxn01405_c_enzyme	0.0
R_rxn07448_c_duplicate_2_enzyme	0.0
R_rxn10261_c_enzyme	0.0
R_rxn02341_c_enzyme	6.205096821603841e-09
R_rxn00336_c_enzyme	9.87253187693454e-06
R_rxn05364_c_enzyme	0.0
R_rxn01286_c_duplicate_2_enzyme	8.190064978966643e-07
R_rxn03004_c_enzyme	4.419943983231341e-07
R_rxn01213_c_enzyme	8.676392304294622e-07
R_rxn02261_c_duplicate_2_enzyme	0.0
R_rxn04780_c_enzyme	0.0
R_EX_cpd00314_e_enzyme	0
R_rxn02318_c_enzyme	0.0
R_rxn08129_c_enzyme	0.0
R_rxn01834_c_enzyme	0.0
R_rxn01507_c_duplicate_2_enzyme	0.0
R_rxn00368_c_enzyme	7.092979003284217e-07
R_rxn02508_c_duplicate_2_enzyme	0.0
R_rxn08433_c_enzyme	0.0
R_rxn05359_c_duplicate_2_enzyme	0.0
R_rxn05663_c_enzyme	0.0
R_rxn00011_c_duplicate_3_enzyme	0.0
R_rxn03537_c_enzyme	0.0
R_rxn05305_c_duplicate_2_enzyme	0.0
R_rxn03407_c_enzyme	0.0
R_rxn03246_c_duplicate_2_enzyme	0.0
R_rxn06752_c_enzyme	0.0
R_rxn12146_c_enzyme	0.0
R_rxn08954_c_enzyme	0.0
R_rxn04744_c_enzyme	0.0
R_rxn10258_c_enzyme	0.0
R_rxn05613_c_duplicate_2_enzyme	0.0
R_rxn03903_c_enzyme	0.0
R_rxn08300_c_duplicate_2_enzyme	0.0
R_rxn01257_c_enzyme	8.483750875606097e-10
R_rxn04600_c_enzyme	0.0
R_rxn11749_c_enzyme	0.0
R_rxn10161_c_duplicate_2_enzyme	0.0
R_rxn03282_c_duplicate_3_enzyme	0.0
R_rxn01868_c_enzyme	0.0
R_rxn12634_c_enzyme	0.0
R_rxn06510_c_duplicate_3_enzyme	0.0
R_rxn04736_c_duplicate_7_enzyme	0.0
R_rxn02331_c_enzyme	9.173187721722113e-07
R_rxn10163_c_duplicate_3_enzyme	0.0
R_rxn05143_c_enzyme	0.0
R_EX_cpd00393_e_enzyme	0
R_rxn05305_c_enzyme	0.0
R_rxn00655_c_enzyme	0.0
R_rxn00147_c_duplicate_2_enzyme	0.0
R_rxn06600_c_duplicate_2_enzyme	0.0
R_rxn06436_c_enzyme	4.934942111950658e-07
R_rxn01434_c_enzyme	3.049717766574304e-06
R_rxn01286_c_duplicate_4_enzyme	0.0
R_rxn02314_c_enzyme	0.0
R_rxn10269_c_duplicate_2_enzyme	0.0
R_rxn02000_c_enzyme	0.0
R_rxn01647_c_duplicate_2_enzyme	0.0
R_rxn03907_c_enzyme	3.215384000609088e-07
R_rxn01068_c_enzyme	7.889972301607495e-07
R_rxn02475_c_enzyme	0.0
R_rxn05388_c_duplicate_2_enzyme	0.0
R_rxn03467_c_enzyme	0.0
R_rxn05236_c_enzyme	0.0
R_rxn06672_c_enzyme	0.0
R_rxn00337_c_duplicate_3_enzyme	2.8254552287531637e-05
R_rxn09449_c_duplicate_5_enzyme	0.0
R_rxn00055_c_enzyme	0.0
R_rxn05451_c_duplicate_2_enzyme	0.0
R_rxn09240_c_duplicate_4_enzyme	2.5657992468948024e-07
R_EX_cpd00001_e_enzyme	0
R_rxn05346_c_duplicate_2_enzyme	0.0
R_rxn01986_c_enzyme	0.0
R_rxn05252_c_enzyme	0.0
R_rxn00670_c_duplicate_2_enzyme	0.0
R_rxn00065_c_enzyme	0.0
R_rxn08312_c_enzyme	0.0
R_rxn02484_c_enzyme	0.0
R_rxn04133_c_enzyme	0.0
R_rxn14054_c_duplicate_3_enzyme	0.0
R_EX_cpd01030_e_enzyme	0
R_rxn14264_c_enzyme	0.0
R_rxn02804_c_enzyme	0.0
R_rxn09449_c_duplicate_2_enzyme	0.0
R_rxn05313_c_enzyme	1.7842141348333195e-06
R_rxn09198_c_enzyme	0.0
R_rxn03408_c_enzyme	2.9114112067361213e-08
R_rxn00117_c_enzyme	0.0
R_rxn10113_c_duplicate_4_enzyme	0.0
R_rxn00674_c_enzyme	0.0
R_rxn00748_c_duplicate_2_enzyme	0.0
R_rxn02144_c_enzyme	0.0
R_rxn07219_c_enzyme	0.0
R_rxn00499_c_enzyme	0.0
R_rxn21859_c_enzyme	4.2418754378030465e-12
R_rxn06022_c_enzyme	0.0
R_rxn00727_c_duplicate_2_enzyme	0.0
R_rxn05029_c_duplicate_2_enzyme	0.0
R_rxn01396_c_duplicate_3_enzyme	0.0
R_rxn05421_c_duplicate_2_enzyme	0.0
R_rxn02373_c_enzyme	1.1293905897899148e-06
R_rxn01964_c_duplicate_2_enzyme	0.0
R_rxn00011_c_duplicate_2_enzyme	0.0
R_rxn02085_c_enzyme	0.0
R_rxn04139_c_enzyme	0.0
R_rxn00849_c_enzyme	2.9114112067361213e-08
R_rxn01807_c_duplicate_2_enzyme	0.0
R_rxn12644_c_enzyme	0.0
R_rxn00085_c_duplicate_9_enzyme	0.0
R_rxn10255_c_enzyme	0.0
R_rxn03060_c_enzyme	0.0
R_rxn00404_c_enzyme	0.0
R_rxn02465_c_enzyme	0.0
R_rxn00543_c_duplicate_6_enzyme	0.0
R_rxn01286_c_duplicate_3_enzyme	0.0
R_rxn03917_c_enzyme	0.0
R_rxn09992_c_duplicate_3_enzyme	0.0
R_rxn00187_c_enzyme	5.3103585505059614e-05
R_rxn08803_c_enzyme	0.0
R_rxn10806_c_duplicate_2_enzyme	0.0
R_rxn21857_c_enzyme	4.2418754378030465e-12
R_rxn00798_c_enzyme	0.0
R_rxn04658_c_enzyme	0.0
R_rxn01218_c_enzyme	0.0
R_rxn02345_c_duplicate_2_enzyme	0.0
R_rxn05233_c_duplicate_2_enzyme	0.0
R_rxn12574_c_enzyme	0.0
R_rxn04068_c_enzyme	0.0
R_rxn00691_c_duplicate_2_enzyme	0.0
R_rxn00785_c_duplicate_2_enzyme	7.237839777126567e-06
R_rxn01388_c_enzyme	0.0
R_rxn00337_c_enzyme	0.0
R_rxn06444_c_enzyme	2.4935792065018125e-07
R_rxn03249_c_duplicate_2_enzyme	0.0
R_rxn00225_c_duplicate_2_enzyme	0.0
R_rxn00289_c_enzyme	0.0
R_rxn00474_c_enzyme	0.0
R_rxn05736_c_duplicate_7_enzyme	0.0
R_EX_cpd00034_e_enzyme	0
R_rxn08647_c_duplicate_2_enzyme	0.0
R_rxn02831_c_enzyme	0.0
R_rxn05451_c_enzyme	0.0
R_rxn00653_c_duplicate_2_enzyme	0.0
R_rxn02003_c_enzyme	0.0
R_rxn12634_c_duplicate_2_enzyme	0.0
R_rxn00532_c_enzyme	6.362813156708271e-10
R_rxn01674_c_enzyme	0.0
R_rxn10161_c_duplicate_3_enzyme	0.0
R_rxn03194_c_duplicate_2_enzyme	0.0
R_rxn00676_c_enzyme	0.0
R_rxn07680_c_duplicate_2_enzyme	0.0
R_rxn01445_c_duplicate_2_enzyme	0.0
R_rxn01466_c_enzyme	2.9230763641900794e-08
R_rxn00145_c_enzyme	0.0
R_rxn01871_c_enzyme	0.0
R_rxn02792_c_enzyme	0.0
R_rxn03240_c_enzyme	0.0
R_rxn08647_c_enzyme	0.0
R_rxn02175_c_enzyme	6.362813156708271e-10
R_rxn01791_c_enzyme	6.362813156708271e-10
R_rxn05496_c_duplicate_2_enzyme	0.0
R_rxn00433_c_enzyme	0.0
R_rxn12636_c_enzyme	0.0
R_rxn00497_c_enzyme	0.0
R_rxn02811_c_enzyme	6.163795186035819e-07
R_EX_cpd01092_e_enzyme	0
R_rxn02339_c_duplicate_2_enzyme	0.0
R_rxn12633_c_duplicate_3_enzyme	0.0
R_rxn10120_c_enzyme	0.0
R_rxn05319_c_enzyme	0.0001089360532596918
R_rxn00179_c_enzyme	1.2583599347913465e-06
R_rxn00258_c_enzyme	4.529444899358029e-06
R_rxn01507_c_duplicate_3_enzyme	0.0
R_rxn01924_c_enzyme	0.0
R_rxn04736_c_duplicate_3_enzyme	0.0
R_rxn02200_c_enzyme	8.483750875606097e-10
R_rxn08043_c_enzyme	0.0
R_rxn05458_c_duplicate_2_enzyme	0.0
R_rxn07056_c_enzyme	0.0
R_rxn04082_c_enzyme	0.0
R_rxn10113_c_duplicate_7_enzyme	0.0
R_rxn00139_c_enzyme	0.0
R_rxn02693_c_enzyme	0.0
R_rxn05457_c_duplicate_2_enzyme	1.6505985703579215e-07
R_rxn06076_c_enzyme	1.4339872011265087e-08
R_rxn00083_c_enzyme	0.0
R_EX_cpd00635_e_enzyme	0
R_rxn01145_c_duplicate_3_enzyme	0.0
R_rxn00364_c_enzyme	2.844169165747966e-07
R_rxn03884_c_duplicate_2_enzyme	0.0
R_rxn03289_c_enzyme	0.0
R_rxn03136_c_enzyme	5.268489035835974e-06
R_rxn12432_c_enzyme	0.0
R_rxn01706_c_enzyme	0.0
R_rxn14342_c_enzyme	0.0
R_rxn06865_c_duplicate_2_enzyme	0.0
R_rxn00743_c_duplicate_2_enzyme	0.0
R_rxn09320_c_enzyme	0.0
R_rxn05496_c_enzyme	0.0
R_rxn06515_c_enzyme	0.0
R_rxn06510_c_duplicate_2_enzyme	0.0
R_rxn00303_c_enzyme	0.0
R_rxn01649_c_duplicate_2_enzyme	0.0
R_rxn00256_c_enzyme	2.1986013174738894e-05
R_rxn00058_c_enzyme	0.0
R_rxn08618_c_enzyme	0.0
R_rxn05396_c_enzyme	0.0
R_rxn10205_c_enzyme	0.0
R_rxn03323_c_enzyme	0.0
R_EX_cpd00058_e_enzyme	0
R_rxn05435_c_enzyme	0.0
R_rxn00260_c_enzyme	0.0
R_rxn00566_c_duplicate_2_enzyme	0.0
R_rxn01204_c_enzyme	0.0
R_rxn01102_c_duplicate_2_enzyme	0.0
R_rxn06440_c_enzyme	4.2186442447476763e-07
R_rxn08838_c_enzyme	0.0
R_rxn00549_c_duplicate_2_enzyme	0.0
R_EX_cpd01262_e_enzyme	0
R_rxn11892_c_enzyme	0.0
R_rxn02476_c_enzyme	4.953695338672017e-07
R_rxn03159_c_enzyme	4.126496425894804e-08
R_rxn01530_c_duplicate_6_enzyme	0.0
R_EX_cpd00396_e_enzyme	0
R_rxn00831_c_duplicate_3_enzyme	0.0
R_rxn01358_c_enzyme	0.0
R_rxn01652_c_enzyme	1.349432525326994e-06
R_rxn00154_c_enzyme	0.0
R_rxn00347_c_duplicate_2_enzyme	0.0
R_rxn05607_c_duplicate_2_enzyme	0.0
R_rxn01701_c_enzyme	0.0
R_rxn03365_c_enzyme	0.0
R_rxn09296_c_enzyme	0.0
R_rxn08801_c_enzyme	0.0
R_EX_cpd04097_e_enzyme	0
R_rxn37569_c_enzyme	2.4588736687936297e-06
R_rxn05148_c_enzyme	0.0
R_rxn00178_c_duplicate_2_enzyme	0.0
