Reaction	Flux
R_rxn01607_c	0.0
R_rxn00368_c_duplicate_2	0.0
R_rxn01500_c	0.0
R_rxn05234_c	0.0
R_rxn01674_c	0.0
R_rxn05734_c_duplicate_2	0.0
R_rxn01451_c	0.0
R_rxn05156_c	0.0
R_rxn01851_c_duplicate_6	0.0
R_rxn05459_c	0.0
R_rxn08521_c	0.0
R_rxn02435_c	0.0
R_rxn03897_c	0.0
R_rxn00568_c_duplicate_3	0.0
R_rxn10261_c	0.0
R_rxn01961_c	0.0
R_rxn03898_c_duplicate_2	0.0
R_rxn00650_c_duplicate_2	0.0
R_rxn00379_c_duplicate_3	0.0
R_rxn08819_c	0.0
R_rxn00655_c	0.0
R_rxn04908_c	0.0
R_rxn00199_c	7.500667619600455
R_rxn10770_c_duplicate_8	0.0
R_rxn05871_c_duplicate_2	0.0
R_rxn01621_c	0.0
R_rxn05115_c	0.0
R_rxn00178_c_duplicate_4	0.0
R_rxn01128_c	0.0
R_rxn00211_c	0.0
R_rxn03130_c	0.025551265869140628
R_rxn05616_c	0.0
R_rxn08300_c_duplicate_2	0.0
R_rxn05608_c_duplicate_2	0.0
R_EX_cpd03343_e	0.0
R_rxn05252_c_duplicate_5	0.0
R_rxn08810_c	0.0
R_rxn09240_c_duplicate_4	0.15887428936772618
R_bio1	0.0
R_rxn00506_c_duplicate_5	0.0
R_EX_cpd00635_e	0.0
R_rxn00710_c	0.3182925778684833
R_rxn01416_c	0.0
R_rxn05148_c	0.0
R_rxn04908_c_duplicate_2	0.0
R_rxn12845_c_duplicate_6	0.0
R_rxn00540_c	0.0
R_rxn01851_c	0.0
R_rxn01102_c	0.0
R_rxn09265_c	0.0
R_rxn03246_c	0.0
R_rxn09106_c	0.0
R_rxn05006_c_duplicate_3	0.0
R_rxn01530_c_duplicate_3	0.0
R_rxn00192_c_duplicate_2	0.0
R_rxn00493_c	-0.15440242446659225
R_rxn07875_c_duplicate_2	0.0
R_rxn05618_c	0.0
R_EX_cpd01914_e	0.0
R_rxn05231_c_duplicate_2	0.0
R_rxn00161_c	0.0
R_rxn01975_c	0.0
R_rxn00527_c	0.0
R_rxn11892_c_duplicate_2	0.0
R_rxn10770_c	0.0
R_rxn00671_c_duplicate_2	0.0
R_rxn00515_c	0.0
R_rxn00256_c	13.613739357798323
R_rxn00748_c_duplicate_3	0.0
R_rxn08808_c	0.0
R_rxn05386_c	0.0
R_rxn00973_c	13.613739357798323
R_rxn00679_c	0.0
R_rxn08710_c	0.0
R_rxn05736_c_duplicate_2	0.0
R_rxn00569_c_duplicate_4	0.0
R_rxn01135_c	0.0
R_rxn00629_c	0.0
R_rxn05455_c	0.0
R_rxn01329_c	0.0
R_rxn00950_c_duplicate_2	0.0
R_rxn10131_c_duplicate_3	0.0
R_rxn00778_c	0.0
R_rxn00405_c	0.009192992448806761
R_rxn05527_c	0.0
R_rxn01000_c	0.15440242446659225
R_rxn00721_c	0.0
R_rxn00406_c_duplicate_2	0.0
R_rxn00873_c_duplicate_2	0.0
R_rxn01138_c	0.0
R_rxn38837_c_duplicate_2	0.0
R_rxn05301_c_duplicate_2	0.0
R_rxn02412_c	0.0
R_rxn05126_c	0.0
R_rxn05256_c	0.15887428936772618
R_rxn05346_c	0.0
R_rxn00122_c	0.0
R_rxn00676_c	0.0
R_rxn09103_c_duplicate_2	0.0
R_rxn12633_c	0.0
R_rxn05379_c_duplicate_2	0.0
R_rxn09104_c	0.0
R_rxn09264_c_duplicate_2	0.0
R_rxn01171_c	0.0
R_rxn03422_c	0.0
R_rxn00726_c	0.039704444889345485
R_rxn00490_c	0.0
R_rxn00371_c	26.472589635021176
R_rxn00707_c_duplicate_2	0.0
R_rxn00083_c	0.0
R_rxn14294_c	0.0
R_rxn00085_c_duplicate_3	0.0
R_rxn05375_c_duplicate_2	0.0
R_rxn02804_c_duplicate_5	0.3651666726207733
R_rxn00379_c_duplicate_2	0.0
R_rxn03360_c	0.0
R_rxn03842_c	0.0
R_rxn05396_c	0.0
R_rxn01210_c	0.0
R_rxn00303_c_duplicate_2	0.0
R_rxn05249_c_duplicate_6	0.0
R_rxn00904_c	-5.162258668119241
R_rxn01304_c	0.11963253350479341
R_rxn11719_c	0.0
R_rxn00791_c	0.039704444889345485
R_rxn00676_c_duplicate_5	0.26121845163477614
R_rxn05375_c	0.0
R_rxn14090_c	0.0
R_rxn00328_c_duplicate_2	0.0
R_rxn03440_c_duplicate_2	0.0
R_rxn02804_c	0.0
R_rxn01279_c	0.0
R_rxn00947_c	0.0
R_rxn00612_c	0.0
R_rxn00085_c	0.0
R_rxn08811_c	0.0
R_rxn00872_c	0.0
R_rxn00146_c	0.0
R_rxn00692_c_duplicate_3	0.0
R_rxn01705_c	0.0
R_rxn03282_c_duplicate_7	0.0
R_rxn00550_c_duplicate_2	0.0
R_rxn02391_c	0.0
R_rxn08043_c	0.0
R_rxn01678_c	0.0
R_rxn01827_c_duplicate_2	0.0
R_rxn00459_c	26.6300460346077
R_rxn01859_c_duplicate_2	0.0
R_rxn02405_c	0.051102531738281255
R_rxn01286_c_duplicate_5	0.0
R_rxn02177_c	0.0
R_rxn02925_c_duplicate_2	0.0
R_rxn07883_c	0.0
R_rxn11749_c	0.0
R_rxn01053_c	0.0
R_rxn03080_c	0.0
R_rxn01204_c	0.0
R_rxn03439_c	0.025551265869140628
R_rxn01530_c_duplicate_4	0.0
R_rxn03816_c	0.0
R_rxn05252_c_duplicate_4	0.0
R_rxn03047_c	0.0
R_rxn02339_c_duplicate_4	0.0
R_rxn08983_c_duplicate_3	0.0
R_rxn01116_c_duplicate_2	0.0
R_rxn05368_c	0.0
R_rxn00260_c_duplicate_2	0.0
R_rxn02934_c_duplicate_2	0.26121845163477614
R_rxn01986_c_duplicate_2	0.0
R_rxn10113_c_duplicate_4	0.0
R_rxn01358_c_duplicate_2	0.0
R_rxn12206_c	0.0
R_rxn00355_c_duplicate_2	0.0
R_rxn03245_c	0.0
R_rxn00065_c	0.0
R_rxn10344_c_duplicate_2	0.0
R_rxn01257_c_duplicate_3	0.0
R_rxn00337_c	0.0
R_rxn00874_c_duplicate_4	0.0
R_rxn10257_c	0.0
R_rxn02286_c	0.018027458192110064
R_rxn01255_c	0.3067328153705713
R_rxn00132_c_duplicate_2	0.0
R_rxn05183_c	0.0
R_rxn00770_c	0.7692286085652066
R_rxn00321_c	0.0
R_rxn01987_c	0.0
R_rxn00546_c	0.0
R_rxn01127_c	0.0
R_rxn01225_c_duplicate_3	0.0
R_rxn00212_c_duplicate_2	0.0
R_rxn04597_c_duplicate_2	0.0
R_rxn13990_c	0.0
R_rxn00320_c_duplicate_2	0.0
R_rxn08547_c	0.0
R_rxn02167_c_duplicate_2	0.0
R_rxn02260_c_duplicate_2	0.0
R_rxn00727_c_duplicate_2	0.0
R_rxn00470_c	0.0
R_rxn03282_c_duplicate_5	0.0
R_rxn00293_c_duplicate_2	0.0
R_rxn01603_c	0.0005253138542175295
R_rxn10215_c	0.0
R_rxn07672_c	0.0
R_rxn00363_c	0.0
R_rxn00214_c_duplicate_2	0.0
R_rxn03333_c_duplicate_6	0.0
R_rxn08822_c	0.0
R_rxn03366_c_duplicate_2	0.0
R_rxn11809_c_duplicate_5	0.0
R_rxn00907_c	-0.1320305326909439
R_rxn10259_c	0.0
R_rxn04787_c	0.2774970434904098
R_rxn05155_c	0.0
R_rxn00193_c	0.0
R_rxn02418_c_duplicate_3	0.0
R_rxn00929_c	-0.15540915695709706
R_rxn06735_c	0.0
R_rxn01975_c_duplicate_2	0.0
R_rxn00303_c	0.0
R_rxn04938_c	0.0
R_rxn01790_c	-0.0003939853906633761
R_rxn06300_c	0.40654937337297486
R_rxn06600_c	0.0
R_rxn00257_c	0.0
R_EX_cpd00309_e	0.0
R_rxn00126_c	1.0506277084350585e-05
R_rxn00806_c	-0.3816621979193379
R_rxn01018_c_duplicate_2	0.31829257786848325
R_rxn08800_c	0.0
R_rxn00392_c	0.0
R_rxn00338_c	0.022719824194904703
R_rxn00288_c_duplicate_3	0.0
R_EX_cpd00393_e	0.0
R_rxn05872_c_duplicate_4	0.0
R_rxn00656_c_duplicate_2	0.0
R_rxn00166_c	0.0
R_rxn02853_c_duplicate_3	0.0
R_rxn03241_c_duplicate_2	0.0
R_rxn02400_c_duplicate_2	0.0
R_rxn02090_c_duplicate_2	0.0
R_rxn01477_c	0.0
R_rxn08309_c	0.08380594573259353
R_rxn03440_c	0.0
R_rxn00469_c_duplicate_2	0.0
R_rxn05163_c	0.0
R_rxn03239_c_duplicate_2	-0.3651666726207733
R_rxn09449_c_duplicate_5	0.0
R_rxn02944_c	0.0
R_EX_cpd00118_e	0.0
R_rxn00178_c_duplicate_3	0.0
R_rxn08438_c	0.0
R_rxn01213_c	0.018099688847064973
R_rxn00552_c	0.0
R_rxn11838_c_duplicate_3	0.0
R_rxn03333_c_duplicate_4	0.0
R_rxn05250_c_duplicate_5	0.0
R_rxn06439_c	0.0895234084486034
R_rxn05651_c_duplicate_2	0.0
R_rxn12635_c_duplicate_3	0.0
R_rxn10131_c_duplicate_2	0.0
R_rxn04413_c_duplicate_2	0.0
R_rxn27735_c	1.2627231770753862
R_rxn10258_c	0.0
R_rxn08025_c	0.0
R_rxn02339_c	0.0
R_rxn01476_c	0.5135983249329166
R_rxn03456_c	0.0
R_rxn00913_c_duplicate_3	0.0
R_rxn00653_c_duplicate_2	0.0
R_rxn00183_c	0.0
R_rxn08954_c	0.0
R_rxn00708_c_duplicate_3	0.0
R_rxn10806_c_duplicate_2	0.0
R_rxn08086_c	0.08380594573259353
R_rxn03843_c	0.0
R_rxn03246_c_duplicate_2	0.0
R_rxn02821_c	0.0
R_rxn06672_c	0.0
R_rxn00224_c	0.0
R_rxn12635_c_duplicate_5	0.0
R_rxn01492_c	0.0
R_rxn05248_c_duplicate_6	0.0
R_rxn05409_c_duplicate_2	0.0
R_rxn08703_c	0.0
R_rxn02181_c	0.0
R_rxn03897_c_duplicate_2	0.0
R_rxn00784_c	0.0
R_rxn05345_c	0.10220506347656251
R_rxn10257_c_duplicate_2	0.0
R_rxn04648_c	0.0
R_rxn12191_c_duplicate_7	0.0
R_rxn00726_c_duplicate_2	0.0
R_rxn01257_c	0.0005253138542175295
R_rxn02504_c	0.0005253138542175295
R_rxn00001_c_duplicate_2	0.0
R_rxn00379_c	0.0
R_rxn01750_c	0.0
R_rxn02795_c	0.0
R_rxn09450_c_duplicate_5	0.0
R_rxn00568_c	0.0
R_rxn05872_c_duplicate_3	0.0
R_rxn02229_c	0.0
R_rxn05249_c_duplicate_2	0.0
R_rxn00194_c	0.0
R_rxn02262_c	0.0
R_rxn07842_c	0.0
R_rxn00863_c	0.0895234084486034
R_rxn03908_c	0.1990965773177147
R_rxn00772_c	0.0
R_rxn00083_c_duplicate_2	0.0
R_rxn02182_c	0.0
R_rxn07432_c	0.0
R_rxn09296_c	0.0
R_rxn03932_c	0.0
R_rxn00213_c_duplicate_2	0.0
R_rxn03062_c	0.3816621979193379
R_rxn01068_c	-0.4885470849155361
R_rxn00020_c	0.0
R_EX_cpd00048_e	-1000.0
R_rxn04737_c_duplicate_2	0.0
R_rxn05154_c_duplicate_4	0.0
R_EX_cpd00138_e	0.0
R_rxn05252_c_duplicate_7	0.0
R_rxn03243_c_duplicate_2	0.0
R_rxn12645_c_duplicate_4	0.0
R_rxn01492_c_duplicate_2	0.0
R_rxn08557_c	0.0
R_EX_cpd00305_e	0.0
R_rxn00737_c	0.26121845163477614
R_rxn03075_c	0.0
R_rxn00839_c	0.0
R_rxn05219_c	0.0
R_rxn00785_c_duplicate_2	0.3067328153705713
R_rxn00165_c_duplicate_3	0.0
R_rxn06510_c_duplicate_5	0.0
R_rxn00330_c	5.00070174825597
R_rxn11569_c	0.0
R_rxn04726_c_duplicate_5	0.0
R_rxn00874_c_duplicate_6	0.0
R_rxn00260_c	0.0
R_rxn00704_c	-0.5071288234976146
R_rxn01679_c	0.0
R_rxn10473_c	0.0
R_rxn12146_c	0.0
R_rxn00775_c_duplicate_3	0.0
R_rxn00947_c_duplicate_4	0.0
R_rxn00542_c	0.0
R_rxn02261_c	0.0
R_rxn03289_c	0.0
R_rxn02937_c	0.29898835316387085
R_rxn11702_c	0.0
R_rxn02687_c	0.0
R_rxn02144_c	0.0
R_rxn05434_c	0.0
R_rxn03481_c_duplicate_3	0.0
R_rxn02503_c	0.0
R_rxn03537_c	0.0
R_rxn05363_c	0.0
R_rxn08792_c_duplicate_2	0.0
R_rxn00105_c	0.0
R_rxn08816_c	0.0
R_rxn00999_c_duplicate_2	0.0
R_rxn01604_c	0.0
R_rxn02264_c	0.0
R_rxn03893_c	0.0
R_rxn00058_c_duplicate_2	0.0
R_rxn10770_c_duplicate_5	0.0
R_rxn00763_c_duplicate_5	0.0
R_rxn00690_c	0.0
R_rxn05247_c_duplicate_4	0.0
R_rxn02476_c	0.3067328153705713
R_rxn08297_c	0.0
R_rxn02460_c	0.0
R_rxn01145_c_duplicate_3	0.0
R_rxn00422_c_duplicate_2	-0.5071288234976146
R_rxn08804_c	0.0
R_rxn00493_c_duplicate_2	0.0
R_rxn00691_c_duplicate_2	0.0
R_rxn05347_c	0.0
R_rxn03970_c	0.0
R_rxn05307_c	0.0
R_rxn14054_c_duplicate_5	0.0
R_rxn03490_c	0.0
R_rxn03333_c_duplicate_2	0.0
R_rxn02586_c	0.0
R_rxn08025_c_duplicate_3	0.0
R_rxn00471_c	0.0
R_rxn05197_c_duplicate_2	0.0
R_rxn00527_c_duplicate_5	-0.11210063216041721
R_rxn01217_c	0.0
R_rxn05252_c_duplicate_3	0.0
R_rxn05183_c_duplicate_2	0.0
R_rxn02160_c	0.0895234084486034
R_rxn04736_c_duplicate_5	0.0
R_rxn03031_c	0.28138587845059587
R_rxn01106_c	-26.6300460346077
R_rxn08647_c_duplicate_2	0.0
R_rxn06728_c	0.0
R_rxn21856_c	0.0
R_rxn12637_c_duplicate_6	0.0
R_EX_cpd00013_e	-1000.0
R_rxn02842_c	0.0
R_rxn00365_c_duplicate_2	0.0
R_rxn12639_c	0.0
R_rxn00859_c	0.0
R_rxn06442_c	0.2633584202584858
R_rxn00543_c_duplicate_2	0.0
R_rxn09450_c	0.0
R_rxn00503_c	0.15540915695709706
R_rxn08311_c	0.0
R_rxn00394_c_duplicate_2	0.0
R_rxn12637_c	0.0
R_rxn09101_c_duplicate_2	0.0
R_rxn14054_c_duplicate_7	0.0
R_rxn01620_c	0.0
R_rxn05417_c	0.0
R_rxn00278_c	-7.261338613514321
R_rxn11838_c_duplicate_6	0.0
R_rxn12633_c_duplicate_5	0.0
R_rxn01763_c	0.0
R_rxn09320_c	0.0
R_rxn00623_c_duplicate_2	0.0
R_rxn00300_c_duplicate_2	0.0
R_rxn00527_c_duplicate_8	0.0
R_rxn04938_c_duplicate_2	0.0
R_rxn00363_c_duplicate_3	0.0
R_rxn01977_c	0.0
R_rxn00858_c	0.009192992448806761
R_rxn01445_c	0.0
R_rxn03921_c	0.0
R_rxn00693_c	0.11963516007406451
R_rxn00258_c	-2.8046322816824913
R_rxn12635_c	0.0
R_rxn00085_c_duplicate_2	0.0
R_rxn07100_c	0.0
R_rxn00499_c	0.0
R_rxn04736_c_duplicate_3	0.0
R_rxn02418_c_duplicate_2	0.0
R_rxn01073_c	0.0
R_rxn00782_c_duplicate_2	0.0
R_rxn00914_c	0.0
R_EX_cpd00132_e	0.0
R_rxn03243_c_duplicate_5	0.0
R_rxn12646_c_duplicate_5	0.0
R_rxn05736_c_duplicate_6	0.0
R_EX_cpd03091_c	5.253138542175293e-06
R_rxn10163_c_duplicate_2	0.0
R_EX_cpd00254_e	-1000.0
R_rxn10113_c_duplicate_7	0.0
R_rxn12645_c_duplicate_5	0.0
R_rxn06098_c	0.0
R_rxn01647_c_duplicate_2	0.0
R_rxn10227_c	0.0
R_EX_cpd00098_e	0.0
R_rxn10267_c	0.0
R_rxn05248_c_duplicate_7	0.0
R_rxn01390_c	0.0
R_rxn02115_c	0.0
R_rxn12847_c	0.0
R_rxn01445_c_duplicate_3	0.0
R_rxn01740_c	0.0
R_rxn03463_c	0.0
R_rxn09953_c	0.0
R_rxn02303_c	0.0
R_rxn00412_c_duplicate_2	0.16830365483946955
R_rxn05029_c	0.0
R_rxn09450_c_duplicate_6	0.0
R_rxn03240_c	0.0
R_rxn04658_c	0.0
R_rxn00179_c	0.2201609628261133
R_rxn05248_c_duplicate_2	0.0
R_rxn00692_c	0.0
R_rxn03721_c	0.0
R_rxn05404_c_duplicate_2	0.0
R_rxn05654_c_duplicate_3	0.0
R_rxn05250_c_duplicate_7	0.0
R_rxn04780_c	0.0
R_rxn01858_c	0.0
R_rxn00208_c	0.0
R_rxn08296_c	0.0
R_rxn20289_c_duplicate_3	0.0
R_rxn01169_c	0.0
R_rxn02474_c	0.0
R_rxn00968_c	0.0
R_rxn00608_c_duplicate_5	0.0
R_rxn00529_c	0.0
R_rxn02889_c_duplicate_2	0.0
R_rxn05465_c_duplicate_2	5.253138542175293e-06
R_rxn02614_c	0.0
R_rxn00543_c_duplicate_7	0.0
R_rxn08823_c	0.0
R_rxn06445_c	0.15540915695709706
R_rxn12642_c_duplicate_6	0.0
R_rxn05958_c	0.0
R_rxn02796_c	0.0
R_rxn11944_c_duplicate_2	0.0
R_rxn14054_c_duplicate_4	0.0
R_rxn09105_c	0.0
R_rxn01924_c_duplicate_2	0.0
R_rxn00148_c	0.0
R_rxn04597_c_duplicate_3	0.0
R_rxn09448_c	0.0
R_rxn02522_c	0.0
R_rxn02789_c_duplicate_2	0.0
R_rxn10269_c_duplicate_2	0.0
R_rxn04271_c_duplicate_2	0.0
R_rxn01642_c	0.0
R_rxn08025_c_duplicate_2	0.0
R_EX_cpd00054_e	0.0
R_rxn01870_c	0.5071288234976146
R_rxn00474_c	0.0
R_EX_cpd00276_e	0.0
R_rxn01274_c	0.0
R_rxn11838_c_duplicate_7	0.0
R_rxn01816_c	0.0
R_rxn02475_c	0.0
R_rxn01368_c_duplicate_2	0.0
R_rxn06448_c	0.039704444889345485
R_rxn08845_c	0.0
R_rxn00676_c_duplicate_3	0.0
R_rxn03282_c_duplicate_6	0.0
R_rxn13952_c	0.0
R_rxn04792_c	0.0
R_rxn00365_c	0.4391972598833587
R_rxn09296_c_duplicate_3	0.0
R_rxn03194_c	0.0
R_rxn06075_c_duplicate_2	0.0
R_rxn05429_c_duplicate_2	0.0
R_rxn01459_c_duplicate_3	0.0
R_rxn07584_c	0.0
R_rxn06443_c	0.13514256529648117
R_rxn01387_c	7.500667619600455
R_rxn05406_c	0.0
R_rxn04736_c_duplicate_4	0.0
R_rxn01513_c	0.01152144610762596
R_rxn05201_c	0.0
R_rxn03194_c_duplicate_2	0.0
R_rxn00085_c_duplicate_10	0.0
R_rxn00817_c	0.0
R_rxn15949_c	0.009192992448806761
R_rxn00695_c_duplicate_2	0.0
R_rxn00831_c_duplicate_3	0.0
R_rxn02737_c	0.0
R_rxn06510_c_duplicate_2	0.0
R_rxn05250_c_duplicate_6	0.0
R_rxn08900_c	0.0
R_rxn03915_c_duplicate_2	0.0
R_rxn00209_c	0.0
R_rxn12634_c_duplicate_5	0.0
R_rxn02067_c	0.0
R_rxn02680_c	0.0
R_rxn02409_c	0.0
R_EX_cpd00035_e	0.0
R_rxn01858_c_duplicate_2	0.0
R_rxn03243_c_duplicate_4	0.0
R_rxn00506_c	0.0
R_rxn04989_c	0.0
R_rxn10235_c	0.0
R_rxn00002_c	0.0
R_rxn02228_c	0.0
R_rxn05454_c_duplicate_2	0.0
R_rxn02107_c_duplicate_2	0.0
R_rxn06037_c_duplicate_2	0.0
R_rxn10224_c	0.0
R_rxn02508_c_duplicate_2	0.0
R_rxn00015_c	0.0
R_rxn05465_c	0.0
R_rxn05226_c	14.811790071630766
R_rxn00420_c_duplicate_3	0.0
R_rxn01021_c	0.0
R_rxn03618_c	0.0
R_rxn03038_c	0.0
R_rxn02320_c	-0.0895234084486034
R_rxn00300_c	0.0
R_rxn06493_c_duplicate_2	0.0
R_rxn00157_c	0.0
R_rxn04704_c	0.0
R_rxn01871_c_duplicate_2	0.7185223248718582
R_rxn03419_c	0.0005253138542175295
R_EX_cpd00119_e	0.0
R_rxn00646_c	0.0
R_rxn06037_c	0.0
R_rxn00874_c	0.0
R_rxn00376_c	0.0
R_rxn03611_c	0.0
R_rxn01314_c	0.0
R_rxn06197_c	0.0
R_rxn01257_c_duplicate_2	0.0
R_rxn08129_c	0.0
R_rxn00778_c_duplicate_2	0.0
R_rxn00441_c	6.635007811095624
R_rxn01739_c	0.3067328153705713
R_rxn05429_c	0.0
R_rxn04996_c	0.018099688847064973
R_rxn12847_c_duplicate_3	0.0
R_rxn00262_c	0.0
R_rxn10806_c_duplicate_5	0.0
R_rxn04723_c_duplicate_2	0.0
R_rxn00390_c	0.0
R_rxn00178_c_duplicate_2	0.0
R_rxn03063_c	0.0
R_rxn10226_c	0.0
R_rxn01116_c	-0.3067328153705713
R_rxn00295_c_duplicate_2	0.0
R_rxn05298_c	0.0
R_rxn00190_c	0.0
R_rxn05382_c	0.0
R_rxn03860_c_duplicate_2	0.0
R_rxn01701_c_duplicate_2	0.0
R_rxn08558_c	0.0
R_rxn08298_c_duplicate_2	0.0
R_rxn02804_c_duplicate_3	0.0
R_rxn05736_c_duplicate_7	0.0
R_rxn01211_c	0.0
R_rxn05569_c	0.0
R_rxn12646_c	0.0
R_rxn00139_c	0.0
R_rxn10571_c	0.0
R_rxn00832_c	-0.38851176161247425
R_rxn00274_c	0.4885470849155361
R_rxn03167_c_duplicate_2	0.0005253138542175295
R_rxn02321_c	0.0
R_rxn10042_c_duplicate_3	49.63664377639227
R_rxn03052_c_duplicate_2	0.0
R_rxn00834_c	0.1304400347242236
R_rxn01844_c	0.0
R_rxn10162_c_duplicate_3	0.0
R_rxn01851_c_duplicate_3	0.0
R_rxn01517_c_duplicate_2	-0.01152144610762596
R_rxn01854_c	0.0
R_rxn00473_c	0.0
R_rxn00550_c_duplicate_3	0.0
R_rxn00879_c	0.0
R_rxn02832_c_duplicate_2	0.0
R_rxn06577_c	0.0
R_rxn00347_c	0.0
R_rxn00938_c	0.0
R_EX_cpd08636_c	0.0
R_rxn03323_c	0.0
R_rxn00011_c_duplicate_4	0.0
R_rxn07670_c	0.0
R_rxn02260_c	0.0
R_rxn01807_c_duplicate_3	0.0
R_rxn00650_c	0.0
R_rxn08312_c	0.0
R_rxn00709_c	0.0
R_rxn05614_c_duplicate_2	0.0
R_rxn00368_c	-0.4391972598833587
R_rxn06517_c	0.0
R_rxn07688_c	0.0
R_rxn03482_c_duplicate_2	0.0
R_rxn02314_c	0.0
R_rxn00205_c	0.022719824194904703
R_rxn08711_c	0.0
R_rxn05250_c_duplicate_4	0.0
R_rxn10220_c	0.0
R_rxn00452_c	0.0
R_rxn02835_c	0.0895234084486034
R_rxn05872_c	0.0
R_rxn02345_c_duplicate_2	0.0
R_rxn05528_c	0.0
R_rxn01825_c	0.0
R_rxn02737_c_duplicate_3	0.0
R_rxn00469_c	0.0
R_rxn00283_c	0.0
R_rxn01513_c_duplicate_2	0.0
R_rxn02508_c	0.039704444889345485
R_rxn01258_c_duplicate_2	0.0
R_rxn10118_c	0.0
R_rxn03333_c	0.0
R_rxn00818_c	0.0
R_rxn09436_c	0.10220506347656251
R_rxn02185_c_duplicate_2	-0.7185223248718582
R_rxn10267_c_duplicate_2	0.0
R_EX_cpd00099_e	-1000.0
R_rxn04727_c_duplicate_2	0.0
R_rxn05733_c	0.039239129293661655
R_rxn01137_c	0.0
R_rxn02680_c_duplicate_3	0.0
R_rxn00730_c	0.0
R_rxn03282_c_duplicate_4	0.0
R_rxn00653_c_duplicate_4	0.0
R_rxn02576_c_duplicate_2	0.0
R_rxn12846_c_duplicate_5	0.0
R_rxn05400_c_duplicate_2	0.0
R_rxn00532_c	-0.0003939853906633761
R_rxn01504_c	0.0
R_rxn05252_c_duplicate_6	0.0
R_rxn05005_c_duplicate_3	0.0
R_rxn00012_c	0.0
R_rxn00686_c	-0.01204675996184349
R_rxn04052_c	0.0
R_rxn02045_c	0.0
R_rxn01455_c	0.0
R_rxn08294_c	0.0
R_rxn05384_c	0.0
R_rxn10265_c_duplicate_2	0.0
R_rxn08842_c	0.0
R_rxn02900_c	0.0
R_rxn09450_c_duplicate_3	0.0
R_rxn10184_c	0.0
R_rxn02331_c	0.051102531738281255
R_rxn05485_c	0.0
R_rxn02200_c_duplicate_2	0.0
R_rxn01368_c	0.0
R_rxn02201_c_duplicate_2	0.0
R_rxn00897_c	0.0
R_rxn01275_c_duplicate_2	0.0
R_rxn05040_c	0.0
R_rxn09197_c	0.0
R_rxn08840_c	0.0
R_rxn03540_c	0.0
R_rxn00807_c	0.0
R_EX_cpd00159_e	0.0
R_rxn02314_c_duplicate_2	0.0
R_rxn08792_c	0.0
R_rxn05377_c	0.0
R_rxn10770_c_duplicate_7	0.0
R_rxn00569_c_duplicate_2	0.0
R_rxn00293_c	0.08715744812250138
R_rxn00807_c_duplicate_2	0.0
R_rxn00713_c	0.0
R_rxn02988_c	0.022719824194904703
R_rxn12191_c_duplicate_3	0.0
R_rxn01269_c	0.0
R_rxn00606_c	0.0
R_rxn04603_c	0.0
R_rxn00537_c	0.0
R_rxn02185_c	0.0
R_rxn05054_c	0.0
R_rxn05305_c_duplicate_2	0.0
R_rxn00182_c	0.0
R_rxn05735_c_duplicate_2	0.0
R_rxn09103_c	0.0
R_rxn03762_c	0.0
R_rxn02853_c_duplicate_5	0.0
R_rxn08549_c	0.0
R_rxn07902_c	0.0
R_rxn05197_c	0.0
R_rxn09177_c	0.0003939853906633761
R_rxn00409_c	0.4574771879814637
R_rxn00692_c_duplicate_2	0.0004799411185900382
R_rxn02373_c	0.2201609628261133
R_rxn02680_c_duplicate_4	0.0
R_rxn00569_c_duplicate_3	0.0
R_EX_cpd11576_e	0.0
R_rxn05255_c	0.0
R_rxn05390_c	0.0
R_rxn05116_c	0.0
R_rxn09448_c_duplicate_3	0.0
R_rxn03384_c	0.0
R_rxn00369_c	0.0
R_rxn00831_c	0.0
R_rxn02774_c	0.0
R_rxn05496_c_duplicate_2	0.0
R_rxn14342_c	0.0
R_rxn01522_c	0.0
R_rxn06076_c	0.008879248749375342
R_rxn03147_c_duplicate_2	0.0
R_rxn00056_c	0.0
R_rxn02312_c	2.6265692710876463e-06
R_rxn03174_c	0.0005253138542175295
R_rxn05153_c	0.0
R_rxn05348_c	0.0
R_rxn08094_c_duplicate_2	0.0
R_rxn00124_c_duplicate_3	0.0
R_rxn02185_c_duplicate_4	0.0
R_rxn05189_c	0.0
R_rxn02449_c	0.0
R_rxn06517_c_duplicate_2	0.0
R_rxn05919_c	0.0
R_rxn00783_c	0.0
R_rxn05500_c	0.0
R_rxn03887_c	0.0
R_rxn01114_c_duplicate_2	0.0
R_rxn00363_c_duplicate_2	0.0
R_rxn01157_c_duplicate_2	0.0
R_rxn00225_c_duplicate_2	0.0
R_rxn03289_c_duplicate_2	0.0
R_rxn02811_c	-0.3816621979193379
R_rxn01851_c_duplicate_7	0.0
R_rxn01868_c	0.0
R_EX_cpd00116_e	0.0
R_rxn01101_c	0.0
R_rxn06394_c	0.0
R_rxn03247_c	0.0
R_rxn05221_c	0.0
R_rxn10337_c	0.0
R_rxn03146_c	0.051102531738281255
R_rxn05343_c_duplicate_2	0.0
R_rxn01366_c	0.0
R_rxn00117_c	0.0
R_rxn07448_c_duplicate_2	0.0
R_rxn12634_c_duplicate_2	0.0
R_rxn02288_c	0.0
R_rxn01280_c	0.0
R_rxn01302_c_duplicate_2	0.0
R_rxn05249_c	0.0
R_rxn00283_c_duplicate_2	0.054082374576330194
R_rxn01834_c	0.0
R_rxn03891_c	0.0
R_rxn03918_c	0.0
R_rxn02703_c	0.0
R_rxn00763_c_duplicate_2	0.0
R_rxn08901_c	0.0
R_rxn00428_c	0.0
R_rxn05360_c	0.0
R_rxn10255_c_duplicate_2	0.0
R_rxn20289_c_duplicate_2	0.0
R_rxn09296_c_duplicate_2	0.0
R_rxn01635_c_duplicate_2	0.0
R_rxn00670_c	0.0
R_rxn05374_c	0.0
R_rxn04598_c	0.0
R_rxn14293_c_duplicate_2	0.0
R_rxn07454_c_duplicate_2	0.0
R_rxn02916_c	0.0
R_rxn00527_c_duplicate_7	0.0
R_rxn05312_c	0.0
R_EX_cpd00028_e	0.0
R_rxn05467_c	-44.42756064465249
R_rxn05059_c	0.0
R_rxn01396_c_duplicate_3	0.0
R_rxn06160_c	0.0
R_EX_cpd03725_e	0.0
R_rxn01053_c_duplicate_2	0.0
R_rxn10225_c	0.0
R_rxn08295_c	0.0
R_rxn01069_c	0.0
R_rxn05389_c	0.0
R_rxn05466_c	0.0
R_rxn10042_c	0.0
R_rxn08851_c	0.0
R_rxn02404_c	0.051102531738281255
R_rxn00085_c_duplicate_9	0.0
R_rxn00830_c_duplicate_2	0.0
R_EX_cpd15302_c	0.0
R_rxn12638_c	0.0
R_rxn10199_c_duplicate_3	0.0
R_rxn00337_c_duplicate_3	0.6877084478946058
R_rxn02791_c_duplicate_2	0.0
R_rxn01129_c	0.0
R_rxn00680_c	0.0
R_rxn01241_c	0.0
R_rxn00543_c_duplicate_3	0.0
R_rxn00816_c	0.0
R_rxn02927_c	0.0
R_rxn07885_c_duplicate_2	0.0
R_rxn01218_c	0.0
R_rxn08310_c	0.09877739057779313
R_rxn10199_c	0.0
R_rxn00495_c	0.0
R_rxn11809_c_duplicate_4	0.0
R_EX_cpd00007_e	-1000.0
R_rxn07876_c_duplicate_2	0.0
R_rxn04726_c_duplicate_2	0.0
R_rxn01484_c	0.0
R_rxn00623_c	-0.15887428936772618
R_rxn09992_c_duplicate_2	0.0
R_rxn12191_c_duplicate_6	0.0
R_rxn39451_c	-0.28138587845059587
R_EX_cpd00041_e	0.0
R_rxn02339_c_duplicate_3	0.0
R_rxn00379_c_duplicate_4	0.0
R_rxn01961_c_duplicate_3	0.0
R_rxn11720_c	0.0
R_rxn00222_c	0.0
R_rxn21862_c	2.6265692710876463e-06
R_rxn00259_c	0.0
R_rxn02334_c	0.0
R_rxn05516_c_duplicate_2	0.0
R_rxn12432_c	0.0
R_rxn01115_c	0.0
R_rxn05381_c	0.0
R_rxn10344_c	0.0
R_rxn02804_c_duplicate_4	0.0
R_rxn08299_c_duplicate_2	0.0
R_rxn04726_c_duplicate_3	0.0
R_rxn05488_c	-0.09034166103194291
R_rxn00239_c	0.16451070840645168
R_rxn05425_c_duplicate_2	0.0
R_rxn00653_c_duplicate_5	0.0
R_rxn08527_c	0.0
R_rxn08118_c	0.0
R_rxn01029_c	0.0
R_rxn08802_c	0.0
R_rxn00671_c	0.0
R_rxn00469_c_duplicate_3	0.0
R_rxn12644_c_duplicate_2	0.0
R_rxn04113_c	0.0
R_rxn01434_c	0.21096797037730655
R_rxn01512_c	0.01152144610762596
R_rxn00763_c_duplicate_6	0.0
R_rxn02889_c	0.0
R_rxn02314_c_duplicate_3	0.0
R_rxn08814_c	0.0
R_rxn05557_c_duplicate_2	0.0
R_rxn01548_c_duplicate_2	0.0
R_rxn04139_c	0.0
R_rxn03904_c	0.018027458192110064
R_rxn01218_c_duplicate_3	0.0
R_rxn00912_c	0.0
R_rxn00794_c_duplicate_2	0.0
R_rxn08126_c	0.0
R_rxn04270_c	0.0
R_rxn00165_c_duplicate_2	0.0
R_rxn03084_c	0.29898835316387085
R_rxn00302_c	0.0005253138542175295
R_rxn03397_c	0.0
R_rxn02362_c	0.0
R_rxn08708_c	0.0
R_rxn05249_c_duplicate_3	0.0
R_rxn00775_c_duplicate_2	0.0
R_rxn14054_c_duplicate_3	0.0
R_rxn12644_c_duplicate_4	0.0
R_rxn02305_c	0.0
R_rxn03239_c	0.0
R_rxn02167_c	0.0
R_rxn00837_c	0.0
R_rxn11838_c_duplicate_5	0.0
R_rxn00678_c	0.0
R_rxn08797_c	0.0
R_rxn00947_c_duplicate_2	0.0
R_rxn01643_c	0.6877084478946058
R_rxn01462_c	-0.009192992448806761
R_rxn04736_c	0.0
R_rxn10053_c	0.29898835316387085
R_rxn05344_c	0.0
R_rxn03248_c_duplicate_5	0.0
R_rxn09310_c	0.0
R_rxn02166_c_duplicate_2	0.0
R_rxn02011_c	0.018027458192110064
R_rxn00497_c	0.0
R_rxn01516_c	0.0
R_rxn01986_c	0.0
R_rxn01480_c_duplicate_2	0.0
R_rxn03393_c	0.0
R_rxn07493_c	0.0
R_rxn06510_c_duplicate_3	0.0
R_rxn00985_c_duplicate_2	0.0
R_rxn00575_c_duplicate_2	0.0
R_rxn01521_c_duplicate_2	0.0
R_rxn05039_c	0.0
R_rxn03287_c	0.0
R_rxn06865_c_duplicate_2	0.0
R_rxn00747_c	-13.698998322699483
R_rxn12844_c_duplicate_5	0.0
R_rxn00375_c	-0.8355686196824748
R_rxn03136_c	0.2989883531638708
R_rxn00785_c	0.0
R_rxn12638_c_duplicate_3	0.0
R_rxn05455_c_duplicate_2	0.0
R_rxn12844_c_duplicate_4	0.0
R_rxn05442_c	0.0
R_rxn00539_c_duplicate_2	0.0
R_rxn12191_c_duplicate_2	0.0
R_rxn05305_c	0.0
R_rxn00404_c	0.0
R_rxn06438_c	0.324879924598119
R_rxn03137_c	0.38851176161247425
R_rxn02939_c	0.0
R_rxn05231_c	0.0
R_rxn10264_c	0.0
R_rxn01345_c	0.0
R_rxn02866_c_duplicate_2	0.0
R_rxn02166_c	0.0
R_rxn03164_c	0.018027458192110064
R_rxn02804_c_duplicate_2	0.0
R_rxn01670_c_duplicate_2	0.0
R_rxn04723_c	0.0
R_rxn08025_c_duplicate_5	0.0
R_rxn03901_c	0.018027458192110064
R_rxn00288_c_duplicate_4	0.0
R_rxn00743_c_duplicate_2	0.0
R_rxn00288_c_duplicate_6	0.0
R_rxn05248_c_duplicate_4	0.0
R_rxn12845_c	0.0
R_rxn21859_c	2.6265692710876463e-06
R_rxn02842_c_duplicate_2	0.0
R_rxn00974_c	0.0
R_rxn01300_c	0.0
R_rxn16573_c	2.6265692710876463e-06
R_rxn05367_c	0.0
R_rxn01973_c	0.28138587845059587
R_rxn02969_c	0.0
R_rxn05301_c	0.0
R_rxn03395_c	0.0
R_EX_cpd11416_c	0.0
R_rxn09449_c_duplicate_7	0.0
R_rxn12645_c_duplicate_2	0.0
R_rxn03481_c_duplicate_2	0.0
R_EX_cpd00080_e	0.0
R_rxn05441_c	0.0
R_rxn05251_c_duplicate_3	0.0
R_rxn01370_c	0.0
R_rxn12636_c_duplicate_5	0.0
R_rxn11834_c	0.0
R_rxn01461_c	-0.009192992448806761
R_rxn00658_c	0.0
R_rxn00029_c	0.0
R_rxn03536_c_duplicate_2	0.0
R_rxn00830_c	0.0
R_rxn05734_c_duplicate_3	0.0
R_rxn02762_c	0.0
R_rxn14089_c	0.0
R_rxn04908_c_duplicate_6	0.0
R_rxn05871_c_duplicate_5	0.0
R_rxn01544_c	0.0
R_rxn02270_c	0.0
R_rxn02831_c	0.0
R_rxn05734_c_duplicate_4	0.0
R_rxn02465_c	0.0
R_rxn03333_c_duplicate_5	0.0
R_rxn00428_c_duplicate_2	0.0
R_rxn07454_c	0.0
R_rxn03108_c	0.0
R_rxn00763_c	0.0
R_rxn00237_c	9.07429536718939
R_rxn00795_c	0.0
R_EX_cpd00030_e	-1000.0
R_rxn00085_c_duplicate_6	0.0
R_rxn01600_c	0.0
R_rxn08297_c_duplicate_2	0.0
R_rxn00790_c	0.29898835316387085
R_rxn02792_c	0.0
R_rxn01642_c_duplicate_2	0.0
R_rxn01851_c_duplicate_4	0.0
R_rxn05494_c_duplicate_2	0.0
R_rxn09114_c	0.0
R_rxn00913_c_duplicate_2	0.0
R_rxn11838_c_duplicate_2	0.0
R_rxn03481_c	0.0
R_rxn02201_c	0.0
R_rxn06570_c	0.0
R_rxn00336_c	6.113071738197868
R_rxn02283_c	-0.8355686196824748
R_rxn05248_c_duplicate_5	0.0
R_rxn02596_c_duplicate_2	0.0
R_rxn00369_c_duplicate_2	0.0
R_rxn12640_c_duplicate_5	0.0
R_rxn10113_c_duplicate_6	0.0
R_rxn00872_c_duplicate_2	0.0
R_rxn00527_c_duplicate_2	0.0
R_rxn00676_c_duplicate_4	0.0
R_rxn03883_c	0.0
R_rxn03282_c_duplicate_2	0.0
R_rxn01653_c	0.0
R_rxn00328_c	0.0
R_rxn05319_c	67.45320417840117
R_rxn00147_c_duplicate_2	0.0
R_rxn00484_c	0.0
R_rxn12645_c	0.0
R_rxn00358_c	0.0
R_rxn11725_c	0.0
R_rxn00946_c	-0.16761189146518707
R_rxn05437_c	0.0
R_rxn00048_c_duplicate_2	0.0
R_rxn12638_c_duplicate_2	0.0
R_rxn09199_c	0.0
R_rxn05219_c_duplicate_2	0.0
R_rxn01834_c_duplicate_3	0.0
R_rxn05307_c_duplicate_2	0.0
R_rxn03465_c	0.0
R_rxn00214_c	0.0
R_rxn05233_c	0.008838536925673483
R_rxn08583_c	0.0
R_rxn08809_c	0.0
R_rxn03242_c	0.0
R_rxn00472_c_duplicate_2	0.0
R_rxn05654_c_duplicate_4	0.0
R_rxn02911_c	0.0
R_rxn07885_c	0.0
R_rxn05349_c_duplicate_2	0.0
R_rxn08817_c	0.0
R_rxn05233_c_duplicate_2	0.0
R_rxn04598_c_duplicate_2	0.0
R_rxn02212_c	0.3067328153705713
R_rxn05451_c_duplicate_2	0.0
R_rxn00216_c	0.0
R_rxn01352_c	0.0
R_rxn00689_c	0.0
R_rxn00584_c	0.0
R_rxn05413_c_duplicate_2	0.0
R_rxn06510_c	0.0
R_rxn01459_c_duplicate_2	0.0
R_rxn04600_c	0.0
R_rxn11268_c	0.0
R_rxn01332_c_duplicate_2	0.0
R_rxn00882_c	0.0
R_rxn00952_c	0.0
R_rxn00915_c	0.0
R_rxn05494_c	0.0
R_rxn05682_c_duplicate_2	0.0
R_rxn05468_c	40.37155437662511
R_rxn05362_c	0.0
R_rxn08299_c	0.0
R_rxn09450_c_duplicate_7	0.0
R_rxn01102_c_duplicate_3	0.0
R_rxn00506_c_duplicate_2	0.0
R_rxn00055_c	0.0
R_rxn11834_c_duplicate_5	0.0
R_rxn09692_c_duplicate_2	0.0
R_rxn01459_c_duplicate_5	0.0
R_rxn01453_c	0.0
R_rxn06673_c	0.0
R_rxn10174_c	0.0
R_rxn03445_c	0.0
R_rxn11760_c	0.0
R_rxn02000_c	0.0
R_rxn01265_c	0.0
R_rxn05247_c_duplicate_3	0.0
R_rxn01646_c	0.0
R_rxn04840_c	0.0
R_rxn06078_c	0.0
R_rxn03333_c_duplicate_3	0.0
R_rxn09450_c_duplicate_4	0.0
R_rxn09448_c_duplicate_5	0.0
R_rxn04727_c	0.0
R_rxn00085_c_duplicate_4	0.0
R_rxn01446_c_duplicate_2	0.0
R_rxn03915_c	0.0
R_rxn00575_c	0.0
R_rxn00256_c_duplicate_2	0.0
R_rxn12639_c_duplicate_6	0.0
R_EX_cpd00205_e	-1000.0
R_rxn00011_c_duplicate_2	0.0
R_rxn11809_c_duplicate_2	0.0
R_EX_cpd00092_e	0.0
R_rxn01646_c_duplicate_2	0.0
R_rxn08975_c	25.518841102620737
R_rxn00077_c	0.001444613099099476
R_rxn00295_c	0.0
R_rxn12405_c	0.0
R_rxn05251_c_duplicate_2	0.0
R_rxn00189_c	0.0
R_rxn00935_c	0.0
R_EX_cpd00106_e	0.0
R_rxn05247_c	0.0
R_rxn05560_c	0.0
R_rxn03903_c	0.0
R_rxn08296_c_duplicate_2	0.0
R_rxn03040_c	0.0
R_rxn01446_c	0.0
R_rxn05561_c_duplicate_2	0.0
R_rxn05736_c	0.0
R_rxn08756_c	0.18099688847064974
R_rxn02107_c	0.0
R_rxn01143_c	0.0
R_rxn00500_c_duplicate_2	0.0
R_rxn05610_c	0.0
R_rxn14054_c	0.0
R_rxn02085_c	0.0
R_rxn08846_c	0.0
R_rxn02680_c_duplicate_2	0.0
R_rxn00543_c_duplicate_4	0.0
R_EX_cpd01012_e	0.0
R_rxn00676_c_duplicate_2	0.0
R_rxn05251_c_duplicate_5	0.0
R_rxn21858_c	2.6265692710876463e-06
R_rxn00908_c	0.0
R_rxn05345_c_duplicate_3	0.0
R_rxn02853_c	0.0
R_rxn00474_c_duplicate_2	0.0
R_rxn03933_c	0.0
R_rxn03618_c_duplicate_2	0.0
R_rxn02632_c	0.0
R_rxn10258_c_duplicate_2	0.0
R_rxn06538_c	0.015512658360968212
R_rxn02185_c_duplicate_3	0.0
R_rxn06160_c_duplicate_2	0.0
R_rxn11834_c_duplicate_3	0.0
R_rxn00119_c_duplicate_2	0.0
R_rxn07680_c_duplicate_2	0.0
R_rxn07261_c	0.0
R_rxn02339_c_duplicate_2	0.0
R_rxn02866_c	0.0
R_rxn08713_c	0.0
R_rxn03046_c	0.0
R_rxn00509_c	0.0
R_rxn02898_c_duplicate_3	0.0
R_rxn03175_c	0.0895234084486034
R_rxn03248_c	0.0
R_rxn01530_c	0.0
R_rxn01740_c_duplicate_2	-0.3067328153705713
R_rxn01682_c	0.0
R_rxn02761_c	0.0
R_rxn02475_c_duplicate_2	0.0
R_rxn00337_c_duplicate_4	0.0
R_rxn05350_c	0.0
R_rxn00173_c	0.0
R_rxn04413_c	0.0
R_rxn09105_c_duplicate_2	0.0
R_rxn06752_c	0.0
R_rxn00223_c	0.5071288234976146
R_rxn02406_c	0.0
R_rxn01211_c_duplicate_2	0.0
R_rxn03511_c	0.0
R_rxn05392_c_duplicate_2	0.0
R_rxn05443_c	0.0
R_rxn06436_c	0.3055716155719848
R_rxn01465_c_duplicate_2	-0.3182925778684833
R_rxn05608_c	0.0
R_rxn03483_c	0.0
R_rxn11723_c	0.0
R_rxn07900_c	0.0
R_rxn03248_c_duplicate_3	0.0
R_rxn10256_c	0.0
R_rxn00422_c	0.0
R_rxn10207_c	0.0
R_rxn05202_c_duplicate_2	0.0
R_rxn14138_c	0.0
R_rxn05456_c	0.0
R_rxn00649_c	0.0
R_rxn12646_c_duplicate_4	0.0
R_rxn08025_c_duplicate_4	0.0
R_rxn02853_c_duplicate_4	0.0
R_rxn03147_c	0.2989883531638708
R_rxn01647_c	0.0
R_rxn01761_c	0.0
R_rxn05221_c_duplicate_3	0.0
R_rxn12639_c_duplicate_5	0.0
R_rxn01157_c	0.0
R_rxn05313_c	0.947175404911515
R_rxn09210_c	0.0
R_rxn10266_c	0.0
R_rxn00539_c_duplicate_3	0.0
R_rxn00950_c	0.0
R_rxn03909_c	0.1990965773177147
R_rxn00192_c	0.0
R_rxn00782_c	0.0
R_rxn00423_c	0.039239129293661655
R_rxn04750_c	0.0
R_EX_cpd00179_e	0.0
R_rxn00735_c	0.0
R_rxn05561_c_duplicate_4	0.0
R_rxn05607_c_duplicate_2	0.0
R_rxn02949_c_duplicate_2	0.0
R_rxn10222_c	0.0
R_rxn01530_c_duplicate_7	0.0
R_rxn01225_c	0.0
R_rxn05177_c	0.0
R_rxn06444_c	0.15440242446659225
R_rxn00741_c_duplicate_2	0.0
R_rxn00650_c_duplicate_6	0.0
R_rxn09448_c_duplicate_2	0.0
R_rxn00902_c_duplicate_2	0.3816621979193379
R_rxn01670_c_duplicate_3	0.0
R_rxn01465_c	0.0
R_rxn02056_c	0.0
R_rxn12646_c_duplicate_3	0.0
R_rxn03333_c_duplicate_7	0.0
R_rxn05162_c	0.0
R_rxn12636_c	0.0
R_rxn10254_c_duplicate_2	0.0
R_rxn08796_c	0.0
R_rxn11726_c	0.0
R_rxn02473_c	0.0895234084486034
R_rxn10806_c_duplicate_3	0.0
R_rxn03462_c	0.0
R_rxn00214_c_duplicate_3	0.0
R_rxn00695_c	0.0
R_rxn03060_c	0.0
R_rxn00947_c_duplicate_3	0.0
R_rxn00781_c	26.6300460346077
R_rxn01225_c_duplicate_2	0.0
R_rxn00332_c	0.0
R_rxn00140_c	0.0
R_rxn03849_c	0.0
R_rxn00817_c_duplicate_2	0.0
R_rxn00991_c	0.0
R_rxn01192_c	0.0
R_rxn06760_c	0.0
R_rxn00148_c_duplicate_2	11.135660342305401
R_rxn00711_c	0.0
R_rxn01504_c_duplicate_2	0.0
R_rxn00653_c	0.0
R_rxn09449_c_duplicate_3	0.0
R_rxn10131_c	0.0
R_rxn11809_c	0.0
R_rxn05154_c_duplicate_2	0.0
R_rxn01649_c	0.0
R_rxn02277_c	2.6265692710876463e-06
R_rxn12640_c_duplicate_3	0.0
R_EX_cpd00794_e	0.0
R_rxn00543_c_duplicate_6	0.0
R_rxn00058_c	0.0
R_rxn00708_c	0.0
R_rxn03433_c	0.0
R_rxn00910_c	0.0
R_rxn03610_c	0.0
R_rxn05654_c_duplicate_2	0.0
R_rxn01639_c_duplicate_2	0.0
R_rxn05154_c	0.0
R_rxn04133_c	0.0
R_rxn00001_c	8.021121840339204
R_rxn08087_c	0.09877739057779313
R_rxn10121_c	0.0
R_rxn05613_c_duplicate_2	0.0
R_rxn00186_c	0.0
R_rxn00145_c	0.0
R_rxn02406_c_duplicate_2	0.0
R_rxn08709_c	0.0
R_rxn05376_c	0.0
R_rxn12633_c_duplicate_6	0.0
R_rxn01480_c_duplicate_3	0.0
R_rxn05516_c	0.0
R_rxn01161_c	0.0
R_rxn04726_c_duplicate_4	0.0
R_rxn10126_c	0.0
R_rxn01507_c_duplicate_2	0.0
R_rxn00058_c_duplicate_3	0.0
R_rxn00178_c_duplicate_5	1.2627231770753862
R_rxn03002_c	0.0
R_EX_cpd00971_e	-1000.0
R_rxn05409_c	0.0
R_rxn12565_c	0.0
R_rxn02484_c	0.0
R_rxn07431_c	0.0
R_rxn09265_c_duplicate_2	0.0
R_rxn01000_c_duplicate_2	0.0
R_rxn00503_c_duplicate_2	0.0
R_rxn03245_c_duplicate_2	0.0
R_rxn02819_c	0.0
R_rxn02936_c	0.0
R_rxn00802_c	0.21096797037730655
R_rxn05501_c	0.0
R_rxn00708_c_duplicate_2	0.0
R_rxn00988_c_duplicate_8	0.0
R_rxn01509_c	0.0
R_rxn03482_c_duplicate_4	0.0
R_rxn00159_c	0.0
R_rxn03194_c_duplicate_3	0.0
R_rxn03481_c_duplicate_5	0.0
R_rxn04726_c_duplicate_7	0.0
R_rxn05421_c	0.0
R_rxn02360_c	0.0
R_rxn12846_c_duplicate_2	0.0
R_rxn10338_c	0.0
R_rxn08620_c	0.0
R_rxn01499_c	0.0
R_rxn08971_c	0.0
R_rxn05346_c_duplicate_3	0.0
R_rxn00616_c	0.0
R_rxn01152_c	0.0
R_rxn09692_c	0.0
R_rxn08546_c	0.0
R_rxn00248_c	0.0
R_EX_cpd02701_c	2.6265692710876463e-06
R_rxn02693_c	0.0
R_rxn00608_c_duplicate_4	0.0
R_rxn09104_c_duplicate_2	0.0
R_rxn00293_c_duplicate_3	0.0
R_rxn00410_c_duplicate_2	0.0
R_rxn12636_c_duplicate_6	0.0
R_rxn05345_c_duplicate_2	0.0
R_rxn08812_c	0.0
R_EX_cpd01092_e	0.0
R_rxn02897_c	0.0
R_rxn04453_c	0.0
R_rxn01019_c	0.21096797037730655
R_rxn06729_c	0.051102531738281255
R_rxn05394_c	0.0
R_rxn09201_c	0.09877739057779313
R_rxn05126_c_duplicate_2	0.0
R_rxn40037_c	0.28138587845059587
R_rxn05872_c_duplicate_7	0.0
R_rxn02889_c_duplicate_3	0.0
R_rxn00060_c	0.0
R_rxn05361_c	0.0
R_rxn00147_c	0.0
R_rxn01268_c	0.11210063216041721
R_rxn05454_c	0.0
R_rxn12636_c_duplicate_3	0.0
R_rxn03841_c	0.0005253138542175295
R_rxn09692_c_duplicate_4	0.0
R_rxn10042_c_duplicate_4	0.0
R_rxn08333_c	0.0
R_rxn00835_c_duplicate_2	0.0
R_rxn02305_c_duplicate_2	0.0
R_rxn00288_c_duplicate_5	0.0
R_rxn03273_c	0.0
R_rxn02161_c	0.0
R_EX_cpd00082_e	0.0
R_rxn10113_c_duplicate_2	0.0
R_rxn04031_c	0.0
R_rxn00771_c	0.0
R_rxn01515_c	0.0
R_rxn07680_c	0.0
R_rxn07056_c_duplicate_3	0.0
R_rxn03917_c	0.0
R_rxn05593_c	0.0
R_rxn01334_c	0.0
R_rxn09240_c	0.0
R_rxn07488_c	0.0
R_rxn01671_c	0.0
R_rxn09562_c	0.0
R_rxn03923_c	0.0
R_rxn10162_c_duplicate_4	0.0
R_rxn05127_c	0.0
R_rxn00541_c	0.0
R_EX_cpd04097_e	-1000.0
R_rxn02170_c	0.0
R_rxn05346_c_duplicate_2	0.0
R_rxn10060_c	0.0
R_rxn03538_c	0.0
R_rxn00141_c	2.6265692710876463e-06
R_rxn05349_c	0.0
R_rxn05452_c	0.0
R_rxn05350_c_duplicate_3	0.0
R_rxn00917_c	0.1304400347242236
R_rxn02285_c	-0.018027458192110064
R_rxn00920_c	0.0
R_rxn05343_c_duplicate_3	0.0
R_rxn05170_c	0.0
R_rxn06870_c	0.0
R_rxn01799_c	0.0
R_rxn02261_c_duplicate_2	0.0
R_rxn05582_c_duplicate_2	0.0
R_rxn05195_c	0.0
R_rxn02791_c	0.0
R_rxn02458_c	0.0
R_rxn06777_c_duplicate_2	0.0
R_rxn02680_c_duplicate_5	0.0
R_rxn02507_c	0.039704444889345485
R_rxn00800_c	0.2580717268882506
R_rxn12847_c_duplicate_4	0.0
R_rxn38837_c	0.0
R_rxn12635_c_duplicate_6	0.0
R_rxn02090_c	0.0
R_rxn07875_c	0.0
R_rxn05561_c	0.0
R_rxn03005_c	-0.7035380869915309
R_rxn04597_c	0.0
R_rxn02130_c	0.0
R_rxn04908_c_duplicate_7	0.0
R_rxn11663_c	0.0
R_rxn10266_c_duplicate_2	0.0
R_rxn00713_c_duplicate_2	0.0
R_rxn02949_c	0.0
R_rxn05049_c_duplicate_2	0.0
R_rxn06437_c	0.1659653011033077
R_rxn05871_c_duplicate_3	0.0
R_EX_cpd00204_c	0.0
R_EX_cpd01030_e	0.0
R_rxn00943_c	0.08380594573259353
R_rxn10161_c	0.0
R_rxn05551_c	0.0
R_rxn12634_c	0.0
R_rxn12638_c_duplicate_4	0.0
R_rxn00775_c	0.0
R_rxn05408_c	0.0
R_rxn00712_c	0.0
R_rxn01115_c_duplicate_2	0.5135983249329166
R_rxn00650_c_duplicate_4	0.0
R_rxn00789_c	0.0895234084486034
R_rxn00181_c	0.0
R_EX_cpd00149_e	-1000.0
R_rxn05398_c	0.0
R_rxn01297_c	0.0
R_rxn14264_c	0.0
R_rxn10205_c	0.0
R_rxn00727_c	0.0
R_rxn12846_c_duplicate_4	0.0
R_rxn08295_c_duplicate_2	0.0
R_rxn08803_c	0.0
R_rxn05012_c	0.0
R_rxn12844_c_duplicate_3	0.0
R_rxn00113_c	0.5292605482457898
R_rxn05383_c	0.0
R_rxn03437_c	0.0
R_rxn02782_c	0.0
R_rxn11834_c_duplicate_4	0.0
R_rxn02503_c_duplicate_2	0.0
R_rxn04726_c	0.0
R_rxn08818_c	0.0
R_rxn05251_c_duplicate_4	0.0
R_rxn00743_c	0.0
R_rxn03872_c	0.0
R_rxn03446_c	0.0
R_rxn05289_c_duplicate_2	0.23882524236324637
R_rxn01454_c	0.0
R_rxn02405_c_duplicate_2	0.0
R_rxn37569_c	1.5225345757170157
R_rxn01548_c	0.0
R_rxn04654_c	0.0
R_rxn03095_c	0.0
R_rxn09448_c_duplicate_4	0.0
R_rxn00988_c	0.0
R_rxn08798_c	0.0
R_rxn05401_c	0.0
R_rxn01480_c	0.0
R_rxn00132_c_duplicate_3	0.0
R_rxn02290_c	0.0
R_rxn06515_c	0.0
R_rxn09205_c	0.0
R_rxn08839_c	0.0
R_rxn21863_c	2.6265692710876463e-06
R_rxn00202_c	0.0
R_rxn03243_c	0.0
R_rxn10262_c	0.0
R_rxn00615_c	0.0
R_rxn05393_c	0.0
R_rxn00851_c	0.018027458192110064
R_rxn05734_c	0.0
R_rxn09111_c	0.0
R_rxn04908_c_duplicate_3	0.0
R_rxn01851_c_duplicate_2	0.0
R_rxn03167_c	0.0
R_rxn10770_c_duplicate_4	0.0
R_rxn10265_c	0.0
R_rxn00183_c_duplicate_2	0.0
R_rxn01362_c	0.0
R_rxn04841_c	0.0
R_rxn03884_c	0.0
R_rxn00130_c	0.0
R_rxn05006_c	0.0
R_rxn07435_c	-0.26121845163477614
R_rxn21861_c	2.6265692710876463e-06
R_EX_cpd00060_e	0.0
R_rxn12646_c_duplicate_6	0.0
R_rxn05387_c	0.0
R_rxn00902_c	0.0
R_rxn00650_c_duplicate_3	0.0
R_rxn06723_c	0.051102531738281255
R_rxn00627_c	0.5071288234976146
R_rxn02687_c_duplicate_2	0.0
R_rxn00715_c_duplicate_2	0.0
R_rxn03366_c	0.0
R_rxn03249_c	0.0
R_rxn01241_c_duplicate_2	5.65526703458899
R_rxn05359_c	0.0
R_rxn07734_c	0.0
R_rxn11584_c	0.0
R_rxn04278_c	0.0
R_rxn05040_c_duplicate_2	0.0
R_rxn08764_c	0.0
R_rxn08619_c	0.0
R_rxn07720_c	0.0
R_rxn01924_c	0.0
R_rxn05647_c_duplicate_2	0.0
R_rxn00799_c	0.0
R_rxn00347_c_duplicate_2	0.0
R_rxn05567_c	0.0
R_EX_cpd00307_e	0.0
R_rxn02898_c	0.0
R_rxn02907_c	0.0
R_rxn01138_c_duplicate_2	0.0
R_rxn05151_c	0.0
R_rxn04043_c	0.0
R_rxn05305_c_duplicate_4	0.0
R_rxn00206_c_duplicate_2	0.0
R_rxn04736_c_duplicate_2	0.0
R_rxn00467_c	-0.2201609628261133
R_rxn01343_c	0.0
R_rxn00715_c	0.0
R_rxn01044_c	0.0
R_rxn10228_c	0.0
R_rxn02213_c	0.0
R_rxn05457_c_duplicate_2	-0.10220506347656251
R_rxn01201_c_duplicate_2	0.0
R_rxn00508_c	0.0
R_rxn01706_c	0.0
R_rxn00299_c	0.0
R_rxn00002_c_duplicate_4	0.0
R_rxn12845_c_duplicate_5	0.0
R_rxn12644_c_duplicate_6	0.0
R_rxn00808_c	0.0
R_rxn00543_c_duplicate_5	0.0
R_rxn08433_c	0.0
R_rxn12633_c_duplicate_4	0.0
R_rxn00500_c	0.0
R_rxn05508_c	0.0
R_rxn07230_c	0.0
R_rxn00903_c	4.825792526557384
R_rxn01200_c_duplicate_2	0.0
R_rxn02811_c_duplicate_2	0.0
R_rxn30509_c	-0.10177146834974327
R_rxn06937_c	0.0
R_rxn07433_c	0.0
R_rxn09240_c_duplicate_3	0.0
R_rxn09110_c	0.0
R_rxn01219_c	0.0
R_rxn00272_c	0.0
R_rxn05614_c	0.0
R_rxn00985_c	0.0
R_rxn00653_c_duplicate_3	0.0
R_rxn02911_c_duplicate_2	0.0
R_rxn00225_c	0.0
R_rxn04132_c	0.0
R_rxn08801_c	0.0
R_EX_cpd00036_e	0.0
R_rxn00124_c_duplicate_2	0.0
R_rxn01827_c	0.0
R_rxn00101_c_duplicate_2	0.0
R_rxn00604_c_duplicate_2	0.0
R_rxn00527_c_duplicate_6	0.0
R_rxn05496_c	0.0
R_rxn03378_c	0.0
R_rxn01100_c	-27.137174858105315
R_rxn03052_c	0.0
R_EX_cpd00069_e	0.0
R_rxn01218_c_duplicate_2	0.0
R_rxn10770_c_duplicate_2	0.0
R_rxn12191_c	0.0
R_rxn20643_c	0.0
R_rxn00256_c_duplicate_3	0.0
R_rxn11040_c	0.0
R_rxn00611_c	-0.18258333631038665
R_rxn01834_c_duplicate_2	0.0
R_rxn00674_c	0.0
R_rxn00798_c	0.0
R_rxn05872_c_duplicate_2	0.0
R_rxn03182_c	0.025551265869140628
R_rxn10042_c_duplicate_2	0.0
R_rxn00988_c_duplicate_7	0.0
R_rxn03249_c_duplicate_2	0.0
R_rxn05814_c	0.0
R_rxn03159_c	0.025551265869140628
R_rxn02228_c_duplicate_2	0.0
R_rxn00913_c	0.0
R_rxn10147_c	0.0
R_rxn12641_c_duplicate_2	0.0
R_rxn09211_c	0.0
R_rxn07876_c	0.0
R_rxn11834_c_duplicate_6	0.0
R_rxn05528_c_duplicate_2	0.0
R_rxn08706_c	-0.19755478115558625
R_rxn09240_c_duplicate_2	0.0
R_rxn00361_c_duplicate_2	0.0
R_rxn04779_c	0.0
R_rxn05247_c_duplicate_7	0.0
R_rxn00499_c_duplicate_2	0.0
R_rxn08807_c	0.0
R_rxn10209_c	0.0
R_rxn00881_c	0.0
R_rxn01225_c_duplicate_4	0.0
R_rxn08094_c	0.0
R_rxn11834_c_duplicate_2	0.0
R_rxn10254_c	0.0
R_rxn02181_c_duplicate_2	0.0
R_rxn05578_c	0.0
R_rxn03365_c_duplicate_2	0.0
R_rxn01301_c_duplicate_2	0.0
R_rxn00461_c	0.018027458192110064
R_rxn01124_c	0.0
R_rxn06869_c	0.0
R_rxn06447_c	0.22732863328075997
R_rxn09449_c_duplicate_2	0.0
R_rxn06777_c	0.0
R_rxn12846_c_duplicate_3	0.0
R_rxn02421_c	0.0
R_rxn00547_c	0.0
R_rxn12641_c_duplicate_4	0.0
R_rxn03240_c_duplicate_2	0.3651666726207733
R_EX_cpd00224_e	0.0
R_rxn00905_c	0.0
R_rxn00206_c	0.0
R_rxn05459_c_duplicate_2	0.0
R_rxn00324_c	0.0
R_rxn05247_c_duplicate_6	0.0
R_rxn00472_c	0.0
R_rxn02015_c	0.0
R_EX_cpd00039_e	0.0
R_rxn00412_c	0.0
R_rxn01925_c	0.0
R_rxn06075_c	0.01152144610762596
R_rxn00314_c	0.0
R_rxn05298_c_duplicate_2	0.0
R_rxn05391_c	0.0
R_rxn00988_c_duplicate_5	0.0
R_rxn01643_c_duplicate_2	0.0
R_rxn03838_c	0.0
R_rxn02270_c_duplicate_2	0.26121845163477614
R_rxn00137_c	0.0
R_rxn00818_c_duplicate_2	0.0
R_rxn02933_c_duplicate_2	-0.26121845163477614
R_rxn12642_c_duplicate_2	0.0
R_rxn01281_c	0.0
R_rxn05735_c	0.0
R_rxn12640_c	0.0
R_rxn06022_c	0.0
R_rxn06197_c_duplicate_2	0.0
R_rxn09180_c	0.0
R_rxn09005_c	0.0
R_rxn07056_c_duplicate_2	0.0
R_rxn00558_c	13.791062923200233
R_rxn03282_c_duplicate_3	0.0
R_rxn00132_c	0.0
R_rxn08527_c_duplicate_2	0.0
R_rxn01479_c	0.0
R_rxn00874_c_duplicate_3	0.0
R_rxn05736_c_duplicate_3	0.0
R_rxn08844_c	0.0
R_rxn04744_c	0.0
R_rxn11727_c	0.0
R_rxn09345_c	0.018099688847064973
R_rxn05252_c_duplicate_2	0.0
R_rxn03282_c	0.0
R_rxn05034_c	0.0
R_rxn10208_c	0.0
R_rxn10162_c_duplicate_2	0.0
R_rxn02853_c_duplicate_2	0.0
R_rxn12191_c_duplicate_5	0.0
R_rxn10161_c_duplicate_4	0.0
R_rxn02319_c	0.0
R_rxn00394_c	0.0
R_rxn02200_c	0.0005253138542175295
R_rxn00086_c	0.016519305098756952
R_rxn03247_c_duplicate_2	0.0
R_rxn11809_c_duplicate_6	0.0
R_rxn09992_c_duplicate_4	0.0
R_rxn03243_c_duplicate_3	0.0
R_rxn03467_c	0.0
R_rxn07901_c	0.0
R_rxn05451_c	0.0
R_rxn03951_c	0.0
R_rxn05655_c_duplicate_2	0.0
R_rxn00669_c	0.0
R_rxn05453_c_duplicate_2	0.0
R_rxn03916_c	0.0
R_rxn06446_c	0.2460818541228108
R_rxn14089_c_duplicate_5	0.0
R_rxn00501_c	0.0
R_rxn00608_c_duplicate_2	0.0
R_rxn12636_c_duplicate_4	0.0
R_rxn10199_c_duplicate_2	0.0
R_rxn01145_c_duplicate_2	0.0
R_rxn05613_c	0.0
R_rxn00189_c_duplicate_2	0.0
R_rxn01018_c	0.0
R_rxn08669_c	0.0
R_rxn02009_c	0.0
R_rxn11801_c	0.0
R_rxn00947_c_duplicate_5	0.0
R_rxn06208_c	0.0
R_rxn01800_c_duplicate_2	0.0
R_rxn05221_c_duplicate_2	0.0
R_rxn00980_c	0.0
R_rxn06280_c	0.11210063216041721
R_rxn01530_c_duplicate_5	0.0
R_rxn00947_c_duplicate_6	0.0
R_rxn10231_c	0.0
R_rxn04786_c	0.2774970434904098
R_rxn11809_c_duplicate_7	0.0
R_rxn00171_c_duplicate_2	0.0
R_EX_cpd00027_e	-1000.0
R_rxn11703_c	0.0
R_rxn05369_c	0.0
R_rxn00119_c_duplicate_3	0.407139981929734
R_rxn09209_c	0.09877739057779313
R_rxn05024_c_duplicate_3	0.0
R_rxn10336_c	0.0
R_rxn05561_c_duplicate_3	0.0
R_rxn02026_c	0.0
R_EX_cpd00162_e	0.0
R_rxn04270_c_duplicate_2	0.0
R_rxn01964_c	0.039704444889345485
R_rxn01602_c	0.0
R_rxn07449_c_duplicate_2	0.0
R_rxn01985_c_duplicate_2	0.0
R_rxn05456_c_duplicate_2	0.0
R_rxn05380_c	0.0
R_rxn00796_c	-2.6265692710876463e-06
R_rxn08783_c_duplicate_2	0.0
R_rxn00966_c	0.0
R_rxn00849_c	0.018027458192110064
R_rxn00193_c_duplicate_2	0.0
R_rxn00700_c	0.0
R_rxn05651_c	0.15887428936772618
R_rxn03242_c_duplicate_2	0.0
R_rxn12633_c_duplicate_3	0.0
R_rxn08335_c	0.3182925778684833
R_rxn10161_c_duplicate_2	0.0
R_rxn01521_c	0.0
R_rxn00999_c	0.0
R_rxn00097_c	6.769045377824513
R_rxn00988_c_duplicate_6	0.0
R_rxn09657_c	0.0
R_rxn04658_c_duplicate_2	0.0
R_rxn07219_c	0.0
R_rxn03061_c	0.0
R_rxn01049_c	0.0
R_EX_cpd03696_e	0.0
R_rxn08848_c	0.0
R_rxn12636_c_duplicate_2	0.0
R_rxn01997_c	0.0
R_rxn08799_c	0.0
R_rxn09107_c_duplicate_2	0.0
R_rxn06432_c	0.21096797037730655
R_rxn12643_c_duplicate_4	0.0
R_rxn05127_c_duplicate_3	0.0
R_rxn07312_c	0.0
R_rxn07449_c	0.0
R_rxn00786_c	13.39717265970716
R_rxn05872_c_duplicate_6	0.0
R_rxn00124_c	0.0
R_rxn10806_c	0.0
R_rxn10770_c_duplicate_3	0.0
R_rxn09225_c	0.0
R_rxn10125_c	0.0
R_rxn00173_c_duplicate_2	0.0
R_rxn06759_c	0.0
R_rxn08548_c	0.0
R_rxn00748_c_duplicate_2	0.0
R_EX_cpd00067_e	-1000.0
R_rxn00519_c	0.0
R_rxn02112_c	0.0
R_rxn05528_c_duplicate_3	0.0
R_rxn04744_c_duplicate_2	0.0
R_EX_cpd00396_e	0.0
R_rxn12844_c_duplicate_6	0.0
R_rxn05298_c_duplicate_3	0.0
R_rxn00178_c	0.0
R_EX_cpd00797_e	0.0
R_rxn01353_c	0.008838536925673483
R_rxn05150_c	0.0
R_rxn01530_c_duplicate_6	0.0
R_rxn00011_c	0.0
R_rxn01013_c	0.0
R_rxn05663_c	0.0
R_maintenance_atp	50.0
R_rxn03035_c	0.0
R_rxn05251_c_duplicate_7	0.0
R_EX_cpd00137_e	0.0
R_rxn05029_c_duplicate_2	0.0
R_rxn00095_c	0.0
R_rxn03482_c_duplicate_3	0.0
R_rxn10052_c	0.0
R_rxn06060_c	-0.039239129293661655
R_rxn12845_c_duplicate_3	0.0
R_rxn12634_c_duplicate_4	0.0
R_rxn02155_c	0.022719824194904703
R_rxn10236_c	0.0
R_rxn00085_c_duplicate_8	0.0
R_rxn05012_c_duplicate_2	0.0
R_rxn01331_c	0.0
R_rxn00874_c_duplicate_2	0.0
R_rxn05365_c	0.0
R_rxn14089_c_duplicate_3	0.0
R_rxn08901_c_duplicate_2	0.0
R_rxn00679_c_duplicate_2	0.0
R_rxn01807_c	0.0
R_rxn14112_c	0.0
R_rxn00501_c_duplicate_2	0.0
R_rxn08843_c	0.0
R_rxn06600_c_duplicate_2	0.0
R_rxn01297_c_duplicate_2	0.0
R_rxn05170_c_duplicate_2	0.0
R_rxn05734_c_duplicate_5	0.0
R_rxn05232_c	0.01147259191918373
R_rxn00011_c_duplicate_5	0.0
R_rxn00187_c	1.4119634895848856
R_rxn01208_c	0.3816621979193379
R_rxn05358_c	0.0
R_rxn08307_c	0.0
R_rxn05736_c_duplicate_5	0.4673717360973358
R_rxn05388_c	0.0
R_rxn08983_c_duplicate_2	0.0
R_rxn01485_c	-0.08715744812250138
R_rxn11567_c	0.0
R_rxn05871_c_duplicate_7	0.0
R_rxn00549_c_duplicate_3	0.0
R_rxn09450_c_duplicate_2	0.0
R_rxn01011_c	0.5071288234976146
R_rxn10255_c	0.0
R_rxn00198_c	0.0
R_rxn06449_c	0.3364661415618569
R_rxn09449_c_duplicate_6	0.0
R_rxn05402_c	0.0
R_EX_cpd00308_e	0.0
R_rxn00285_c	-6.233989399140235
R_rxn02898_c_duplicate_2	0.0
R_rxn08458_c	22.501942294481758
R_rxn08849_c	0.0
R_rxn06335_c	0.26121845163477614
R_EX_cpd15378_c	0.0
R_rxn12846_c_duplicate_6	0.0
R_rxn09692_c_duplicate_5	0.0
R_rxn01544_c_duplicate_2	0.0
R_rxn10476_c_duplicate_2	0.0
R_rxn00717_c	0.0
R_rxn05371_c_duplicate_2	0.0
R_rxn07673_c	0.0
R_rxn05460_c	0.0
R_rxn11838_c_duplicate_4	0.0
R_rxn05248_c	0.0
R_rxn12643_c_duplicate_6	0.0
R_rxn05348_c_duplicate_3	0.0
R_rxn05379_c	0.0
R_rxn10481_c	0.0
R_rxn07841_c	0.0
R_rxn00874_c_duplicate_5	0.0
R_rxn06038_c	0.0
R_rxn01256_c	0.26650305662700946
R_rxn04384_c	0.0
R_rxn00782_c_duplicate_3	0.0
R_rxn05457_c	0.0
R_rxn01124_c_duplicate_2	0.0
R_rxn01396_c	0.0
R_rxn00002_c_duplicate_3	0.0
R_rxn05646_c	0.0
R_rxn01510_c	0.0
R_rxn10481_c_duplicate_3	0.0
R_rxn06526_c	0.0
R_rxn12642_c_duplicate_5	0.0
R_EX_cpd00100_e	0.0
R_rxn12522_c	0.0
R_rxn10221_c	0.0
R_rxn10269_c	0.0
R_rxn06433_c	0.23138865429556926
R_rxn08806_c	0.0
R_rxn05396_c_duplicate_2	0.0
R_rxn00912_c_duplicate_2	0.0003939853906633761
R_rxn08551_c	0.0
R_rxn05957_c	0.11963253350479341
R_rxn00506_c_duplicate_4	0.0
R_EX_cpd00029_e	0.0
R_rxn00013_c	0.0
R_rxn01520_c	0.01152144610762596
R_rxn00650_c_duplicate_5	0.0
R_rxn12640_c_duplicate_2	0.0
R_rxn05408_c_duplicate_2	0.0
R_rxn14054_c_duplicate_2	0.0
R_rxn00119_c	0.0
R_rxn03871_c	0.0
R_EX_cpd00053_e	0.0
R_rxn10270_c_duplicate_2	0.0
R_rxn00288_c_duplicate_2	0.0
R_rxn00471_c_duplicate_2	0.0
R_rxn08820_c	0.0
R_rxn10237_c	0.0
R_rxn02380_c	0.0
R_rxn03185_c	0.0
R_rxn01867_c	0.0
R_rxn00988_c_duplicate_2	0.0
R_rxn00601_c	0.0
R_rxn05582_c	0.0
R_rxn12641_c_duplicate_5	0.0
R_EX_cpd00051_e	0.0
R_rxn05682_c	0.0
R_EX_cpd01171_e	0.0
R_rxn00320_c	0.0
R_rxn05250_c_duplicate_3	0.0
R_rxn05252_c	0.0
R_rxn03892_c	0.0
R_rxn02318_c	0.0
R_rxn01437_c	0.0
R_rxn00758_c	0.0
R_rxn01675_c	0.0
R_rxn03004_c	-0.40454973382765996
R_rxn05175_c	0.0
R_rxn01275_c	0.0
R_rxn10204_c	0.0
R_rxn08821_c	0.0
R_rxn00527_c_duplicate_4	0.0
R_rxn07688_c_duplicate_2	0.0
R_rxn05425_c	0.0
R_rxn00406_c	0.0
R_rxn08180_c	5.253138542175293e-06
R_rxn01117_c	0.051102531738281255
R_rxn01964_c_duplicate_2	0.0
R_rxn11809_c_duplicate_3	0.0
R_rxn06441_c	0.3816621979193379
R_EX_cpd00214_e	0.0
R_rxn00242_c	0.0
R_rxn01286_c_duplicate_3	0.0
R_rxn02475_c_duplicate_3	0.0
R_rxn08712_c	0.0
R_rxn00138_c	0.0
R_rxn12639_c_duplicate_2	0.0
R_rxn00011_c_duplicate_3	0.0
R_rxn08838_c	0.0
R_rxn09448_c_duplicate_7	0.0
R_rxn10163_c_duplicate_4	0.0
R_rxn01258_c	0.0
R_rxn09207_c	0.0
R_rxn00709_c_duplicate_2	0.0
R_rxn10029_c	0.0
R_rxn05251_c_duplicate_6	0.0
R_rxn00154_c	0.0
R_rxn08528_c	0.0
R_EX_cpd00011_e	-1000.0
R_rxn01286_c_duplicate_4	0.0
R_rxn05654_c	0.0
R_rxn10163_c_duplicate_3	0.0
R_rxn10210_c	0.0
R_rxn02584_c	0.0
R_rxn10202_c	0.08380594573259353
R_rxn00543_c	0.0
R_rxn03094_c	0.0
R_EX_cpd01329_e	0.0
R_rxn05871_c_duplicate_4	0.0
R_rxn00509_c_duplicate_2	0.0
R_rxn10206_c	0.0
R_rxn00549_c	0.0
R_rxn00691_c	0.0
R_rxn03932_c_duplicate_2	0.0
R_rxn04788_c	0.2774970434904098
R_rxn12635_c_duplicate_2	0.0
R_rxn10806_c_duplicate_4	0.0
R_rxn01313_c	0.0
R_rxn05602_c	0.0
R_rxn12644_c_duplicate_5	0.0
R_rxn05421_c_duplicate_2	0.0
R_rxn05247_c_duplicate_5	0.0
R_EX_cpd00588_e	0.0
R_rxn09272_c_duplicate_2	0.0
R_EX_cpd00009_e	-1000.0
R_rxn00251_c	0.0
R_rxn08308_c	0.0
R_rxn09101_c	0.0
R_rxn01518_c	0.0
R_rxn14089_c_duplicate_7	0.0
R_rxn11834_c_duplicate_7	0.0
R_rxn01388_c	0.0
R_rxn01286_c	0.0
R_rxn06720_c	0.0
R_rxn09272_c	12.748079549293493
R_rxn00048_c	0.0
R_rxn00898_c	0.7185223248718582
R_rxn12847_c_duplicate_2	0.0
R_rxn16385_c	2.6265692710876463e-06
R_rxn01215_c	-0.5071288234976146
R_rxn12224_c	0.0
R_rxn07684_c	0.0
R_rxn01292_c	0.0
R_rxn08443_c	0.19755478115558625
R_rxn10120_c	0.0
R_rxn10253_c_duplicate_2	0.0
R_rxn10260_c	0.0
R_EX_cpd01262_e	0.0
R_rxn00288_c	0.0
R_EX_cpd00129_e	0.0
R_rxn12510_c	0.0003939853906633761
R_rxn00707_c	0.0
R_rxn07684_c_duplicate_2	0.0
R_rxn05142_c	0.0
R_rxn04457_c	0.0
R_rxn00361_c	0.0
R_rxn12641_c	0.0
R_rxn12008_c	0.0
R_rxn02213_c_duplicate_2	0.3067328153705713
R_rxn00345_c	0.0
R_rxn00584_c_duplicate_2	0.0
R_rxn08805_c	0.0
R_rxn01302_c	0.0
R_rxn05005_c_duplicate_2	0.0
R_rxn02639_c	0.0
R_rxn00146_c_duplicate_2	0.0
R_rxn09107_c	0.0
R_rxn00157_c_duplicate_2	-27.030901830853743
R_rxn09102_c	0.0
R_rxn01146_c	0.0
R_rxn01893_c_duplicate_2	0.0
R_rxn10230_c	0.0
R_rxn12191_c_duplicate_4	0.0
R_EX_cpd00226_e	0.0
R_rxn02737_c_duplicate_2	0.0
R_rxn01507_c_duplicate_3	0.0
R_rxn01872_c	-6.635007811095624
R_rxn05247_c_duplicate_2	0.0
R_rxn00933_c	0.0
R_rxn04750_c_duplicate_2	0.0
R_rxn03433_c_duplicate_2	0.0
R_rxn01800_c	0.0
R_rxn05249_c_duplicate_5	0.0
R_rxn01505_c	0.0
R_rxn03980_c	0.0
R_rxn00569_c	0.0
R_rxn10214_c	0.0
R_rxn12635_c_duplicate_4	0.0
R_rxn00416_c	0.17207162216482272
R_rxn03838_c_duplicate_2	0.0
R_rxn01459_c_duplicate_4	0.0
R_rxn02402_c	0.022719824194904703
R_rxn01974_c	0.28138587845059587
R_rxn12637_c_duplicate_4	0.0
R_rxn09992_c_duplicate_3	0.0
R_rxn10133_c	0.0
R_rxn01985_c	0.0
R_rxn05736_c_duplicate_4	0.0
R_rxn09978_c	0.0
R_rxn00979_c	0.0005253138542175295
R_rxn10121_c_duplicate_2	0.0
R_rxn10770_c_duplicate_6	0.0
R_rxn12551_c	0.0
R_rxn01791_c	0.0003939853906633761
R_rxn00395_c	0.0
R_rxn01682_c_duplicate_2	0.0
R_rxn04954_c	-0.11963516007406451
R_rxn09206_c	0.0
R_rxn00068_c	0.0
R_rxn10229_c	0.0
R_rxn00549_c_duplicate_2	0.0
R_rxn01575_c	-0.26121845163477614
R_rxn05249_c_duplicate_4	0.0
R_rxn08793_c_duplicate_2	0.0
R_rxn05735_c_duplicate_5	0.0
R_rxn06805_c	0.0
R_rxn06435_c	0.03884514390299828
R_rxn01216_c	0.0
R_rxn01331_c_duplicate_2	0.0
R_rxn04082_c	0.0
R_rxn00420_c	0.0
R_rxn08300_c	0.0
R_rxn01537_c	0.0
R_rxn03012_c	0.0
R_rxn00608_c_duplicate_3	0.0
R_rxn02792_c_duplicate_2	0.0
R_rxn02914_c	0.0
R_rxn05126_c_duplicate_3	0.0
R_rxn02342_c	-0.7185223248718582
R_rxn00532_c_duplicate_2	0.0
R_rxn09992_c	0.0
R_rxn08783_c	0.0
R_rxn09102_c_duplicate_2	0.0
R_rxn21857_c	2.6265692710876463e-06
R_rxn03971_c	0.0
R_rxn12643_c_duplicate_3	0.0
R_rxn00065_c_duplicate_2	0.0
R_rxn01701_c	0.0
R_rxn06372_c	0.0
R_rxn04792_c_duplicate_2	0.0
R_rxn00741_c	0.0
R_rxn00260_c_duplicate_5	-2.2002091768478236
R_rxn05202_c	0.0
R_rxn12639_c_duplicate_4	0.0
R_rxn02320_c_duplicate_2	0.0
R_rxn01466_c	0.018099688847064973
R_rxn08976_c	0.0
R_rxn00608_c	0.0
R_rxn01451_c_duplicate_2	0.0
R_EX_cpd00117_e	0.0
R_rxn02302_c	0.0
R_rxn15455_c	1.2627231770753862
R_rxn05342_c	0.10220506347656251
R_rxn05373_c	0.0
R_rxn03241_c	0.0
R_rxn14089_c_duplicate_4	0.0
R_rxn02230_c	0.0
R_rxn06586_c	0.0
R_rxn02400_c_duplicate_3	0.0
R_rxn12643_c_duplicate_5	0.0
R_rxn01521_c_duplicate_3	0.0
R_rxn00766_c	0.0
R_rxn21856_c_duplicate_2	2.6265692710876463e-06
R_rxn02186_c	0.7185223248718582
R_rxn05744_c	0.4673717360973358
R_rxn00763_c_duplicate_4	0.0
R_rxn10253_c	0.0
R_rxn03884_c_duplicate_2	0.0
R_rxn01101_c_duplicate_2	0.0
R_rxn05453_c	0.0
R_rxn08528_c_duplicate_2	0.0
R_rxn01670_c	0.0
R_rxn02003_c	0.0
R_rxn03244_c_duplicate_2	0.0
R_rxn00799_c_duplicate_2	-13.516107599722925
R_rxn09113_c	0.0
R_rxn12641_c_duplicate_3	0.0
R_rxn12641_c_duplicate_6	0.0
R_rxn12512_c	0.0
R_rxn03910_c	0.1990965773177147
R_rxn08127_c	0.0
R_rxn05152_c	0.0
R_rxn00138_c_duplicate_2	0.022719824194904703
R_rxn00545_c	13.39717265970716
R_rxn10234_c	0.0
R_rxn03898_c	0.0
R_rxn01114_c	0.0
R_rxn06434_c	0.1720716221648227
R_rxn07449_c_duplicate_3	0.0
R_rxn03919_c	0.0
R_rxn01961_c_duplicate_2	0.0
R_rxn12634_c_duplicate_3	0.0
R_rxn00670_c_duplicate_2	0.0
R_rxn01807_c_duplicate_2	0.0
R_rxn00170_c	0.0
R_rxn02005_c	0.0
R_rxn00337_c_duplicate_2	0.0
R_rxn01358_c	0.0
R_rxn01530_c_duplicate_2	0.0
R_rxn03194_c_duplicate_4	0.0
R_rxn05344_c_duplicate_2	0.0
R_EX_cpd00065_e	0.0
R_rxn06690_c	0.0
R_rxn12644_c	0.0
R_rxn02181_c_duplicate_3	0.0
R_rxn00506_c_duplicate_3	0.0
R_rxn09449_c	0.0
R_rxn00101_c	0.0
R_rxn06865_c	0.0
R_rxn03921_c_duplicate_2	0.0
R_rxn08850_c	0.0
R_rxn10233_c	0.0
R_rxn07430_c	0.0
R_rxn00539_c	0.0
R_rxn11946_c	0.0
R_rxn01201_c	0.0
R_rxn05154_c_duplicate_3	0.0
R_rxn10481_c_duplicate_2	0.0
R_rxn00588_c	0.0
R_rxn12640_c_duplicate_4	0.0
R_rxn03536_c	0.0
R_rxn12844_c_duplicate_2	0.0
R_rxn00085_c_duplicate_7	0.0
R_rxn03860_c	0.0
R_rxn10163_c	0.0
R_rxn10113_c	0.0
R_rxn05607_c	0.0
R_rxn05358_c_duplicate_2	0.0
R_rxn10263_c	0.0
R_rxn00835_c	0.0
R_rxn03365_c	0.0
R_rxn08525_c	0.0
R_rxn12643_c	0.0
R_rxn09128_c	0.0
R_rxn01517_c	0.0
R_rxn01102_c_duplicate_2	0.0
R_rxn01486_c	0.0
R_rxn12646_c_duplicate_2	0.0
R_rxn12845_c_duplicate_4	0.0
R_rxn02642_c	0.0
R_rxn00438_c	0.0
R_rxn12638_c_duplicate_5	0.0
R_rxn03408_c	0.018027458192110064
R_rxn05383_c_duplicate_2	0.0
R_EX_cpd00531_e	-1000.0
R_rxn00414_c	0.0
R_rxn08017_c	0.19755478115558625
R_rxn06076_c_duplicate_2	0.0
R_rxn05005_c	0.0
R_rxn01673_c	0.008879248749375342
R_rxn00604_c	0.5135983249329166
R_rxn00100_c	0.0003939853906633761
R_rxn00740_c	0.0
R_rxn10570_c	-2.6265692710876463e-06
R_rxn10343_c_duplicate_2	0.0
R_rxn12637_c_duplicate_5	0.0
R_rxn05049_c	0.0
R_rxn05605_c	0.0
R_rxn03481_c_duplicate_4	0.0
R_rxn14054_c_duplicate_6	0.0
R_EX_cpd00264_e	0.0
R_rxn04736_c_duplicate_7	0.0
R_rxn00988_c_duplicate_4	0.0
R_rxn02961_c	0.0
R_rxn01547_c	0.0
R_rxn02263_c	0.0
R_rxn02418_c	0.0
R_EX_cpd00012_e	-1000.0
R_rxn03406_c	0.0
R_EX_cpd00314_e	0.0
R_rxn09108_c	0.0
R_rxn01315_c	0.0
R_rxn00355_c	0.0
R_rxn01652_c	-0.8355686196824748
R_rxn01279_c_duplicate_3	0.0
R_rxn05364_c	0.0
R_rxn01649_c_duplicate_2	0.0
R_rxn12645_c_duplicate_3	0.0
R_rxn08294_c_duplicate_2	0.0
R_rxn00022_c	0.0
R_rxn11759_c	0.0
R_rxn03236_c	0.0
R_rxn08793_c	0.0
R_rxn05146_c	0.0
R_rxn01538_c	0.0
R_rxn00493_c_duplicate_3	0.0
R_rxn10806_c_duplicate_8	0.0
R_rxn06386_c	0.0
R_rxn00566_c	0.0
R_rxn12642_c	0.0
R_rxn02341_c	0.0003939853906633761
R_rxn02374_c	0.0
R_rxn08128_c	0.0
R_rxn01893_c	0.0
R_rxn03958_c	-0.1990965773177147
R_rxn09449_c_duplicate_4	0.0
R_rxn00988_c_duplicate_3	0.0
R_rxn12847_c_duplicate_5	0.0
R_rxn05872_c_duplicate_5	0.0
R_rxn00364_c	0.4667504221215022
R_EX_cpd00637_e	0.0
R_rxn10806_c_duplicate_7	0.0
R_rxn01287_c	0.0
R_rxn00836_c	0.0
R_rxn05452_c_duplicate_2	0.0
R_rxn01333_c	0.0
R_rxn05206_c	0.9275729380846024
R_rxn12845_c_duplicate_2	0.0
R_rxn05164_c	0.0
R_rxn05239_c	0.0
R_rxn01629_c	0.0
R_rxn01102_c_duplicate_4	0.0
R_rxn00866_c	0.0
R_rxn00165_c	0.0
R_rxn03482_c	0.0
R_EX_cpd00076_e	0.0
R_rxn05305_c_duplicate_3	0.0
R_rxn14089_c_duplicate_6	0.0
R_rxn00433_c	0.0
R_EX_cpd00122_e	0.0
R_rxn10270_c	0.0
R_rxn03150_c	0.0
R_rxn07448_c_duplicate_3	0.0
R_rxn05392_c	0.0
R_rxn11724_c	0.0
R_rxn10223_c	0.0
R_rxn00101_c_duplicate_3	0.0
R_rxn05683_c	0.0
R_rxn10120_c_duplicate_2	0.0
R_rxn12844_c	0.0
R_rxn06377_c	0.0
R_rxn12645_c_duplicate_6	0.0
R_EX_cpd00034_e	-1000.0
R_rxn12639_c_duplicate_3	0.0
R_rxn01859_c	0.0
R_rxn01137_c_duplicate_2	0.0
R_rxn10113_c_duplicate_5	0.0
R_rxn00914_c_duplicate_2	0.0
R_EX_cpd00064_e	0.0
R_rxn05444_c	0.0
R_rxn08618_c	0.0
R_rxn04737_c	0.0
R_rxn05405_c	0.0
R_rxn05871_c	0.0
R_rxn03638_c	0.08715744812250138
R_rxn05371_c	0.0
R_rxn04068_c	0.0
R_rxn09448_c_duplicate_6	0.0
R_rxn03512_c	0.0
R_rxn07434_c	-0.26121845163477614
R_rxn05413_c	0.0
R_rxn05289_c	0.0
R_rxn01790_c_duplicate_2	0.0
R_rxn01199_c	0.0
R_rxn05582_c_duplicate_3	0.0
R_rxn00351_c	0.0
R_rxn00134_c	2.6265692710876463e-06
R_rxn02596_c	0.0
R_EX_cpd00130_e	0.0
R_rxn01871_c	0.0
R_rxn05236_c	0.0
R_rxn05384_c_duplicate_2	0.0
R_rxn11040_c_duplicate_2	0.0
R_rxn06510_c_duplicate_4	0.0
R_rxn01642_c_duplicate_3	0.0
R_rxn00212_c	0.0
R_rxn02933_c	0.0
R_rxn00568_c_duplicate_2	0.0
R_rxn04271_c	0.0
R_rxn02128_c	0.0
R_rxn01332_c	0.0
R_rxn08847_c	0.0
R_rxn03248_c_duplicate_4	0.0
R_rxn01200_c	0.0
R_rxn02376_c	6.635007811095624
R_rxn02971_c	0.0
R_rxn02934_c	0.0
R_rxn09106_c_duplicate_2	0.0
R_rxn00979_c_duplicate_2	0.0
R_rxn00410_c	0.0
R_rxn08550_c	0.09877739057779313
R_rxn10343_c	0.0
R_rxn09264_c	0.0
R_rxn08552_c	0.0
R_rxn03482_c_duplicate_5	0.0
R_rxn05359_c_duplicate_2	0.0
R_rxn12642_c_duplicate_4	0.0
R_rxn10180_c	0.0
R_rxn05466_c_duplicate_2	9.00376846879447
R_rxn00527_c_duplicate_3	0.0
R_rxn05344_c_duplicate_3	0.0
R_rxn00763_c_duplicate_7	0.0
R_rxn10203_c	0.0
R_EX_cpd00058_e	-1000.0
R_rxn00350_c_duplicate_2	0.0
R_rxn03535_c_duplicate_2	0.0
R_rxn05343_c	0.0
R_rxn02008_c	0.018027458192110064
R_rxn05287_c	0.0
R_rxn05385_c	0.0
R_rxn02400_c	0.0
R_rxn09979_c	0.0
R_rxn01301_c	-0.11963253350479341
R_rxn04070_c	0.0
R_EX_cpd00023_e	0.0
R_rxn08615_c	0.0
R_rxn14301_c	0.0
R_rxn10150_c	0.0
R_rxn00790_c_duplicate_2	0.0
R_rxn00420_c_duplicate_2	0.0
R_rxn05435_c	0.0
R_rxn00143_c	0.0
R_rxn10232_c	0.0
R_rxn01799_c_duplicate_2	0.0
R_rxn05143_c	0.0
R_rxn02895_c	0.29898835316387085
R_rxn00831_c_duplicate_2	0.0
R_rxn12633_c_duplicate_2	0.0
R_rxn08900_c_duplicate_2	18.516809347978896
R_rxn05249_c_duplicate_7	0.0
R_rxn04726_c_duplicate_6	0.0
R_rxn12637_c_duplicate_2	0.0
R_rxn00247_c	0.0
R_rxn02159_c	0.0895234084486034
R_rxn02789_c	0.3816621979193379
R_rxn01270_c	0.0
R_rxn14089_c_duplicate_2	0.0
R_rxn12642_c_duplicate_3	0.0
R_rxn05617_c	0.0
R_rxn03244_c	0.0
R_rxn00213_c	0.0
R_rxn01286_c_duplicate_2	0.5071288234976146
R_rxn04794_c	0.26121845163477614
R_rxn11892_c	0.0
R_rxn00289_c	0.0
R_rxn09692_c_duplicate_3	0.0
R_rxn12638_c_duplicate_6	0.0
R_rxn00947_c_duplicate_7	0.0
R_rxn01519_c	0.0
R_rxn08556_c	0.0
R_rxn05347_c_duplicate_3	0.0
R_rxn05293_c	0.1990965773177147
R_rxn07219_c_duplicate_2	0.0
R_rxn03907_c	0.1990965773177147
R_rxn05557_c	0.0
R_rxn04781_c	0.0
R_rxn00838_c_duplicate_2	0.2580717268882506
R_rxn00795_c_duplicate_2	0.0
R_rxn05248_c_duplicate_3	0.0
R_rxn10474_c	0.0
R_EX_cpd00121_e	0.0
R_rxn01279_c_duplicate_2	0.0
R_rxn05114_c	0.0
R_rxn00566_c_duplicate_2	0.0
R_rxn05397_c	0.0
R_rxn02925_c	0.0
R_rxn05740_c	0.0
R_rxn01948_c	0.0
R_rxn12637_c_duplicate_3	0.0
R_rxn04908_c_duplicate_4	0.0
R_rxn05367_c_duplicate_2	0.0
R_rxn09296_c_duplicate_4	0.0
R_rxn05871_c_duplicate_6	0.0
R_rxn21860_c	2.6265692710876463e-06
R_rxn00171_c	0.0
R_rxn08352_c	0.0
R_rxn05388_c_duplicate_2	0.0
R_rxn05024_c	0.0
R_rxn05417_c_duplicate_2	0.0
R_rxn12574_c	0.0
R_rxn00921_c	0.0
R_rxn01405_c	0.0
R_rxn14293_c	0.0
R_rxn04599_c	0.0
R_rxn05235_c	0.0
R_rxn00915_c_duplicate_2	0.0
R_rxn02576_c	0.0
R_rxn20289_c	0.0
R_rxn01639_c	0.0
R_rxn10126_c_duplicate_2	22.073111951381794
R_rxn10174_c_duplicate_2	0.0
R_rxn01332_c_duplicate_3	0.3067328153705713
R_rxn00838_c	0.0
R_rxn08841_c	0.0
R_rxn00350_c	0.0
R_rxn03248_c_duplicate_2	0.0
R_rxn05735_c_duplicate_3	0.0
R_rxn03087_c	-0.28138587845059587
R_rxn03287_c_duplicate_2	0.0
R_rxn05458_c_duplicate_2	0.0
R_rxn09203_c	0.0
R_rxn00109_c	0.0
R_rxn07883_c_duplicate_2	0.0
R_rxn05024_c_duplicate_2	0.0
R_rxn05564_c	0.0
R_rxn05581_c	0.0
R_rxn10256_c_duplicate_2	0.0
R_rxn05458_c	0.0
R_rxn02834_c	0.0895234084486034
R_rxn05647_c	0.0
R_rxn01204_c_duplicate_2	0.0
R_rxn01396_c_duplicate_2	0.0
R_rxn11838_c	0.0
R_rxn07899_c	0.0
R_rxn02832_c	0.0
R_rxn08306_c	0.0
R_rxn09109_c	0.0
R_rxn07056_c	0.0
R_rxn01635_c	0.0
R_rxn06647_c	0.0
R_rxn08298_c	0.0
R_rxn00572_c	0.0
R_rxn02760_c	0.0
R_rxn02610_c	0.0
R_rxn10113_c_duplicate_3	80.69766910486042
R_EX_cpd00644_e	0.0
R_rxn10161_c_duplicate_3	0.0
R_rxn03181_c	0.025551265869140628
R_rxn03142_c	0.0
R_rxn09112_c	0.0
R_rxn00867_c	0.0
R_rxn00509_c_duplicate_3	0.0
R_rxn02345_c	0.0
R_rxn10125_c_duplicate_2	0.0
R_rxn12847_c_duplicate_6	0.0
R_rxn00178_c_duplicate_6	0.0
R_rxn00550_c	0.0
R_rxn03407_c	0.0
R_rxn05372_c	0.0
R_rxn05735_c_duplicate_4	0.0
R_rxn08647_c	0.0
R_rxn01459_c	0.0
R_rxn03837_c	0.0
R_rxn11722_c	0.0
R_rxn00763_c_duplicate_3	0.0
R_rxn00512_c	0.0005253138542175295
R_rxn10268_c_duplicate_2	0.0
R_rxn08983_c	0.0
R_rxn03421_c	0.0005253138542175295
R_rxn00883_c	0.0
R_rxn05217_c	0.0
R_rxn02339_c_duplicate_5	0.0
R_rxn00777_c	-0.7692286085652066
R_rxn10162_c	0.0
R_rxn12640_c_duplicate_6	0.0
R_rxn08813_c	0.0
R_rxn05400_c	0.0
R_rxn00002_c_duplicate_2	0.0
R_rxn06493_c	0.0
R_rxn05655_c	0.0
R_rxn03848_c	0.0
R_rxn00291_c	0.0
R_rxn05460_c_duplicate_2	0.0
R_rxn00272_c_duplicate_2	1.1128953037961145
R_rxn05404_c	0.0
R_rxn00705_c	0.5071288234976146
R_rxn00145_c_duplicate_2	0.0
R_rxn05350_c_duplicate_2	0.0
R_rxn08016_c	0.08380594573259353
R_rxn06591_c	0.0
R_rxn00260_c_duplicate_3	0.0
R_rxn04736_c_duplicate_6	0.0
R_rxn03535_c	0.0
R_rxn05127_c_duplicate_2	0.0
R_rxn01025_c	0.0
R_rxn02175_c	0.0003939853906633761
R_rxn01145_c	0.0
R_rxn04908_c_duplicate_5	0.0
R_rxn00794_c	0.0
R_rxn10094_c	0.0
R_rxn09202_c	0.0
R_rxn05363_c_duplicate_2	0.0
R_rxn01851_c_duplicate_5	0.0
R_rxn06848_c	0.0
R_rxn00555_c	0.08715744812250138
R_rxn00305_c	0.0
R_rxn05553_c	0.0
R_rxn00873_c	0.0
R_rxn10126_c_duplicate_3	0.0
R_rxn12644_c_duplicate_3	0.0
R_rxn01362_c_duplicate_2	0.3182925778684833
R_EX_cpd03847_e	0.0
R_rxn12225_c	0.0
R_rxn10476_c	0.0
R_rxn02521_c	0.0
R_rxn00748_c	0.0
R_rxn00085_c_duplicate_5	0.0
R_rxn10268_c	0.0
R_rxn03409_c	0.0
R_rxn15947_c	0.009192992448806761
R_rxn05501_c_duplicate_2	0.0
R_rxn09208_c	0.08380594573259353
R_rxn01599_c	0.0
R_rxn00935_c_duplicate_2	0.0
R_rxn00991_c_duplicate_2	0.0
R_rxn00295_c_duplicate_3	0.0
R_rxn11612_c	0.0
R_rxn05348_c_duplicate_2	0.0
R_rxn12846_c	0.0
R_EX_cpd00063_e	-1000.0
R_EX_cpd00108_e	0.0
R_rxn05250_c_duplicate_2	0.0
R_rxn06440_c	0.26121845163477614
R_rxn01641_c	0.0
R_rxn03135_c	0.0895234084486034
R_rxn06804_c	0.0
R_rxn00931_c	0.0
R_rxn01480_c_duplicate_4	0.0
R_rxn11721_c	0.0
R_rxn08815_c	0.0
R_rxn09200_c	0.08380594573259353
R_rxn21864_c	2.6265692710876463e-06
R_rxn12634_c_duplicate_6	0.0
R_rxn05514_c	0.0
R_rxn05250_c	0.0
R_EX_cpd00001_e	-1000.0
R_rxn01445_c_duplicate_2	0.0
R_rxn00656_c	0.0003939853906633761
R_rxn12643_c_duplicate_2	0.0
R_rxn05347_c_duplicate_2	0.0
R_rxn00114_c	0.0
R_rxn06750_c	0.0
R_rxn05251_c	0.0
R_EX_cpd10516_e	-1000.0
R_rxn05485_c_duplicate_2	0.0
R_EX_cpd01080_e	0.0
R_rxn10806_c_duplicate_6	0.0
R_rxn00568_c_duplicate_4	0.0
R_rxn01507_c	0.0
R_rxn09198_c	0.0
R_rxn05006_c_duplicate_2	0.0
R_rxn07721_c	0.0
R_rxn00313_c	0.2633584202584858
R_rxn00260_c_duplicate_4	0.0
R_rxn01270_c_duplicate_2	0.0
R_rxn07448_c	0.0
R_rxn11944_c	0.0
R_rxn01754_c	0.0
R_rxn09992_c_duplicate_5	0.0
R_rxn07903_c	0.0
R_rxn00038_c	0.0
